TpTrace Verbose: 0 : 22312, 1, 2024/04/23, 21:49:33.734, 4786188643247, vstest.console.dll, Version: 17.9.0-release-24072-02 Current process architecture: X64
TpTrace Verbose: 0 : 22312, 1, 2024/04/23, 21:49:33.737, 4786188669599, vstest.console.dll, Runtime location: C:\Program Files\dotnet\shared\Microsoft.NETCore.App\8.0.3
TpTrace Verbose: 0 : 22312, 1, 2024/04/23, 21:49:33.739, 4786188686967, vstest.console.dll, ArtifactProcessingPostProcessModeProcessorExecutor.Initialize: ArtifactProcessingMode.Collect
TpTrace Verbose: 0 : 22312, 1, 2024/04/23, 21:49:33.739, 4786188687991, vstest.console.dll, TestSessionCorrelationIdProcessorModeProcessorExecutor.Initialize: TestSessionCorrelationId '29448_a48bd7c2-2304-46de-ad5f-b0dcac946ce8'
TpTrace Information: 0 : 22312, 1, 2024/04/23, 21:49:33.747, 4786188768178, vstest.console.dll, FilePatternParser: The given file C:\Users\VC\Desktop\Presidio\Genspark-trainings\dotnet-trainings\console-spplications\day4\day4ConsoleAppDoctorSolution\AppointmentBLTest\bin\Debug\net6.0\fine-code-coverage\build-output\AppointmentBLTest.dll is a full path.
TpTrace Verbose: 0 : 22312, 1, 2024/04/23, 21:49:33.752, 4786188820244, vstest.console.dll, TestPluginCache.DiscoverTestExtensions: finding test extensions in assemblies ends with: RuntimeProvider.dll TPluginInfo: Microsoft.VisualStudio.TestPlatform.Common.ExtensionFramework.Utilities.TestRuntimePluginInformation TExtension: Microsoft.VisualStudio.TestPlatform.ObjectModel.Host.ITestRuntimeProvider
TpTrace Verbose: 0 : 22312, 1, 2024/04/23, 21:49:33.752, 4786188824186, vstest.console.dll, TestPluginCache.GetExtensionPaths: Filtered extension paths: 
TpTrace Verbose: 0 : 22312, 1, 2024/04/23, 21:49:33.752, 4786188824979, vstest.console.dll, TestPluginCache.GetExtensionPaths: Added default extension paths: C:\Program Files\dotnet\sdk\8.0.202\Extensions\Microsoft.Diagnostics.NETCore.Client.dll
C:\Program Files\dotnet\sdk\8.0.202\Extensions\Microsoft.TestPlatform.Extensions.BlameDataCollector.dll
C:\Program Files\dotnet\sdk\8.0.202\Extensions\Microsoft.TestPlatform.Extensions.EventLogCollector.dll
C:\Program Files\dotnet\sdk\8.0.202\Extensions\Microsoft.TestPlatform.TestHostRuntimeProvider.dll
C:\Program Files\dotnet\sdk\8.0.202\Extensions\Microsoft.VisualStudio.TestPlatform.Extensions.Html.TestLogger.dll
C:\Program Files\dotnet\sdk\8.0.202\Extensions\Microsoft.VisualStudio.TestPlatform.Extensions.Trx.TestLogger.dll
TpTrace Verbose: 0 : 22312, 1, 2024/04/23, 21:49:33.752, 4786188825245, vstest.console.dll, TestPluginCache.GetExtensionPaths: Added unfilterableExtensionPaths: 
TpTrace Information: 0 : 22312, 1, 2024/04/23, 21:49:33.753, 4786188830056, vstest.console.dll, AssemblyResolver.ctor: Creating AssemblyResolver with searchDirectories C:\Program Files\dotnet\sdk\8.0.202\Extensions,C:\Program Files\dotnet\sdk\8.0.202
TpTrace Verbose: 0 : 22312, 1, 2024/04/23, 21:49:33.754, 4786188841361, vstest.console.dll, TestPluginCache.DiscoverTestExtensions: Discovering the extensions using extension path.
TpTrace Verbose: 0 : 22312, 1, 2024/04/23, 21:49:33.754, 4786188842625, vstest.console.dll, TestPluginCache.GetExtensionPaths: Filtered extension paths: 
TpTrace Verbose: 0 : 22312, 1, 2024/04/23, 21:49:33.754, 4786188842995, vstest.console.dll, TestPluginCache.GetExtensionPaths: Added default extension paths: C:\Program Files\dotnet\sdk\8.0.202\Extensions\Microsoft.Diagnostics.NETCore.Client.dll
C:\Program Files\dotnet\sdk\8.0.202\Extensions\Microsoft.TestPlatform.Extensions.BlameDataCollector.dll
C:\Program Files\dotnet\sdk\8.0.202\Extensions\Microsoft.TestPlatform.Extensions.EventLogCollector.dll
C:\Program Files\dotnet\sdk\8.0.202\Extensions\Microsoft.TestPlatform.TestHostRuntimeProvider.dll
C:\Program Files\dotnet\sdk\8.0.202\Extensions\Microsoft.VisualStudio.TestPlatform.Extensions.Html.TestLogger.dll
C:\Program Files\dotnet\sdk\8.0.202\Extensions\Microsoft.VisualStudio.TestPlatform.Extensions.Trx.TestLogger.dll
TpTrace Verbose: 0 : 22312, 1, 2024/04/23, 21:49:33.754, 4786188843216, vstest.console.dll, TestPluginCache.GetExtensionPaths: Added unfilterableExtensionPaths: 
TpTrace Verbose: 0 : 22312, 1, 2024/04/23, 21:49:33.754, 4786188844226, vstest.console.dll, TestPluginCache.DiscoverTestExtensions: Discovering the extensions using allExtensionPaths: C:\Program Files\dotnet\sdk\8.0.202\Extensions\Microsoft.Diagnostics.NETCore.Client.dll
C:\Program Files\dotnet\sdk\8.0.202\Extensions\Microsoft.TestPlatform.Extensions.BlameDataCollector.dll
C:\Program Files\dotnet\sdk\8.0.202\Extensions\Microsoft.TestPlatform.Extensions.EventLogCollector.dll
C:\Program Files\dotnet\sdk\8.0.202\Extensions\Microsoft.TestPlatform.TestHostRuntimeProvider.dll
C:\Program Files\dotnet\sdk\8.0.202\Extensions\Microsoft.VisualStudio.TestPlatform.Extensions.Html.TestLogger.dll
C:\Program Files\dotnet\sdk\8.0.202\Extensions\Microsoft.VisualStudio.TestPlatform.Extensions.Trx.TestLogger.dll
TpTrace Information: 0 : 22312, 1, 2024/04/23, 21:49:33.754, 4786188845116, vstest.console.dll, AssemblyResolver.AddSearchDirectories: Adding more searchDirectories C:\Program Files\dotnet\sdk\8.0.202\Extensions,C:\Program Files\dotnet\sdk\8.0.202
TpTrace Information: 0 : 22312, 1, 2024/04/23, 21:49:33.754, 4786188845497, vstest.console.dll, AssemblyResolver.AddSearchDirectories: Adding more searchDirectories C:\Program Files\dotnet\sdk\8.0.202\Extensions,C:\Program Files\dotnet\sdk\8.0.202
TpTrace Information: 0 : 22312, 1, 2024/04/23, 21:49:33.754, 4786188845762, vstest.console.dll, AssemblyResolver.AddSearchDirectories: Adding more searchDirectories C:\Program Files\dotnet\sdk\8.0.202\Extensions,C:\Program Files\dotnet\sdk\8.0.202
TpTrace Information: 0 : 22312, 1, 2024/04/23, 21:49:33.754, 4786188845975, vstest.console.dll, AssemblyResolver.AddSearchDirectories: Adding more searchDirectories C:\Program Files\dotnet\sdk\8.0.202\Extensions,C:\Program Files\dotnet\sdk\8.0.202
TpTrace Information: 0 : 22312, 1, 2024/04/23, 21:49:33.754, 4786188846186, vstest.console.dll, AssemblyResolver.AddSearchDirectories: Adding more searchDirectories C:\Program Files\dotnet\sdk\8.0.202\Extensions,C:\Program Files\dotnet\sdk\8.0.202
TpTrace Information: 0 : 22312, 1, 2024/04/23, 21:49:33.754, 4786188846413, vstest.console.dll, AssemblyResolver.AddSearchDirectories: Adding more searchDirectories C:\Program Files\dotnet\sdk\8.0.202\Extensions,C:\Program Files\dotnet\sdk\8.0.202
TpTrace Information: 0 : 22312, 1, 2024/04/23, 21:49:33.755, 4786188851003, vstest.console.dll, AssemblyResolver.OnResolve: Microsoft.Diagnostics.NETCore.Client: Resolving assembly.
TpTrace Information: 0 : 22312, 1, 2024/04/23, 21:49:33.755, 4786188851699, vstest.console.dll, AssemblyResolver.OnResolve: Microsoft.Diagnostics.NETCore.Client: Searching in: 'C:\Program Files\dotnet\sdk\8.0.202\Extensions'.
TpTrace Information: 0 : 22312, 1, 2024/04/23, 21:49:33.760, 4786188900233, vstest.console.dll, AssemblyResolver.OnResolve: Microsoft.Diagnostics.NETCore.Client: Loading assembly 'C:\Program Files\dotnet\sdk\8.0.202\Extensions\Microsoft.Diagnostics.NETCore.Client.dll'.
TpTrace Information: 0 : 22312, 1, 2024/04/23, 21:49:33.760, 4786188903821, vstest.console.dll, AssemblyResolver.OnResolve: Resolved assembly: Microsoft.Diagnostics.NETCore.Client, from path: C:\Program Files\dotnet\sdk\8.0.202\Extensions\Microsoft.Diagnostics.NETCore.Client.dll
TpTrace Verbose: 0 : 22312, 1, 2024/04/23, 21:49:33.764, 4786188939929, vstest.console.dll, MetadataReaderExtensionsHelper: Discovering extensions inside assembly 'Microsoft.Diagnostics.NETCore.Client, Version=0.2.9.2401, Culture=neutral, PublicKeyToken=31bf3856ad364e35' file path 'C:\Program Files\dotnet\sdk\8.0.202\Extensions\Microsoft.Diagnostics.NETCore.Client.dll'
TpTrace Information: 0 : 22312, 1, 2024/04/23, 21:49:33.768, 4786188984802, vstest.console.dll, AssemblyResolver.OnResolve: Microsoft.Bcl.AsyncInterfaces: Resolving assembly.
TpTrace Information: 0 : 22312, 1, 2024/04/23, 21:49:33.768, 4786188985583, vstest.console.dll, AssemblyResolver.OnResolve: Microsoft.Bcl.AsyncInterfaces: Searching in: 'C:\Program Files\dotnet\sdk\8.0.202\Extensions'.
TpTrace Information: 0 : 22312, 1, 2024/04/23, 21:49:33.768, 4786188986168, vstest.console.dll, AssemblyResolver.OnResolve: Microsoft.Bcl.AsyncInterfaces: Assembly path does not exist: 'C:\Program Files\dotnet\sdk\8.0.202\Extensions\Microsoft.Bcl.AsyncInterfaces.dll', returning.
TpTrace Information: 0 : 22312, 1, 2024/04/23, 21:49:33.769, 4786188987071, vstest.console.dll, AssemblyResolver.OnResolve: Microsoft.Bcl.AsyncInterfaces: Assembly path does not exist: 'C:\Program Files\dotnet\sdk\8.0.202\Extensions\Microsoft.Bcl.AsyncInterfaces.exe', returning.
TpTrace Information: 0 : 22312, 1, 2024/04/23, 21:49:33.769, 4786188987311, vstest.console.dll, AssemblyResolver.OnResolve: Microsoft.Bcl.AsyncInterfaces: Searching in: 'C:\Program Files\dotnet\sdk\8.0.202'.
TpTrace Information: 0 : 22312, 1, 2024/04/23, 21:49:33.769, 4786188987684, vstest.console.dll, AssemblyResolver.OnResolve: Microsoft.Bcl.AsyncInterfaces: Assembly path does not exist: 'C:\Program Files\dotnet\sdk\8.0.202\Microsoft.Bcl.AsyncInterfaces.dll', returning.
TpTrace Information: 0 : 22312, 1, 2024/04/23, 21:49:33.769, 4786188987997, vstest.console.dll, AssemblyResolver.OnResolve: Microsoft.Bcl.AsyncInterfaces: Assembly path does not exist: 'C:\Program Files\dotnet\sdk\8.0.202\Microsoft.Bcl.AsyncInterfaces.exe', returning.
TpTrace Information: 0 : 22312, 1, 2024/04/23, 21:49:33.769, 4786188988185, vstest.console.dll, AssemblyResolver.OnResolve: Microsoft.Bcl.AsyncInterfaces: Failed to load assembly.
TpTrace Verbose: 0 : 22312, 1, 2024/04/23, 21:49:33.769, 4786188988496, vstest.console.dll, CurrentDomainAssemblyResolve: Resolving assembly 'Microsoft.Bcl.AsyncInterfaces'.
TpTrace Information: 0 : 22312, 1, 2024/04/23, 21:49:33.769, 4786188988956, vstest.console.dll, AssemblyResolver.OnResolve: Microsoft.Bcl.AsyncInterfaces: Resolving assembly.
TpTrace Information: 0 : 22312, 1, 2024/04/23, 21:49:33.769, 4786188989235, vstest.console.dll, AssemblyResolver.OnResolve: Microsoft.Bcl.AsyncInterfaces: Resolved from cache.
TpTrace Verbose: 0 : 22312, 1, 2024/04/23, 21:49:33.769, 4786188989419, vstest.console.dll, CurrentDomainAssemblyResolve: Resolving assembly 'Microsoft.Bcl.AsyncInterfaces'.
TpTrace Verbose: 0 : 22312, 1, 2024/04/23, 21:49:33.769, 4786188989666, vstest.console.dll, CurrentDomainAssemblyResolve: Failed to resolve assembly 'Microsoft.Bcl.AsyncInterfaces'.
TpTrace Verbose: 0 : 22312, 1, 2024/04/23, 21:49:33.769, 4786188994471, vstest.console.dll, CurrentDomainAssemblyResolve: Failed to resolve assembly 'Microsoft.Bcl.AsyncInterfaces'.
TpTrace Warning: 0 : 22312, 1, 2024/04/23, 21:49:33.777, 4786189072550, vstest.console.dll, TestPluginDiscoverer: Failed to get types from assembly 'Microsoft.Diagnostics.NETCore.Client, Version=0.2.9.2401, Culture=neutral, PublicKeyToken=31bf3856ad364e35'. Error: System.Reflection.ReflectionTypeLoadException: Unable to load one or more of the requested types.
Could not load file or assembly 'Microsoft.Bcl.AsyncInterfaces, Version=6.0.0.0, Culture=neutral, PublicKeyToken=cc7b13ffcd2ddd51'. The system cannot find the file specified.
   at System.Reflection.RuntimeModule.GetTypes(RuntimeModule module)
   at System.Reflection.RuntimeModule.GetTypes()
   at Microsoft.VisualStudio.TestPlatform.Common.ExtensionFramework.TestPluginDiscoverer.GetTestExtensionsFromAssembly[TPluginInfo,TExtension](Assembly assembly, Dictionary`2 pluginInfos, String filePath) in /_/src/Microsoft.TestPlatform.Common/ExtensionFramework/TestPluginDiscoverer.cs:line 158
System.IO.FileNotFoundException: Could not load file or assembly 'Microsoft.Bcl.AsyncInterfaces, Version=6.0.0.0, Culture=neutral, PublicKeyToken=cc7b13ffcd2ddd51'. The system cannot find the file specified.
File name: 'Microsoft.Bcl.AsyncInterfaces, Version=6.0.0.0, Culture=neutral, PublicKeyToken=cc7b13ffcd2ddd51'
 ---> System.IO.FileNotFoundException: Could not load file or assembly 'Microsoft.Bcl.AsyncInterfaces, Culture=neutral, PublicKeyToken=null'. The system cannot find the file specified.
File name: 'Microsoft.Bcl.AsyncInterfaces, Culture=neutral, PublicKeyToken=null'
   at System.Reflection.RuntimeAssembly.InternalLoad(AssemblyName assemblyName, StackCrawlMark& stackMark, AssemblyLoadContext assemblyLoadContext, RuntimeAssembly requestingAssembly, Boolean throwOnFileNotFound)
   at System.Reflection.Assembly.Load(AssemblyName assemblyRef)
   at Microsoft.VisualStudio.TestPlatform.Common.ExtensionFramework.TestPluginCache.CurrentDomainAssemblyResolve(Object sender, AssemblyResolveEventArgs args) in /_/src/Microsoft.TestPlatform.Common/ExtensionFramework/TestPluginCache.cs:line 513
   at System.Runtime.Loader.AssemblyLoadContext.GetFirstResolvedAssemblyFromResolvingEvent(AssemblyName assemblyName)
   at System.Runtime.Loader.AssemblyLoadContext.ResolveUsingEvent(AssemblyName assemblyName)
   at System.Runtime.Loader.AssemblyLoadContext.ResolveUsingResolvingEvent(IntPtr gchManagedAssemblyLoadContext, AssemblyName assemblyName)
TpTrace Warning: 0 : 22312, 1, 2024/04/23, 21:49:33.777, 4786189075479, vstest.console.dll, LoaderExceptions: System.IO.FileNotFoundException: Could not load file or assembly 'Microsoft.Bcl.AsyncInterfaces, Version=6.0.0.0, Culture=neutral, PublicKeyToken=cc7b13ffcd2ddd51'. The system cannot find the file specified.
File name: 'Microsoft.Bcl.AsyncInterfaces, Version=6.0.0.0, Culture=neutral, PublicKeyToken=cc7b13ffcd2ddd51'
 ---> System.IO.FileNotFoundException: Could not load file or assembly 'Microsoft.Bcl.AsyncInterfaces, Culture=neutral, PublicKeyToken=null'. The system cannot find the file specified.
File name: 'Microsoft.Bcl.AsyncInterfaces, Culture=neutral, PublicKeyToken=null'
   at System.Reflection.RuntimeAssembly.InternalLoad(AssemblyName assemblyName, StackCrawlMark& stackMark, AssemblyLoadContext assemblyLoadContext, RuntimeAssembly requestingAssembly, Boolean throwOnFileNotFound)
   at System.Reflection.Assembly.Load(AssemblyName assemblyRef)
   at Microsoft.VisualStudio.TestPlatform.Common.ExtensionFramework.TestPluginCache.CurrentDomainAssemblyResolve(Object sender, AssemblyResolveEventArgs args) in /_/src/Microsoft.TestPlatform.Common/ExtensionFramework/TestPluginCache.cs:line 513
   at System.Runtime.Loader.AssemblyLoadContext.GetFirstResolvedAssemblyFromResolvingEvent(AssemblyName assemblyName)
   at System.Runtime.Loader.AssemblyLoadContext.ResolveUsingEvent(AssemblyName assemblyName)
   at System.Runtime.Loader.AssemblyLoadContext.ResolveUsingResolvingEvent(IntPtr gchManagedAssemblyLoadContext, AssemblyName assemblyName)
TpTrace Information: 0 : 22312, 1, 2024/04/23, 21:49:33.778, 4786189076691, vstest.console.dll, AssemblyResolver.OnResolve: Microsoft.TestPlatform.Extensions.BlameDataCollector: Resolving assembly.
TpTrace Information: 0 : 22312, 1, 2024/04/23, 21:49:33.778, 4786189076993, vstest.console.dll, AssemblyResolver.OnResolve: Microsoft.TestPlatform.Extensions.BlameDataCollector: Searching in: 'C:\Program Files\dotnet\sdk\8.0.202\Extensions'.
TpTrace Information: 0 : 22312, 1, 2024/04/23, 21:49:33.778, 4786189079210, vstest.console.dll, AssemblyResolver.OnResolve: Microsoft.TestPlatform.Extensions.BlameDataCollector: Loading assembly 'C:\Program Files\dotnet\sdk\8.0.202\Extensions\Microsoft.TestPlatform.Extensions.BlameDataCollector.dll'.
TpTrace Information: 0 : 22312, 1, 2024/04/23, 21:49:33.778, 4786189082234, vstest.console.dll, AssemblyResolver.OnResolve: Resolved assembly: Microsoft.TestPlatform.Extensions.BlameDataCollector, from path: C:\Program Files\dotnet\sdk\8.0.202\Extensions\Microsoft.TestPlatform.Extensions.BlameDataCollector.dll
TpTrace Verbose: 0 : 22312, 1, 2024/04/23, 21:49:33.778, 4786189082838, vstest.console.dll, MetadataReaderExtensionsHelper: Discovering extensions inside assembly 'Microsoft.TestPlatform.Extensions.BlameDataCollector, Version=15.0.0.0, Culture=neutral, PublicKeyToken=b03f5f7f11d50a3a' file path 'C:\Program Files\dotnet\sdk\8.0.202\Extensions\Microsoft.TestPlatform.Extensions.BlameDataCollector.dll'
TpTrace Information: 0 : 22312, 1, 2024/04/23, 21:49:33.779, 4786189091451, vstest.console.dll, AssemblyResolver.OnResolve: Microsoft.TestPlatform.Extensions.EventLogCollector: Resolving assembly.
TpTrace Information: 0 : 22312, 1, 2024/04/23, 21:49:33.779, 4786189092327, vstest.console.dll, AssemblyResolver.OnResolve: Microsoft.TestPlatform.Extensions.EventLogCollector: Searching in: 'C:\Program Files\dotnet\sdk\8.0.202\Extensions'.
TpTrace Information: 0 : 22312, 1, 2024/04/23, 21:49:33.779, 4786189093586, vstest.console.dll, AssemblyResolver.OnResolve: Microsoft.TestPlatform.Extensions.EventLogCollector: Loading assembly 'C:\Program Files\dotnet\sdk\8.0.202\Extensions\Microsoft.TestPlatform.Extensions.EventLogCollector.dll'.
TpTrace Information: 0 : 22312, 1, 2024/04/23, 21:49:33.779, 4786189095692, vstest.console.dll, AssemblyResolver.OnResolve: Resolved assembly: Microsoft.TestPlatform.Extensions.EventLogCollector, from path: C:\Program Files\dotnet\sdk\8.0.202\Extensions\Microsoft.TestPlatform.Extensions.EventLogCollector.dll
TpTrace Verbose: 0 : 22312, 1, 2024/04/23, 21:49:33.779, 4786189096095, vstest.console.dll, MetadataReaderExtensionsHelper: Discovering extensions inside assembly 'Microsoft.TestPlatform.Extensions.EventLogCollector, Version=15.0.0.0, Culture=neutral, PublicKeyToken=b03f5f7f11d50a3a' file path 'C:\Program Files\dotnet\sdk\8.0.202\Extensions\Microsoft.TestPlatform.Extensions.EventLogCollector.dll'
TpTrace Information: 0 : 22312, 1, 2024/04/23, 21:49:33.781, 4786189109404, vstest.console.dll, AssemblyResolver.OnResolve: Microsoft.TestPlatform.TestHostRuntimeProvider: Resolving assembly.
TpTrace Information: 0 : 22312, 1, 2024/04/23, 21:49:33.781, 4786189109960, vstest.console.dll, AssemblyResolver.OnResolve: Microsoft.TestPlatform.TestHostRuntimeProvider: Searching in: 'C:\Program Files\dotnet\sdk\8.0.202\Extensions'.
TpTrace Information: 0 : 22312, 1, 2024/04/23, 21:49:33.781, 4786189111401, vstest.console.dll, AssemblyResolver.OnResolve: Microsoft.TestPlatform.TestHostRuntimeProvider: Loading assembly 'C:\Program Files\dotnet\sdk\8.0.202\Extensions\Microsoft.TestPlatform.TestHostRuntimeProvider.dll'.
TpTrace Information: 0 : 22312, 1, 2024/04/23, 21:49:33.781, 4786189113259, vstest.console.dll, AssemblyResolver.OnResolve: Resolved assembly: Microsoft.TestPlatform.TestHostRuntimeProvider, from path: C:\Program Files\dotnet\sdk\8.0.202\Extensions\Microsoft.TestPlatform.TestHostRuntimeProvider.dll
TpTrace Verbose: 0 : 22312, 1, 2024/04/23, 21:49:33.781, 4786189113795, vstest.console.dll, MetadataReaderExtensionsHelper: Discovering extensions inside assembly 'Microsoft.TestPlatform.TestHostRuntimeProvider, Version=15.0.0.0, Culture=neutral, PublicKeyToken=b03f5f7f11d50a3a' file path 'C:\Program Files\dotnet\sdk\8.0.202\Extensions\Microsoft.TestPlatform.TestHostRuntimeProvider.dll'
TpTrace Information: 0 : 22312, 1, 2024/04/23, 21:49:33.782, 4786189123159, vstest.console.dll, GetTestExtensionFromType: Register extension with identifier data 'HostProvider://DefaultTestHost' and type 'Microsoft.VisualStudio.TestPlatform.CrossPlatEngine.Hosting.DefaultTestHostManager, Microsoft.TestPlatform.TestHostRuntimeProvider, Version=15.0.0.0, Culture=neutral, PublicKeyToken=b03f5f7f11d50a3a' inside file 'C:\Program Files\dotnet\sdk\8.0.202\Extensions\Microsoft.TestPlatform.TestHostRuntimeProvider.dll'
TpTrace Information: 0 : 22312, 1, 2024/04/23, 21:49:33.782, 4786189124977, vstest.console.dll, GetTestExtensionFromType: Register extension with identifier data 'HostProvider://DotnetTestHost' and type 'Microsoft.VisualStudio.TestPlatform.CrossPlatEngine.Hosting.DotnetTestHostManager, Microsoft.TestPlatform.TestHostRuntimeProvider, Version=15.0.0.0, Culture=neutral, PublicKeyToken=b03f5f7f11d50a3a' inside file 'C:\Program Files\dotnet\sdk\8.0.202\Extensions\Microsoft.TestPlatform.TestHostRuntimeProvider.dll'
TpTrace Information: 0 : 22312, 1, 2024/04/23, 21:49:33.782, 4786189125479, vstest.console.dll, AssemblyResolver.OnResolve: Microsoft.VisualStudio.TestPlatform.Extensions.Html.TestLogger: Resolving assembly.
TpTrace Information: 0 : 22312, 1, 2024/04/23, 21:49:33.782, 4786189125652, vstest.console.dll, AssemblyResolver.OnResolve: Microsoft.VisualStudio.TestPlatform.Extensions.Html.TestLogger: Searching in: 'C:\Program Files\dotnet\sdk\8.0.202\Extensions'.
TpTrace Information: 0 : 22312, 1, 2024/04/23, 21:49:33.783, 4786189127079, vstest.console.dll, AssemblyResolver.OnResolve: Microsoft.VisualStudio.TestPlatform.Extensions.Html.TestLogger: Loading assembly 'C:\Program Files\dotnet\sdk\8.0.202\Extensions\Microsoft.VisualStudio.TestPlatform.Extensions.Html.TestLogger.dll'.
TpTrace Information: 0 : 22312, 1, 2024/04/23, 21:49:33.783, 4786189128906, vstest.console.dll, AssemblyResolver.OnResolve: Resolved assembly: Microsoft.VisualStudio.TestPlatform.Extensions.Html.TestLogger, from path: C:\Program Files\dotnet\sdk\8.0.202\Extensions\Microsoft.VisualStudio.TestPlatform.Extensions.Html.TestLogger.dll
TpTrace Verbose: 0 : 22312, 1, 2024/04/23, 21:49:33.783, 4786189129437, vstest.console.dll, MetadataReaderExtensionsHelper: Discovering extensions inside assembly 'Microsoft.VisualStudio.TestPlatform.Extensions.Html.TestLogger, Version=15.0.0.0, Culture=neutral, PublicKeyToken=b03f5f7f11d50a3a' file path 'C:\Program Files\dotnet\sdk\8.0.202\Extensions\Microsoft.VisualStudio.TestPlatform.Extensions.Html.TestLogger.dll'
TpTrace Information: 0 : 22312, 1, 2024/04/23, 21:49:33.783, 4786189136015, vstest.console.dll, AssemblyResolver.OnResolve: Microsoft.VisualStudio.TestPlatform.Extensions.Trx.TestLogger: Resolving assembly.
TpTrace Information: 0 : 22312, 1, 2024/04/23, 21:49:33.783, 4786189136564, vstest.console.dll, AssemblyResolver.OnResolve: Microsoft.VisualStudio.TestPlatform.Extensions.Trx.TestLogger: Searching in: 'C:\Program Files\dotnet\sdk\8.0.202\Extensions'.
TpTrace Information: 0 : 22312, 1, 2024/04/23, 21:49:33.784, 4786189138317, vstest.console.dll, AssemblyResolver.OnResolve: Microsoft.VisualStudio.TestPlatform.Extensions.Trx.TestLogger: Loading assembly 'C:\Program Files\dotnet\sdk\8.0.202\Extensions\Microsoft.VisualStudio.TestPlatform.Extensions.Trx.TestLogger.dll'.
TpTrace Information: 0 : 22312, 1, 2024/04/23, 21:49:33.784, 4786189141309, vstest.console.dll, AssemblyResolver.OnResolve: Resolved assembly: Microsoft.VisualStudio.TestPlatform.Extensions.Trx.TestLogger, from path: C:\Program Files\dotnet\sdk\8.0.202\Extensions\Microsoft.VisualStudio.TestPlatform.Extensions.Trx.TestLogger.dll
TpTrace Verbose: 0 : 22312, 1, 2024/04/23, 21:49:33.784, 4786189141798, vstest.console.dll, MetadataReaderExtensionsHelper: Discovering extensions inside assembly 'Microsoft.VisualStudio.TestPlatform.Extensions.Trx.TestLogger, Version=15.0.0.0, Culture=neutral, PublicKeyToken=b03f5f7f11d50a3a' file path 'C:\Program Files\dotnet\sdk\8.0.202\Extensions\Microsoft.VisualStudio.TestPlatform.Extensions.Trx.TestLogger.dll'
TpTrace Verbose: 0 : 22312, 1, 2024/04/23, 21:49:33.785, 4786189149309, vstest.console.dll, TestPluginCache: Discovered the extensions using extension path ''.
TpTrace Verbose: 0 : 22312, 1, 2024/04/23, 21:49:33.785, 4786189150008, vstest.console.dll, TestPluginCache: Discoverers are ''.
TpTrace Verbose: 0 : 22312, 1, 2024/04/23, 21:49:33.785, 4786189150201, vstest.console.dll, TestPluginCache: Executors are ''.
TpTrace Verbose: 0 : 22312, 1, 2024/04/23, 21:49:33.785, 4786189150367, vstest.console.dll, TestPluginCache: Executors2 are ''.
TpTrace Verbose: 0 : 22312, 1, 2024/04/23, 21:49:33.785, 4786189150531, vstest.console.dll, TestPluginCache: Setting providers are ''.
TpTrace Verbose: 0 : 22312, 1, 2024/04/23, 21:49:33.785, 4786189150695, vstest.console.dll, TestPluginCache: Loggers are ''.
TpTrace Verbose: 0 : 22312, 1, 2024/04/23, 21:49:33.785, 4786189152193, vstest.console.dll, TestPluginCache: TestHosts are 'HostProvider://DefaultTestHost,HostProvider://DotnetTestHost'.
TpTrace Verbose: 0 : 22312, 1, 2024/04/23, 21:49:33.785, 4786189152490, vstest.console.dll, TestPluginCache: DataCollectors are ''.
TpTrace Information: 0 : 22312, 1, 2024/04/23, 21:49:33.796, 4786189263236, vstest.console.dll, RunTestsArgumentProcessor:Execute: Test run is starting.
TpTrace Verbose: 0 : 22312, 1, 2024/04/23, 21:49:33.796, 4786189264306, vstest.console.dll, RunTestsArgumentProcessor:Execute: Queuing Test run.
TpTrace Information: 0 : 22312, 1, 2024/04/23, 21:49:33.797, 4786189266959, vstest.console.dll, TestRequestManager.RunTests: run tests started.
TpTrace Information: 0 : 22312, 1, 2024/04/23, 21:49:33.798, 4786189279333, vstest.console.dll, AssemblyMetadataProvider.GetFrameworkName: Determined framework:'.NETCoreApp,Version=v6.0' for source: 'C:\Users\VC\Desktop\Presidio\Genspark-trainings\dotnet-trainings\console-spplications\day4\day4ConsoleAppDoctorSolution\AppointmentBLTest\bin\Debug\net6.0\fine-code-coverage\build-output\AppointmentBLTest.dll'
TpTrace Information: 0 : 22312, 1, 2024/04/23, 21:49:33.798, 4786189281370, vstest.console.dll, Determined framework for all sources: .NETCoreApp,Version=v6.0
TpTrace Verbose: 0 : 22312, 1, 2024/04/23, 21:49:33.798, 4786189284428, vstest.console.dll, TestRequestManager.UpdateRunSettingsIfRequired: Default architecture: X64 IsDefaultTargetArchitecture: True, Current process architecture: X64 OperatingSystem: Windows.
TpTrace Information: 0 : 22312, 1, 2024/04/23, 21:49:33.800, 4786189304006, vstest.console.dll, AssemblyMetadataProvider.GetArchitecture: Determined architecture:AnyCPU info for assembly: C:\Users\VC\Desktop\Presidio\Genspark-trainings\dotnet-trainings\console-spplications\day4\day4ConsoleAppDoctorSolution\AppointmentBLTest\bin\Debug\net6.0\fine-code-coverage\build-output\AppointmentBLTest.dll
TpTrace Information: 0 : 22312, 1, 2024/04/23, 21:49:33.800, 4786189304836, vstest.console.dll, Determined platform for source 'C:\Users\VC\Desktop\Presidio\Genspark-trainings\dotnet-trainings\console-spplications\day4\day4ConsoleAppDoctorSolution\AppointmentBLTest\bin\Debug\net6.0\fine-code-coverage\build-output\AppointmentBLTest.dll' was AnyCPU and it will use the default plaform X64.
TpTrace Information: 0 : 22312, 1, 2024/04/23, 21:49:33.800, 4786189305117, vstest.console.dll, None of the sources provided any runnable platform, using the default platform: X64
TpTrace Information: 0 : 22312, 1, 2024/04/23, 21:49:33.800, 4786189306522, vstest.console.dll, Platform was updated to 'X64'.
TpTrace Information: 0 : 22312, 1, 2024/04/23, 21:49:33.805, 4786189352767, vstest.console.dll, InferRunSettingsHelper.IsTestSettingsEnabled: Unable to navigate to RunSettings/MSTest. Current node: RunSettings
TpTrace Information: 0 : 22312, 1, 2024/04/23, 21:49:33.806, 4786189362307, vstest.console.dll, AssemblyResolver.OnResolve: Microsoft.VisualStudio.TestPlatform.Fakes: Resolving assembly.
TpTrace Information: 0 : 22312, 1, 2024/04/23, 21:49:33.806, 4786189363498, vstest.console.dll, AssemblyResolver.OnResolve: Microsoft.VisualStudio.TestPlatform.Fakes: Searching in: 'C:\Program Files\dotnet\sdk\8.0.202\Extensions'.
TpTrace Information: 0 : 22312, 1, 2024/04/23, 21:49:33.806, 4786189364201, vstest.console.dll, AssemblyResolver.OnResolve: Microsoft.VisualStudio.TestPlatform.Fakes: Assembly path does not exist: 'C:\Program Files\dotnet\sdk\8.0.202\Extensions\Microsoft.VisualStudio.TestPlatform.Fakes.dll', returning.
TpTrace Information: 0 : 22312, 1, 2024/04/23, 21:49:33.806, 4786189364565, vstest.console.dll, AssemblyResolver.OnResolve: Microsoft.VisualStudio.TestPlatform.Fakes: Assembly path does not exist: 'C:\Program Files\dotnet\sdk\8.0.202\Extensions\Microsoft.VisualStudio.TestPlatform.Fakes.exe', returning.
TpTrace Information: 0 : 22312, 1, 2024/04/23, 21:49:33.806, 4786189364752, vstest.console.dll, AssemblyResolver.OnResolve: Microsoft.VisualStudio.TestPlatform.Fakes: Searching in: 'C:\Program Files\dotnet\sdk\8.0.202'.
TpTrace Information: 0 : 22312, 1, 2024/04/23, 21:49:33.806, 4786189365163, vstest.console.dll, AssemblyResolver.OnResolve: Microsoft.VisualStudio.TestPlatform.Fakes: Assembly path does not exist: 'C:\Program Files\dotnet\sdk\8.0.202\Microsoft.VisualStudio.TestPlatform.Fakes.dll', returning.
TpTrace Information: 0 : 22312, 1, 2024/04/23, 21:49:33.806, 4786189365509, vstest.console.dll, AssemblyResolver.OnResolve: Microsoft.VisualStudio.TestPlatform.Fakes: Assembly path does not exist: 'C:\Program Files\dotnet\sdk\8.0.202\Microsoft.VisualStudio.TestPlatform.Fakes.exe', returning.
TpTrace Information: 0 : 22312, 1, 2024/04/23, 21:49:33.806, 4786189365731, vstest.console.dll, AssemblyResolver.OnResolve: Microsoft.VisualStudio.TestPlatform.Fakes: Failed to load assembly.
TpTrace Information: 0 : 22312, 1, 2024/04/23, 21:49:33.807, 4786189369506, vstest.console.dll, Failed to load assembly Microsoft.VisualStudio.TestPlatform.Fakes, Version=17.0.0.0, Culture=neutral. Reason:System.IO.FileNotFoundException: Could not load file or assembly 'Microsoft.VisualStudio.TestPlatform.Fakes, Version=17.0.0.0, Culture=neutral, PublicKeyToken=null'. The system cannot find the file specified.
File name: 'Microsoft.VisualStudio.TestPlatform.Fakes, Version=17.0.0.0, Culture=neutral, PublicKeyToken=null'
   at System.Reflection.RuntimeAssembly.InternalLoad(AssemblyName assemblyName, StackCrawlMark& stackMark, AssemblyLoadContext assemblyLoadContext, RuntimeAssembly requestingAssembly, Boolean throwOnFileNotFound)
   at System.Reflection.Assembly.Load(AssemblyName assemblyRef)
   at Microsoft.VisualStudio.TestPlatform.Common.Utilities.FakesUtilities.LoadTestPlatformAssembly() in /_/src/Microsoft.TestPlatform.Common/Utilities/FakesUtilities.cs:line 272
TpTrace Verbose: 0 : 22312, 1, 2024/04/23, 21:49:33.810, 4786189405560, vstest.console.dll, TestPluginCache.DiscoverTestExtensions: finding test extensions in assemblies ends with: TestLogger.dll TPluginInfo: Microsoft.VisualStudio.TestPlatform.Common.ExtensionFramework.Utilities.TestLoggerPluginInformation TExtension: Microsoft.VisualStudio.TestPlatform.ObjectModel.Client.ITestLogger
TpTrace Verbose: 0 : 22312, 1, 2024/04/23, 21:49:33.811, 4786189407055, vstest.console.dll, TestPluginCache.GetExtensionPaths: Filtered extension paths: 
TpTrace Verbose: 0 : 22312, 1, 2024/04/23, 21:49:33.811, 4786189407518, vstest.console.dll, TestPluginCache.GetExtensionPaths: Added default extension paths: C:\Program Files\dotnet\sdk\8.0.202\Extensions\Microsoft.Diagnostics.NETCore.Client.dll
C:\Program Files\dotnet\sdk\8.0.202\Extensions\Microsoft.TestPlatform.Extensions.BlameDataCollector.dll
C:\Program Files\dotnet\sdk\8.0.202\Extensions\Microsoft.TestPlatform.Extensions.EventLogCollector.dll
C:\Program Files\dotnet\sdk\8.0.202\Extensions\Microsoft.TestPlatform.TestHostRuntimeProvider.dll
C:\Program Files\dotnet\sdk\8.0.202\Extensions\Microsoft.VisualStudio.TestPlatform.Extensions.Html.TestLogger.dll
C:\Program Files\dotnet\sdk\8.0.202\Extensions\Microsoft.VisualStudio.TestPlatform.Extensions.Trx.TestLogger.dll
TpTrace Verbose: 0 : 22312, 1, 2024/04/23, 21:49:33.811, 4786189407876, vstest.console.dll, TestPluginCache.GetExtensionPaths: Added unfilterableExtensionPaths: 
TpTrace Information: 0 : 22312, 1, 2024/04/23, 21:49:33.811, 4786189409159, vstest.console.dll, AssemblyResolver.AddSearchDirectories: Adding more searchDirectories C:\Program Files\dotnet\sdk\8.0.202\Extensions,C:\Program Files\dotnet\sdk\8.0.202
TpTrace Verbose: 0 : 22312, 1, 2024/04/23, 21:49:33.811, 4786189410013, vstest.console.dll, TestPluginCache.DiscoverTestExtensions: Discovering the extensions using extension path.
TpTrace Verbose: 0 : 22312, 1, 2024/04/23, 21:49:33.811, 4786189410213, vstest.console.dll, TestPluginCache.GetExtensionPaths: Filtered extension paths: 
TpTrace Verbose: 0 : 22312, 1, 2024/04/23, 21:49:33.811, 4786189410466, vstest.console.dll, TestPluginCache.GetExtensionPaths: Added default extension paths: C:\Program Files\dotnet\sdk\8.0.202\Extensions\Microsoft.Diagnostics.NETCore.Client.dll
C:\Program Files\dotnet\sdk\8.0.202\Extensions\Microsoft.TestPlatform.Extensions.BlameDataCollector.dll
C:\Program Files\dotnet\sdk\8.0.202\Extensions\Microsoft.TestPlatform.Extensions.EventLogCollector.dll
C:\Program Files\dotnet\sdk\8.0.202\Extensions\Microsoft.TestPlatform.TestHostRuntimeProvider.dll
C:\Program Files\dotnet\sdk\8.0.202\Extensions\Microsoft.VisualStudio.TestPlatform.Extensions.Html.TestLogger.dll
C:\Program Files\dotnet\sdk\8.0.202\Extensions\Microsoft.VisualStudio.TestPlatform.Extensions.Trx.TestLogger.dll
TpTrace Verbose: 0 : 22312, 1, 2024/04/23, 21:49:33.811, 4786189411363, vstest.console.dll, TestPluginCache.GetExtensionPaths: Added unfilterableExtensionPaths: 
TpTrace Verbose: 0 : 22312, 1, 2024/04/23, 21:49:33.811, 4786189411961, vstest.console.dll, TestPluginCache.DiscoverTestExtensions: Discovering the extensions using allExtensionPaths: C:\Program Files\dotnet\sdk\8.0.202\Extensions\Microsoft.Diagnostics.NETCore.Client.dll
C:\Program Files\dotnet\sdk\8.0.202\Extensions\Microsoft.TestPlatform.Extensions.BlameDataCollector.dll
C:\Program Files\dotnet\sdk\8.0.202\Extensions\Microsoft.TestPlatform.Extensions.EventLogCollector.dll
C:\Program Files\dotnet\sdk\8.0.202\Extensions\Microsoft.TestPlatform.TestHostRuntimeProvider.dll
C:\Program Files\dotnet\sdk\8.0.202\Extensions\Microsoft.VisualStudio.TestPlatform.Extensions.Html.TestLogger.dll
C:\Program Files\dotnet\sdk\8.0.202\Extensions\Microsoft.VisualStudio.TestPlatform.Extensions.Trx.TestLogger.dll
TpTrace Information: 0 : 22312, 1, 2024/04/23, 21:49:33.811, 4786189412537, vstest.console.dll, AssemblyResolver.AddSearchDirectories: Adding more searchDirectories C:\Program Files\dotnet\sdk\8.0.202\Extensions,C:\Program Files\dotnet\sdk\8.0.202
TpTrace Information: 0 : 22312, 1, 2024/04/23, 21:49:33.811, 4786189413010, vstest.console.dll, AssemblyResolver.AddSearchDirectories: Adding more searchDirectories C:\Program Files\dotnet\sdk\8.0.202\Extensions,C:\Program Files\dotnet\sdk\8.0.202
TpTrace Information: 0 : 22312, 1, 2024/04/23, 21:49:33.811, 4786189413569, vstest.console.dll, AssemblyResolver.AddSearchDirectories: Adding more searchDirectories C:\Program Files\dotnet\sdk\8.0.202\Extensions,C:\Program Files\dotnet\sdk\8.0.202
TpTrace Information: 0 : 22312, 1, 2024/04/23, 21:49:33.811, 4786189414493, vstest.console.dll, AssemblyResolver.AddSearchDirectories: Adding more searchDirectories C:\Program Files\dotnet\sdk\8.0.202\Extensions,C:\Program Files\dotnet\sdk\8.0.202
TpTrace Information: 0 : 22312, 1, 2024/04/23, 21:49:33.811, 4786189414752, vstest.console.dll, AssemblyResolver.AddSearchDirectories: Adding more searchDirectories C:\Program Files\dotnet\sdk\8.0.202\Extensions,C:\Program Files\dotnet\sdk\8.0.202
TpTrace Information: 0 : 22312, 1, 2024/04/23, 21:49:33.811, 4786189415143, vstest.console.dll, AssemblyResolver.AddSearchDirectories: Adding more searchDirectories C:\Program Files\dotnet\sdk\8.0.202\Extensions,C:\Program Files\dotnet\sdk\8.0.202
TpTrace Verbose: 0 : 22312, 1, 2024/04/23, 21:49:33.812, 4786189416994, vstest.console.dll, MetadataReaderExtensionsHelper: Discovering extensions inside assembly 'Microsoft.Diagnostics.NETCore.Client, Version=0.2.9.2401, Culture=neutral, PublicKeyToken=31bf3856ad364e35' file path 'C:\Program Files\dotnet\sdk\8.0.202\Extensions\Microsoft.Diagnostics.NETCore.Client.dll'
TpTrace Information: 0 : 22312, 1, 2024/04/23, 21:49:33.812, 4786189425914, vstest.console.dll, AssemblyResolver.OnResolve: Microsoft.Bcl.AsyncInterfaces: Resolving assembly.
TpTrace Information: 0 : 22312, 1, 2024/04/23, 21:49:33.813, 4786189426826, vstest.console.dll, AssemblyResolver.OnResolve: Microsoft.Bcl.AsyncInterfaces: Resolved from cache.
TpTrace Verbose: 0 : 22312, 1, 2024/04/23, 21:49:33.813, 4786189427041, vstest.console.dll, CurrentDomainAssemblyResolve: Resolving assembly 'Microsoft.Bcl.AsyncInterfaces'.
TpTrace Information: 0 : 22312, 1, 2024/04/23, 21:49:33.813, 4786189427335, vstest.console.dll, AssemblyResolver.OnResolve: Microsoft.Bcl.AsyncInterfaces: Resolving assembly.
TpTrace Information: 0 : 22312, 1, 2024/04/23, 21:49:33.813, 4786189427487, vstest.console.dll, AssemblyResolver.OnResolve: Microsoft.Bcl.AsyncInterfaces: Resolved from cache.
TpTrace Verbose: 0 : 22312, 1, 2024/04/23, 21:49:33.813, 4786189427633, vstest.console.dll, CurrentDomainAssemblyResolve: Resolving assembly 'Microsoft.Bcl.AsyncInterfaces'.
TpTrace Verbose: 0 : 22312, 1, 2024/04/23, 21:49:33.813, 4786189427760, vstest.console.dll, CurrentDomainAssemblyResolve: Failed to resolve assembly 'Microsoft.Bcl.AsyncInterfaces'.
TpTrace Verbose: 0 : 22312, 1, 2024/04/23, 21:49:33.813, 4786189429572, vstest.console.dll, CurrentDomainAssemblyResolve: Failed to resolve assembly 'Microsoft.Bcl.AsyncInterfaces'.
TpTrace Warning: 0 : 22312, 1, 2024/04/23, 21:49:33.813, 4786189434471, vstest.console.dll, TestPluginDiscoverer: Failed to get types from assembly 'Microsoft.Diagnostics.NETCore.Client, Version=0.2.9.2401, Culture=neutral, PublicKeyToken=31bf3856ad364e35'. Error: System.Reflection.ReflectionTypeLoadException: Unable to load one or more of the requested types.
Could not load file or assembly 'Microsoft.Bcl.AsyncInterfaces, Version=6.0.0.0, Culture=neutral, PublicKeyToken=cc7b13ffcd2ddd51'. The system cannot find the file specified.
   at System.Reflection.RuntimeModule.GetTypes(RuntimeModule module)
   at System.Reflection.RuntimeModule.GetTypes()
   at Microsoft.VisualStudio.TestPlatform.Common.ExtensionFramework.TestPluginDiscoverer.GetTestExtensionsFromAssembly[TPluginInfo,TExtension](Assembly assembly, Dictionary`2 pluginInfos, String filePath) in /_/src/Microsoft.TestPlatform.Common/ExtensionFramework/TestPluginDiscoverer.cs:line 158
System.IO.FileNotFoundException: Could not load file or assembly 'Microsoft.Bcl.AsyncInterfaces, Version=6.0.0.0, Culture=neutral, PublicKeyToken=cc7b13ffcd2ddd51'. The system cannot find the file specified.
File name: 'Microsoft.Bcl.AsyncInterfaces, Version=6.0.0.0, Culture=neutral, PublicKeyToken=cc7b13ffcd2ddd51'
 ---> System.IO.FileNotFoundException: Could not load file or assembly 'Microsoft.Bcl.AsyncInterfaces, Culture=neutral, PublicKeyToken=null'. The system cannot find the file specified.
File name: 'Microsoft.Bcl.AsyncInterfaces, Culture=neutral, PublicKeyToken=null'
   at System.Reflection.RuntimeAssembly.InternalLoad(AssemblyName assemblyName, StackCrawlMark& stackMark, AssemblyLoadContext assemblyLoadContext, RuntimeAssembly requestingAssembly, Boolean throwOnFileNotFound)
   at System.Reflection.Assembly.Load(AssemblyName assemblyRef)
   at Microsoft.VisualStudio.TestPlatform.Common.ExtensionFramework.TestPluginCache.CurrentDomainAssemblyResolve(Object sender, AssemblyResolveEventArgs args) in /_/src/Microsoft.TestPlatform.Common/ExtensionFramework/TestPluginCache.cs:line 513
   at System.Runtime.Loader.AssemblyLoadContext.GetFirstResolvedAssemblyFromResolvingEvent(AssemblyName assemblyName)
   at System.Runtime.Loader.AssemblyLoadContext.ResolveUsingEvent(AssemblyName assemblyName)
   at System.Runtime.Loader.AssemblyLoadContext.ResolveUsingResolvingEvent(IntPtr gchManagedAssemblyLoadContext, AssemblyName assemblyName)
TpTrace Warning: 0 : 22312, 1, 2024/04/23, 21:49:33.813, 4786189435820, vstest.console.dll, LoaderExceptions: System.IO.FileNotFoundException: Could not load file or assembly 'Microsoft.Bcl.AsyncInterfaces, Version=6.0.0.0, Culture=neutral, PublicKeyToken=cc7b13ffcd2ddd51'. The system cannot find the file specified.
File name: 'Microsoft.Bcl.AsyncInterfaces, Version=6.0.0.0, Culture=neutral, PublicKeyToken=cc7b13ffcd2ddd51'
 ---> System.IO.FileNotFoundException: Could not load file or assembly 'Microsoft.Bcl.AsyncInterfaces, Culture=neutral, PublicKeyToken=null'. The system cannot find the file specified.
File name: 'Microsoft.Bcl.AsyncInterfaces, Culture=neutral, PublicKeyToken=null'
   at System.Reflection.RuntimeAssembly.InternalLoad(AssemblyName assemblyName, StackCrawlMark& stackMark, AssemblyLoadContext assemblyLoadContext, RuntimeAssembly requestingAssembly, Boolean throwOnFileNotFound)
   at System.Reflection.Assembly.Load(AssemblyName assemblyRef)
   at Microsoft.VisualStudio.TestPlatform.Common.ExtensionFramework.TestPluginCache.CurrentDomainAssemblyResolve(Object sender, AssemblyResolveEventArgs args) in /_/src/Microsoft.TestPlatform.Common/ExtensionFramework/TestPluginCache.cs:line 513
   at System.Runtime.Loader.AssemblyLoadContext.GetFirstResolvedAssemblyFromResolvingEvent(AssemblyName assemblyName)
   at System.Runtime.Loader.AssemblyLoadContext.ResolveUsingEvent(AssemblyName assemblyName)
   at System.Runtime.Loader.AssemblyLoadContext.ResolveUsingResolvingEvent(IntPtr gchManagedAssemblyLoadContext, AssemblyName assemblyName)
TpTrace Verbose: 0 : 22312, 1, 2024/04/23, 21:49:33.813, 4786189436365, vstest.console.dll, MetadataReaderExtensionsHelper: Discovering extensions inside assembly 'Microsoft.TestPlatform.Extensions.BlameDataCollector, Version=15.0.0.0, Culture=neutral, PublicKeyToken=b03f5f7f11d50a3a' file path 'C:\Program Files\dotnet\sdk\8.0.202\Extensions\Microsoft.TestPlatform.Extensions.BlameDataCollector.dll'
TpTrace Information: 0 : 22312, 1, 2024/04/23, 21:49:33.814, 4786189439701, vstest.console.dll, GetTestExtensionFromType: Register extension with identifier data 'logger://Microsoft/TestPlatform/Extensions/Blame/v1' and type 'Microsoft.TestPlatform.Extensions.BlameDataCollector.BlameLogger, Microsoft.TestPlatform.Extensions.BlameDataCollector, Version=15.0.0.0, Culture=neutral, PublicKeyToken=b03f5f7f11d50a3a' inside file 'C:\Program Files\dotnet\sdk\8.0.202\Extensions\Microsoft.TestPlatform.Extensions.BlameDataCollector.dll'
TpTrace Verbose: 0 : 22312, 1, 2024/04/23, 21:49:33.814, 4786189440588, vstest.console.dll, MetadataReaderExtensionsHelper: Discovering extensions inside assembly 'Microsoft.TestPlatform.Extensions.EventLogCollector, Version=15.0.0.0, Culture=neutral, PublicKeyToken=b03f5f7f11d50a3a' file path 'C:\Program Files\dotnet\sdk\8.0.202\Extensions\Microsoft.TestPlatform.Extensions.EventLogCollector.dll'
TpTrace Verbose: 0 : 22312, 1, 2024/04/23, 21:49:33.814, 4786189443793, vstest.console.dll, MetadataReaderExtensionsHelper: Discovering extensions inside assembly 'Microsoft.TestPlatform.TestHostRuntimeProvider, Version=15.0.0.0, Culture=neutral, PublicKeyToken=b03f5f7f11d50a3a' file path 'C:\Program Files\dotnet\sdk\8.0.202\Extensions\Microsoft.TestPlatform.TestHostRuntimeProvider.dll'
TpTrace Verbose: 0 : 22312, 1, 2024/04/23, 21:49:33.814, 4786189445858, vstest.console.dll, MetadataReaderExtensionsHelper: Discovering extensions inside assembly 'Microsoft.VisualStudio.TestPlatform.Extensions.Html.TestLogger, Version=15.0.0.0, Culture=neutral, PublicKeyToken=b03f5f7f11d50a3a' file path 'C:\Program Files\dotnet\sdk\8.0.202\Extensions\Microsoft.VisualStudio.TestPlatform.Extensions.Html.TestLogger.dll'
TpTrace Information: 0 : 22312, 1, 2024/04/23, 21:49:33.815, 4786189449943, vstest.console.dll, GetTestExtensionFromType: Register extension with identifier data 'logger://Microsoft/TestPlatform/HtmlLogger/v1' and type 'Microsoft.VisualStudio.TestPlatform.Extensions.HtmlLogger.HtmlLogger, Microsoft.VisualStudio.TestPlatform.Extensions.Html.TestLogger, Version=15.0.0.0, Culture=neutral, PublicKeyToken=b03f5f7f11d50a3a' inside file 'C:\Program Files\dotnet\sdk\8.0.202\Extensions\Microsoft.VisualStudio.TestPlatform.Extensions.Html.TestLogger.dll'
TpTrace Verbose: 0 : 22312, 1, 2024/04/23, 21:49:33.815, 4786189450348, vstest.console.dll, MetadataReaderExtensionsHelper: Discovering extensions inside assembly 'Microsoft.VisualStudio.TestPlatform.Extensions.Trx.TestLogger, Version=15.0.0.0, Culture=neutral, PublicKeyToken=b03f5f7f11d50a3a' file path 'C:\Program Files\dotnet\sdk\8.0.202\Extensions\Microsoft.VisualStudio.TestPlatform.Extensions.Trx.TestLogger.dll'
TpTrace Information: 0 : 22312, 1, 2024/04/23, 21:49:33.815, 4786189452317, vstest.console.dll, GetTestExtensionFromType: Register extension with identifier data 'logger://Microsoft/TestPlatform/TrxLogger/v1' and type 'Microsoft.VisualStudio.TestPlatform.Extensions.TrxLogger.TrxLogger, Microsoft.VisualStudio.TestPlatform.Extensions.Trx.TestLogger, Version=15.0.0.0, Culture=neutral, PublicKeyToken=b03f5f7f11d50a3a' inside file 'C:\Program Files\dotnet\sdk\8.0.202\Extensions\Microsoft.VisualStudio.TestPlatform.Extensions.Trx.TestLogger.dll'
TpTrace Verbose: 0 : 22312, 1, 2024/04/23, 21:49:33.815, 4786189452729, vstest.console.dll, TestPluginCache: Discovered the extensions using extension path ''.
TpTrace Verbose: 0 : 22312, 1, 2024/04/23, 21:49:33.815, 4786189452882, vstest.console.dll, TestPluginCache: Discoverers are ''.
TpTrace Verbose: 0 : 22312, 1, 2024/04/23, 21:49:33.815, 4786189453002, vstest.console.dll, TestPluginCache: Executors are ''.
TpTrace Verbose: 0 : 22312, 1, 2024/04/23, 21:49:33.815, 4786189453139, vstest.console.dll, TestPluginCache: Executors2 are ''.
TpTrace Verbose: 0 : 22312, 1, 2024/04/23, 21:49:33.815, 4786189453318, vstest.console.dll, TestPluginCache: Setting providers are ''.
TpTrace Verbose: 0 : 22312, 1, 2024/04/23, 21:49:33.815, 4786189453879, vstest.console.dll, TestPluginCache: Loggers are 'logger://Microsoft/TestPlatform/Extensions/Blame/v1,logger://Microsoft/TestPlatform/HtmlLogger/v1,logger://Microsoft/TestPlatform/TrxLogger/v1'.
TpTrace Verbose: 0 : 22312, 1, 2024/04/23, 21:49:33.815, 4786189454103, vstest.console.dll, TestPluginCache: TestHosts are 'HostProvider://DefaultTestHost,HostProvider://DotnetTestHost'.
TpTrace Verbose: 0 : 22312, 1, 2024/04/23, 21:49:33.815, 4786189454234, vstest.console.dll, TestPluginCache: DataCollectors are ''.
TpTrace Information: 0 : 22312, 1, 2024/04/23, 21:49:33.816, 4786189460365, vstest.console.dll, TestPluginManager.CreateTestExtension: Attempting to load test extension: Microsoft.TestPlatform.Extensions.BlameDataCollector.BlameLogger
TpTrace Verbose: 0 : 22312, 1, 2024/04/23, 21:49:33.824, 4786189536738, vstest.console.dll, TestEngine: Initializing Parallel Execution as MaxCpuCount is set to: 1
TpTrace Information: 0 : 22312, 1, 2024/04/23, 21:49:33.825, 4786189553661, vstest.console.dll, TestPluginManager.CreateTestExtension: Attempting to load test extension: Microsoft.VisualStudio.TestPlatform.CrossPlatEngine.Hosting.DefaultTestHostManager
TpTrace Information: 0 : 22312, 1, 2024/04/23, 21:49:33.826, 4786189560782, vstest.console.dll, TestPluginManager.CreateTestExtension: Attempting to load test extension: Microsoft.VisualStudio.TestPlatform.CrossPlatEngine.Hosting.DotnetTestHostManager
TpTrace Information: 0 : 22312, 1, 2024/04/23, 21:49:33.826, 4786189565770, vstest.console.dll, InferRunSettingsHelper.IsTestSettingsEnabled: Unable to navigate to RunSettings/MSTest. Current node: RunSettings
TpTrace Verbose: 0 : 22312, 1, 2024/04/23, 21:49:33.827, 4786189570895, vstest.console.dll, ParallelOperationManager.ClearSlots: Clearing all slots. Slots should accept more work: True
TpTrace Verbose: 0 : 22312, 1, 2024/04/23, 21:49:33.828, 4786189577891, vstest.console.dll, ParallelOperationManager.SetOccupiedSlotCount: Setting slot counts AvailableSlotCount = 1, OccupiedSlotCount = 0.
TpTrace Verbose: 0 : 22312, 1, 2024/04/23, 21:49:33.828, 4786189580386, vstest.console.dll, Occupied slots:

TpTrace Verbose: 0 : 22312, 1, 2024/04/23, 21:49:33.830, 4786189606249, vstest.console.dll, TestEngine.GetExecutionManager: Chosen execution manager 'Microsoft.VisualStudio.TestPlatform.CrossPlatEngine.Client.Parallel.ParallelProxyExecutionManager, Microsoft.TestPlatform.CrossPlatEngine, Version=15.0.0.0, Culture=neutral, PublicKeyToken=b03f5f7f11d50a3a' ParallelLevel '1'.
TpTrace Verbose: 0 : 22312, 1, 2024/04/23, 21:49:33.831, 4786189607538, vstest.console.dll, TestRunRequest.ExecuteAsync: Creating test run request.
TpTrace Verbose: 0 : 22312, 1, 2024/04/23, 21:49:33.831, 4786189609183, vstest.console.dll, TestRunRequest.ExecuteAsync: Starting.
TpTrace Information: 0 : 22312, 1, 2024/04/23, 21:49:33.832, 4786189616948, vstest.console.dll, TestRunRequest.ExecuteAsync: Starting run with settings:TestRunCriteria:
   KeepAlive=False,FrequencyOfRunStatsChangeEvent=10,RunStatsChangeEventTimeout=00:00:01.5000000,TestCaseFilter=,TestExecutorLauncher=
   Settingsxml=<RunSettings>
  <RunConfiguration>
    <ResultsDirectory>C:\Users\VC\Desktop\Presidio\Genspark-trainings\dotnet-trainings\console-spplications\day4\day4ConsoleAppDoctorSolution\AppointmentBLTest\bin\Debug\net6.0\fine-code-coverage\coverage-tool-output</ResultsDirectory>
    <TargetPlatform>X64</TargetPlatform>
    <TargetFrameworkVersion>.NETCoreApp,Version=v6.0</TargetFrameworkVersion>
    <DesignMode>False</DesignMode>
    <CollectSourceInformation>False</CollectSourceInformation>
  </RunConfiguration>
  <LoggerRunSettings>
    <Loggers>
      <Logger friendlyName="blame" enabled="True" />
      <Logger friendlyName="Console" uri="logger://microsoft/TestPlatform/ConsoleLogger/v1" assemblyQualifiedName="Microsoft.VisualStudio.TestPlatform.CommandLine.Internal.ConsoleLogger, vstest.console, Version=15.0.0.0, Culture=neutral, PublicKeyToken=b03f5f7f11d50a3a" codeBase="C:\Program Files\dotnet\sdk\8.0.202\vstest.console.dll" enabled="True" />
    </Loggers>
  </LoggerRunSettings>
  <DataCollectionRunSettings>
    <DataCollectors>
      <DataCollector friendlyName="blame" enabled="True">
        <Configuration>
          <ResultsDirectory>C:\Users\VC\Desktop\Presidio\Genspark-trainings\dotnet-trainings\console-spplications\day4\day4ConsoleAppDoctorSolution\AppointmentBLTest\bin\Debug\net6.0\fine-code-coverage\coverage-tool-output</ResultsDirectory>
        </Configuration>
      </DataCollector>
    </DataCollectors>
  </DataCollectionRunSettings>
</RunSettings>

TpTrace Verbose: 0 : 22312, 1, 2024/04/23, 21:49:33.832, 4786189617431, vstest.console.dll, TestRunRequest.ExecuteAsync: Wait for the first run request is over.
TpTrace Verbose: 0 : 22312, 1, 2024/04/23, 21:49:33.832, 4786189620051, vstest.console.dll, MulticastDelegateUtilities.SafeInvoke: TestRun.TestRunStart: Invoking callbacks was skipped because there are no subscribers.
TpTrace Verbose: 0 : 22312, 4, 2024/04/23, 21:49:33.832, 4786189625572, vstest.console.dll, MulticastDelegateUtilities.SafeInvoke: InternalTestLoggerEvents.SendTestRunStart: Invoking callback 1/1 for Microsoft.VisualStudio.TestPlatform.CommandLine.Internal.ConsoleLogger., took 0 ms.
TpTrace Verbose: 0 : 22312, 1, 2024/04/23, 21:49:33.833, 4786189628077, vstest.console.dll, ParallelProxyExecutionManager: Start execution. Total sources: 1
TpTrace Verbose: 0 : 22312, 1, 2024/04/23, 21:49:33.833, 4786189630860, vstest.console.dll, ParallelOperationManager.StartWork: Starting adding 1 workloads.
TpTrace Verbose: 0 : 22312, 1, 2024/04/23, 21:49:33.833, 4786189631284, vstest.console.dll, ParallelOperationManager.ClearSlots: Clearing all slots. Slots should accept more work: True
TpTrace Verbose: 0 : 22312, 1, 2024/04/23, 21:49:33.833, 4786189631764, vstest.console.dll, ParallelOperationManager.SetOccupiedSlotCount: Setting slot counts AvailableSlotCount = 1, OccupiedSlotCount = 0.
TpTrace Verbose: 0 : 22312, 1, 2024/04/23, 21:49:33.833, 4786189631973, vstest.console.dll, Occupied slots:

TpTrace Verbose: 0 : 22312, 1, 2024/04/23, 21:49:33.834, 4786189641076, vstest.console.dll, TestRequestSender is acting as server.
TpTrace Verbose: 0 : 22312, 1, 2024/04/23, 21:49:33.835, 4786189647891, vstest.console.dll, ParallelOperationManager.RunWorkInParallel: Adding 1 workload to slot, remaining workloads 0.
TpTrace Verbose: 0 : 22312, 1, 2024/04/23, 21:49:33.835, 4786189648231, vstest.console.dll, ParallelOperationManager.SetOccupiedSlotCount: Setting slot counts AvailableSlotCount = 0, OccupiedSlotCount = 1.
TpTrace Verbose: 0 : 22312, 1, 2024/04/23, 21:49:33.835, 4786189648867, vstest.console.dll, Occupied slots:
0: C:\Users\VC\Desktop\Presidio\Genspark-trainings\dotnet-trainings\console-spplications\day4\day4ConsoleAppDoctorSolution\AppointmentBLTest\bin\Debug\net6.0\fine-code-coverage\build-output\AppointmentBLTest.dll
TpTrace Verbose: 0 : 22312, 1, 2024/04/23, 21:49:33.835, 4786189655782, vstest.console.dll, ParallelOperationManager.RunWorkInParallel: Started host in slot number 0 for work (source): C:\Users\VC\Desktop\Presidio\Genspark-trainings\dotnet-trainings\console-spplications\day4\day4ConsoleAppDoctorSolution\AppointmentBLTest\bin\Debug\net6.0\fine-code-coverage\build-output\AppointmentBLTest.dll.
TpTrace Verbose: 0 : 22312, 1, 2024/04/23, 21:49:33.836, 4786189664469, vstest.console.dll, ParallelOperationManager.RunWorkInParallel: We started 1 work items, which is the max parallel level. Won't start more work.
TpTrace Verbose: 0 : 22312, 1, 2024/04/23, 21:49:33.836, 4786189664807, vstest.console.dll, ParallelOperationManager.RunWorkInParallel: We started 1 work items in here, returning True.
TpTrace Information: 0 : 22312, 1, 2024/04/23, 21:49:33.836, 4786189664996, vstest.console.dll, TestRunRequest.ExecuteAsync: Started.
TpTrace Verbose: 0 : 22312, 5, 2024/04/23, 21:49:33.837, 4786189666704, vstest.console.dll, ParallelProxyExecutionManager.StartTestRunOnConcurrentManager: Initializing uninitialized client. Started clients: 0
TpTrace Verbose: 0 : 22312, 5, 2024/04/23, 21:49:33.837, 4786189668045, vstest.console.dll, DataCollectionRequestSender.InitializeCommunication : Initialize communication. 
TpTrace Verbose: 0 : 22312, 1, 2024/04/23, 21:49:33.837, 4786189669698, vstest.console.dll, TestRunRequest.WaitForCompletion: Waiting with timeout -1.
TpTrace Information: 0 : 22312, 5, 2024/04/23, 21:49:33.842, 4786189721720, vstest.console.dll, Listening on Endpoint : 127.0.0.1:58870
TpTrace Verbose: 0 : 22312, 5, 2024/04/23, 21:49:33.846, 4786189765704, vstest.console.dll, DotnetDataCollectionLauncher: Adding  --runtimeconfig "C:\Program Files\dotnet\sdk\8.0.202\datacollector.runtimeconfig.json" in args
TpTrace Verbose: 0 : 22312, 5, 2024/04/23, 21:49:33.846, 4786189766602, vstest.console.dll, DotnetDataCollectionLauncher: Adding  --depsfile "C:\Program Files\dotnet\sdk\8.0.202\datacollector.deps.json" in args
TpTrace Verbose: 0 : 22312, 5, 2024/04/23, 21:49:33.847, 4786189767553, vstest.console.dll, DotnetDataCollectionLauncher: Full path of dotnet.exe is C:\Program Files\dotnet\dotnet.exe
TpTrace Information: 0 : 22312, 5, 2024/04/23, 21:49:33.854, 4786189837167, vstest.console.dll, ProxyDataCollectionManager.Initialize: Launched datacollector processId: 8536 port: 58870
TpTrace Information: 0 : 22312, 5, 2024/04/23, 21:49:33.854, 4786189839118, vstest.console.dll, ProxyDataCollectionManager.Initialize: waiting for connection with timeout: 90 seconds
TpTrace Verbose: 0 : 22312, 5, 2024/04/23, 21:49:33.854, 4786189839680, vstest.console.dll, DataCollectionRequestSender.WaitForRequestHandlerConnection : Waiting for connection with timeout: 90000
TpTrace Information: 0 : 22312, 7, 2024/04/23, 21:49:33.950, 4786190805826, vstest.console.dll, Using the buffer size of 16384 bytes
TpTrace Information: 0 : 22312, 7, 2024/04/23, 21:49:33.951, 4786190807165, vstest.console.dll, Accepted Client request and set the flag
TpTrace Verbose: 0 : 22312, 5, 2024/04/23, 21:49:33.950, 4786190806226, vstest.console.dll, SocketCommunicationManager.WaitForClientConnection took: 96 ms, with 90000 ms timeout, and finished with True.
TpTrace Verbose: 0 : 22312, 5, 2024/04/23, 21:49:33.951, 4786190808623, vstest.console.dll, ProxyDataCollectionManager.InvokeDataCollectionServiceAction: Starting.
TpTrace Information: 0 : 22312, 5, 2024/04/23, 21:49:33.951, 4786190809452, vstest.console.dll, ProxyDataCollectionManager.BeforeTestRunStart: Get environment variable and port for datacollector processId: 8536 port: 58870
TpTrace Verbose: 0 : 22312, 5, 2024/04/23, 21:49:33.951, 4786190810654, vstest.console.dll, DataCollectionRequestSender.SendBeforeTestRunStartAndGetResult: Send BeforeTestRunStart message with settingsXml <RunSettings><RunConfiguration><ResultsDirectory>C:\Users\VC\Desktop\Presidio\Genspark-trainings\dotnet-trainings\console-spplications\day4\day4ConsoleAppDoctorSolution\AppointmentBLTest\bin\Debug\net6.0\fine-code-coverage\coverage-tool-output</ResultsDirectory><TargetPlatform>X64</TargetPlatform><TargetFrameworkVersion>.NETCoreApp,Version=v6.0</TargetFrameworkVersion><DesignMode>False</DesignMode><CollectSourceInformation>False</CollectSourceInformation><TestAdaptersPaths>C:\Program Files\dotnet\sdk\8.0.202\Extensions</TestAdaptersPaths></RunConfiguration><LoggerRunSettings><Loggers><Logger friendlyName="blame" enabled="True" /><Logger friendlyName="Console" uri="logger://microsoft/TestPlatform/ConsoleLogger/v1" assemblyQualifiedName="Microsoft.VisualStudio.TestPlatform.CommandLine.Internal.ConsoleLogger, vstest.console, Version=15.0.0.0, Culture=neutral, PublicKeyToken=b03f5f7f11d50a3a" codeBase="C:\Program Files\dotnet\sdk\8.0.202\vstest.console.dll" enabled="True" /></Loggers></LoggerRunSettings><DataCollectionRunSettings><DataCollectors><DataCollector friendlyName="blame" enabled="True"><Configuration><ResultsDirectory>C:\Users\VC\Desktop\Presidio\Genspark-trainings\dotnet-trainings\console-spplications\day4\day4ConsoleAppDoctorSolution\AppointmentBLTest\bin\Debug\net6.0\fine-code-coverage\coverage-tool-output</ResultsDirectory></Configuration></DataCollector></DataCollectors></DataCollectionRunSettings></RunSettings> and sources System.Collections.Generic.List`1[System.String]: 
TpTrace Verbose: 0 : 22312, 5, 2024/04/23, 21:49:33.990, 4786191197220, vstest.console.dll, DataCollectionRequestSender.SendBeforeTestRunStartAndGetResult: Received message: (DataCollection.SendMessage) -> {"MessageType":"DataCollection.SendMessage","Payload":{"FriendlyName":null,"Uri":null,"TestCaseId":"00000000-0000-0000-0000-000000000000","Message":"Logging DataCollector Diagnostics in file: C:\\Users\\VC\\Desktop\\Presidio\\Genspark-trainings\\dotnet-trainings\\console-spplications\\day4\\day4ConsoleAppDoctorSolution\\AppointmentBLTest\\bin\\Debug\\net6.0\\fine-code-coverage\\coverage-tool-output\\diagnostics.datacollector.24-04-23_21-49-33_84672_5.log","Level":0}}
TpTrace Verbose: 0 : 22312, 5, 2024/04/23, 21:49:34.046, 4786191765967, vstest.console.dll, DataCollectionRequestSender.SendBeforeTestRunStartAndGetResult: Received message: (DataCollection.BeforeTestRunStartResult) -> {"MessageType":"DataCollection.BeforeTestRunStartResult","Payload":{"EnvironmentVariables":{},"DataCollectionEventsPort":58872}}
TpTrace Information: 0 : 22312, 5, 2024/04/23, 21:49:34.051, 4786191807534, vstest.console.dll, ProxyDataCollectionManager.BeforeTestRunStart: SendBeforeTestRunStartAndGetResult successful, env variable from datacollector:   and testhost port: 58872
TpTrace Information: 0 : 22312, 5, 2024/04/23, 21:49:34.051, 4786191808452, vstest.console.dll, ProxyDataCollectionManager.InvokeDataCollectionServiceAction: Completed.
TpTrace Verbose: 0 : 22312, 5, 2024/04/23, 21:49:34.051, 4786191808740, vstest.console.dll, ParallelProxyExecutionManager.StartTestRunOnConcurrentManager: Initializing test run. Started clients: 0
TpTrace Verbose: 0 : 22312, 5, 2024/04/23, 21:49:34.051, 4786191809432, vstest.console.dll, ProxyExecutionManager: Test host is always Lazy initialize.
TpTrace Verbose: 0 : 22312, 5, 2024/04/23, 21:49:34.051, 4786191811022, vstest.console.dll, TestRequestSender.InitializeCommunication: initialize communication. 
TpTrace Information: 0 : 22312, 5, 2024/04/23, 21:49:34.051, 4786191815201, vstest.console.dll, SocketServer.Start: Listening on endpoint : 127.0.0.1:58873
TpTrace Verbose: 0 : 22312, 5, 2024/04/23, 21:49:34.052, 4786191821927, vstest.console.dll, DotnetTestHostmanager.GetTestHostProcessStartInfo: Platform environment 'X64' target architecture 'X64' framework '.NETCoreApp,Version=v6.0' OS 'Windows'
TpTrace Verbose: 0 : 22312, 5, 2024/04/23, 21:49:34.052, 4786191823737, vstest.console.dll, DotnetTestHostmanager: Adding  --runtimeconfig "C:\Users\VC\Desktop\Presidio\Genspark-trainings\dotnet-trainings\console-spplications\day4\day4ConsoleAppDoctorSolution\AppointmentBLTest\bin\Debug\net6.0\fine-code-coverage\build-output\AppointmentBLTest.runtimeconfig.json" in args
TpTrace Verbose: 0 : 22312, 5, 2024/04/23, 21:49:34.052, 4786191824374, vstest.console.dll, DotnetTestHostmanager: Adding  --depsfile "C:\Users\VC\Desktop\Presidio\Genspark-trainings\dotnet-trainings\console-spplications\day4\day4ConsoleAppDoctorSolution\AppointmentBLTest\bin\Debug\net6.0\fine-code-coverage\build-output\AppointmentBLTest.deps.json" in args
TpTrace Verbose: 0 : 22312, 5, 2024/04/23, 21:49:34.052, 4786191826609, vstest.console.dll, DotnetTestHostmanager.IsWinOnArm: Current PROCESSOR_ARCHITECTURE from environment variable 'AMD64'
TpTrace Verbose: 0 : 22312, 5, 2024/04/23, 21:49:34.053, 4786191827141, vstest.console.dll, DotnetTestHostmanager.IsWinOnArm: Is Windows on ARM 'False'
TpTrace Verbose: 0 : 22312, 5, 2024/04/23, 21:49:34.053, 4786191827816, vstest.console.dll, DotnetTestHostManager: testhost.exe found at path: C:\Users\VC\Desktop\Presidio\Genspark-trainings\dotnet-trainings\console-spplications\day4\day4ConsoleAppDoctorSolution\AppointmentBLTest\bin\Debug\net6.0\fine-code-coverage\build-output\testhost.exe
TpTrace Verbose: 0 : 22312, 5, 2024/04/23, 21:49:34.053, 4786191828153, vstest.console.dll, DotnetTestHostmanager: Full path of host exe is C:\Users\VC\Desktop\Presidio\Genspark-trainings\dotnet-trainings\console-spplications\day4\day4ConsoleAppDoctorSolution\AppointmentBLTest\bin\Debug\net6.0\fine-code-coverage\build-output\testhost.exe
TpTrace Verbose: 0 : 22312, 5, 2024/04/23, 21:49:34.053, 4786191829168, vstest.console.dll, DotnetTestHostmanager.LaunchTestHostAsync: Found 'VSTEST_WINAPPHOST_DOTNET_ROOT' in env variables, value 'C:\Program Files\dotnet', forwarding to 'DOTNET_ROOT'
TpTrace Verbose: 0 : 22312, 5, 2024/04/23, 21:49:34.053, 4786191830254, vstest.console.dll, DotnetTestHostManager: Starting process 'C:\Users\VC\Desktop\Presidio\Genspark-trainings\dotnet-trainings\console-spplications\day4\day4ConsoleAppDoctorSolution\AppointmentBLTest\bin\Debug\net6.0\fine-code-coverage\build-output\testhost.exe' with command line ' --runtimeconfig "C:\Users\VC\Desktop\Presidio\Genspark-trainings\dotnet-trainings\console-spplications\day4\day4ConsoleAppDoctorSolution\AppointmentBLTest\bin\Debug\net6.0\fine-code-coverage\build-output\AppointmentBLTest.runtimeconfig.json" --depsfile "C:\Users\VC\Desktop\Presidio\Genspark-trainings\dotnet-trainings\console-spplications\day4\day4ConsoleAppDoctorSolution\AppointmentBLTest\bin\Debug\net6.0\fine-code-coverage\build-output\AppointmentBLTest.deps.json" --port 58873 --endpoint 127.0.0.1:058873 --role client --parentprocessid 22312 --diag "C:\Users\VC\Desktop\Presidio\Genspark-trainings\dotnet-trainings\console-spplications\day4\day4ConsoleAppDoctorSolution\AppointmentBLTest\bin\Debug\net6.0\fine-code-coverage\coverage-tool-output\diagnostics.host.24-04-23_21-49-34_05221_5.log" --tracelevel 4 --datacollectionport 58872 --telemetryoptedin false'
TpTrace Verbose: 0 : 22312, 5, 2024/04/23, 21:49:34.059, 4786191889821, vstest.console.dll, MulticastDelegateUtilities.SafeInvoke: HostProviderEvents.OnHostLaunched: Invoking callback 1/2 for Microsoft.VisualStudio.TestPlatform.CrossPlatEngine.Client.ProxyExecutionManagerWithDataCollection., took 1 ms.
TpTrace Verbose: 0 : 22312, 5, 2024/04/23, 21:49:34.059, 4786191892280, vstest.console.dll, Test Runtime launched
TpTrace Verbose: 0 : 22312, 5, 2024/04/23, 21:49:34.059, 4786191892787, vstest.console.dll, MulticastDelegateUtilities.SafeInvoke: HostProviderEvents.OnHostLaunched: Invoking callback 2/2 for Microsoft.VisualStudio.TestPlatform.CrossPlatEngine.Client.ProxyOperationManager., took 0 ms.
TpTrace Verbose: 0 : 22312, 5, 2024/04/23, 21:49:34.059, 4786191893679, vstest.console.dll, TestRequestSender.WaitForRequestHandlerConnection: waiting for connection with timeout: 90000.
TpTrace Verbose: 0 : 22312, 7, 2024/04/23, 21:49:34.194, 4786193240320, vstest.console.dll, MulticastDelegateUtilities.SafeInvoke: SocketServer: ClientConnected: Invoking callback 1/1 for Microsoft.VisualStudio.TestPlatform.CommunicationUtilities.TestRequestSender., took 0 ms.
TpTrace Verbose: 0 : 22312, 5, 2024/04/23, 21:49:34.194, 4786193240320, vstest.console.dll, TestRequestSender.WaitForRequestHandlerConnection: waiting took 134 ms, with timeout 90000 ms, and result 0, which is success.
TpTrace Verbose: 0 : 22312, 7, 2024/04/23, 21:49:34.194, 4786193241346, vstest.console.dll, SocketServer.OnClientConnected: Client connected for endPoint: 127.0.0.1:58873, starting MessageLoopAsync:
TpTrace Verbose: 0 : 22312, 7, 2024/04/23, 21:49:34.195, 4786193247505, vstest.console.dll, TcpClientExtensions.MessageLoopAsync: Polling on remoteEndPoint: 127.0.0.1:58874 localEndPoint: 127.0.0.1:58873 after 0 ms
TpTrace Verbose: 0 : 22312, 5, 2024/04/23, 21:49:34.195, 4786193252837, vstest.console.dll, TestRequestSender.CheckVersionWithTestHost: Sending check version message: {"MessageType":"ProtocolVersion","Payload":7}
TpTrace Verbose: 0 : 22312, 7, 2024/04/23, 21:49:34.302, 4786194318480, vstest.console.dll, TcpClientExtensions.MessageLoopAsync: NotifyDataAvailable remoteEndPoint: 127.0.0.1:58874 localEndPoint: 127.0.0.1:58873
TpTrace Verbose: 0 : 22312, 7, 2024/04/23, 21:49:34.302, 4786194321808, vstest.console.dll, TestRequestSender.CheckVersionWithTestHost: onMessageReceived received message: (ProtocolVersion) -> {"MessageType":"ProtocolVersion","Payload":7}
TpTrace Verbose: 0 : 22312, 7, 2024/04/23, 21:49:34.303, 4786194327975, vstest.console.dll, MulticastDelegateUtilities.SafeInvoke: LengthPrefixCommunicationChannel: MessageReceived: Invoking callback 1/1 for Microsoft.VisualStudio.TestPlatform.CommunicationUtilities.TestRequestSender+<>c__DisplayClass29_0., took 0 ms.
TpTrace Verbose: 0 : 22312, 7, 2024/04/23, 21:49:34.303, 4786194328927, vstest.console.dll, TcpClientExtensions.MessageLoopAsync: Polling on remoteEndPoint: 127.0.0.1:58874 localEndPoint: 127.0.0.1:58873 after 108 ms
TpTrace Verbose: 0 : 22312, 5, 2024/04/23, 21:49:34.303, 4786194329134, vstest.console.dll, TestPluginCache.GetExtensionPaths: Filtered extension paths: 
TpTrace Verbose: 0 : 22312, 5, 2024/04/23, 21:49:34.303, 4786194329866, vstest.console.dll, TestPluginCache.GetExtensionPaths: Added default extension paths: C:\Program Files\dotnet\sdk\8.0.202\Extensions\Microsoft.Diagnostics.NETCore.Client.dll
C:\Program Files\dotnet\sdk\8.0.202\Extensions\Microsoft.TestPlatform.Extensions.BlameDataCollector.dll
C:\Program Files\dotnet\sdk\8.0.202\Extensions\Microsoft.TestPlatform.Extensions.EventLogCollector.dll
C:\Program Files\dotnet\sdk\8.0.202\Extensions\Microsoft.TestPlatform.TestHostRuntimeProvider.dll
C:\Program Files\dotnet\sdk\8.0.202\Extensions\Microsoft.VisualStudio.TestPlatform.Extensions.Html.TestLogger.dll
C:\Program Files\dotnet\sdk\8.0.202\Extensions\Microsoft.VisualStudio.TestPlatform.Extensions.Trx.TestLogger.dll
TpTrace Verbose: 0 : 22312, 5, 2024/04/23, 21:49:34.303, 4786194330097, vstest.console.dll, TestPluginCache.GetExtensionPaths: Added unfilterableExtensionPaths: 
TpTrace Verbose: 0 : 22312, 5, 2024/04/23, 21:49:34.305, 4786194355165, vstest.console.dll, TestRequestSender.InitializeExecution: Sending initialize execution with message: {"Version":7,"MessageType":"TestExecution.Initialize","Payload":["C:\\Users\\VC\\Desktop\\Presidio\\Genspark-trainings\\dotnet-trainings\\console-spplications\\day4\\day4ConsoleAppDoctorSolution\\AppointmentBLTest\\bin\\Debug\\net6.0\\fine-code-coverage\\build-output\\NUnit3.TestAdapter.dll"]}
TpTrace Verbose: 0 : 22312, 5, 2024/04/23, 21:49:34.306, 4786194356993, vstest.console.dll, ParallelProxyExecutionManager.StartTestRunOnConcurrentManager: Execution starting. Started clients: 1
TpTrace Verbose: 0 : 22312, 7, 2024/04/23, 21:49:34.306, 4786194357456, vstest.console.dll, TcpClientExtensions.MessageLoopAsync: NotifyDataAvailable remoteEndPoint: 127.0.0.1:58874 localEndPoint: 127.0.0.1:58873
TpTrace Verbose: 0 : 22312, 5, 2024/04/23, 21:49:34.306, 4786194359182, vstest.console.dll, TestRunRequest:SendTestRunMessage: Starting.
TpTrace Verbose: 0 : 22312, 5, 2024/04/23, 21:49:34.306, 4786194360540, vstest.console.dll, MulticastDelegateUtilities.SafeInvoke: TestRun.LogMessages: Invoking callback 1/1 for Microsoft.VisualStudio.TestPlatform.CommandLine.TestRunResultAggregator., took 0 ms.
TpTrace Information: 0 : 22312, 5, 2024/04/23, 21:49:34.306, 4786194360900, vstest.console.dll, TestRunRequest:SendTestRunMessage: Completed.
TpTrace Verbose: 0 : 22312, 4, 2024/04/23, 21:49:34.306, 4786194362735, vstest.console.dll, MulticastDelegateUtilities.SafeInvoke: InternalTestLoggerEvents.SendTestRunMessage: Invoking callback 1/1 for Microsoft.VisualStudio.TestPlatform.CommandLine.Internal.ConsoleLogger., took 0 ms.
TpTrace Warning: 0 : 22312, 5, 2024/04/23, 21:49:34.306, 4786194364136, vstest.console.dll, InferRunSettingsHelper.MakeRunsettingsCompatible: Removing the following settings: TargetPlatform from RunSettings file. To use those settings please move to latest version of Microsoft.NET.Test.Sdk
TpTrace Verbose: 0 : 22312, 7, 2024/04/23, 21:49:34.307, 4786194369917, vstest.console.dll, TestRequestSender.OnExecutionMessageReceived: Received message: {"Version":7,"MessageType":"TestSession.Message","Payload":{"MessageLevel":0,"Message":"Logging TestHost Diagnostics in file: C:\\Users\\VC\\Desktop\\Presidio\\Genspark-trainings\\dotnet-trainings\\console-spplications\\day4\\day4ConsoleAppDoctorSolution\\AppointmentBLTest\\bin\\Debug\\net6.0\\fine-code-coverage\\coverage-tool-output\\diagnostics.host.24-04-23_21-49-34_05221_5.log"}}
TpTrace Verbose: 0 : 22312, 7, 2024/04/23, 21:49:34.310, 4786194397254, vstest.console.dll, TestRunRequest:SendTestRunMessage: Starting.
TpTrace Verbose: 0 : 22312, 7, 2024/04/23, 21:49:34.310, 4786194398626, vstest.console.dll, MulticastDelegateUtilities.SafeInvoke: TestRun.LogMessages: Invoking callback 1/1 for Microsoft.VisualStudio.TestPlatform.CommandLine.TestRunResultAggregator., took 0 ms.
TpTrace Information: 0 : 22312, 7, 2024/04/23, 21:49:34.310, 4786194398988, vstest.console.dll, TestRunRequest:SendTestRunMessage: Completed.
TpTrace Verbose: 0 : 22312, 4, 2024/04/23, 21:49:34.310, 4786194398926, vstest.console.dll, MulticastDelegateUtilities.SafeInvoke: InternalTestLoggerEvents.SendTestRunMessage: Invoking callback 1/1 for Microsoft.VisualStudio.TestPlatform.CommandLine.Internal.ConsoleLogger., took 0 ms.
TpTrace Verbose: 0 : 22312, 7, 2024/04/23, 21:49:34.310, 4786194399330, vstest.console.dll, MulticastDelegateUtilities.SafeInvoke: LengthPrefixCommunicationChannel: MessageReceived: Invoking callback 1/1 for Microsoft.VisualStudio.TestPlatform.CommunicationUtilities.TestRequestSender+<>c__DisplayClass34_0., took 3 ms.
TpTrace Verbose: 0 : 22312, 7, 2024/04/23, 21:49:34.310, 4786194400419, vstest.console.dll, TcpClientExtensions.MessageLoopAsync: Polling on remoteEndPoint: 127.0.0.1:58874 localEndPoint: 127.0.0.1:58873 after 7 ms
TpTrace Verbose: 0 : 22312, 5, 2024/04/23, 21:49:34.316, 4786194465029, vstest.console.dll, TestRequestSender.StartTestRun: Sending test run with message: {"Version":7,"MessageType":"TestExecution.StartWithSources","Payload":{"AdapterSourceMap":{"_none_":["C:\\Users\\VC\\Desktop\\Presidio\\Genspark-trainings\\dotnet-trainings\\console-spplications\\day4\\day4ConsoleAppDoctorSolution\\AppointmentBLTest\\bin\\Debug\\net6.0\\fine-code-coverage\\build-output\\AppointmentBLTest.dll"]},"RunSettings":"<RunSettings>\r\n  <RunConfiguration>\r\n    <ResultsDirectory>C:\\Users\\VC\\Desktop\\Presidio\\Genspark-trainings\\dotnet-trainings\\console-spplications\\day4\\day4ConsoleAppDoctorSolution\\AppointmentBLTest\\bin\\Debug\\net6.0\\fine-code-coverage\\coverage-tool-output</ResultsDirectory>\r\n    <TargetFrameworkVersion>.NETCoreApp,Version=v6.0</TargetFrameworkVersion>\r\n    <DesignMode>False</DesignMode>\r\n    <CollectSourceInformation>False</CollectSourceInformation>\r\n  </RunConfiguration>\r\n  <LoggerRunSettings>\r\n    <Loggers>\r\n      <Logger friendlyName=\"blame\" enabled=\"True\" />\r\n      <Logger friendlyName=\"Console\" uri=\"logger://microsoft/TestPlatform/ConsoleLogger/v1\" assemblyQualifiedName=\"Microsoft.VisualStudio.TestPlatform.CommandLine.Internal.ConsoleLogger, vstest.console, Version=15.0.0.0, Culture=neutral, PublicKeyToken=b03f5f7f11d50a3a\" codeBase=\"C:\\Program Files\\dotnet\\sdk\\8.0.202\\vstest.console.dll\" enabled=\"True\" />\r\n    </Loggers>\r\n  </LoggerRunSettings>\r\n  <DataCollectionRunSettings>\r\n    <DataCollectors>\r\n      <DataCollector friendlyName=\"blame\" enabled=\"True\">\r\n        <Configuration>\r\n          <ResultsDirectory>C:\\Users\\VC\\Desktop\\Presidio\\Genspark-trainings\\dotnet-trainings\\console-spplications\\day4\\day4ConsoleAppDoctorSolution\\AppointmentBLTest\\bin\\Debug\\net6.0\\fine-code-coverage\\coverage-tool-output</ResultsDirectory>\r\n        </Configuration>\r\n      </DataCollector>\r\n    </DataCollectors>\r\n  </DataCollectionRunSettings>\r\n</RunSettings>","TestExecutionContext":{"FrequencyOfRunStatsChangeEvent":10,"RunStatsChangeEventTimeout":"00:00:01.5000000","InIsolation":false,"KeepAlive":false,"AreTestCaseLevelEventsRequired":false,"IsDebug":false,"TestCaseFilter":null,"FilterOptions":null},"Package":null}}
TpTrace Verbose: 0 : 22312, 5, 2024/04/23, 21:49:34.317, 4786194467148, vstest.console.dll, ParallelProxyExecutionManager.StartTestRunOnConcurrentManager: Execution started. Started clients: 1
TpTrace Verbose: 0 : 22312, 7, 2024/04/23, 21:49:34.450, 4786195800688, vstest.console.dll, TcpClientExtensions.MessageLoopAsync: NotifyDataAvailable remoteEndPoint: 127.0.0.1:58874 localEndPoint: 127.0.0.1:58873
TpTrace Verbose: 0 : 22312, 7, 2024/04/23, 21:49:34.450, 4786195802673, vstest.console.dll, TestRequestSender.OnExecutionMessageReceived: Received message: {"Version":7,"MessageType":"TestSession.Message","Payload":{"MessageLevel":0,"Message":"NUnit Adapter 4.4.0.0: Test execution started"}}
TpTrace Verbose: 0 : 22312, 7, 2024/04/23, 21:49:34.450, 4786195804621, vstest.console.dll, TestRunRequest:SendTestRunMessage: Starting.
TpTrace Verbose: 0 : 22312, 7, 2024/04/23, 21:49:34.450, 4786195805287, vstest.console.dll, MulticastDelegateUtilities.SafeInvoke: TestRun.LogMessages: Invoking callback 1/1 for Microsoft.VisualStudio.TestPlatform.CommandLine.TestRunResultAggregator., took 0 ms.
TpTrace Information: 0 : 22312, 7, 2024/04/23, 21:49:34.450, 4786195805518, vstest.console.dll, TestRunRequest:SendTestRunMessage: Completed.
TpTrace Verbose: 0 : 22312, 7, 2024/04/23, 21:49:34.450, 4786195805756, vstest.console.dll, MulticastDelegateUtilities.SafeInvoke: LengthPrefixCommunicationChannel: MessageReceived: Invoking callback 1/1 for Microsoft.VisualStudio.TestPlatform.CommunicationUtilities.TestRequestSender+<>c__DisplayClass34_0., took 0 ms.
TpTrace Verbose: 0 : 22312, 7, 2024/04/23, 21:49:34.450, 4786195805981, vstest.console.dll, TcpClientExtensions.MessageLoopAsync: Polling on remoteEndPoint: 127.0.0.1:58874 localEndPoint: 127.0.0.1:58873 after 140 ms
TpTrace Verbose: 0 : 22312, 4, 2024/04/23, 21:49:34.451, 4786195806805, vstest.console.dll, MulticastDelegateUtilities.SafeInvoke: InternalTestLoggerEvents.SendTestRunMessage: Invoking callback 1/1 for Microsoft.VisualStudio.TestPlatform.CommandLine.Internal.ConsoleLogger., took 0 ms.
TpTrace Verbose: 0 : 22312, 7, 2024/04/23, 21:49:34.476, 4786196062292, vstest.console.dll, TcpClientExtensions.MessageLoopAsync: NotifyDataAvailable remoteEndPoint: 127.0.0.1:58874 localEndPoint: 127.0.0.1:58873
TpTrace Verbose: 0 : 22312, 7, 2024/04/23, 21:49:34.476, 4786196064081, vstest.console.dll, TestRequestSender.OnExecutionMessageReceived: Received message: {"Version":7,"MessageType":"TestSession.Message","Payload":{"MessageLevel":0,"Message":"Running all tests in C:\\Users\\VC\\Desktop\\Presidio\\Genspark-trainings\\dotnet-trainings\\console-spplications\\day4\\day4ConsoleAppDoctorSolution\\AppointmentBLTest\\bin\\Debug\\net6.0\\fine-code-coverage\\build-output\\AppointmentBLTest.dll"}}
TpTrace Verbose: 0 : 22312, 7, 2024/04/23, 21:49:34.476, 4786196065365, vstest.console.dll, TestRunRequest:SendTestRunMessage: Starting.
TpTrace Verbose: 0 : 22312, 7, 2024/04/23, 21:49:34.476, 4786196065882, vstest.console.dll, MulticastDelegateUtilities.SafeInvoke: TestRun.LogMessages: Invoking callback 1/1 for Microsoft.VisualStudio.TestPlatform.CommandLine.TestRunResultAggregator., took 0 ms.
TpTrace Information: 0 : 22312, 7, 2024/04/23, 21:49:34.476, 4786196066108, vstest.console.dll, TestRunRequest:SendTestRunMessage: Completed.
TpTrace Verbose: 0 : 22312, 7, 2024/04/23, 21:49:34.476, 4786196066364, vstest.console.dll, MulticastDelegateUtilities.SafeInvoke: LengthPrefixCommunicationChannel: MessageReceived: Invoking callback 1/1 for Microsoft.VisualStudio.TestPlatform.CommunicationUtilities.TestRequestSender+<>c__DisplayClass34_0., took 0 ms.
TpTrace Verbose: 0 : 22312, 7, 2024/04/23, 21:49:34.476, 4786196066584, vstest.console.dll, TcpClientExtensions.MessageLoopAsync: Polling on remoteEndPoint: 127.0.0.1:58874 localEndPoint: 127.0.0.1:58873 after 26 ms
TpTrace Verbose: 0 : 22312, 4, 2024/04/23, 21:49:34.477, 4786196067289, vstest.console.dll, MulticastDelegateUtilities.SafeInvoke: InternalTestLoggerEvents.SendTestRunMessage: Invoking callback 1/1 for Microsoft.VisualStudio.TestPlatform.CommandLine.Internal.ConsoleLogger., took 0 ms.
TpTrace Verbose: 0 : 22312, 7, 2024/04/23, 21:49:34.601, 4786197313430, vstest.console.dll, TcpClientExtensions.MessageLoopAsync: NotifyDataAvailable remoteEndPoint: 127.0.0.1:58874 localEndPoint: 127.0.0.1:58873
TpTrace Verbose: 0 : 22312, 7, 2024/04/23, 21:49:34.601, 4786197315402, vstest.console.dll, TestRequestSender.OnExecutionMessageReceived: Received message: {"Version":7,"MessageType":"TestSession.Message","Payload":{"MessageLevel":0,"Message":"   NUnit3TestExecutor discovered 9 of 9 NUnit test cases using Current Discovery mode, Non-Explicit run"}}
TpTrace Verbose: 0 : 22312, 7, 2024/04/23, 21:49:34.601, 4786197316590, vstest.console.dll, TestRunRequest:SendTestRunMessage: Starting.
TpTrace Verbose: 0 : 22312, 7, 2024/04/23, 21:49:34.602, 4786197317027, vstest.console.dll, MulticastDelegateUtilities.SafeInvoke: TestRun.LogMessages: Invoking callback 1/1 for Microsoft.VisualStudio.TestPlatform.CommandLine.TestRunResultAggregator., took 0 ms.
TpTrace Information: 0 : 22312, 7, 2024/04/23, 21:49:34.602, 4786197317314, vstest.console.dll, TestRunRequest:SendTestRunMessage: Completed.
TpTrace Verbose: 0 : 22312, 7, 2024/04/23, 21:49:34.602, 4786197317560, vstest.console.dll, MulticastDelegateUtilities.SafeInvoke: LengthPrefixCommunicationChannel: MessageReceived: Invoking callback 1/1 for Microsoft.VisualStudio.TestPlatform.CommunicationUtilities.TestRequestSender+<>c__DisplayClass34_0., took 0 ms.
TpTrace Verbose: 0 : 22312, 7, 2024/04/23, 21:49:34.602, 4786197317772, vstest.console.dll, TcpClientExtensions.MessageLoopAsync: Polling on remoteEndPoint: 127.0.0.1:58874 localEndPoint: 127.0.0.1:58873 after 125 ms
TpTrace Verbose: 0 : 22312, 4, 2024/04/23, 21:49:34.602, 4786197318956, vstest.console.dll, MulticastDelegateUtilities.SafeInvoke: InternalTestLoggerEvents.SendTestRunMessage: Invoking callback 1/1 for Microsoft.VisualStudio.TestPlatform.CommandLine.Internal.ConsoleLogger., took 0 ms.
TpTrace Verbose: 0 : 22312, 7, 2024/04/23, 21:49:34.698, 4786198277119, vstest.console.dll, TcpClientExtensions.MessageLoopAsync: NotifyDataAvailable remoteEndPoint: 127.0.0.1:58874 localEndPoint: 127.0.0.1:58873
TpTrace Verbose: 0 : 22312, 7, 2024/04/23, 21:49:34.698, 4786198279008, vstest.console.dll, TestRequestSender.OnExecutionMessageReceived: Received message: {"Version":7,"MessageType":"TestSession.Message","Payload":{"MessageLevel":0,"Message":"NUnit Adapter 4.4.0.0: Test execution complete"}}
TpTrace Verbose: 0 : 22312, 7, 2024/04/23, 21:49:34.698, 4786198280314, vstest.console.dll, TestRunRequest:SendTestRunMessage: Starting.
TpTrace Verbose: 0 : 22312, 7, 2024/04/23, 21:49:34.698, 4786198280827, vstest.console.dll, MulticastDelegateUtilities.SafeInvoke: TestRun.LogMessages: Invoking callback 1/1 for Microsoft.VisualStudio.TestPlatform.CommandLine.TestRunResultAggregator., took 0 ms.
TpTrace Information: 0 : 22312, 7, 2024/04/23, 21:49:34.698, 4786198281020, vstest.console.dll, TestRunRequest:SendTestRunMessage: Completed.
TpTrace Verbose: 0 : 22312, 7, 2024/04/23, 21:49:34.698, 4786198281227, vstest.console.dll, MulticastDelegateUtilities.SafeInvoke: LengthPrefixCommunicationChannel: MessageReceived: Invoking callback 1/1 for Microsoft.VisualStudio.TestPlatform.CommunicationUtilities.TestRequestSender+<>c__DisplayClass34_0., took 0 ms.
TpTrace Verbose: 0 : 22312, 4, 2024/04/23, 21:49:34.698, 4786198281253, vstest.console.dll, MulticastDelegateUtilities.SafeInvoke: InternalTestLoggerEvents.SendTestRunMessage: Invoking callback 1/1 for Microsoft.VisualStudio.TestPlatform.CommandLine.Internal.ConsoleLogger., took 0 ms.
TpTrace Verbose: 0 : 22312, 7, 2024/04/23, 21:49:34.698, 4786198281443, vstest.console.dll, TcpClientExtensions.MessageLoopAsync: Polling on remoteEndPoint: 127.0.0.1:58874 localEndPoint: 127.0.0.1:58873 after 96 ms
TpTrace Verbose: 0 : 22312, 7, 2024/04/23, 21:49:34.731, 4786198614117, vstest.console.dll, TcpClientExtensions.MessageLoopAsync: NotifyDataAvailable remoteEndPoint: 127.0.0.1:58874 localEndPoint: 127.0.0.1:58873
TpTrace Verbose: 0 : 22312, 7, 2024/04/23, 21:49:34.732, 4786198616789, vstest.console.dll, TestRequestSender.OnExecutionMessageReceived: Received message: {"Version":7,"MessageType":"TestExecution.Completed","Payload":{"TestRunCompleteArgs":{"TestRunStatistics":{"ExecutedTests":9,"Stats":{"Passed":6,"Failed":3}},"IsCanceled":false,"IsAborted":false,"Error":null,"AttachmentSets":[],"InvokedDataCollectors":[],"ElapsedTimeInRunningTests":"00:00:00.2701209","Metrics":{},"DiscoveredExtensions":{"TestDiscoverers":["NUnit.VisualStudio.TestAdapter.NUnit3TestDiscoverer, NUnit3.TestAdapter, Version=4.4.0.0, Culture=neutral, PublicKeyToken=4cb40d35494691ac"],"TestExecutors":["executor://NUnit3TestExecutor"],"TestExecutors2":[],"TestSettingsProviders":[]}},"LastRunTests":{"NewTestResults":[{"TestCase":{"Id":"8f22e397-e28d-a309-c072-31bfedcbd293","FullyQualifiedName":"AppointmentBLTest.Tests.AddAppointmentExceptionTest","DisplayName":"AddAppointmentExceptionTest","ExecutorUri":"executor://NUnit3TestExecutor","Source":"C:\\Users\\VC\\Desktop\\Presidio\\Genspark-trainings\\dotnet-trainings\\console-spplications\\day4\\day4ConsoleAppDoctorSolution\\AppointmentBLTest\\bin\\Debug\\net6.0\\fine-code-coverage\\build-output\\AppointmentBLTest.dll","CodeFilePath":null,"LineNumber":0,"Properties":[{"Key":{"Id":"NUnit.Seed","Label":"Seed","Category":"","Description":"","Attributes":0,"ValueType":"System.String"},"Value":"2083075629"}]},"Attachments":[],"Outcome":1,"ErrorMessage":null,"ErrorStackTrace":null,"DisplayName":"AddAppointmentExceptionTest","Messages":[],"ComputerName":"DESKTOP-DPV93JG","Duration":"00:00:00.0143530","StartTime":"2024-04-23T16:19:34.6208046+00:00","EndTime":"2024-04-23T16:19:34.6351054+00:00","Properties":[{"Key":{"Id":"NUnit.Seed","Label":"Seed","Category":"","Description":"","Attributes":0,"ValueType":"System.String"},"Value":"2083075629"}]},{"TestCase":{"Id":"1d81d7b5-d6bf-ebc9-6ec5-e43b954b6798","FullyQualifiedName":"AppointmentBLTest.Tests.AddAppointmentFailureTest","DisplayName":"AddAppointmentFailureTest","ExecutorUri":"executor://NUnit3TestExecutor","Source":"C:\\Users\\VC\\Desktop\\Presidio\\Genspark-trainings\\dotnet-trainings\\console-spplications\\day4\\day4ConsoleAppDoctorSolution\\AppointmentBLTest\\bin\\Debug\\net6.0\\fine-code-coverage\\build-output\\AppointmentBLTest.dll","CodeFilePath":null,"LineNumber":0,"Properties":[{"Key":{"Id":"NUnit.Seed","Label":"Seed","Category":"","Description":"","Attributes":0,"ValueType":"System.String"},"Value":"883936629"}]},"Attachments":[],"Outcome":2,"ErrorMessage":"  Expected: null\r\n  But was:  <ClinicTrackerModelLibrary.Appointment>\r\n","ErrorStackTrace":"   at AppointmentBLTest.Tests.AddAppointmentFailureTest() in C:\\Users\\VC\\Desktop\\Presidio\\Genspark-trainings\\dotnet-trainings\\console-spplications\\day4\\day4ConsoleAppDoctorSolution\\AppointmentBLTest\\UnitTest1.cs:line 63\r\n\n1)    at AppointmentBLTest.Tests.AddAppointmentFailureTest() in C:\\Users\\VC\\Desktop\\Presidio\\Genspark-trainings\\dotnet-trainings\\console-spplications\\day4\\day4ConsoleAppDoctorSolution\\AppointmentBLTest\\UnitTest1.cs:line 63\r\n\n","DisplayName":"AddAppointmentFailureTest","Messages":[],"ComputerName":"DESKTOP-DPV93JG","Duration":"00:00:00.0274260","StartTime":"2024-04-23T16:19:34.6361023+00:00","EndTime":"2024-04-23T16:19:34.6635279+00:00","Properties":[{"Key":{"Id":"NUnit.Seed","Label":"Seed","Category":"","Description":"","Attributes":0,"ValueType":"System.String"},"Value":"883936629"}]},{"TestCase":{"Id":"3a95fb3d-c932-8b93-67cc-dcf6a4322862","FullyQualifiedName":"AppointmentBLTest.Tests.AddAppointmentTest","DisplayName":"AddAppointmentTest","ExecutorUri":"executor://NUnit3TestExecutor","Source":"C:\\Users\\VC\\Desktop\\Presidio\\Genspark-trainings\\dotnet-trainings\\console-spplications\\day4\\day4ConsoleAppDoctorSolution\\AppointmentBLTest\\bin\\Debug\\net6.0\\fine-code-coverage\\build-output\\AppointmentBLTest.dll","CodeFilePath":null,"LineNumber":0,"Properties":[{"Key":{"Id":"NUnit.Seed","Label":"Seed","Category":"","Description":"","Attributes":0,"ValueType":"System.String"},"Value":"1948861750"}]},"Attachments":[],"Outcome":1,"ErrorMessage":null,"ErrorStackTrace":null,"DisplayName":"AddAppointmentTest","Messages":[],"ComputerName":"DESKTOP-DPV93JG","Duration":"00:00:00.0044460","StartTime":"2024-04-23T16:19:34.6636131+00:00","EndTime":"2024-04-23T16:19:34.6680581+00:00","Properties":[{"Key":{"Id":"NUnit.Seed","Label":"Seed","Category":"","Description":"","Attributes":0,"ValueType":"System.String"},"Value":"1948861750"}]},{"TestCase":{"Id":"c4651482-88d1-e44f-9b9f-0f6faf654a54","FullyQualifiedName":"AppointmentBLTest.Tests.DeleteAppointmentExceptionTest","DisplayName":"DeleteAppointmentExceptionTest","ExecutorUri":"executor://NUnit3TestExecutor","Source":"C:\\Users\\VC\\Desktop\\Presidio\\Genspark-trainings\\dotnet-trainings\\console-spplications\\day4\\day4ConsoleAppDoctorSolution\\AppointmentBLTest\\bin\\Debug\\net6.0\\fine-code-coverage\\build-output\\AppointmentBLTest.dll","CodeFilePath":null,"LineNumber":0,"Properties":[{"Key":{"Id":"NUnit.Seed","Label":"Seed","Category":"","Description":"","Attributes":0,"ValueType":"System.String"},"Value":"552388222"}]},"Attachments":[],"Outcome":1,"ErrorMessage":null,"ErrorStackTrace":null,"DisplayName":"DeleteAppointmentExceptionTest","Messages":[],"ComputerName":"DESKTOP-DPV93JG","Duration":"00:00:00.0005070","StartTime":"2024-04-23T16:19:34.6680791+00:00","EndTime":"2024-04-23T16:19:34.6685857+00:00","Properties":[{"Key":{"Id":"NUnit.Seed","Label":"Seed","Category":"","Description":"","Attributes":0,"ValueType":"System.String"},"Value":"552388222"}]},{"TestCase":{"Id":"fcb73e60-affe-7f63-f520-5ce90d232757","FullyQualifiedName":"AppointmentBLTest.Tests.DeleteAppointmentFailureTest","DisplayName":"DeleteAppointmentFailureTest","ExecutorUri":"executor://NUnit3TestExecutor","Source":"C:\\Users\\VC\\Desktop\\Presidio\\Genspark-trainings\\dotnet-trainings\\console-spplications\\day4\\day4ConsoleAppDoctorSolution\\AppointmentBLTest\\bin\\Debug\\net6.0\\fine-code-coverage\\build-output\\AppointmentBLTest.dll","CodeFilePath":null,"LineNumber":0,"Properties":[{"Key":{"Id":"NUnit.Seed","Label":"Seed","Category":"","Description":"","Attributes":0,"ValueType":"System.String"},"Value":"173415162"}]},"Attachments":[],"Outcome":2,"ErrorMessage":"  Expected: null\r\n  But was:  <ClinicTrackerModelLibrary.Appointment>\r\n","ErrorStackTrace":"   at AppointmentBLTest.Tests.DeleteAppointmentFailureTest() in C:\\Users\\VC\\Desktop\\Presidio\\Genspark-trainings\\dotnet-trainings\\console-spplications\\day4\\day4ConsoleAppDoctorSolution\\AppointmentBLTest\\UnitTest1.cs:line 88\r\n\n1)    at AppointmentBLTest.Tests.DeleteAppointmentFailureTest() in C:\\Users\\VC\\Desktop\\Presidio\\Genspark-trainings\\dotnet-trainings\\console-spplications\\day4\\day4ConsoleAppDoctorSolution\\AppointmentBLTest\\UnitTest1.cs:line 88\r\n\n","DisplayName":"DeleteAppointmentFailureTest","Messages":[],"ComputerName":"DESKTOP-DPV93JG","Duration":"00:00:00.0006470","StartTime":"2024-04-23T16:19:34.6685952+00:00","EndTime":"2024-04-23T16:19:34.6692422+00:00","Properties":[{"Key":{"Id":"NUnit.Seed","Label":"Seed","Category":"","Description":"","Attributes":0,"ValueType":"System.String"},"Value":"173415162"}]},{"TestCase":{"Id":"a7796bb6-341a-f9ef-bc82-44013c9f8fcd","FullyQualifiedName":"AppointmentBLTest.Tests.DeleteAppointmentTest","DisplayName":"DeleteAppointmentTest","ExecutorUri":"executor://NUnit3TestExecutor","Source":"C:\\Users\\VC\\Desktop\\Presidio\\Genspark-trainings\\dotnet-trainings\\console-spplications\\day4\\day4ConsoleAppDoctorSolution\\AppointmentBLTest\\bin\\Debug\\net6.0\\fine-code-coverage\\build-output\\AppointmentBLTest.dll","CodeFilePath":null,"LineNumber":0,"Properties":[{"Key":{"Id":"NUnit.Seed","Label":"Seed","Category":"","Description":"","Attributes":0,"ValueType":"System.String"},"Value":"1215747241"}]},"Attachments":[],"Outcome":1,"ErrorMessage":null,"ErrorStackTrace":null,"DisplayName":"DeleteAppointmentTest","Messages":[],"ComputerName":"DESKTOP-DPV93JG","Duration":"00:00:00.0000890","StartTime":"2024-04-23T16:19:34.6692509+00:00","EndTime":"2024-04-23T16:19:34.6693402+00:00","Properties":[{"Key":{"Id":"NUnit.Seed","Label":"Seed","Category":"","Description":"","Attributes":0,"ValueType":"System.String"},"Value":"1215747241"}]},{"TestCase":{"Id":"9f9c6aa5-120d-f0ed-0d26-c4adaa455d15","FullyQualifiedName":"AppointmentBLTest.Tests.GetAppointmentExceptionTest","DisplayName":"GetAppointmentExceptionTest","ExecutorUri":"executor://NUnit3TestExecutor","Source":"C:\\Users\\VC\\Desktop\\Presidio\\Genspark-trainings\\dotnet-trainings\\console-spplications\\day4\\day4ConsoleAppDoctorSolution\\AppointmentBLTest\\bin\\Debug\\net6.0\\fine-code-coverage\\build-output\\AppointmentBLTest.dll","CodeFilePath":null,"LineNumber":0,"Properties":[{"Key":{"Id":"NUnit.Seed","Label":"Seed","Category":"","Description":"","Attributes":0,"ValueType":"System.String"},"Value":"1609050581"}]},"Attachments":[],"Outcome":1,"ErrorMessage":null,"ErrorStackTrace":null,"DisplayName":"GetAppointmentExceptionTest","Messages":[],"ComputerName":"DESKTOP-DPV93JG","Duration":"00:00:00.0003800","StartTime":"2024-04-23T16:19:34.669346+00:00","EndTime":"2024-04-23T16:19:34.6697259+00:00","Properties":[{"Key":{"Id":"NUnit.Seed","Label":"Seed","Category":"","Description":"","Attributes":0,"ValueType":"System.String"},"Value":"1609050581"}]},{"TestCase":{"Id":"d451c23b-22ac-5e6f-edd4-23846b0501eb","FullyQualifiedName":"AppointmentBLTest.Tests.GetAppointmentFailureTest","DisplayName":"GetAppointmentFailureTest","ExecutorUri":"executor://NUnit3TestExecutor","Source":"C:\\Users\\VC\\Desktop\\Presidio\\Genspark-trainings\\dotnet-trainings\\console-spplications\\day4\\day4ConsoleAppDoctorSolution\\AppointmentBLTest\\bin\\Debug\\net6.0\\fine-code-coverage\\build-output\\AppointmentBLTest.dll","CodeFilePath":null,"LineNumber":0,"Properties":[{"Key":{"Id":"NUnit.Seed","Label":"Seed","Category":"","Description":"","Attributes":0,"ValueType":"System.String"},"Value":"1480527605"}]},"Attachments":[],"Outcome":2,"ErrorMessage":"  Expected: null\r\n  But was:  <ClinicTrackerModelLibrary.Appointment>\r\n","ErrorStackTrace":"   at AppointmentBLTest.Tests.GetAppointmentFailureTest() in C:\\Users\\VC\\Desktop\\Presidio\\Genspark-trainings\\dotnet-trainings\\console-spplications\\day4\\day4ConsoleAppDoctorSolution\\AppointmentBLTest\\UnitTest1.cs:line 35\r\n\n1)    at AppointmentBLTest.Tests.GetAppointmentFailureTest() in C:\\Users\\VC\\Desktop\\Presidio\\Genspark-trainings\\dotnet-trainings\\console-spplications\\day4\\day4ConsoleAppDoctorSolution\\AppointmentBLTest\\UnitTest1.cs:line 35\r\n\n","DisplayName":"GetAppointmentFailureTest","Messages":[],"ComputerName":"DESKTOP-DPV93JG","Duration":"00:00:00.0004890","StartTime":"2024-04-23T16:19:34.6697331+00:00","EndTime":"2024-04-23T16:19:34.6702224+00:00","Properties":[{"Key":{"Id":"NUnit.Seed","Label":"Seed","Category":"","Description":"","Attributes":0,"ValueType":"System.String"},"Value":"1480527605"}]},{"TestCase":{"Id":"8fc9ab07-a716-b77e-ff6e-dd3a2de79d27","FullyQualifiedName":"AppointmentBLTest.Tests.GetAppointmentTest","DisplayName":"GetAppointmentTest","ExecutorUri":"executor://NUnit3TestExecutor","Source":"C:\\Users\\VC\\Desktop\\Presidio\\Genspark-trainings\\dotnet-trainings\\console-spplications\\day4\\day4ConsoleAppDoctorSolution\\AppointmentBLTest\\bin\\Debug\\net6.0\\fine-code-coverage\\build-output\\AppointmentBLTest.dll","CodeFilePath":null,"LineNumber":0,"Properties":[{"Key":{"Id":"NUnit.Seed","Label":"Seed","Category":"","Description":"","Attributes":0,"ValueType":"System.String"},"Value":"1380135328"}]},"Attachments":[],"Outcome":1,"ErrorMessage":null,"ErrorStackTrace":null,"DisplayName":"GetAppointmentTest","Messages":[],"ComputerName":"DESKTOP-DPV93JG","Duration":"00:00:00.0001370","StartTime":"2024-04-23T16:19:34.6702298+00:00","EndTime":"2024-04-23T16:19:34.6703663+00:00","Properties":[{"Key":{"Id":"NUnit.Seed","Label":"Seed","Category":"","Description":"","Attributes":0,"ValueType":"System.String"},"Value":"1380135328"}]}],"TestRunStatistics":{"ExecutedTests":9,"Stats":{"Passed":6,"Failed":3}},"ActiveTests":[]},"RunAttachments":[],"ExecutorUris":["executor://nunit3testexecutor/"]}}
TpTrace Verbose: 0 : 22312, 7, 2024/04/23, 21:49:34.732, 4786198618286, vstest.console.dll, TestRequestSender.EndSession: Sending end session.
TpTrace Verbose: 0 : 22312, 7, 2024/04/23, 21:49:34.732, 4786198619580, vstest.console.dll, ProxyOperationManager.Close: waiting for test host to exit for 100 ms
TpTrace Verbose: 0 : 22312, 11, 2024/04/23, 21:49:34.779, 4786199087669, vstest.console.dll, TestHostManagerCallbacks.ctor: Experimental forwarding output is disabled.
TpTrace Warning: 0 : 22312, 11, 2024/04/23, 21:49:34.779, 4786199089011, vstest.console.dll, TestHostManagerCallbacks.ErrorReceivedCallback Test host standard error line: 
TpTrace Verbose: 0 : 22312, 11, 2024/04/23, 21:49:34.788, 4786199181202, vstest.console.dll, TestHostProvider.ExitCallBack: Host exited starting callback.
TpTrace Information: 0 : 22312, 11, 2024/04/23, 21:49:34.788, 4786199183011, vstest.console.dll, TestHostManagerCallbacks.ExitCallBack: Testhost processId: 25160 exited with exitcode: 0 error: ''
TpTrace Verbose: 0 : 22312, 11, 2024/04/23, 21:49:34.788, 4786199183451, vstest.console.dll, DotnetTestHostManager.OnHostExited: invoking OnHostExited callback
TpTrace Verbose: 0 : 22312, 11, 2024/04/23, 21:49:34.788, 4786199184030, vstest.console.dll, CrossPlatEngine.TestHostManagerHostExited: calling on client process exit callback.
TpTrace Information: 0 : 22312, 11, 2024/04/23, 21:49:34.788, 4786199184646, vstest.console.dll, TestRequestSender.OnClientProcessExit: Test host process exited. Standard error: 
TpTrace Information: 0 : 22312, 11, 2024/04/23, 21:49:34.788, 4786199185003, vstest.console.dll, SocketServer.Stop: Stop server endPoint: 127.0.0.1:58873
TpTrace Information: 0 : 22312, 7, 2024/04/23, 21:49:34.788, 4786199185141, vstest.console.dll, SocketServer.Stop: Stop server endPoint: 127.0.0.1:58873
TpTrace Information: 0 : 22312, 11, 2024/04/23, 21:49:34.788, 4786199185282, vstest.console.dll, SocketServer.Stop: Cancellation requested. Stopping message loop.
TpTrace Information: 0 : 22312, 7, 2024/04/23, 21:49:34.788, 4786199185981, vstest.console.dll, SocketServer.Stop: Cancellation requested. Stopping message loop.
TpTrace Information: 0 : 22312, 7, 2024/04/23, 21:49:34.789, 4786199187015, vstest.console.dll, Closing the connection
TpTrace Verbose: 0 : 22312, 11, 2024/04/23, 21:49:34.789, 4786199187124, vstest.console.dll, MulticastDelegateUtilities.SafeInvoke: HostProviderEvents.OnHostExited: Invoking callback 1/1 for Microsoft.VisualStudio.TestPlatform.CrossPlatEngine.Client.ProxyOperationManager., took 0 ms.
TpTrace Verbose: 0 : 22312, 7, 2024/04/23, 21:49:34.789, 4786199189180, vstest.console.dll, ProxyDataCollectionManager.InvokeDataCollectionServiceAction: Starting.
TpTrace Information: 0 : 22312, 7, 2024/04/23, 21:49:34.789, 4786199189644, vstest.console.dll, ProxyDataCollectionManager.AfterTestRunEnd: Get attachment set and invoked data collectors processId: 8536 port: 58870
TpTrace Verbose: 0 : 22312, 7, 2024/04/23, 21:49:34.789, 4786199190115, vstest.console.dll, DataCollectionRequestSender.SendAfterTestRunStartAndGetResult: Send AfterTestRunEnd message with isCancelled: False
TpTrace Verbose: 0 : 22312, 7, 2024/04/23, 21:49:34.793, 4786199232366, vstest.console.dll, DataCollectionRequestSender.SendAfterTestRunStartAndGetResult: Received message: (DataCollection.AfterTestRunEndResult) -> {"MessageType":"DataCollection.AfterTestRunEndResult","Payload":{"AttachmentSets":[],"InvokedDataCollectors":[{"Uri":"datacollector://Microsoft/TestPlatform/Extensions/Blame/v1","FriendlyName":"Blame","AssemblyQualifiedName":"Microsoft.TestPlatform.Extensions.BlameDataCollector.BlameCollector, Microsoft.TestPlatform.Extensions.BlameDataCollector, Version=15.0.0.0, Culture=neutral, PublicKeyToken=b03f5f7f11d50a3a","FilePath":"C:\\Program Files\\dotnet\\sdk\\8.0.202\\Extensions\\Microsoft.TestPlatform.Extensions.BlameDataCollector.dll","HasAttachmentProcessor":false}],"Metrics":{}}}
TpTrace Information: 0 : 22312, 7, 2024/04/23, 21:49:34.798, 4786199277515, vstest.console.dll, ProxyDataCollectionManager.InvokeDataCollectionServiceAction: Completed.
TpTrace Warning: 0 : 22312, 10, 2024/04/23, 21:49:34.822, 4786199523857, vstest.console.dll, DataCollectionLauncher.ErrorReceivedCallback datacollector standard error line: 
TpTrace Information: 0 : 22312, 10, 2024/04/23, 21:49:34.830, 4786199604771, vstest.console.dll, DataCollectionLauncher.ExitCallBack: Data collector exited with exitcode: 0 error: ''
TpTrace Verbose: 0 : 22312, 7, 2024/04/23, 21:49:34.852, 4786199823598, vstest.console.dll, TestRunRequest:SendTestRunStatsChange: Starting.
TpTrace Verbose: 0 : 22312, 7, 2024/04/23, 21:49:34.852, 4786199826439, vstest.console.dll, MulticastDelegateUtilities.SafeInvoke: TestRun.RunStatsChanged: Invoking callbacks was skipped because there are no subscribers.
TpTrace Information: 0 : 22312, 7, 2024/04/23, 21:49:34.853, 4786199826855, vstest.console.dll, TestRunRequest:SendTestRunStatsChange: Completed.
TpTrace Verbose: 0 : 22312, 7, 2024/04/23, 21:49:34.853, 4786199829559, vstest.console.dll, ParallelProxyExecutionManager: HandlePartialRunComplete: Total workloads = 1, Total started clients = 1 Total completed clients = 1, Run complete = True, Run canceled: False.
TpTrace Verbose: 0 : 22312, 7, 2024/04/23, 21:49:34.853, 4786199829908, vstest.console.dll, ParallelProxyExecutionManager: HandlePartialRunComplete: All runs completed stopping all managers.
TpTrace Verbose: 0 : 22312, 7, 2024/04/23, 21:49:34.853, 4786199830139, vstest.console.dll, ParallelOperationManager.StopAllManagers: Stopping all managers.
TpTrace Verbose: 0 : 22312, 7, 2024/04/23, 21:49:34.853, 4786199830318, vstest.console.dll, ParallelOperationManager.ClearSlots: Clearing all slots. Slots should accept more work: False
TpTrace Verbose: 0 : 22312, 7, 2024/04/23, 21:49:34.853, 4786199830563, vstest.console.dll, ParallelOperationManager.SetOccupiedSlotCount: Setting slot counts AvailableSlotCount = 1, OccupiedSlotCount = 0.
TpTrace Verbose: 0 : 22312, 7, 2024/04/23, 21:49:34.853, 4786199830846, vstest.console.dll, Occupied slots:

TpTrace Verbose: 0 : 22312, 4, 2024/04/23, 21:49:34.854, 4786199837309, vstest.console.dll, MulticastDelegateUtilities.SafeInvoke: InternalTestLoggerEvents.SendTestResult: Invoking callback 1/1 for Microsoft.VisualStudio.TestPlatform.CommandLine.Internal.ConsoleLogger., took 0 ms.
TpTrace Verbose: 0 : 22312, 4, 2024/04/23, 21:49:34.854, 4786199843327, vstest.console.dll, MulticastDelegateUtilities.SafeInvoke: InternalTestLoggerEvents.SendTestResult: Invoking callback 1/1 for Microsoft.VisualStudio.TestPlatform.CommandLine.Internal.ConsoleLogger., took 0 ms.
TpTrace Verbose: 0 : 22312, 4, 2024/04/23, 21:49:34.854, 4786199844307, vstest.console.dll, MulticastDelegateUtilities.SafeInvoke: InternalTestLoggerEvents.SendTestResult: Invoking callback 1/1 for Microsoft.VisualStudio.TestPlatform.CommandLine.Internal.ConsoleLogger., took 0 ms.
TpTrace Verbose: 0 : 22312, 4, 2024/04/23, 21:49:34.854, 4786199844758, vstest.console.dll, MulticastDelegateUtilities.SafeInvoke: InternalTestLoggerEvents.SendTestResult: Invoking callback 1/1 for Microsoft.VisualStudio.TestPlatform.CommandLine.Internal.ConsoleLogger., took 0 ms.
TpTrace Verbose: 0 : 22312, 4, 2024/04/23, 21:49:34.854, 4786199846026, vstest.console.dll, MulticastDelegateUtilities.SafeInvoke: InternalTestLoggerEvents.SendTestResult: Invoking callback 1/1 for Microsoft.VisualStudio.TestPlatform.CommandLine.Internal.ConsoleLogger., took 0 ms.
TpTrace Verbose: 0 : 22312, 4, 2024/04/23, 21:49:34.854, 4786199846519, vstest.console.dll, MulticastDelegateUtilities.SafeInvoke: InternalTestLoggerEvents.SendTestResult: Invoking callback 1/1 for Microsoft.VisualStudio.TestPlatform.CommandLine.Internal.ConsoleLogger., took 0 ms.
TpTrace Verbose: 0 : 22312, 4, 2024/04/23, 21:49:34.855, 4786199846968, vstest.console.dll, MulticastDelegateUtilities.SafeInvoke: InternalTestLoggerEvents.SendTestResult: Invoking callback 1/1 for Microsoft.VisualStudio.TestPlatform.CommandLine.Internal.ConsoleLogger., took 0 ms.
TpTrace Verbose: 0 : 22312, 4, 2024/04/23, 21:49:34.855, 4786199848446, vstest.console.dll, MulticastDelegateUtilities.SafeInvoke: InternalTestLoggerEvents.SendTestResult: Invoking callback 1/1 for Microsoft.VisualStudio.TestPlatform.CommandLine.Internal.ConsoleLogger., took 0 ms.
TpTrace Verbose: 0 : 22312, 4, 2024/04/23, 21:49:34.855, 4786199849132, vstest.console.dll, MulticastDelegateUtilities.SafeInvoke: InternalTestLoggerEvents.SendTestResult: Invoking callback 1/1 for Microsoft.VisualStudio.TestPlatform.CommandLine.Internal.ConsoleLogger., took 0 ms.
TpTrace Verbose: 0 : 22312, 4, 2024/04/23, 21:49:34.860, 4786199904707, vstest.console.dll, MulticastDelegateUtilities.SafeInvoke: InternalTestLoggerEvents.SendTestRunComplete: Invoking callback 1/2 for Microsoft.TestPlatform.Extensions.BlameDataCollector.BlameLogger., took 0 ms.
TpTrace Verbose: 0 : 22312, 4, 2024/04/23, 21:49:34.864, 4786199943527, vstest.console.dll, MulticastDelegateUtilities.SafeInvoke: InternalTestLoggerEvents.SendTestRunComplete: Invoking callback 2/2 for Microsoft.VisualStudio.TestPlatform.CommandLine.Internal.ConsoleLogger., took 3 ms.
TpTrace Verbose: 0 : 22312, 7, 2024/04/23, 21:49:34.864, 4786199946200, vstest.console.dll, TestRunRequest:TestRunComplete: Starting. IsAborted:False IsCanceled:False.
TpTrace Verbose: 0 : 22312, 7, 2024/04/23, 21:49:34.865, 4786199947399, vstest.console.dll, ParallelOperationManager.DoActionOnAllManagers: Calling an action on all managers.
TpTrace Verbose: 0 : 22312, 7, 2024/04/23, 21:49:34.865, 4786199953314, vstest.console.dll, TestLoggerManager.HandleTestRunComplete: Ignoring as the object is disposed.
TpTrace Verbose: 0 : 22312, 7, 2024/04/23, 21:49:34.865, 4786199954786, vstest.console.dll, MulticastDelegateUtilities.SafeInvoke: TestRun.TestRunComplete: Invoking callback 1/2 for Microsoft.VisualStudio.TestPlatform.CommandLine.TestRunResultAggregator., took 0 ms.
TpTrace Verbose: 0 : 22312, 7, 2024/04/23, 21:49:34.865, 4786199955642, vstest.console.dll, MulticastDelegateUtilities.SafeInvoke: TestRun.TestRunComplete: Invoking callback 2/2 for Microsoft.VisualStudio.TestPlatform.CommandLine.Processors.RunTestsArgumentExecutor+TestRunRequestEventsRegistrar., took 0 ms.
TpTrace Information: 0 : 22312, 7, 2024/04/23, 21:49:34.865, 4786199956266, vstest.console.dll, TestRunRequest:TestRunComplete: Completed.
TpTrace Verbose: 0 : 22312, 7, 2024/04/23, 21:49:34.865, 4786199956498, vstest.console.dll, TestRequestSender.SetOperationComplete: Setting operation complete.
TpTrace Information: 0 : 22312, 7, 2024/04/23, 21:49:34.866, 4786199956654, vstest.console.dll, SocketServer.Stop: Stop server endPoint: 127.0.0.1:58873
TpTrace Information: 0 : 22312, 7, 2024/04/23, 21:49:34.866, 4786199956795, vstest.console.dll, SocketServer.Stop: Cancellation requested. Stopping message loop.
TpTrace Verbose: 0 : 22312, 7, 2024/04/23, 21:49:34.866, 4786199956983, vstest.console.dll, MulticastDelegateUtilities.SafeInvoke: LengthPrefixCommunicationChannel: MessageReceived: Invoking callback 1/1 for Microsoft.VisualStudio.TestPlatform.CommunicationUtilities.TestRequestSender+<>c__DisplayClass34_0., took 134 ms.
TpTrace Verbose: 0 : 22312, 1, 2024/04/23, 21:49:34.866, 4786199956947, vstest.console.dll, TestRunRequest.Dispose: Starting.
TpTrace Information: 0 : 22312, 1, 2024/04/23, 21:49:34.866, 4786199958063, vstest.console.dll, TestRunRequest.Dispose: Completed.
TpTrace Information: 0 : 22312, 1, 2024/04/23, 21:49:34.866, 4786199958574, vstest.console.dll, TestRequestManager.RunTests: run tests completed.
TpTrace Information: 0 : 22312, 1, 2024/04/23, 21:49:34.866, 4786199959500, vstest.console.dll, RunTestsArgumentProcessor:Execute: Test run is completed.
TpTrace Information: 0 : 22312, 7, 2024/04/23, 21:49:34.866, 4786199957261, vstest.console.dll, SocketServer.PrivateStop: Stopping server endPoint: 127.0.0.1:58873 error: 
TpTrace Verbose: 0 : 22312, 1, 2024/04/23, 21:49:34.866, 4786199961171, vstest.console.dll, Executor.Execute: Exiting with exit code of 1
