TpTrace Verbose: 0 : 8016, 1, 2024/04/25, 12:15:00.813, 6169430253306, vstest.console.dll, Version: 17.9.0-release-24072-02 Current process architecture: X64
TpTrace Verbose: 0 : 8016, 1, 2024/04/25, 12:15:00.816, 6169430283523, vstest.console.dll, Runtime location: C:\Program Files\dotnet\shared\Microsoft.NETCore.App\8.0.3
TpTrace Verbose: 0 : 8016, 1, 2024/04/25, 12:15:00.818, 6169430303294, vstest.console.dll, ArtifactProcessingPostProcessModeProcessorExecutor.Initialize: ArtifactProcessingMode.Collect
TpTrace Verbose: 0 : 8016, 1, 2024/04/25, 12:15:00.818, 6169430304840, vstest.console.dll, TestSessionCorrelationIdProcessorModeProcessorExecutor.Initialize: TestSessionCorrelationId '15576_ac570f6f-11f4-4608-89c4-46cdaf0e452f'
TpTrace Information: 0 : 8016, 1, 2024/04/25, 12:15:00.826, 6169430378970, vstest.console.dll, FilePatternParser: The given file C:\Users\VC\Desktop\Presidio\Genspark-trainings\dotnet-trainings\console-spplications\day9\day11shoppingCartSolution\RepositoryTest\bin\Debug\net6.0\fine-code-coverage\build-output\RepositoryTest.dll is a full path.
TpTrace Verbose: 0 : 8016, 1, 2024/04/25, 12:15:00.830, 6169430425637, vstest.console.dll, TestPluginCache.DiscoverTestExtensions: finding test extensions in assemblies ends with: RuntimeProvider.dll TPluginInfo: Microsoft.VisualStudio.TestPlatform.Common.ExtensionFramework.Utilities.TestRuntimePluginInformation TExtension: Microsoft.VisualStudio.TestPlatform.ObjectModel.Host.ITestRuntimeProvider
TpTrace Verbose: 0 : 8016, 1, 2024/04/25, 12:15:00.831, 6169430429648, vstest.console.dll, TestPluginCache.GetExtensionPaths: Filtered extension paths: 
TpTrace Verbose: 0 : 8016, 1, 2024/04/25, 12:15:00.831, 6169430431872, vstest.console.dll, TestPluginCache.GetExtensionPaths: Added default extension paths: C:\Program Files\dotnet\sdk\8.0.202\Extensions\Microsoft.Diagnostics.NETCore.Client.dll
C:\Program Files\dotnet\sdk\8.0.202\Extensions\Microsoft.TestPlatform.Extensions.BlameDataCollector.dll
C:\Program Files\dotnet\sdk\8.0.202\Extensions\Microsoft.TestPlatform.Extensions.EventLogCollector.dll
C:\Program Files\dotnet\sdk\8.0.202\Extensions\Microsoft.TestPlatform.TestHostRuntimeProvider.dll
C:\Program Files\dotnet\sdk\8.0.202\Extensions\Microsoft.VisualStudio.TestPlatform.Extensions.Html.TestLogger.dll
C:\Program Files\dotnet\sdk\8.0.202\Extensions\Microsoft.VisualStudio.TestPlatform.Extensions.Trx.TestLogger.dll
TpTrace Verbose: 0 : 8016, 1, 2024/04/25, 12:15:00.831, 6169430432123, vstest.console.dll, TestPluginCache.GetExtensionPaths: Added unfilterableExtensionPaths: 
TpTrace Information: 0 : 8016, 1, 2024/04/25, 12:15:00.831, 6169430436743, vstest.console.dll, AssemblyResolver.ctor: Creating AssemblyResolver with searchDirectories C:\Program Files\dotnet\sdk\8.0.202\Extensions,C:\Program Files\dotnet\sdk\8.0.202
TpTrace Verbose: 0 : 8016, 1, 2024/04/25, 12:15:00.832, 6169430446712, vstest.console.dll, TestPluginCache.DiscoverTestExtensions: Discovering the extensions using extension path.
TpTrace Verbose: 0 : 8016, 1, 2024/04/25, 12:15:00.832, 6169430447891, vstest.console.dll, TestPluginCache.GetExtensionPaths: Filtered extension paths: 
TpTrace Verbose: 0 : 8016, 1, 2024/04/25, 12:15:00.832, 6169430448243, vstest.console.dll, TestPluginCache.GetExtensionPaths: Added default extension paths: C:\Program Files\dotnet\sdk\8.0.202\Extensions\Microsoft.Diagnostics.NETCore.Client.dll
C:\Program Files\dotnet\sdk\8.0.202\Extensions\Microsoft.TestPlatform.Extensions.BlameDataCollector.dll
C:\Program Files\dotnet\sdk\8.0.202\Extensions\Microsoft.TestPlatform.Extensions.EventLogCollector.dll
C:\Program Files\dotnet\sdk\8.0.202\Extensions\Microsoft.TestPlatform.TestHostRuntimeProvider.dll
C:\Program Files\dotnet\sdk\8.0.202\Extensions\Microsoft.VisualStudio.TestPlatform.Extensions.Html.TestLogger.dll
C:\Program Files\dotnet\sdk\8.0.202\Extensions\Microsoft.VisualStudio.TestPlatform.Extensions.Trx.TestLogger.dll
TpTrace Verbose: 0 : 8016, 1, 2024/04/25, 12:15:00.832, 6169430448417, vstest.console.dll, TestPluginCache.GetExtensionPaths: Added unfilterableExtensionPaths: 
TpTrace Verbose: 0 : 8016, 1, 2024/04/25, 12:15:00.833, 6169430449304, vstest.console.dll, TestPluginCache.DiscoverTestExtensions: Discovering the extensions using allExtensionPaths: C:\Program Files\dotnet\sdk\8.0.202\Extensions\Microsoft.Diagnostics.NETCore.Client.dll
C:\Program Files\dotnet\sdk\8.0.202\Extensions\Microsoft.TestPlatform.Extensions.BlameDataCollector.dll
C:\Program Files\dotnet\sdk\8.0.202\Extensions\Microsoft.TestPlatform.Extensions.EventLogCollector.dll
C:\Program Files\dotnet\sdk\8.0.202\Extensions\Microsoft.TestPlatform.TestHostRuntimeProvider.dll
C:\Program Files\dotnet\sdk\8.0.202\Extensions\Microsoft.VisualStudio.TestPlatform.Extensions.Html.TestLogger.dll
C:\Program Files\dotnet\sdk\8.0.202\Extensions\Microsoft.VisualStudio.TestPlatform.Extensions.Trx.TestLogger.dll
TpTrace Information: 0 : 8016, 1, 2024/04/25, 12:15:00.833, 6169430450175, vstest.console.dll, AssemblyResolver.AddSearchDirectories: Adding more searchDirectories C:\Program Files\dotnet\sdk\8.0.202\Extensions,C:\Program Files\dotnet\sdk\8.0.202
TpTrace Information: 0 : 8016, 1, 2024/04/25, 12:15:00.833, 6169430450619, vstest.console.dll, AssemblyResolver.AddSearchDirectories: Adding more searchDirectories C:\Program Files\dotnet\sdk\8.0.202\Extensions,C:\Program Files\dotnet\sdk\8.0.202
TpTrace Information: 0 : 8016, 1, 2024/04/25, 12:15:00.833, 6169430450924, vstest.console.dll, AssemblyResolver.AddSearchDirectories: Adding more searchDirectories C:\Program Files\dotnet\sdk\8.0.202\Extensions,C:\Program Files\dotnet\sdk\8.0.202
TpTrace Information: 0 : 8016, 1, 2024/04/25, 12:15:00.833, 6169430451216, vstest.console.dll, AssemblyResolver.AddSearchDirectories: Adding more searchDirectories C:\Program Files\dotnet\sdk\8.0.202\Extensions,C:\Program Files\dotnet\sdk\8.0.202
TpTrace Information: 0 : 8016, 1, 2024/04/25, 12:15:00.833, 6169430451372, vstest.console.dll, AssemblyResolver.AddSearchDirectories: Adding more searchDirectories C:\Program Files\dotnet\sdk\8.0.202\Extensions,C:\Program Files\dotnet\sdk\8.0.202
TpTrace Information: 0 : 8016, 1, 2024/04/25, 12:15:00.833, 6169430451516, vstest.console.dll, AssemblyResolver.AddSearchDirectories: Adding more searchDirectories C:\Program Files\dotnet\sdk\8.0.202\Extensions,C:\Program Files\dotnet\sdk\8.0.202
TpTrace Information: 0 : 8016, 1, 2024/04/25, 12:15:00.833, 6169430455399, vstest.console.dll, AssemblyResolver.OnResolve: Microsoft.Diagnostics.NETCore.Client: Resolving assembly.
TpTrace Information: 0 : 8016, 1, 2024/04/25, 12:15:00.833, 6169430455942, vstest.console.dll, AssemblyResolver.OnResolve: Microsoft.Diagnostics.NETCore.Client: Searching in: 'C:\Program Files\dotnet\sdk\8.0.202\Extensions'.
TpTrace Information: 0 : 8016, 1, 2024/04/25, 12:15:00.838, 6169430506483, vstest.console.dll, AssemblyResolver.OnResolve: Microsoft.Diagnostics.NETCore.Client: Loading assembly 'C:\Program Files\dotnet\sdk\8.0.202\Extensions\Microsoft.Diagnostics.NETCore.Client.dll'.
TpTrace Information: 0 : 8016, 1, 2024/04/25, 12:15:00.839, 6169430511258, vstest.console.dll, AssemblyResolver.OnResolve: Resolved assembly: Microsoft.Diagnostics.NETCore.Client, from path: C:\Program Files\dotnet\sdk\8.0.202\Extensions\Microsoft.Diagnostics.NETCore.Client.dll
TpTrace Verbose: 0 : 8016, 1, 2024/04/25, 12:15:00.845, 6169430573433, vstest.console.dll, MetadataReaderExtensionsHelper: Discovering extensions inside assembly 'Microsoft.Diagnostics.NETCore.Client, Version=0.2.9.2401, Culture=neutral, PublicKeyToken=31bf3856ad364e35' file path 'C:\Program Files\dotnet\sdk\8.0.202\Extensions\Microsoft.Diagnostics.NETCore.Client.dll'
TpTrace Information: 0 : 8016, 1, 2024/04/25, 12:15:00.849, 6169430617963, vstest.console.dll, AssemblyResolver.OnResolve: Microsoft.Bcl.AsyncInterfaces: Resolving assembly.
TpTrace Information: 0 : 8016, 1, 2024/04/25, 12:15:00.850, 6169430619082, vstest.console.dll, AssemblyResolver.OnResolve: Microsoft.Bcl.AsyncInterfaces: Searching in: 'C:\Program Files\dotnet\sdk\8.0.202\Extensions'.
TpTrace Information: 0 : 8016, 1, 2024/04/25, 12:15:00.850, 6169430619740, vstest.console.dll, AssemblyResolver.OnResolve: Microsoft.Bcl.AsyncInterfaces: Assembly path does not exist: 'C:\Program Files\dotnet\sdk\8.0.202\Extensions\Microsoft.Bcl.AsyncInterfaces.dll', returning.
TpTrace Information: 0 : 8016, 1, 2024/04/25, 12:15:00.850, 6169430620676, vstest.console.dll, AssemblyResolver.OnResolve: Microsoft.Bcl.AsyncInterfaces: Assembly path does not exist: 'C:\Program Files\dotnet\sdk\8.0.202\Extensions\Microsoft.Bcl.AsyncInterfaces.exe', returning.
TpTrace Information: 0 : 8016, 1, 2024/04/25, 12:15:00.850, 6169430620973, vstest.console.dll, AssemblyResolver.OnResolve: Microsoft.Bcl.AsyncInterfaces: Searching in: 'C:\Program Files\dotnet\sdk\8.0.202'.
TpTrace Information: 0 : 8016, 1, 2024/04/25, 12:15:00.850, 6169430621295, vstest.console.dll, AssemblyResolver.OnResolve: Microsoft.Bcl.AsyncInterfaces: Assembly path does not exist: 'C:\Program Files\dotnet\sdk\8.0.202\Microsoft.Bcl.AsyncInterfaces.dll', returning.
TpTrace Information: 0 : 8016, 1, 2024/04/25, 12:15:00.850, 6169430621557, vstest.console.dll, AssemblyResolver.OnResolve: Microsoft.Bcl.AsyncInterfaces: Assembly path does not exist: 'C:\Program Files\dotnet\sdk\8.0.202\Microsoft.Bcl.AsyncInterfaces.exe', returning.
TpTrace Information: 0 : 8016, 1, 2024/04/25, 12:15:00.850, 6169430621712, vstest.console.dll, AssemblyResolver.OnResolve: Microsoft.Bcl.AsyncInterfaces: Failed to load assembly.
TpTrace Verbose: 0 : 8016, 1, 2024/04/25, 12:15:00.850, 6169430621996, vstest.console.dll, CurrentDomainAssemblyResolve: Resolving assembly 'Microsoft.Bcl.AsyncInterfaces'.
TpTrace Information: 0 : 8016, 1, 2024/04/25, 12:15:00.850, 6169430623326, vstest.console.dll, AssemblyResolver.OnResolve: Microsoft.Bcl.AsyncInterfaces: Resolving assembly.
TpTrace Information: 0 : 8016, 1, 2024/04/25, 12:15:00.850, 6169430623748, vstest.console.dll, AssemblyResolver.OnResolve: Microsoft.Bcl.AsyncInterfaces: Resolved from cache.
TpTrace Verbose: 0 : 8016, 1, 2024/04/25, 12:15:00.850, 6169430623975, vstest.console.dll, CurrentDomainAssemblyResolve: Resolving assembly 'Microsoft.Bcl.AsyncInterfaces'.
TpTrace Verbose: 0 : 8016, 1, 2024/04/25, 12:15:00.850, 6169430624433, vstest.console.dll, CurrentDomainAssemblyResolve: Failed to resolve assembly 'Microsoft.Bcl.AsyncInterfaces'.
TpTrace Verbose: 0 : 8016, 1, 2024/04/25, 12:15:00.851, 6169430630419, vstest.console.dll, CurrentDomainAssemblyResolve: Failed to resolve assembly 'Microsoft.Bcl.AsyncInterfaces'.
TpTrace Warning: 0 : 8016, 1, 2024/04/25, 12:15:00.861, 6169430733479, vstest.console.dll, TestPluginDiscoverer: Failed to get types from assembly 'Microsoft.Diagnostics.NETCore.Client, Version=0.2.9.2401, Culture=neutral, PublicKeyToken=31bf3856ad364e35'. Error: System.Reflection.ReflectionTypeLoadException: Unable to load one or more of the requested types.
Could not load file or assembly 'Microsoft.Bcl.AsyncInterfaces, Version=6.0.0.0, Culture=neutral, PublicKeyToken=cc7b13ffcd2ddd51'. The system cannot find the file specified.
   at System.Reflection.RuntimeModule.GetTypes(RuntimeModule module)
   at System.Reflection.RuntimeModule.GetTypes()
   at Microsoft.VisualStudio.TestPlatform.Common.ExtensionFramework.TestPluginDiscoverer.GetTestExtensionsFromAssembly[TPluginInfo,TExtension](Assembly assembly, Dictionary`2 pluginInfos, String filePath) in /_/src/Microsoft.TestPlatform.Common/ExtensionFramework/TestPluginDiscoverer.cs:line 158
System.IO.FileNotFoundException: Could not load file or assembly 'Microsoft.Bcl.AsyncInterfaces, Version=6.0.0.0, Culture=neutral, PublicKeyToken=cc7b13ffcd2ddd51'. The system cannot find the file specified.
File name: 'Microsoft.Bcl.AsyncInterfaces, Version=6.0.0.0, Culture=neutral, PublicKeyToken=cc7b13ffcd2ddd51'
 ---> System.IO.FileNotFoundException: Could not load file or assembly 'Microsoft.Bcl.AsyncInterfaces, Culture=neutral, PublicKeyToken=null'. The system cannot find the file specified.
File name: 'Microsoft.Bcl.AsyncInterfaces, Culture=neutral, PublicKeyToken=null'
   at System.Reflection.RuntimeAssembly.InternalLoad(AssemblyName assemblyName, StackCrawlMark& stackMark, AssemblyLoadContext assemblyLoadContext, RuntimeAssembly requestingAssembly, Boolean throwOnFileNotFound)
   at System.Reflection.Assembly.Load(AssemblyName assemblyRef)
   at Microsoft.VisualStudio.TestPlatform.Common.ExtensionFramework.TestPluginCache.CurrentDomainAssemblyResolve(Object sender, AssemblyResolveEventArgs args) in /_/src/Microsoft.TestPlatform.Common/ExtensionFramework/TestPluginCache.cs:line 513
   at System.Runtime.Loader.AssemblyLoadContext.GetFirstResolvedAssemblyFromResolvingEvent(AssemblyName assemblyName)
   at System.Runtime.Loader.AssemblyLoadContext.ResolveUsingEvent(AssemblyName assemblyName)
   at System.Runtime.Loader.AssemblyLoadContext.ResolveUsingResolvingEvent(IntPtr gchManagedAssemblyLoadContext, AssemblyName assemblyName)
TpTrace Warning: 0 : 8016, 1, 2024/04/25, 12:15:00.861, 6169430736429, vstest.console.dll, LoaderExceptions: System.IO.FileNotFoundException: Could not load file or assembly 'Microsoft.Bcl.AsyncInterfaces, Version=6.0.0.0, Culture=neutral, PublicKeyToken=cc7b13ffcd2ddd51'. The system cannot find the file specified.
File name: 'Microsoft.Bcl.AsyncInterfaces, Version=6.0.0.0, Culture=neutral, PublicKeyToken=cc7b13ffcd2ddd51'
 ---> System.IO.FileNotFoundException: Could not load file or assembly 'Microsoft.Bcl.AsyncInterfaces, Culture=neutral, PublicKeyToken=null'. The system cannot find the file specified.
File name: 'Microsoft.Bcl.AsyncInterfaces, Culture=neutral, PublicKeyToken=null'
   at System.Reflection.RuntimeAssembly.InternalLoad(AssemblyName assemblyName, StackCrawlMark& stackMark, AssemblyLoadContext assemblyLoadContext, RuntimeAssembly requestingAssembly, Boolean throwOnFileNotFound)
   at System.Reflection.Assembly.Load(AssemblyName assemblyRef)
   at Microsoft.VisualStudio.TestPlatform.Common.ExtensionFramework.TestPluginCache.CurrentDomainAssemblyResolve(Object sender, AssemblyResolveEventArgs args) in /_/src/Microsoft.TestPlatform.Common/ExtensionFramework/TestPluginCache.cs:line 513
   at System.Runtime.Loader.AssemblyLoadContext.GetFirstResolvedAssemblyFromResolvingEvent(AssemblyName assemblyName)
   at System.Runtime.Loader.AssemblyLoadContext.ResolveUsingEvent(AssemblyName assemblyName)
   at System.Runtime.Loader.AssemblyLoadContext.ResolveUsingResolvingEvent(IntPtr gchManagedAssemblyLoadContext, AssemblyName assemblyName)
TpTrace Information: 0 : 8016, 1, 2024/04/25, 12:15:00.861, 6169430737613, vstest.console.dll, AssemblyResolver.OnResolve: Microsoft.TestPlatform.Extensions.BlameDataCollector: Resolving assembly.
TpTrace Information: 0 : 8016, 1, 2024/04/25, 12:15:00.861, 6169430737872, vstest.console.dll, AssemblyResolver.OnResolve: Microsoft.TestPlatform.Extensions.BlameDataCollector: Searching in: 'C:\Program Files\dotnet\sdk\8.0.202\Extensions'.
TpTrace Information: 0 : 8016, 1, 2024/04/25, 12:15:00.862, 6169430739964, vstest.console.dll, AssemblyResolver.OnResolve: Microsoft.TestPlatform.Extensions.BlameDataCollector: Loading assembly 'C:\Program Files\dotnet\sdk\8.0.202\Extensions\Microsoft.TestPlatform.Extensions.BlameDataCollector.dll'.
TpTrace Information: 0 : 8016, 1, 2024/04/25, 12:15:00.862, 6169430742525, vstest.console.dll, AssemblyResolver.OnResolve: Resolved assembly: Microsoft.TestPlatform.Extensions.BlameDataCollector, from path: C:\Program Files\dotnet\sdk\8.0.202\Extensions\Microsoft.TestPlatform.Extensions.BlameDataCollector.dll
TpTrace Verbose: 0 : 8016, 1, 2024/04/25, 12:15:00.862, 6169430743279, vstest.console.dll, MetadataReaderExtensionsHelper: Discovering extensions inside assembly 'Microsoft.TestPlatform.Extensions.BlameDataCollector, Version=15.0.0.0, Culture=neutral, PublicKeyToken=b03f5f7f11d50a3a' file path 'C:\Program Files\dotnet\sdk\8.0.202\Extensions\Microsoft.TestPlatform.Extensions.BlameDataCollector.dll'
TpTrace Information: 0 : 8016, 1, 2024/04/25, 12:15:00.863, 6169430752265, vstest.console.dll, AssemblyResolver.OnResolve: Microsoft.TestPlatform.Extensions.EventLogCollector: Resolving assembly.
TpTrace Information: 0 : 8016, 1, 2024/04/25, 12:15:00.863, 6169430752678, vstest.console.dll, AssemblyResolver.OnResolve: Microsoft.TestPlatform.Extensions.EventLogCollector: Searching in: 'C:\Program Files\dotnet\sdk\8.0.202\Extensions'.
TpTrace Information: 0 : 8016, 1, 2024/04/25, 12:15:00.863, 6169430754897, vstest.console.dll, AssemblyResolver.OnResolve: Microsoft.TestPlatform.Extensions.EventLogCollector: Loading assembly 'C:\Program Files\dotnet\sdk\8.0.202\Extensions\Microsoft.TestPlatform.Extensions.EventLogCollector.dll'.
TpTrace Information: 0 : 8016, 1, 2024/04/25, 12:15:00.863, 6169430757163, vstest.console.dll, AssemblyResolver.OnResolve: Resolved assembly: Microsoft.TestPlatform.Extensions.EventLogCollector, from path: C:\Program Files\dotnet\sdk\8.0.202\Extensions\Microsoft.TestPlatform.Extensions.EventLogCollector.dll
TpTrace Verbose: 0 : 8016, 1, 2024/04/25, 12:15:00.863, 6169430757631, vstest.console.dll, MetadataReaderExtensionsHelper: Discovering extensions inside assembly 'Microsoft.TestPlatform.Extensions.EventLogCollector, Version=15.0.0.0, Culture=neutral, PublicKeyToken=b03f5f7f11d50a3a' file path 'C:\Program Files\dotnet\sdk\8.0.202\Extensions\Microsoft.TestPlatform.Extensions.EventLogCollector.dll'
TpTrace Information: 0 : 8016, 1, 2024/04/25, 12:15:00.865, 6169430769860, vstest.console.dll, AssemblyResolver.OnResolve: Microsoft.TestPlatform.TestHostRuntimeProvider: Resolving assembly.
TpTrace Information: 0 : 8016, 1, 2024/04/25, 12:15:00.865, 6169430770415, vstest.console.dll, AssemblyResolver.OnResolve: Microsoft.TestPlatform.TestHostRuntimeProvider: Searching in: 'C:\Program Files\dotnet\sdk\8.0.202\Extensions'.
TpTrace Information: 0 : 8016, 1, 2024/04/25, 12:15:00.865, 6169430771921, vstest.console.dll, AssemblyResolver.OnResolve: Microsoft.TestPlatform.TestHostRuntimeProvider: Loading assembly 'C:\Program Files\dotnet\sdk\8.0.202\Extensions\Microsoft.TestPlatform.TestHostRuntimeProvider.dll'.
TpTrace Information: 0 : 8016, 1, 2024/04/25, 12:15:00.865, 6169430774011, vstest.console.dll, AssemblyResolver.OnResolve: Resolved assembly: Microsoft.TestPlatform.TestHostRuntimeProvider, from path: C:\Program Files\dotnet\sdk\8.0.202\Extensions\Microsoft.TestPlatform.TestHostRuntimeProvider.dll
TpTrace Verbose: 0 : 8016, 1, 2024/04/25, 12:15:00.865, 6169430774433, vstest.console.dll, MetadataReaderExtensionsHelper: Discovering extensions inside assembly 'Microsoft.TestPlatform.TestHostRuntimeProvider, Version=15.0.0.0, Culture=neutral, PublicKeyToken=b03f5f7f11d50a3a' file path 'C:\Program Files\dotnet\sdk\8.0.202\Extensions\Microsoft.TestPlatform.TestHostRuntimeProvider.dll'
TpTrace Information: 0 : 8016, 1, 2024/04/25, 12:15:00.866, 6169430783849, vstest.console.dll, GetTestExtensionFromType: Register extension with identifier data 'HostProvider://DefaultTestHost' and type 'Microsoft.VisualStudio.TestPlatform.CrossPlatEngine.Hosting.DefaultTestHostManager, Microsoft.TestPlatform.TestHostRuntimeProvider, Version=15.0.0.0, Culture=neutral, PublicKeyToken=b03f5f7f11d50a3a' inside file 'C:\Program Files\dotnet\sdk\8.0.202\Extensions\Microsoft.TestPlatform.TestHostRuntimeProvider.dll'
TpTrace Information: 0 : 8016, 1, 2024/04/25, 12:15:00.866, 6169430785711, vstest.console.dll, GetTestExtensionFromType: Register extension with identifier data 'HostProvider://DotnetTestHost' and type 'Microsoft.VisualStudio.TestPlatform.CrossPlatEngine.Hosting.DotnetTestHostManager, Microsoft.TestPlatform.TestHostRuntimeProvider, Version=15.0.0.0, Culture=neutral, PublicKeyToken=b03f5f7f11d50a3a' inside file 'C:\Program Files\dotnet\sdk\8.0.202\Extensions\Microsoft.TestPlatform.TestHostRuntimeProvider.dll'
TpTrace Information: 0 : 8016, 1, 2024/04/25, 12:15:00.866, 6169430786291, vstest.console.dll, AssemblyResolver.OnResolve: Microsoft.VisualStudio.TestPlatform.Extensions.Html.TestLogger: Resolving assembly.
TpTrace Information: 0 : 8016, 1, 2024/04/25, 12:15:00.866, 6169430786483, vstest.console.dll, AssemblyResolver.OnResolve: Microsoft.VisualStudio.TestPlatform.Extensions.Html.TestLogger: Searching in: 'C:\Program Files\dotnet\sdk\8.0.202\Extensions'.
TpTrace Information: 0 : 8016, 1, 2024/04/25, 12:15:00.866, 6169430787956, vstest.console.dll, AssemblyResolver.OnResolve: Microsoft.VisualStudio.TestPlatform.Extensions.Html.TestLogger: Loading assembly 'C:\Program Files\dotnet\sdk\8.0.202\Extensions\Microsoft.VisualStudio.TestPlatform.Extensions.Html.TestLogger.dll'.
TpTrace Information: 0 : 8016, 1, 2024/04/25, 12:15:00.867, 6169430789987, vstest.console.dll, AssemblyResolver.OnResolve: Resolved assembly: Microsoft.VisualStudio.TestPlatform.Extensions.Html.TestLogger, from path: C:\Program Files\dotnet\sdk\8.0.202\Extensions\Microsoft.VisualStudio.TestPlatform.Extensions.Html.TestLogger.dll
TpTrace Verbose: 0 : 8016, 1, 2024/04/25, 12:15:00.867, 6169430790405, vstest.console.dll, MetadataReaderExtensionsHelper: Discovering extensions inside assembly 'Microsoft.VisualStudio.TestPlatform.Extensions.Html.TestLogger, Version=15.0.0.0, Culture=neutral, PublicKeyToken=b03f5f7f11d50a3a' file path 'C:\Program Files\dotnet\sdk\8.0.202\Extensions\Microsoft.VisualStudio.TestPlatform.Extensions.Html.TestLogger.dll'
TpTrace Information: 0 : 8016, 1, 2024/04/25, 12:15:00.867, 6169430794816, vstest.console.dll, AssemblyResolver.OnResolve: Microsoft.VisualStudio.TestPlatform.Extensions.Trx.TestLogger: Resolving assembly.
TpTrace Information: 0 : 8016, 1, 2024/04/25, 12:15:00.867, 6169430795168, vstest.console.dll, AssemblyResolver.OnResolve: Microsoft.VisualStudio.TestPlatform.Extensions.Trx.TestLogger: Searching in: 'C:\Program Files\dotnet\sdk\8.0.202\Extensions'.
TpTrace Information: 0 : 8016, 1, 2024/04/25, 12:15:00.867, 6169430796536, vstest.console.dll, AssemblyResolver.OnResolve: Microsoft.VisualStudio.TestPlatform.Extensions.Trx.TestLogger: Loading assembly 'C:\Program Files\dotnet\sdk\8.0.202\Extensions\Microsoft.VisualStudio.TestPlatform.Extensions.Trx.TestLogger.dll'.
TpTrace Information: 0 : 8016, 1, 2024/04/25, 12:15:00.868, 6169430798899, vstest.console.dll, AssemblyResolver.OnResolve: Resolved assembly: Microsoft.VisualStudio.TestPlatform.Extensions.Trx.TestLogger, from path: C:\Program Files\dotnet\sdk\8.0.202\Extensions\Microsoft.VisualStudio.TestPlatform.Extensions.Trx.TestLogger.dll
TpTrace Verbose: 0 : 8016, 1, 2024/04/25, 12:15:00.868, 6169430799283, vstest.console.dll, MetadataReaderExtensionsHelper: Discovering extensions inside assembly 'Microsoft.VisualStudio.TestPlatform.Extensions.Trx.TestLogger, Version=15.0.0.0, Culture=neutral, PublicKeyToken=b03f5f7f11d50a3a' file path 'C:\Program Files\dotnet\sdk\8.0.202\Extensions\Microsoft.VisualStudio.TestPlatform.Extensions.Trx.TestLogger.dll'
TpTrace Verbose: 0 : 8016, 1, 2024/04/25, 12:15:00.868, 6169430808350, vstest.console.dll, TestPluginCache: Discovered the extensions using extension path ''.
TpTrace Verbose: 0 : 8016, 1, 2024/04/25, 12:15:00.869, 6169430813088, vstest.console.dll, TestPluginCache: Discoverers are ''.
TpTrace Verbose: 0 : 8016, 1, 2024/04/25, 12:15:00.869, 6169430813883, vstest.console.dll, TestPluginCache: Executors are ''.
TpTrace Verbose: 0 : 8016, 1, 2024/04/25, 12:15:00.869, 6169430814097, vstest.console.dll, TestPluginCache: Executors2 are ''.
TpTrace Verbose: 0 : 8016, 1, 2024/04/25, 12:15:00.869, 6169430814232, vstest.console.dll, TestPluginCache: Setting providers are ''.
TpTrace Verbose: 0 : 8016, 1, 2024/04/25, 12:15:00.869, 6169430814407, vstest.console.dll, TestPluginCache: Loggers are ''.
TpTrace Verbose: 0 : 8016, 1, 2024/04/25, 12:15:00.869, 6169430816064, vstest.console.dll, TestPluginCache: TestHosts are 'HostProvider://DefaultTestHost,HostProvider://DotnetTestHost'.
TpTrace Verbose: 0 : 8016, 1, 2024/04/25, 12:15:00.869, 6169430816283, vstest.console.dll, TestPluginCache: DataCollectors are ''.
TpTrace Information: 0 : 8016, 1, 2024/04/25, 12:15:00.880, 6169430919411, vstest.console.dll, RunTestsArgumentProcessor:Execute: Test run is starting.
TpTrace Verbose: 0 : 8016, 1, 2024/04/25, 12:15:00.880, 6169430920333, vstest.console.dll, RunTestsArgumentProcessor:Execute: Queuing Test run.
TpTrace Information: 0 : 8016, 1, 2024/04/25, 12:15:00.880, 6169430922615, vstest.console.dll, TestRequestManager.RunTests: run tests started.
TpTrace Information: 0 : 8016, 1, 2024/04/25, 12:15:00.881, 6169430934001, vstest.console.dll, AssemblyMetadataProvider.GetFrameworkName: Determined framework:'.NETCoreApp,Version=v6.0' for source: 'C:\Users\VC\Desktop\Presidio\Genspark-trainings\dotnet-trainings\console-spplications\day9\day11shoppingCartSolution\RepositoryTest\bin\Debug\net6.0\fine-code-coverage\build-output\RepositoryTest.dll'
TpTrace Information: 0 : 8016, 1, 2024/04/25, 12:15:00.881, 6169430935856, vstest.console.dll, Determined framework for all sources: .NETCoreApp,Version=v6.0
TpTrace Verbose: 0 : 8016, 1, 2024/04/25, 12:15:00.882, 6169430938693, vstest.console.dll, TestRequestManager.UpdateRunSettingsIfRequired: Default architecture: X64 IsDefaultTargetArchitecture: True, Current process architecture: X64 OperatingSystem: Windows.
TpTrace Information: 0 : 8016, 1, 2024/04/25, 12:15:00.883, 6169430953602, vstest.console.dll, AssemblyMetadataProvider.GetArchitecture: Determined architecture:AnyCPU info for assembly: C:\Users\VC\Desktop\Presidio\Genspark-trainings\dotnet-trainings\console-spplications\day9\day11shoppingCartSolution\RepositoryTest\bin\Debug\net6.0\fine-code-coverage\build-output\RepositoryTest.dll
TpTrace Information: 0 : 8016, 1, 2024/04/25, 12:15:00.883, 6169430954378, vstest.console.dll, Determined platform for source 'C:\Users\VC\Desktop\Presidio\Genspark-trainings\dotnet-trainings\console-spplications\day9\day11shoppingCartSolution\RepositoryTest\bin\Debug\net6.0\fine-code-coverage\build-output\RepositoryTest.dll' was AnyCPU and it will use the default plaform X64.
TpTrace Information: 0 : 8016, 1, 2024/04/25, 12:15:00.883, 6169430954571, vstest.console.dll, None of the sources provided any runnable platform, using the default platform: X64
TpTrace Information: 0 : 8016, 1, 2024/04/25, 12:15:00.883, 6169430955590, vstest.console.dll, Platform was updated to 'X64'.
TpTrace Information: 0 : 8016, 1, 2024/04/25, 12:15:00.888, 6169431001735, vstest.console.dll, InferRunSettingsHelper.IsTestSettingsEnabled: Unable to navigate to RunSettings/MSTest. Current node: RunSettings
TpTrace Information: 0 : 8016, 1, 2024/04/25, 12:15:00.889, 6169431011683, vstest.console.dll, AssemblyResolver.OnResolve: Microsoft.VisualStudio.TestPlatform.Fakes: Resolving assembly.
TpTrace Information: 0 : 8016, 1, 2024/04/25, 12:15:00.889, 6169431012741, vstest.console.dll, AssemblyResolver.OnResolve: Microsoft.VisualStudio.TestPlatform.Fakes: Searching in: 'C:\Program Files\dotnet\sdk\8.0.202\Extensions'.
TpTrace Information: 0 : 8016, 1, 2024/04/25, 12:15:00.889, 6169431013857, vstest.console.dll, AssemblyResolver.OnResolve: Microsoft.VisualStudio.TestPlatform.Fakes: Assembly path does not exist: 'C:\Program Files\dotnet\sdk\8.0.202\Extensions\Microsoft.VisualStudio.TestPlatform.Fakes.dll', returning.
TpTrace Information: 0 : 8016, 1, 2024/04/25, 12:15:00.889, 6169431014444, vstest.console.dll, AssemblyResolver.OnResolve: Microsoft.VisualStudio.TestPlatform.Fakes: Assembly path does not exist: 'C:\Program Files\dotnet\sdk\8.0.202\Extensions\Microsoft.VisualStudio.TestPlatform.Fakes.exe', returning.
TpTrace Information: 0 : 8016, 1, 2024/04/25, 12:15:00.889, 6169431014699, vstest.console.dll, AssemblyResolver.OnResolve: Microsoft.VisualStudio.TestPlatform.Fakes: Searching in: 'C:\Program Files\dotnet\sdk\8.0.202'.
TpTrace Information: 0 : 8016, 1, 2024/04/25, 12:15:00.889, 6169431015188, vstest.console.dll, AssemblyResolver.OnResolve: Microsoft.VisualStudio.TestPlatform.Fakes: Assembly path does not exist: 'C:\Program Files\dotnet\sdk\8.0.202\Microsoft.VisualStudio.TestPlatform.Fakes.dll', returning.
TpTrace Information: 0 : 8016, 1, 2024/04/25, 12:15:00.889, 6169431016492, vstest.console.dll, AssemblyResolver.OnResolve: Microsoft.VisualStudio.TestPlatform.Fakes: Assembly path does not exist: 'C:\Program Files\dotnet\sdk\8.0.202\Microsoft.VisualStudio.TestPlatform.Fakes.exe', returning.
TpTrace Information: 0 : 8016, 1, 2024/04/25, 12:15:00.889, 6169431016889, vstest.console.dll, AssemblyResolver.OnResolve: Microsoft.VisualStudio.TestPlatform.Fakes: Failed to load assembly.
TpTrace Information: 0 : 8016, 1, 2024/04/25, 12:15:00.890, 6169431019916, vstest.console.dll, Failed to load assembly Microsoft.VisualStudio.TestPlatform.Fakes, Version=17.0.0.0, Culture=neutral. Reason:System.IO.FileNotFoundException: Could not load file or assembly 'Microsoft.VisualStudio.TestPlatform.Fakes, Version=17.0.0.0, Culture=neutral, PublicKeyToken=null'. The system cannot find the file specified.
File name: 'Microsoft.VisualStudio.TestPlatform.Fakes, Version=17.0.0.0, Culture=neutral, PublicKeyToken=null'
   at System.Reflection.RuntimeAssembly.InternalLoad(AssemblyName assemblyName, StackCrawlMark& stackMark, AssemblyLoadContext assemblyLoadContext, RuntimeAssembly requestingAssembly, Boolean throwOnFileNotFound)
   at System.Reflection.Assembly.Load(AssemblyName assemblyRef)
   at Microsoft.VisualStudio.TestPlatform.Common.Utilities.FakesUtilities.LoadTestPlatformAssembly() in /_/src/Microsoft.TestPlatform.Common/Utilities/FakesUtilities.cs:line 272
TpTrace Verbose: 0 : 8016, 1, 2024/04/25, 12:15:00.893, 6169431050717, vstest.console.dll, TestPluginCache.DiscoverTestExtensions: finding test extensions in assemblies ends with: TestLogger.dll TPluginInfo: Microsoft.VisualStudio.TestPlatform.Common.ExtensionFramework.Utilities.TestLoggerPluginInformation TExtension: Microsoft.VisualStudio.TestPlatform.ObjectModel.Client.ITestLogger
TpTrace Verbose: 0 : 8016, 1, 2024/04/25, 12:15:00.893, 6169431051739, vstest.console.dll, TestPluginCache.GetExtensionPaths: Filtered extension paths: 
TpTrace Verbose: 0 : 8016, 1, 2024/04/25, 12:15:00.893, 6169431051925, vstest.console.dll, TestPluginCache.GetExtensionPaths: Added default extension paths: C:\Program Files\dotnet\sdk\8.0.202\Extensions\Microsoft.Diagnostics.NETCore.Client.dll
C:\Program Files\dotnet\sdk\8.0.202\Extensions\Microsoft.TestPlatform.Extensions.BlameDataCollector.dll
C:\Program Files\dotnet\sdk\8.0.202\Extensions\Microsoft.TestPlatform.Extensions.EventLogCollector.dll
C:\Program Files\dotnet\sdk\8.0.202\Extensions\Microsoft.TestPlatform.TestHostRuntimeProvider.dll
C:\Program Files\dotnet\sdk\8.0.202\Extensions\Microsoft.VisualStudio.TestPlatform.Extensions.Html.TestLogger.dll
C:\Program Files\dotnet\sdk\8.0.202\Extensions\Microsoft.VisualStudio.TestPlatform.Extensions.Trx.TestLogger.dll
TpTrace Verbose: 0 : 8016, 1, 2024/04/25, 12:15:00.893, 6169431052085, vstest.console.dll, TestPluginCache.GetExtensionPaths: Added unfilterableExtensionPaths: 
TpTrace Information: 0 : 8016, 1, 2024/04/25, 12:15:00.893, 6169431053018, vstest.console.dll, AssemblyResolver.AddSearchDirectories: Adding more searchDirectories C:\Program Files\dotnet\sdk\8.0.202\Extensions,C:\Program Files\dotnet\sdk\8.0.202
TpTrace Verbose: 0 : 8016, 1, 2024/04/25, 12:15:00.893, 6169431053285, vstest.console.dll, TestPluginCache.DiscoverTestExtensions: Discovering the extensions using extension path.
TpTrace Verbose: 0 : 8016, 1, 2024/04/25, 12:15:00.893, 6169431053472, vstest.console.dll, TestPluginCache.GetExtensionPaths: Filtered extension paths: 
TpTrace Verbose: 0 : 8016, 1, 2024/04/25, 12:15:00.893, 6169431053662, vstest.console.dll, TestPluginCache.GetExtensionPaths: Added default extension paths: C:\Program Files\dotnet\sdk\8.0.202\Extensions\Microsoft.Diagnostics.NETCore.Client.dll
C:\Program Files\dotnet\sdk\8.0.202\Extensions\Microsoft.TestPlatform.Extensions.BlameDataCollector.dll
C:\Program Files\dotnet\sdk\8.0.202\Extensions\Microsoft.TestPlatform.Extensions.EventLogCollector.dll
C:\Program Files\dotnet\sdk\8.0.202\Extensions\Microsoft.TestPlatform.TestHostRuntimeProvider.dll
C:\Program Files\dotnet\sdk\8.0.202\Extensions\Microsoft.VisualStudio.TestPlatform.Extensions.Html.TestLogger.dll
C:\Program Files\dotnet\sdk\8.0.202\Extensions\Microsoft.VisualStudio.TestPlatform.Extensions.Trx.TestLogger.dll
TpTrace Verbose: 0 : 8016, 1, 2024/04/25, 12:15:00.893, 6169431053816, vstest.console.dll, TestPluginCache.GetExtensionPaths: Added unfilterableExtensionPaths: 
TpTrace Verbose: 0 : 8016, 1, 2024/04/25, 12:15:00.893, 6169431054423, vstest.console.dll, TestPluginCache.DiscoverTestExtensions: Discovering the extensions using allExtensionPaths: C:\Program Files\dotnet\sdk\8.0.202\Extensions\Microsoft.Diagnostics.NETCore.Client.dll
C:\Program Files\dotnet\sdk\8.0.202\Extensions\Microsoft.TestPlatform.Extensions.BlameDataCollector.dll
C:\Program Files\dotnet\sdk\8.0.202\Extensions\Microsoft.TestPlatform.Extensions.EventLogCollector.dll
C:\Program Files\dotnet\sdk\8.0.202\Extensions\Microsoft.TestPlatform.TestHostRuntimeProvider.dll
C:\Program Files\dotnet\sdk\8.0.202\Extensions\Microsoft.VisualStudio.TestPlatform.Extensions.Html.TestLogger.dll
C:\Program Files\dotnet\sdk\8.0.202\Extensions\Microsoft.VisualStudio.TestPlatform.Extensions.Trx.TestLogger.dll
TpTrace Information: 0 : 8016, 1, 2024/04/25, 12:15:00.893, 6169431054747, vstest.console.dll, AssemblyResolver.AddSearchDirectories: Adding more searchDirectories C:\Program Files\dotnet\sdk\8.0.202\Extensions,C:\Program Files\dotnet\sdk\8.0.202
TpTrace Information: 0 : 8016, 1, 2024/04/25, 12:15:00.893, 6169431054947, vstest.console.dll, AssemblyResolver.AddSearchDirectories: Adding more searchDirectories C:\Program Files\dotnet\sdk\8.0.202\Extensions,C:\Program Files\dotnet\sdk\8.0.202
TpTrace Information: 0 : 8016, 1, 2024/04/25, 12:15:00.893, 6169431055100, vstest.console.dll, AssemblyResolver.AddSearchDirectories: Adding more searchDirectories C:\Program Files\dotnet\sdk\8.0.202\Extensions,C:\Program Files\dotnet\sdk\8.0.202
TpTrace Information: 0 : 8016, 1, 2024/04/25, 12:15:00.893, 6169431055248, vstest.console.dll, AssemblyResolver.AddSearchDirectories: Adding more searchDirectories C:\Program Files\dotnet\sdk\8.0.202\Extensions,C:\Program Files\dotnet\sdk\8.0.202
TpTrace Information: 0 : 8016, 1, 2024/04/25, 12:15:00.893, 6169431055424, vstest.console.dll, AssemblyResolver.AddSearchDirectories: Adding more searchDirectories C:\Program Files\dotnet\sdk\8.0.202\Extensions,C:\Program Files\dotnet\sdk\8.0.202
TpTrace Information: 0 : 8016, 1, 2024/04/25, 12:15:00.893, 6169431055576, vstest.console.dll, AssemblyResolver.AddSearchDirectories: Adding more searchDirectories C:\Program Files\dotnet\sdk\8.0.202\Extensions,C:\Program Files\dotnet\sdk\8.0.202
TpTrace Verbose: 0 : 8016, 1, 2024/04/25, 12:15:00.893, 6169431056598, vstest.console.dll, MetadataReaderExtensionsHelper: Discovering extensions inside assembly 'Microsoft.Diagnostics.NETCore.Client, Version=0.2.9.2401, Culture=neutral, PublicKeyToken=31bf3856ad364e35' file path 'C:\Program Files\dotnet\sdk\8.0.202\Extensions\Microsoft.Diagnostics.NETCore.Client.dll'
TpTrace Information: 0 : 8016, 1, 2024/04/25, 12:15:00.894, 6169431062906, vstest.console.dll, AssemblyResolver.OnResolve: Microsoft.Bcl.AsyncInterfaces: Resolving assembly.
TpTrace Information: 0 : 8016, 1, 2024/04/25, 12:15:00.894, 6169431063370, vstest.console.dll, AssemblyResolver.OnResolve: Microsoft.Bcl.AsyncInterfaces: Resolved from cache.
TpTrace Verbose: 0 : 8016, 1, 2024/04/25, 12:15:00.894, 6169431063565, vstest.console.dll, CurrentDomainAssemblyResolve: Resolving assembly 'Microsoft.Bcl.AsyncInterfaces'.
TpTrace Information: 0 : 8016, 1, 2024/04/25, 12:15:00.894, 6169431063865, vstest.console.dll, AssemblyResolver.OnResolve: Microsoft.Bcl.AsyncInterfaces: Resolving assembly.
TpTrace Information: 0 : 8016, 1, 2024/04/25, 12:15:00.894, 6169431064014, vstest.console.dll, AssemblyResolver.OnResolve: Microsoft.Bcl.AsyncInterfaces: Resolved from cache.
TpTrace Verbose: 0 : 8016, 1, 2024/04/25, 12:15:00.894, 6169431064222, vstest.console.dll, CurrentDomainAssemblyResolve: Resolving assembly 'Microsoft.Bcl.AsyncInterfaces'.
TpTrace Verbose: 0 : 8016, 1, 2024/04/25, 12:15:00.894, 6169431064357, vstest.console.dll, CurrentDomainAssemblyResolve: Failed to resolve assembly 'Microsoft.Bcl.AsyncInterfaces'.
TpTrace Verbose: 0 : 8016, 1, 2024/04/25, 12:15:00.894, 6169431065460, vstest.console.dll, CurrentDomainAssemblyResolve: Failed to resolve assembly 'Microsoft.Bcl.AsyncInterfaces'.
TpTrace Warning: 0 : 8016, 1, 2024/04/25, 12:15:00.894, 6169431068207, vstest.console.dll, TestPluginDiscoverer: Failed to get types from assembly 'Microsoft.Diagnostics.NETCore.Client, Version=0.2.9.2401, Culture=neutral, PublicKeyToken=31bf3856ad364e35'. Error: System.Reflection.ReflectionTypeLoadException: Unable to load one or more of the requested types.
Could not load file or assembly 'Microsoft.Bcl.AsyncInterfaces, Version=6.0.0.0, Culture=neutral, PublicKeyToken=cc7b13ffcd2ddd51'. The system cannot find the file specified.
   at System.Reflection.RuntimeModule.GetTypes(RuntimeModule module)
   at System.Reflection.RuntimeModule.GetTypes()
   at Microsoft.VisualStudio.TestPlatform.Common.ExtensionFramework.TestPluginDiscoverer.GetTestExtensionsFromAssembly[TPluginInfo,TExtension](Assembly assembly, Dictionary`2 pluginInfos, String filePath) in /_/src/Microsoft.TestPlatform.Common/ExtensionFramework/TestPluginDiscoverer.cs:line 158
System.IO.FileNotFoundException: Could not load file or assembly 'Microsoft.Bcl.AsyncInterfaces, Version=6.0.0.0, Culture=neutral, PublicKeyToken=cc7b13ffcd2ddd51'. The system cannot find the file specified.
File name: 'Microsoft.Bcl.AsyncInterfaces, Version=6.0.0.0, Culture=neutral, PublicKeyToken=cc7b13ffcd2ddd51'
 ---> System.IO.FileNotFoundException: Could not load file or assembly 'Microsoft.Bcl.AsyncInterfaces, Culture=neutral, PublicKeyToken=null'. The system cannot find the file specified.
File name: 'Microsoft.Bcl.AsyncInterfaces, Culture=neutral, PublicKeyToken=null'
   at System.Reflection.RuntimeAssembly.InternalLoad(AssemblyName assemblyName, StackCrawlMark& stackMark, AssemblyLoadContext assemblyLoadContext, RuntimeAssembly requestingAssembly, Boolean throwOnFileNotFound)
   at System.Reflection.Assembly.Load(AssemblyName assemblyRef)
   at Microsoft.VisualStudio.TestPlatform.Common.ExtensionFramework.TestPluginCache.CurrentDomainAssemblyResolve(Object sender, AssemblyResolveEventArgs args) in /_/src/Microsoft.TestPlatform.Common/ExtensionFramework/TestPluginCache.cs:line 513
   at System.Runtime.Loader.AssemblyLoadContext.GetFirstResolvedAssemblyFromResolvingEvent(AssemblyName assemblyName)
   at System.Runtime.Loader.AssemblyLoadContext.ResolveUsingEvent(AssemblyName assemblyName)
   at System.Runtime.Loader.AssemblyLoadContext.ResolveUsingResolvingEvent(IntPtr gchManagedAssemblyLoadContext, AssemblyName assemblyName)
TpTrace Warning: 0 : 8016, 1, 2024/04/25, 12:15:00.895, 6169431069492, vstest.console.dll, LoaderExceptions: System.IO.FileNotFoundException: Could not load file or assembly 'Microsoft.Bcl.AsyncInterfaces, Version=6.0.0.0, Culture=neutral, PublicKeyToken=cc7b13ffcd2ddd51'. The system cannot find the file specified.
File name: 'Microsoft.Bcl.AsyncInterfaces, Version=6.0.0.0, Culture=neutral, PublicKeyToken=cc7b13ffcd2ddd51'
 ---> System.IO.FileNotFoundException: Could not load file or assembly 'Microsoft.Bcl.AsyncInterfaces, Culture=neutral, PublicKeyToken=null'. The system cannot find the file specified.
File name: 'Microsoft.Bcl.AsyncInterfaces, Culture=neutral, PublicKeyToken=null'
   at System.Reflection.RuntimeAssembly.InternalLoad(AssemblyName assemblyName, StackCrawlMark& stackMark, AssemblyLoadContext assemblyLoadContext, RuntimeAssembly requestingAssembly, Boolean throwOnFileNotFound)
   at System.Reflection.Assembly.Load(AssemblyName assemblyRef)
   at Microsoft.VisualStudio.TestPlatform.Common.ExtensionFramework.TestPluginCache.CurrentDomainAssemblyResolve(Object sender, AssemblyResolveEventArgs args) in /_/src/Microsoft.TestPlatform.Common/ExtensionFramework/TestPluginCache.cs:line 513
   at System.Runtime.Loader.AssemblyLoadContext.GetFirstResolvedAssemblyFromResolvingEvent(AssemblyName assemblyName)
   at System.Runtime.Loader.AssemblyLoadContext.ResolveUsingEvent(AssemblyName assemblyName)
   at System.Runtime.Loader.AssemblyLoadContext.ResolveUsingResolvingEvent(IntPtr gchManagedAssemblyLoadContext, AssemblyName assemblyName)
TpTrace Verbose: 0 : 8016, 1, 2024/04/25, 12:15:00.895, 6169431070024, vstest.console.dll, MetadataReaderExtensionsHelper: Discovering extensions inside assembly 'Microsoft.TestPlatform.Extensions.BlameDataCollector, Version=15.0.0.0, Culture=neutral, PublicKeyToken=b03f5f7f11d50a3a' file path 'C:\Program Files\dotnet\sdk\8.0.202\Extensions\Microsoft.TestPlatform.Extensions.BlameDataCollector.dll'
TpTrace Information: 0 : 8016, 1, 2024/04/25, 12:15:00.895, 6169431073712, vstest.console.dll, GetTestExtensionFromType: Register extension with identifier data 'logger://Microsoft/TestPlatform/Extensions/Blame/v1' and type 'Microsoft.TestPlatform.Extensions.BlameDataCollector.BlameLogger, Microsoft.TestPlatform.Extensions.BlameDataCollector, Version=15.0.0.0, Culture=neutral, PublicKeyToken=b03f5f7f11d50a3a' inside file 'C:\Program Files\dotnet\sdk\8.0.202\Extensions\Microsoft.TestPlatform.Extensions.BlameDataCollector.dll'
TpTrace Verbose: 0 : 8016, 1, 2024/04/25, 12:15:00.895, 6169431074429, vstest.console.dll, MetadataReaderExtensionsHelper: Discovering extensions inside assembly 'Microsoft.TestPlatform.Extensions.EventLogCollector, Version=15.0.0.0, Culture=neutral, PublicKeyToken=b03f5f7f11d50a3a' file path 'C:\Program Files\dotnet\sdk\8.0.202\Extensions\Microsoft.TestPlatform.Extensions.EventLogCollector.dll'
TpTrace Verbose: 0 : 8016, 1, 2024/04/25, 12:15:00.895, 6169431076835, vstest.console.dll, MetadataReaderExtensionsHelper: Discovering extensions inside assembly 'Microsoft.TestPlatform.TestHostRuntimeProvider, Version=15.0.0.0, Culture=neutral, PublicKeyToken=b03f5f7f11d50a3a' file path 'C:\Program Files\dotnet\sdk\8.0.202\Extensions\Microsoft.TestPlatform.TestHostRuntimeProvider.dll'
TpTrace Verbose: 0 : 8016, 1, 2024/04/25, 12:15:00.896, 6169431078810, vstest.console.dll, MetadataReaderExtensionsHelper: Discovering extensions inside assembly 'Microsoft.VisualStudio.TestPlatform.Extensions.Html.TestLogger, Version=15.0.0.0, Culture=neutral, PublicKeyToken=b03f5f7f11d50a3a' file path 'C:\Program Files\dotnet\sdk\8.0.202\Extensions\Microsoft.VisualStudio.TestPlatform.Extensions.Html.TestLogger.dll'
TpTrace Information: 0 : 8016, 1, 2024/04/25, 12:15:00.896, 6169431083484, vstest.console.dll, GetTestExtensionFromType: Register extension with identifier data 'logger://Microsoft/TestPlatform/HtmlLogger/v1' and type 'Microsoft.VisualStudio.TestPlatform.Extensions.HtmlLogger.HtmlLogger, Microsoft.VisualStudio.TestPlatform.Extensions.Html.TestLogger, Version=15.0.0.0, Culture=neutral, PublicKeyToken=b03f5f7f11d50a3a' inside file 'C:\Program Files\dotnet\sdk\8.0.202\Extensions\Microsoft.VisualStudio.TestPlatform.Extensions.Html.TestLogger.dll'
TpTrace Verbose: 0 : 8016, 1, 2024/04/25, 12:15:00.896, 6169431083992, vstest.console.dll, MetadataReaderExtensionsHelper: Discovering extensions inside assembly 'Microsoft.VisualStudio.TestPlatform.Extensions.Trx.TestLogger, Version=15.0.0.0, Culture=neutral, PublicKeyToken=b03f5f7f11d50a3a' file path 'C:\Program Files\dotnet\sdk\8.0.202\Extensions\Microsoft.VisualStudio.TestPlatform.Extensions.Trx.TestLogger.dll'
TpTrace Information: 0 : 8016, 1, 2024/04/25, 12:15:00.896, 6169431086598, vstest.console.dll, GetTestExtensionFromType: Register extension with identifier data 'logger://Microsoft/TestPlatform/TrxLogger/v1' and type 'Microsoft.VisualStudio.TestPlatform.Extensions.TrxLogger.TrxLogger, Microsoft.VisualStudio.TestPlatform.Extensions.Trx.TestLogger, Version=15.0.0.0, Culture=neutral, PublicKeyToken=b03f5f7f11d50a3a' inside file 'C:\Program Files\dotnet\sdk\8.0.202\Extensions\Microsoft.VisualStudio.TestPlatform.Extensions.Trx.TestLogger.dll'
TpTrace Verbose: 0 : 8016, 1, 2024/04/25, 12:15:00.896, 6169431087110, vstest.console.dll, TestPluginCache: Discovered the extensions using extension path ''.
TpTrace Verbose: 0 : 8016, 1, 2024/04/25, 12:15:00.896, 6169431087296, vstest.console.dll, TestPluginCache: Discoverers are ''.
TpTrace Verbose: 0 : 8016, 1, 2024/04/25, 12:15:00.896, 6169431087432, vstest.console.dll, TestPluginCache: Executors are ''.
TpTrace Verbose: 0 : 8016, 1, 2024/04/25, 12:15:00.896, 6169431087561, vstest.console.dll, TestPluginCache: Executors2 are ''.
TpTrace Verbose: 0 : 8016, 1, 2024/04/25, 12:15:00.896, 6169431087715, vstest.console.dll, TestPluginCache: Setting providers are ''.
TpTrace Verbose: 0 : 8016, 1, 2024/04/25, 12:15:00.896, 6169431088499, vstest.console.dll, TestPluginCache: Loggers are 'logger://Microsoft/TestPlatform/Extensions/Blame/v1,logger://Microsoft/TestPlatform/HtmlLogger/v1,logger://Microsoft/TestPlatform/TrxLogger/v1'.
TpTrace Verbose: 0 : 8016, 1, 2024/04/25, 12:15:00.897, 6169431088871, vstest.console.dll, TestPluginCache: TestHosts are 'HostProvider://DefaultTestHost,HostProvider://DotnetTestHost'.
TpTrace Verbose: 0 : 8016, 1, 2024/04/25, 12:15:00.897, 6169431089113, vstest.console.dll, TestPluginCache: DataCollectors are ''.
TpTrace Information: 0 : 8016, 1, 2024/04/25, 12:15:00.898, 6169431100005, vstest.console.dll, TestPluginManager.CreateTestExtension: Attempting to load test extension: Microsoft.TestPlatform.Extensions.BlameDataCollector.BlameLogger
TpTrace Verbose: 0 : 8016, 1, 2024/04/25, 12:15:00.908, 6169431200441, vstest.console.dll, TestEngine: Initializing Parallel Execution as MaxCpuCount is set to: 1
TpTrace Information: 0 : 8016, 1, 2024/04/25, 12:15:00.911, 6169431230416, vstest.console.dll, TestPluginManager.CreateTestExtension: Attempting to load test extension: Microsoft.VisualStudio.TestPlatform.CrossPlatEngine.Hosting.DefaultTestHostManager
TpTrace Information: 0 : 8016, 1, 2024/04/25, 12:15:00.912, 6169431240622, vstest.console.dll, TestPluginManager.CreateTestExtension: Attempting to load test extension: Microsoft.VisualStudio.TestPlatform.CrossPlatEngine.Hosting.DotnetTestHostManager
TpTrace Information: 0 : 8016, 1, 2024/04/25, 12:15:00.912, 6169431247519, vstest.console.dll, InferRunSettingsHelper.IsTestSettingsEnabled: Unable to navigate to RunSettings/MSTest. Current node: RunSettings
TpTrace Verbose: 0 : 8016, 1, 2024/04/25, 12:15:00.913, 6169431253108, vstest.console.dll, ParallelOperationManager.ClearSlots: Clearing all slots. Slots should accept more work: True
TpTrace Verbose: 0 : 8016, 1, 2024/04/25, 12:15:00.914, 6169431264531, vstest.console.dll, ParallelOperationManager.SetOccupiedSlotCount: Setting slot counts AvailableSlotCount = 1, OccupiedSlotCount = 0.
TpTrace Verbose: 0 : 8016, 1, 2024/04/25, 12:15:00.915, 6169431271193, vstest.console.dll, Occupied slots:

TpTrace Verbose: 0 : 8016, 1, 2024/04/25, 12:15:00.920, 6169431325357, vstest.console.dll, TestEngine.GetExecutionManager: Chosen execution manager 'Microsoft.VisualStudio.TestPlatform.CrossPlatEngine.Client.Parallel.ParallelProxyExecutionManager, Microsoft.TestPlatform.CrossPlatEngine, Version=15.0.0.0, Culture=neutral, PublicKeyToken=b03f5f7f11d50a3a' ParallelLevel '1'.
TpTrace Verbose: 0 : 8016, 1, 2024/04/25, 12:15:00.921, 6169431329482, vstest.console.dll, TestRunRequest.ExecuteAsync: Creating test run request.
TpTrace Verbose: 0 : 8016, 1, 2024/04/25, 12:15:00.921, 6169431331544, vstest.console.dll, TestRunRequest.ExecuteAsync: Starting.
TpTrace Information: 0 : 8016, 1, 2024/04/25, 12:15:00.922, 6169431347211, vstest.console.dll, TestRunRequest.ExecuteAsync: Starting run with settings:TestRunCriteria:
   KeepAlive=False,FrequencyOfRunStatsChangeEvent=10,RunStatsChangeEventTimeout=00:00:01.5000000,TestCaseFilter=,TestExecutorLauncher=
   Settingsxml=<RunSettings>
  <RunConfiguration>
    <ResultsDirectory>C:\Users\VC\Desktop\Presidio\Genspark-trainings\dotnet-trainings\console-spplications\day9\day11shoppingCartSolution\RepositoryTest\bin\Debug\net6.0\fine-code-coverage\coverage-tool-output</ResultsDirectory>
    <TargetPlatform>X64</TargetPlatform>
    <TargetFrameworkVersion>.NETCoreApp,Version=v6.0</TargetFrameworkVersion>
    <DesignMode>False</DesignMode>
    <CollectSourceInformation>False</CollectSourceInformation>
  </RunConfiguration>
  <LoggerRunSettings>
    <Loggers>
      <Logger friendlyName="blame" enabled="True" />
      <Logger friendlyName="Console" uri="logger://microsoft/TestPlatform/ConsoleLogger/v1" assemblyQualifiedName="Microsoft.VisualStudio.TestPlatform.CommandLine.Internal.ConsoleLogger, vstest.console, Version=15.0.0.0, Culture=neutral, PublicKeyToken=b03f5f7f11d50a3a" codeBase="C:\Program Files\dotnet\sdk\8.0.202\vstest.console.dll" enabled="True" />
    </Loggers>
  </LoggerRunSettings>
  <DataCollectionRunSettings>
    <DataCollectors>
      <DataCollector friendlyName="blame" enabled="True">
        <Configuration>
          <ResultsDirectory>C:\Users\VC\Desktop\Presidio\Genspark-trainings\dotnet-trainings\console-spplications\day9\day11shoppingCartSolution\RepositoryTest\bin\Debug\net6.0\fine-code-coverage\coverage-tool-output</ResultsDirectory>
        </Configuration>
      </DataCollector>
    </DataCollectors>
  </DataCollectionRunSettings>
</RunSettings>

TpTrace Verbose: 0 : 8016, 1, 2024/04/25, 12:15:00.922, 6169431348172, vstest.console.dll, TestRunRequest.ExecuteAsync: Wait for the first run request is over.
TpTrace Verbose: 0 : 8016, 1, 2024/04/25, 12:15:00.923, 6169431351975, vstest.console.dll, MulticastDelegateUtilities.SafeInvoke: TestRun.TestRunStart: Invoking callbacks was skipped because there are no subscribers.
TpTrace Verbose: 0 : 8016, 4, 2024/04/25, 12:15:00.923, 6169431355364, vstest.console.dll, MulticastDelegateUtilities.SafeInvoke: InternalTestLoggerEvents.SendTestRunStart: Invoking callback 1/1 for Microsoft.VisualStudio.TestPlatform.CommandLine.Internal.ConsoleLogger., took 0 ms.
TpTrace Verbose: 0 : 8016, 1, 2024/04/25, 12:15:00.924, 6169431365886, vstest.console.dll, ParallelProxyExecutionManager: Start execution. Total sources: 1
TpTrace Verbose: 0 : 8016, 1, 2024/04/25, 12:15:00.925, 6169431370097, vstest.console.dll, ParallelOperationManager.StartWork: Starting adding 1 workloads.
TpTrace Verbose: 0 : 8016, 1, 2024/04/25, 12:15:00.925, 6169431370841, vstest.console.dll, ParallelOperationManager.ClearSlots: Clearing all slots. Slots should accept more work: True
TpTrace Verbose: 0 : 8016, 1, 2024/04/25, 12:15:00.925, 6169431371456, vstest.console.dll, ParallelOperationManager.SetOccupiedSlotCount: Setting slot counts AvailableSlotCount = 1, OccupiedSlotCount = 0.
TpTrace Verbose: 0 : 8016, 1, 2024/04/25, 12:15:00.925, 6169431371745, vstest.console.dll, Occupied slots:

TpTrace Verbose: 0 : 8016, 1, 2024/04/25, 12:15:00.926, 6169431385727, vstest.console.dll, TestRequestSender is acting as server.
TpTrace Verbose: 0 : 8016, 1, 2024/04/25, 12:15:00.927, 6169431395198, vstest.console.dll, ParallelOperationManager.RunWorkInParallel: Adding 1 workload to slot, remaining workloads 0.
TpTrace Verbose: 0 : 8016, 1, 2024/04/25, 12:15:00.927, 6169431395751, vstest.console.dll, ParallelOperationManager.SetOccupiedSlotCount: Setting slot counts AvailableSlotCount = 0, OccupiedSlotCount = 1.
TpTrace Verbose: 0 : 8016, 1, 2024/04/25, 12:15:00.927, 6169431396538, vstest.console.dll, Occupied slots:
0: C:\Users\VC\Desktop\Presidio\Genspark-trainings\dotnet-trainings\console-spplications\day9\day11shoppingCartSolution\RepositoryTest\bin\Debug\net6.0\fine-code-coverage\build-output\RepositoryTest.dll
TpTrace Verbose: 0 : 8016, 1, 2024/04/25, 12:15:00.928, 6169431406381, vstest.console.dll, ParallelOperationManager.RunWorkInParallel: Started host in slot number 0 for work (source): C:\Users\VC\Desktop\Presidio\Genspark-trainings\dotnet-trainings\console-spplications\day9\day11shoppingCartSolution\RepositoryTest\bin\Debug\net6.0\fine-code-coverage\build-output\RepositoryTest.dll.
TpTrace Verbose: 0 : 8016, 1, 2024/04/25, 12:15:00.929, 6169431415206, vstest.console.dll, ParallelOperationManager.RunWorkInParallel: We started 1 work items, which is the max parallel level. Won't start more work.
TpTrace Verbose: 0 : 8016, 1, 2024/04/25, 12:15:00.929, 6169431415977, vstest.console.dll, ParallelOperationManager.RunWorkInParallel: We started 1 work items in here, returning True.
TpTrace Information: 0 : 8016, 1, 2024/04/25, 12:15:00.929, 6169431416318, vstest.console.dll, TestRunRequest.ExecuteAsync: Started.
TpTrace Verbose: 0 : 8016, 5, 2024/04/25, 12:15:00.929, 6169431416965, vstest.console.dll, ParallelProxyExecutionManager.StartTestRunOnConcurrentManager: Initializing uninitialized client. Started clients: 0
TpTrace Verbose: 0 : 8016, 5, 2024/04/25, 12:15:00.929, 6169431418118, vstest.console.dll, DataCollectionRequestSender.InitializeCommunication : Initialize communication. 
TpTrace Verbose: 0 : 8016, 1, 2024/04/25, 12:15:00.930, 6169431420821, vstest.console.dll, TestRunRequest.WaitForCompletion: Waiting with timeout -1.
TpTrace Information: 0 : 8016, 5, 2024/04/25, 12:15:00.937, 6169431489132, vstest.console.dll, Listening on Endpoint : 127.0.0.1:50387
TpTrace Verbose: 0 : 8016, 5, 2024/04/25, 12:15:00.942, 6169431543658, vstest.console.dll, DotnetDataCollectionLauncher: Adding  --runtimeconfig "C:\Program Files\dotnet\sdk\8.0.202\datacollector.runtimeconfig.json" in args
TpTrace Verbose: 0 : 8016, 5, 2024/04/25, 12:15:00.942, 6169431544807, vstest.console.dll, DotnetDataCollectionLauncher: Adding  --depsfile "C:\Program Files\dotnet\sdk\8.0.202\datacollector.deps.json" in args
TpTrace Verbose: 0 : 8016, 5, 2024/04/25, 12:15:00.942, 6169431546098, vstest.console.dll, DotnetDataCollectionLauncher: Full path of dotnet.exe is C:\Program Files\dotnet\dotnet.exe
TpTrace Information: 0 : 8016, 5, 2024/04/25, 12:15:00.951, 6169431632564, vstest.console.dll, ProxyDataCollectionManager.Initialize: Launched datacollector processId: 32252 port: 50387
TpTrace Information: 0 : 8016, 5, 2024/04/25, 12:15:00.951, 6169431634279, vstest.console.dll, ProxyDataCollectionManager.Initialize: waiting for connection with timeout: 90 seconds
TpTrace Verbose: 0 : 8016, 5, 2024/04/25, 12:15:00.951, 6169431634725, vstest.console.dll, DataCollectionRequestSender.WaitForRequestHandlerConnection : Waiting for connection with timeout: 90000
TpTrace Verbose: 0 : 8016, 5, 2024/04/25, 12:15:01.090, 6169433025083, vstest.console.dll, SocketCommunicationManager.WaitForClientConnection took: 138 ms, with 90000 ms timeout, and finished with True.
TpTrace Information: 0 : 8016, 7, 2024/04/25, 12:15:01.090, 6169433024990, vstest.console.dll, Using the buffer size of 16384 bytes
TpTrace Verbose: 0 : 8016, 5, 2024/04/25, 12:15:01.090, 6169433026886, vstest.console.dll, ProxyDataCollectionManager.InvokeDataCollectionServiceAction: Starting.
TpTrace Information: 0 : 8016, 7, 2024/04/25, 12:15:01.090, 6169433027130, vstest.console.dll, Accepted Client request and set the flag
TpTrace Information: 0 : 8016, 5, 2024/04/25, 12:15:01.090, 6169433027709, vstest.console.dll, ProxyDataCollectionManager.BeforeTestRunStart: Get environment variable and port for datacollector processId: 32252 port: 50387
TpTrace Verbose: 0 : 8016, 5, 2024/04/25, 12:15:01.091, 6169433028784, vstest.console.dll, DataCollectionRequestSender.SendBeforeTestRunStartAndGetResult: Send BeforeTestRunStart message with settingsXml <RunSettings><RunConfiguration><ResultsDirectory>C:\Users\VC\Desktop\Presidio\Genspark-trainings\dotnet-trainings\console-spplications\day9\day11shoppingCartSolution\RepositoryTest\bin\Debug\net6.0\fine-code-coverage\coverage-tool-output</ResultsDirectory><TargetPlatform>X64</TargetPlatform><TargetFrameworkVersion>.NETCoreApp,Version=v6.0</TargetFrameworkVersion><DesignMode>False</DesignMode><CollectSourceInformation>False</CollectSourceInformation><TestAdaptersPaths>C:\Program Files\dotnet\sdk\8.0.202\Extensions</TestAdaptersPaths></RunConfiguration><LoggerRunSettings><Loggers><Logger friendlyName="blame" enabled="True" /><Logger friendlyName="Console" uri="logger://microsoft/TestPlatform/ConsoleLogger/v1" assemblyQualifiedName="Microsoft.VisualStudio.TestPlatform.CommandLine.Internal.ConsoleLogger, vstest.console, Version=15.0.0.0, Culture=neutral, PublicKeyToken=b03f5f7f11d50a3a" codeBase="C:\Program Files\dotnet\sdk\8.0.202\vstest.console.dll" enabled="True" /></Loggers></LoggerRunSettings><DataCollectionRunSettings><DataCollectors><DataCollector friendlyName="blame" enabled="True"><Configuration><ResultsDirectory>C:\Users\VC\Desktop\Presidio\Genspark-trainings\dotnet-trainings\console-spplications\day9\day11shoppingCartSolution\RepositoryTest\bin\Debug\net6.0\fine-code-coverage\coverage-tool-output</ResultsDirectory></Configuration></DataCollector></DataCollectors></DataCollectionRunSettings></RunSettings> and sources System.Collections.Generic.List`1[System.String]: 
TpTrace Verbose: 0 : 8016, 5, 2024/04/25, 12:15:01.137, 6169433498109, vstest.console.dll, DataCollectionRequestSender.SendBeforeTestRunStartAndGetResult: Received message: (DataCollection.SendMessage) -> {"MessageType":"DataCollection.SendMessage","Payload":{"FriendlyName":null,"Uri":null,"TestCaseId":"00000000-0000-0000-0000-000000000000","Message":"Logging DataCollector Diagnostics in file: C:\\Users\\VC\\Desktop\\Presidio\\Genspark-trainings\\dotnet-trainings\\console-spplications\\day9\\day11shoppingCartSolution\\RepositoryTest\\bin\\Debug\\net6.0\\fine-code-coverage\\coverage-tool-output\\diagnostics.datacollector.24-04-25_12-15-00_94220_5.log","Level":0}}
TpTrace Verbose: 0 : 8016, 5, 2024/04/25, 12:15:01.205, 6169434170268, vstest.console.dll, DataCollectionRequestSender.SendBeforeTestRunStartAndGetResult: Received message: (DataCollection.BeforeTestRunStartResult) -> {"MessageType":"DataCollection.BeforeTestRunStartResult","Payload":{"EnvironmentVariables":{},"DataCollectionEventsPort":50389}}
TpTrace Information: 0 : 8016, 5, 2024/04/25, 12:15:01.210, 6169434225827, vstest.console.dll, ProxyDataCollectionManager.BeforeTestRunStart: SendBeforeTestRunStartAndGetResult successful, env variable from datacollector:   and testhost port: 50389
TpTrace Information: 0 : 8016, 5, 2024/04/25, 12:15:01.210, 6169434227463, vstest.console.dll, ProxyDataCollectionManager.InvokeDataCollectionServiceAction: Completed.
TpTrace Verbose: 0 : 8016, 5, 2024/04/25, 12:15:01.210, 6169434227813, vstest.console.dll, ParallelProxyExecutionManager.StartTestRunOnConcurrentManager: Initializing test run. Started clients: 0
TpTrace Verbose: 0 : 8016, 5, 2024/04/25, 12:15:01.211, 6169434228890, vstest.console.dll, ProxyExecutionManager: Test host is always Lazy initialize.
TpTrace Verbose: 0 : 8016, 5, 2024/04/25, 12:15:01.211, 6169434231338, vstest.console.dll, TestRequestSender.InitializeCommunication: initialize communication. 
TpTrace Information: 0 : 8016, 5, 2024/04/25, 12:15:01.211, 6169434236827, vstest.console.dll, SocketServer.Start: Listening on endpoint : 127.0.0.1:50390
TpTrace Verbose: 0 : 8016, 5, 2024/04/25, 12:15:01.212, 6169434245528, vstest.console.dll, DotnetTestHostmanager.GetTestHostProcessStartInfo: Platform environment 'X64' target architecture 'X64' framework '.NETCoreApp,Version=v6.0' OS 'Windows'
TpTrace Verbose: 0 : 8016, 5, 2024/04/25, 12:15:01.212, 6169434247902, vstest.console.dll, DotnetTestHostmanager: Adding  --runtimeconfig "C:\Users\VC\Desktop\Presidio\Genspark-trainings\dotnet-trainings\console-spplications\day9\day11shoppingCartSolution\RepositoryTest\bin\Debug\net6.0\fine-code-coverage\build-output\RepositoryTest.runtimeconfig.json" in args
TpTrace Verbose: 0 : 8016, 5, 2024/04/25, 12:15:01.213, 6169434248805, vstest.console.dll, DotnetTestHostmanager: Adding  --depsfile "C:\Users\VC\Desktop\Presidio\Genspark-trainings\dotnet-trainings\console-spplications\day9\day11shoppingCartSolution\RepositoryTest\bin\Debug\net6.0\fine-code-coverage\build-output\RepositoryTest.deps.json" in args
TpTrace Verbose: 0 : 8016, 5, 2024/04/25, 12:15:01.213, 6169434252366, vstest.console.dll, DotnetTestHostmanager.IsWinOnArm: Current PROCESSOR_ARCHITECTURE from environment variable 'AMD64'
TpTrace Verbose: 0 : 8016, 5, 2024/04/25, 12:15:01.213, 6169434253332, vstest.console.dll, DotnetTestHostmanager.IsWinOnArm: Is Windows on ARM 'False'
TpTrace Verbose: 0 : 8016, 5, 2024/04/25, 12:15:01.213, 6169434254358, vstest.console.dll, DotnetTestHostManager: testhost.exe found at path: C:\Users\VC\Desktop\Presidio\Genspark-trainings\dotnet-trainings\console-spplications\day9\day11shoppingCartSolution\RepositoryTest\bin\Debug\net6.0\fine-code-coverage\build-output\testhost.exe
TpTrace Verbose: 0 : 8016, 5, 2024/04/25, 12:15:01.213, 6169434254806, vstest.console.dll, DotnetTestHostmanager: Full path of host exe is C:\Users\VC\Desktop\Presidio\Genspark-trainings\dotnet-trainings\console-spplications\day9\day11shoppingCartSolution\RepositoryTest\bin\Debug\net6.0\fine-code-coverage\build-output\testhost.exe
TpTrace Verbose: 0 : 8016, 5, 2024/04/25, 12:15:01.213, 6169434256801, vstest.console.dll, DotnetTestHostmanager.LaunchTestHostAsync: Found 'VSTEST_WINAPPHOST_DOTNET_ROOT' in env variables, value 'C:\Program Files\dotnet', forwarding to 'DOTNET_ROOT'
TpTrace Verbose: 0 : 8016, 5, 2024/04/25, 12:15:01.214, 6169434258801, vstest.console.dll, DotnetTestHostManager: Starting process 'C:\Users\VC\Desktop\Presidio\Genspark-trainings\dotnet-trainings\console-spplications\day9\day11shoppingCartSolution\RepositoryTest\bin\Debug\net6.0\fine-code-coverage\build-output\testhost.exe' with command line ' --runtimeconfig "C:\Users\VC\Desktop\Presidio\Genspark-trainings\dotnet-trainings\console-spplications\day9\day11shoppingCartSolution\RepositoryTest\bin\Debug\net6.0\fine-code-coverage\build-output\RepositoryTest.runtimeconfig.json" --depsfile "C:\Users\VC\Desktop\Presidio\Genspark-trainings\dotnet-trainings\console-spplications\day9\day11shoppingCartSolution\RepositoryTest\bin\Debug\net6.0\fine-code-coverage\build-output\RepositoryTest.deps.json" --port 50390 --endpoint 127.0.0.1:050390 --role client --parentprocessid 8016 --diag "C:\Users\VC\Desktop\Presidio\Genspark-trainings\dotnet-trainings\console-spplications\day9\day11shoppingCartSolution\RepositoryTest\bin\Debug\net6.0\fine-code-coverage\coverage-tool-output\diagnostics.host.24-04-25_12-15-01_21225_5.log" --tracelevel 4 --datacollectionport 50389 --telemetryoptedin false'
TpTrace Verbose: 0 : 8016, 5, 2024/04/25, 12:15:01.221, 6169434335074, vstest.console.dll, MulticastDelegateUtilities.SafeInvoke: HostProviderEvents.OnHostLaunched: Invoking callback 1/2 for Microsoft.VisualStudio.TestPlatform.CrossPlatEngine.Client.ProxyExecutionManagerWithDataCollection., took 1 ms.
TpTrace Verbose: 0 : 8016, 5, 2024/04/25, 12:15:01.221, 6169434338480, vstest.console.dll, Test Runtime launched
TpTrace Verbose: 0 : 8016, 5, 2024/04/25, 12:15:01.222, 6169434339241, vstest.console.dll, MulticastDelegateUtilities.SafeInvoke: HostProviderEvents.OnHostLaunched: Invoking callback 2/2 for Microsoft.VisualStudio.TestPlatform.CrossPlatEngine.Client.ProxyOperationManager., took 0 ms.
TpTrace Verbose: 0 : 8016, 5, 2024/04/25, 12:15:01.222, 6169434340542, vstest.console.dll, TestRequestSender.WaitForRequestHandlerConnection: waiting for connection with timeout: 90000.
TpTrace Verbose: 0 : 8016, 12, 2024/04/25, 12:15:01.371, 6169435835236, vstest.console.dll, MulticastDelegateUtilities.SafeInvoke: SocketServer: ClientConnected: Invoking callback 1/1 for Microsoft.VisualStudio.TestPlatform.CommunicationUtilities.TestRequestSender., took 0 ms.
TpTrace Verbose: 0 : 8016, 12, 2024/04/25, 12:15:01.371, 6169435836247, vstest.console.dll, SocketServer.OnClientConnected: Client connected for endPoint: 127.0.0.1:50390, starting MessageLoopAsync:
TpTrace Verbose: 0 : 8016, 5, 2024/04/25, 12:15:01.371, 6169435835236, vstest.console.dll, TestRequestSender.WaitForRequestHandlerConnection: waiting took 149 ms, with timeout 90000 ms, and result 0, which is success.
TpTrace Verbose: 0 : 8016, 7, 2024/04/25, 12:15:01.372, 6169435840073, vstest.console.dll, TcpClientExtensions.MessageLoopAsync: Polling on remoteEndPoint: 127.0.0.1:50391 localEndPoint: 127.0.0.1:50390 after 0 ms
TpTrace Verbose: 0 : 8016, 5, 2024/04/25, 12:15:01.372, 6169435844372, vstest.console.dll, TestRequestSender.CheckVersionWithTestHost: Sending check version message: {"MessageType":"ProtocolVersion","Payload":7}
TpTrace Verbose: 0 : 8016, 7, 2024/04/25, 12:15:01.551, 6169437633120, vstest.console.dll, TcpClientExtensions.MessageLoopAsync: NotifyDataAvailable remoteEndPoint: 127.0.0.1:50391 localEndPoint: 127.0.0.1:50390
TpTrace Verbose: 0 : 8016, 7, 2024/04/25, 12:15:01.551, 6169437637751, vstest.console.dll, TestRequestSender.CheckVersionWithTestHost: onMessageReceived received message: (ProtocolVersion) -> {"MessageType":"ProtocolVersion","Payload":7}
TpTrace Verbose: 0 : 8016, 7, 2024/04/25, 12:15:01.553, 6169437648997, vstest.console.dll, MulticastDelegateUtilities.SafeInvoke: LengthPrefixCommunicationChannel: MessageReceived: Invoking callback 1/1 for Microsoft.VisualStudio.TestPlatform.CommunicationUtilities.TestRequestSender+<>c__DisplayClass29_0., took 1 ms.
TpTrace Verbose: 0 : 8016, 5, 2024/04/25, 12:15:01.553, 6169437650240, vstest.console.dll, TestPluginCache.GetExtensionPaths: Filtered extension paths: 
TpTrace Verbose: 0 : 8016, 7, 2024/04/25, 12:15:01.553, 6169437651024, vstest.console.dll, TcpClientExtensions.MessageLoopAsync: Polling on remoteEndPoint: 127.0.0.1:50391 localEndPoint: 127.0.0.1:50390 after 181 ms
TpTrace Verbose: 0 : 8016, 5, 2024/04/25, 12:15:01.553, 6169437651572, vstest.console.dll, TestPluginCache.GetExtensionPaths: Added default extension paths: C:\Program Files\dotnet\sdk\8.0.202\Extensions\Microsoft.Diagnostics.NETCore.Client.dll
C:\Program Files\dotnet\sdk\8.0.202\Extensions\Microsoft.TestPlatform.Extensions.BlameDataCollector.dll
C:\Program Files\dotnet\sdk\8.0.202\Extensions\Microsoft.TestPlatform.Extensions.EventLogCollector.dll
C:\Program Files\dotnet\sdk\8.0.202\Extensions\Microsoft.TestPlatform.TestHostRuntimeProvider.dll
C:\Program Files\dotnet\sdk\8.0.202\Extensions\Microsoft.VisualStudio.TestPlatform.Extensions.Html.TestLogger.dll
C:\Program Files\dotnet\sdk\8.0.202\Extensions\Microsoft.VisualStudio.TestPlatform.Extensions.Trx.TestLogger.dll
TpTrace Verbose: 0 : 8016, 5, 2024/04/25, 12:15:01.553, 6169437652164, vstest.console.dll, TestPluginCache.GetExtensionPaths: Added unfilterableExtensionPaths: 
TpTrace Verbose: 0 : 8016, 5, 2024/04/25, 12:15:01.557, 6169437688754, vstest.console.dll, TestRequestSender.InitializeExecution: Sending initialize execution with message: {"Version":7,"MessageType":"TestExecution.Initialize","Payload":["C:\\Users\\VC\\Desktop\\Presidio\\Genspark-trainings\\dotnet-trainings\\console-spplications\\day9\\day11shoppingCartSolution\\RepositoryTest\\bin\\Debug\\net6.0\\fine-code-coverage\\build-output\\NUnit3.TestAdapter.dll"]}
TpTrace Verbose: 0 : 8016, 5, 2024/04/25, 12:15:01.557, 6169437691951, vstest.console.dll, ParallelProxyExecutionManager.StartTestRunOnConcurrentManager: Execution starting. Started clients: 1
TpTrace Verbose: 0 : 8016, 5, 2024/04/25, 12:15:01.557, 6169437696374, vstest.console.dll, TestRunRequest:SendTestRunMessage: Starting.
TpTrace Verbose: 0 : 8016, 5, 2024/04/25, 12:15:01.558, 6169437698910, vstest.console.dll, MulticastDelegateUtilities.SafeInvoke: TestRun.LogMessages: Invoking callback 1/1 for Microsoft.VisualStudio.TestPlatform.CommandLine.TestRunResultAggregator., took 0 ms.
TpTrace Information: 0 : 8016, 5, 2024/04/25, 12:15:01.558, 6169437699539, vstest.console.dll, TestRunRequest:SendTestRunMessage: Completed.
TpTrace Verbose: 0 : 8016, 4, 2024/04/25, 12:15:01.558, 6169437704166, vstest.console.dll, MulticastDelegateUtilities.SafeInvoke: InternalTestLoggerEvents.SendTestRunMessage: Invoking callback 1/1 for Microsoft.VisualStudio.TestPlatform.CommandLine.Internal.ConsoleLogger., took 0 ms.
TpTrace Warning: 0 : 8016, 5, 2024/04/25, 12:15:01.558, 6169437704786, vstest.console.dll, InferRunSettingsHelper.MakeRunsettingsCompatible: Removing the following settings: TargetPlatform from RunSettings file. To use those settings please move to latest version of Microsoft.NET.Test.Sdk
TpTrace Verbose: 0 : 8016, 7, 2024/04/25, 12:15:01.561, 6169437729196, vstest.console.dll, TcpClientExtensions.MessageLoopAsync: NotifyDataAvailable remoteEndPoint: 127.0.0.1:50391 localEndPoint: 127.0.0.1:50390
TpTrace Verbose: 0 : 8016, 7, 2024/04/25, 12:15:01.561, 6169437733004, vstest.console.dll, TestRequestSender.OnExecutionMessageReceived: Received message: {"Version":7,"MessageType":"TestSession.Message","Payload":{"MessageLevel":0,"Message":"Logging TestHost Diagnostics in file: C:\\Users\\VC\\Desktop\\Presidio\\Genspark-trainings\\dotnet-trainings\\console-spplications\\day9\\day11shoppingCartSolution\\RepositoryTest\\bin\\Debug\\net6.0\\fine-code-coverage\\coverage-tool-output\\diagnostics.host.24-04-25_12-15-01_21225_5.log"}}
TpTrace Verbose: 0 : 8016, 7, 2024/04/25, 12:15:01.564, 6169437762645, vstest.console.dll, TestRunRequest:SendTestRunMessage: Starting.
TpTrace Verbose: 0 : 8016, 7, 2024/04/25, 12:15:01.564, 6169437764355, vstest.console.dll, MulticastDelegateUtilities.SafeInvoke: TestRun.LogMessages: Invoking callback 1/1 for Microsoft.VisualStudio.TestPlatform.CommandLine.TestRunResultAggregator., took 0 ms.
TpTrace Information: 0 : 8016, 7, 2024/04/25, 12:15:01.564, 6169437764624, vstest.console.dll, TestRunRequest:SendTestRunMessage: Completed.
TpTrace Verbose: 0 : 8016, 4, 2024/04/25, 12:15:01.564, 6169437764825, vstest.console.dll, MulticastDelegateUtilities.SafeInvoke: InternalTestLoggerEvents.SendTestRunMessage: Invoking callback 1/1 for Microsoft.VisualStudio.TestPlatform.CommandLine.Internal.ConsoleLogger., took 0 ms.
TpTrace Verbose: 0 : 8016, 7, 2024/04/25, 12:15:01.569, 6169437808837, vstest.console.dll, MulticastDelegateUtilities.SafeInvoke: LengthPrefixCommunicationChannel: MessageReceived: Invoking callback 1/1 for Microsoft.VisualStudio.TestPlatform.CommunicationUtilities.TestRequestSender+<>c__DisplayClass34_0., took 3 ms.
TpTrace Verbose: 0 : 8016, 7, 2024/04/25, 12:15:01.569, 6169437811066, vstest.console.dll, TcpClientExtensions.MessageLoopAsync: Polling on remoteEndPoint: 127.0.0.1:50391 localEndPoint: 127.0.0.1:50390 after 15 ms
TpTrace Verbose: 0 : 8016, 5, 2024/04/25, 12:15:01.571, 6169437833524, vstest.console.dll, TestRequestSender.StartTestRun: Sending test run with message: {"Version":7,"MessageType":"TestExecution.StartWithSources","Payload":{"AdapterSourceMap":{"_none_":["C:\\Users\\VC\\Desktop\\Presidio\\Genspark-trainings\\dotnet-trainings\\console-spplications\\day9\\day11shoppingCartSolution\\RepositoryTest\\bin\\Debug\\net6.0\\fine-code-coverage\\build-output\\RepositoryTest.dll"]},"RunSettings":"<RunSettings>\r\n  <RunConfiguration>\r\n    <ResultsDirectory>C:\\Users\\VC\\Desktop\\Presidio\\Genspark-trainings\\dotnet-trainings\\console-spplications\\day9\\day11shoppingCartSolution\\RepositoryTest\\bin\\Debug\\net6.0\\fine-code-coverage\\coverage-tool-output</ResultsDirectory>\r\n    <TargetFrameworkVersion>.NETCoreApp,Version=v6.0</TargetFrameworkVersion>\r\n    <DesignMode>False</DesignMode>\r\n    <CollectSourceInformation>False</CollectSourceInformation>\r\n  </RunConfiguration>\r\n  <LoggerRunSettings>\r\n    <Loggers>\r\n      <Logger friendlyName=\"blame\" enabled=\"True\" />\r\n      <Logger friendlyName=\"Console\" uri=\"logger://microsoft/TestPlatform/ConsoleLogger/v1\" assemblyQualifiedName=\"Microsoft.VisualStudio.TestPlatform.CommandLine.Internal.ConsoleLogger, vstest.console, Version=15.0.0.0, Culture=neutral, PublicKeyToken=b03f5f7f11d50a3a\" codeBase=\"C:\\Program Files\\dotnet\\sdk\\8.0.202\\vstest.console.dll\" enabled=\"True\" />\r\n    </Loggers>\r\n  </LoggerRunSettings>\r\n  <DataCollectionRunSettings>\r\n    <DataCollectors>\r\n      <DataCollector friendlyName=\"blame\" enabled=\"True\">\r\n        <Configuration>\r\n          <ResultsDirectory>C:\\Users\\VC\\Desktop\\Presidio\\Genspark-trainings\\dotnet-trainings\\console-spplications\\day9\\day11shoppingCartSolution\\RepositoryTest\\bin\\Debug\\net6.0\\fine-code-coverage\\coverage-tool-output</ResultsDirectory>\r\n        </Configuration>\r\n      </DataCollector>\r\n    </DataCollectors>\r\n  </DataCollectionRunSettings>\r\n</RunSettings>","TestExecutionContext":{"FrequencyOfRunStatsChangeEvent":10,"RunStatsChangeEventTimeout":"00:00:01.5000000","InIsolation":false,"KeepAlive":false,"AreTestCaseLevelEventsRequired":false,"IsDebug":false,"TestCaseFilter":null,"FilterOptions":null},"Package":null}}
TpTrace Verbose: 0 : 8016, 5, 2024/04/25, 12:15:01.571, 6169437835895, vstest.console.dll, ParallelProxyExecutionManager.StartTestRunOnConcurrentManager: Execution started. Started clients: 1
TpTrace Verbose: 0 : 8016, 7, 2024/04/25, 12:15:01.822, 6169440343080, vstest.console.dll, TcpClientExtensions.MessageLoopAsync: NotifyDataAvailable remoteEndPoint: 127.0.0.1:50391 localEndPoint: 127.0.0.1:50390
TpTrace Verbose: 0 : 8016, 7, 2024/04/25, 12:15:01.822, 6169440345540, vstest.console.dll, TestRequestSender.OnExecutionMessageReceived: Received message: {"Version":7,"MessageType":"TestSession.Message","Payload":{"MessageLevel":0,"Message":"NUnit Adapter 4.4.0.0: Test execution started"}}
TpTrace Verbose: 0 : 8016, 7, 2024/04/25, 12:15:01.822, 6169440347923, vstest.console.dll, TestRunRequest:SendTestRunMessage: Starting.
TpTrace Verbose: 0 : 8016, 7, 2024/04/25, 12:15:01.823, 6169440348758, vstest.console.dll, MulticastDelegateUtilities.SafeInvoke: TestRun.LogMessages: Invoking callback 1/1 for Microsoft.VisualStudio.TestPlatform.CommandLine.TestRunResultAggregator., took 0 ms.
TpTrace Information: 0 : 8016, 7, 2024/04/25, 12:15:01.823, 6169440349042, vstest.console.dll, TestRunRequest:SendTestRunMessage: Completed.
TpTrace Verbose: 0 : 8016, 7, 2024/04/25, 12:15:01.823, 6169440349423, vstest.console.dll, MulticastDelegateUtilities.SafeInvoke: LengthPrefixCommunicationChannel: MessageReceived: Invoking callback 1/1 for Microsoft.VisualStudio.TestPlatform.CommunicationUtilities.TestRequestSender+<>c__DisplayClass34_0., took 0 ms.
TpTrace Verbose: 0 : 8016, 4, 2024/04/25, 12:15:01.823, 6169440349387, vstest.console.dll, MulticastDelegateUtilities.SafeInvoke: InternalTestLoggerEvents.SendTestRunMessage: Invoking callback 1/1 for Microsoft.VisualStudio.TestPlatform.CommandLine.Internal.ConsoleLogger., took 0 ms.
TpTrace Verbose: 0 : 8016, 7, 2024/04/25, 12:15:01.823, 6169440349910, vstest.console.dll, TcpClientExtensions.MessageLoopAsync: Polling on remoteEndPoint: 127.0.0.1:50391 localEndPoint: 127.0.0.1:50390 after 253 ms
TpTrace Verbose: 0 : 8016, 7, 2024/04/25, 12:15:01.867, 6169440789954, vstest.console.dll, TcpClientExtensions.MessageLoopAsync: NotifyDataAvailable remoteEndPoint: 127.0.0.1:50391 localEndPoint: 127.0.0.1:50390
TpTrace Verbose: 0 : 8016, 7, 2024/04/25, 12:15:01.867, 6169440792303, vstest.console.dll, TestRequestSender.OnExecutionMessageReceived: Received message: {"Version":7,"MessageType":"TestSession.Message","Payload":{"MessageLevel":0,"Message":"Running all tests in C:\\Users\\VC\\Desktop\\Presidio\\Genspark-trainings\\dotnet-trainings\\console-spplications\\day9\\day11shoppingCartSolution\\RepositoryTest\\bin\\Debug\\net6.0\\fine-code-coverage\\build-output\\RepositoryTest.dll"}}
TpTrace Verbose: 0 : 8016, 7, 2024/04/25, 12:15:01.867, 6169440793815, vstest.console.dll, TestRunRequest:SendTestRunMessage: Starting.
TpTrace Verbose: 0 : 8016, 7, 2024/04/25, 12:15:01.867, 6169440794493, vstest.console.dll, MulticastDelegateUtilities.SafeInvoke: TestRun.LogMessages: Invoking callback 1/1 for Microsoft.VisualStudio.TestPlatform.CommandLine.TestRunResultAggregator., took 0 ms.
TpTrace Information: 0 : 8016, 7, 2024/04/25, 12:15:01.867, 6169440794794, vstest.console.dll, TestRunRequest:SendTestRunMessage: Completed.
TpTrace Verbose: 0 : 8016, 4, 2024/04/25, 12:15:01.867, 6169440794995, vstest.console.dll, MulticastDelegateUtilities.SafeInvoke: InternalTestLoggerEvents.SendTestRunMessage: Invoking callback 1/1 for Microsoft.VisualStudio.TestPlatform.CommandLine.Internal.ConsoleLogger., took 0 ms.
TpTrace Verbose: 0 : 8016, 7, 2024/04/25, 12:15:01.867, 6169440795246, vstest.console.dll, MulticastDelegateUtilities.SafeInvoke: LengthPrefixCommunicationChannel: MessageReceived: Invoking callback 1/1 for Microsoft.VisualStudio.TestPlatform.CommunicationUtilities.TestRequestSender+<>c__DisplayClass34_0., took 0 ms.
TpTrace Verbose: 0 : 8016, 7, 2024/04/25, 12:15:01.867, 6169440796452, vstest.console.dll, TcpClientExtensions.MessageLoopAsync: Polling on remoteEndPoint: 127.0.0.1:50391 localEndPoint: 127.0.0.1:50390 after 44 ms
TpTrace Verbose: 0 : 8016, 7, 2024/04/25, 12:15:02.055, 6169442678519, vstest.console.dll, TcpClientExtensions.MessageLoopAsync: NotifyDataAvailable remoteEndPoint: 127.0.0.1:50391 localEndPoint: 127.0.0.1:50390
TpTrace Verbose: 0 : 8016, 7, 2024/04/25, 12:15:02.056, 6169442682526, vstest.console.dll, TestRequestSender.OnExecutionMessageReceived: Received message: {"Version":7,"MessageType":"TestSession.Message","Payload":{"MessageLevel":0,"Message":"   NUnit3TestExecutor discovered 16 of 16 NUnit test cases using Current Discovery mode, Non-Explicit run"}}
TpTrace Verbose: 0 : 8016, 7, 2024/04/25, 12:15:02.056, 6169442685815, vstest.console.dll, TestRunRequest:SendTestRunMessage: Starting.
TpTrace Verbose: 0 : 8016, 7, 2024/04/25, 12:15:02.056, 6169442687672, vstest.console.dll, MulticastDelegateUtilities.SafeInvoke: TestRun.LogMessages: Invoking callback 1/1 for Microsoft.VisualStudio.TestPlatform.CommandLine.TestRunResultAggregator., took 0 ms.
TpTrace Verbose: 0 : 8016, 4, 2024/04/25, 12:15:02.056, 6169442688136, vstest.console.dll, MulticastDelegateUtilities.SafeInvoke: InternalTestLoggerEvents.SendTestRunMessage: Invoking callback 1/1 for Microsoft.VisualStudio.TestPlatform.CommandLine.Internal.ConsoleLogger., took 0 ms.
TpTrace Information: 0 : 8016, 7, 2024/04/25, 12:15:02.057, 6169442690312, vstest.console.dll, TestRunRequest:SendTestRunMessage: Completed.
TpTrace Verbose: 0 : 8016, 7, 2024/04/25, 12:15:02.057, 6169442691609, vstest.console.dll, MulticastDelegateUtilities.SafeInvoke: LengthPrefixCommunicationChannel: MessageReceived: Invoking callback 1/1 for Microsoft.VisualStudio.TestPlatform.CommunicationUtilities.TestRequestSender+<>c__DisplayClass34_0., took 0 ms.
TpTrace Verbose: 0 : 8016, 7, 2024/04/25, 12:15:02.057, 6169442692372, vstest.console.dll, TcpClientExtensions.MessageLoopAsync: Polling on remoteEndPoint: 127.0.0.1:50391 localEndPoint: 127.0.0.1:50390 after 189 ms
TpTrace Verbose: 0 : 8016, 7, 2024/04/25, 12:15:02.276, 6169444883038, vstest.console.dll, TcpClientExtensions.MessageLoopAsync: NotifyDataAvailable remoteEndPoint: 127.0.0.1:50391 localEndPoint: 127.0.0.1:50390
TpTrace Verbose: 0 : 8016, 7, 2024/04/25, 12:15:02.276, 6169444886472, vstest.console.dll, TestRequestSender.OnExecutionMessageReceived: Received message: {"Version":7,"MessageType":"TestExecution.StatsChange","Payload":{"NewTestResults":[{"TestCase":{"Id":"537cd8dd-af75-e371-844c-b5727ff7eec5","FullyQualifiedName":"RepositoryTest.Tests.AddTest","DisplayName":"AddTest","ExecutorUri":"executor://NUnit3TestExecutor","Source":"C:\\Users\\VC\\Desktop\\Presidio\\Genspark-trainings\\dotnet-trainings\\console-spplications\\day9\\day11shoppingCartSolution\\RepositoryTest\\bin\\Debug\\net6.0\\fine-code-coverage\\build-output\\RepositoryTest.dll","CodeFilePath":null,"LineNumber":0,"Properties":[{"Key":{"Id":"NUnit.Seed","Label":"Seed","Category":"","Description":"","Attributes":0,"ValueType":"System.String"},"Value":"1697637305"}]},"Attachments":[],"Outcome":1,"ErrorMessage":null,"ErrorStackTrace":null,"DisplayName":"AddTest","Messages":[],"ComputerName":"DESKTOP-DPV93JG","Duration":"00:00:00.0309490","StartTime":"2024-04-25T06:45:02.1004613+00:00","EndTime":"2024-04-25T06:45:02.1311036+00:00","Properties":[{"Key":{"Id":"NUnit.Seed","Label":"Seed","Category":"","Description":"","Attributes":0,"ValueType":"System.String"},"Value":"1697637305"}]},{"TestCase":{"Id":"5d3bfcc6-14e5-e7bc-7068-f9e905d714ae","FullyQualifiedName":"RepositoryTest.Tests.DelTest","DisplayName":"DelTest","ExecutorUri":"executor://NUnit3TestExecutor","Source":"C:\\Users\\VC\\Desktop\\Presidio\\Genspark-trainings\\dotnet-trainings\\console-spplications\\day9\\day11shoppingCartSolution\\RepositoryTest\\bin\\Debug\\net6.0\\fine-code-coverage\\build-output\\RepositoryTest.dll","CodeFilePath":null,"LineNumber":0,"Properties":[{"Key":{"Id":"NUnit.Seed","Label":"Seed","Category":"","Description":"","Attributes":0,"ValueType":"System.String"},"Value":"408193288"}]},"Attachments":[],"Outcome":1,"ErrorMessage":null,"ErrorStackTrace":null,"DisplayName":"DelTest","Messages":[],"ComputerName":"DESKTOP-DPV93JG","Duration":"00:00:00.0046730","StartTime":"2024-04-25T06:45:02.1346977+00:00","EndTime":"2024-04-25T06:45:02.1393701+00:00","Properties":[{"Key":{"Id":"NUnit.Seed","Label":"Seed","Category":"","Description":"","Attributes":0,"ValueType":"System.String"},"Value":"408193288"}]},{"TestCase":{"Id":"366717fb-eb69-1aae-8340-42f23d4b4a85","FullyQualifiedName":"RepositoryTest.Tests.GetTest","DisplayName":"GetTest","ExecutorUri":"executor://NUnit3TestExecutor","Source":"C:\\Users\\VC\\Desktop\\Presidio\\Genspark-trainings\\dotnet-trainings\\console-spplications\\day9\\day11shoppingCartSolution\\RepositoryTest\\bin\\Debug\\net6.0\\fine-code-coverage\\build-output\\RepositoryTest.dll","CodeFilePath":null,"LineNumber":0,"Properties":[{"Key":{"Id":"NUnit.Seed","Label":"Seed","Category":"","Description":"","Attributes":0,"ValueType":"System.String"},"Value":"1702999041"}]},"Attachments":[],"Outcome":1,"ErrorMessage":null,"ErrorStackTrace":null,"DisplayName":"GetTest","Messages":[],"ComputerName":"DESKTOP-DPV93JG","Duration":"00:00:00.0004580","StartTime":"2024-04-25T06:45:02.1394203+00:00","EndTime":"2024-04-25T06:45:02.1398782+00:00","Properties":[{"Key":{"Id":"NUnit.Seed","Label":"Seed","Category":"","Description":"","Attributes":0,"ValueType":"System.String"},"Value":"1702999041"}]},{"TestCase":{"Id":"0776166f-4b87-073e-253b-f0a7cd9c750c","FullyQualifiedName":"RepositoryTest.Tests.UpdateTest","DisplayName":"UpdateTest","ExecutorUri":"executor://NUnit3TestExecutor","Source":"C:\\Users\\VC\\Desktop\\Presidio\\Genspark-trainings\\dotnet-trainings\\console-spplications\\day9\\day11shoppingCartSolution\\RepositoryTest\\bin\\Debug\\net6.0\\fine-code-coverage\\build-output\\RepositoryTest.dll","CodeFilePath":null,"LineNumber":0,"Properties":[{"Key":{"Id":"NUnit.Seed","Label":"Seed","Category":"","Description":"","Attributes":0,"ValueType":"System.String"},"Value":"657395154"}]},"Attachments":[],"Outcome":1,"ErrorMessage":null,"ErrorStackTrace":null,"DisplayName":"UpdateTest","Messages":[],"ComputerName":"DESKTOP-DPV93JG","Duration":"00:00:00.0003440","StartTime":"2024-04-25T06:45:02.1398948+00:00","EndTime":"2024-04-25T06:45:02.1402388+00:00","Properties":[{"Key":{"Id":"NUnit.Seed","Label":"Seed","Category":"","Description":"","Attributes":0,"ValueType":"System.String"},"Value":"657395154"}]},{"TestCase":{"Id":"7e174121-f41e-821f-772f-042ff1aee2b8","FullyQualifiedName":"RepositoryTest.Tests1.AddTest","DisplayName":"AddTest","ExecutorUri":"executor://NUnit3TestExecutor","Source":"C:\\Users\\VC\\Desktop\\Presidio\\Genspark-trainings\\dotnet-trainings\\console-spplications\\day9\\day11shoppingCartSolution\\RepositoryTest\\bin\\Debug\\net6.0\\fine-code-coverage\\build-output\\RepositoryTest.dll","CodeFilePath":null,"LineNumber":0,"Properties":[{"Key":{"Id":"NUnit.Seed","Label":"Seed","Category":"","Description":"","Attributes":0,"ValueType":"System.String"},"Value":"1383889528"}]},"Attachments":[],"Outcome":1,"ErrorMessage":null,"ErrorStackTrace":null,"DisplayName":"AddTest","Messages":[],"ComputerName":"DESKTOP-DPV93JG","Duration":"00:00:00.0011260","StartTime":"2024-04-25T06:45:02.1449225+00:00","EndTime":"2024-04-25T06:45:02.1460486+00:00","Properties":[{"Key":{"Id":"NUnit.Seed","Label":"Seed","Category":"","Description":"","Attributes":0,"ValueType":"System.String"},"Value":"1383889528"}]},{"TestCase":{"Id":"1fcab75d-9faa-0fc2-5fac-dc8c737f0210","FullyQualifiedName":"RepositoryTest.Tests1.DelTest","DisplayName":"DelTest","ExecutorUri":"executor://NUnit3TestExecutor","Source":"C:\\Users\\VC\\Desktop\\Presidio\\Genspark-trainings\\dotnet-trainings\\console-spplications\\day9\\day11shoppingCartSolution\\RepositoryTest\\bin\\Debug\\net6.0\\fine-code-coverage\\build-output\\RepositoryTest.dll","CodeFilePath":null,"LineNumber":0,"Properties":[{"Key":{"Id":"NUnit.Seed","Label":"Seed","Category":"","Description":"","Attributes":0,"ValueType":"System.String"},"Value":"1202522202"}]},"Attachments":[],"Outcome":1,"ErrorMessage":null,"ErrorStackTrace":null,"DisplayName":"DelTest","Messages":[],"ComputerName":"DESKTOP-DPV93JG","Duration":"00:00:00.0009920","StartTime":"2024-04-25T06:45:02.1460747+00:00","EndTime":"2024-04-25T06:45:02.1470664+00:00","Properties":[{"Key":{"Id":"NUnit.Seed","Label":"Seed","Category":"","Description":"","Attributes":0,"ValueType":"System.String"},"Value":"1202522202"}]},{"TestCase":{"Id":"79d6626c-206a-a66c-54f5-12ff3e72ef7e","FullyQualifiedName":"RepositoryTest.Tests1.GetTest","DisplayName":"GetTest","ExecutorUri":"executor://NUnit3TestExecutor","Source":"C:\\Users\\VC\\Desktop\\Presidio\\Genspark-trainings\\dotnet-trainings\\console-spplications\\day9\\day11shoppingCartSolution\\RepositoryTest\\bin\\Debug\\net6.0\\fine-code-coverage\\build-output\\RepositoryTest.dll","CodeFilePath":null,"LineNumber":0,"Properties":[{"Key":{"Id":"NUnit.Seed","Label":"Seed","Category":"","Description":"","Attributes":0,"ValueType":"System.String"},"Value":"320157441"}]},"Attachments":[],"Outcome":1,"ErrorMessage":null,"ErrorStackTrace":null,"DisplayName":"GetTest","Messages":[],"ComputerName":"DESKTOP-DPV93JG","Duration":"00:00:00.0005560","StartTime":"2024-04-25T06:45:02.1471067+00:00","EndTime":"2024-04-25T06:45:02.1476629+00:00","Properties":[{"Key":{"Id":"NUnit.Seed","Label":"Seed","Category":"","Description":"","Attributes":0,"ValueType":"System.String"},"Value":"320157441"}]},{"TestCase":{"Id":"c6b8c93a-a480-a55e-aeda-83913d6e9bc0","FullyQualifiedName":"RepositoryTest.Tests1.UpdateTest","DisplayName":"UpdateTest","ExecutorUri":"executor://NUnit3TestExecutor","Source":"C:\\Users\\VC\\Desktop\\Presidio\\Genspark-trainings\\dotnet-trainings\\console-spplications\\day9\\day11shoppingCartSolution\\RepositoryTest\\bin\\Debug\\net6.0\\fine-code-coverage\\build-output\\RepositoryTest.dll","CodeFilePath":null,"LineNumber":0,"Properties":[{"Key":{"Id":"NUnit.Seed","Label":"Seed","Category":"","Description":"","Attributes":0,"ValueType":"System.String"},"Value":"2025467554"}]},"Attachments":[],"Outcome":1,"ErrorMessage":null,"ErrorStackTrace":null,"DisplayName":"UpdateTest","Messages":[],"ComputerName":"DESKTOP-DPV93JG","Duration":"00:00:00.0005070","StartTime":"2024-04-25T06:45:02.1476838+00:00","EndTime":"2024-04-25T06:45:02.1481909+00:00","Properties":[{"Key":{"Id":"NUnit.Seed","Label":"Seed","Category":"","Description":"","Attributes":0,"ValueType":"System.String"},"Value":"2025467554"}]},{"TestCase":{"Id":"1958d9a1-cab4-a0bf-d281-6fab31aba26d","FullyQualifiedName":"RepositoryTest.Tests2.AddTest","DisplayName":"AddTest","ExecutorUri":"executor://NUnit3TestExecutor","Source":"C:\\Users\\VC\\Desktop\\Presidio\\Genspark-trainings\\dotnet-trainings\\console-spplications\\day9\\day11shoppingCartSolution\\RepositoryTest\\bin\\Debug\\net6.0\\fine-code-coverage\\build-output\\RepositoryTest.dll","CodeFilePath":null,"LineNumber":0,"Properties":[{"Key":{"Id":"NUnit.Seed","Label":"Seed","Category":"","Description":"","Attributes":0,"ValueType":"System.String"},"Value":"218437613"}]},"Attachments":[],"Outcome":1,"ErrorMessage":null,"ErrorStackTrace":null,"DisplayName":"AddTest","Messages":[],"ComputerName":"DESKTOP-DPV93JG","Duration":"00:00:00.0022870","StartTime":"2024-04-25T06:45:02.1484477+00:00","EndTime":"2024-04-25T06:45:02.1507335+00:00","Properties":[{"Key":{"Id":"NUnit.Seed","Label":"Seed","Category":"","Description":"","Attributes":0,"ValueType":"System.String"},"Value":"218437613"}]}],"TestRunStatistics":{"ExecutedTests":9,"Stats":{"Passed":9}},"ActiveTests":[{"Id":"5488fb9d-afa0-187c-3beb-9e605a9560a0","FullyQualifiedName":"RepositoryTest.Tests2.DelTest","DisplayName":"DelTest","ExecutorUri":"executor://NUnit3TestExecutor","Source":"C:\\Users\\VC\\Desktop\\Presidio\\Genspark-trainings\\dotnet-trainings\\console-spplications\\day9\\day11shoppingCartSolution\\RepositoryTest\\bin\\Debug\\net6.0\\fine-code-coverage\\build-output\\RepositoryTest.dll","CodeFilePath":null,"LineNumber":0,"Properties":[{"Key":{"Id":"NUnit.Seed","Label":"Seed","Category":"","Description":"","Attributes":0,"ValueType":"System.String"},"Value":"1821610010"}]}]}}
TpTrace Verbose: 0 : 8016, 7, 2024/04/25, 12:15:02.313, 6169445251177, vstest.console.dll, TestRunRequest:SendTestRunStatsChange: Starting.
TpTrace Verbose: 0 : 8016, 7, 2024/04/25, 12:15:02.313, 6169445253013, vstest.console.dll, InProgress is DelTest
TpTrace Verbose: 0 : 8016, 7, 2024/04/25, 12:15:02.313, 6169445255115, vstest.console.dll, MulticastDelegateUtilities.SafeInvoke: TestRun.RunStatsChanged: Invoking callbacks was skipped because there are no subscribers.
TpTrace Information: 0 : 8016, 7, 2024/04/25, 12:15:02.313, 6169445255616, vstest.console.dll, TestRunRequest:SendTestRunStatsChange: Completed.
TpTrace Verbose: 0 : 8016, 7, 2024/04/25, 12:15:02.313, 6169445256174, vstest.console.dll, MulticastDelegateUtilities.SafeInvoke: LengthPrefixCommunicationChannel: MessageReceived: Invoking callback 1/1 for Microsoft.VisualStudio.TestPlatform.CommunicationUtilities.TestRequestSender+<>c__DisplayClass34_0., took 37 ms.
TpTrace Verbose: 0 : 8016, 7, 2024/04/25, 12:15:02.313, 6169445256557, vstest.console.dll, TcpClientExtensions.MessageLoopAsync: Polling on remoteEndPoint: 127.0.0.1:50391 localEndPoint: 127.0.0.1:50390 after 256 ms
TpTrace Verbose: 0 : 8016, 7, 2024/04/25, 12:15:02.313, 6169445257054, vstest.console.dll, TcpClientExtensions.MessageLoopAsync: NotifyDataAvailable remoteEndPoint: 127.0.0.1:50391 localEndPoint: 127.0.0.1:50390
TpTrace Verbose: 0 : 8016, 7, 2024/04/25, 12:15:02.313, 6169445257805, vstest.console.dll, TestRequestSender.OnExecutionMessageReceived: Received message: {"Version":7,"MessageType":"TestSession.Message","Payload":{"MessageLevel":0,"Message":"NUnit Adapter 4.4.0.0: Test execution complete"}}
TpTrace Verbose: 0 : 8016, 7, 2024/04/25, 12:15:02.314, 6169445258735, vstest.console.dll, TestRunRequest:SendTestRunMessage: Starting.
TpTrace Verbose: 0 : 8016, 7, 2024/04/25, 12:15:02.314, 6169445259215, vstest.console.dll, MulticastDelegateUtilities.SafeInvoke: TestRun.LogMessages: Invoking callback 1/1 for Microsoft.VisualStudio.TestPlatform.CommandLine.TestRunResultAggregator., took 0 ms.
TpTrace Information: 0 : 8016, 7, 2024/04/25, 12:15:02.314, 6169445259482, vstest.console.dll, TestRunRequest:SendTestRunMessage: Completed.
TpTrace Verbose: 0 : 8016, 7, 2024/04/25, 12:15:02.314, 6169445259788, vstest.console.dll, MulticastDelegateUtilities.SafeInvoke: LengthPrefixCommunicationChannel: MessageReceived: Invoking callback 1/1 for Microsoft.VisualStudio.TestPlatform.CommunicationUtilities.TestRequestSender+<>c__DisplayClass34_0., took 0 ms.
TpTrace Verbose: 0 : 8016, 7, 2024/04/25, 12:15:02.314, 6169445260095, vstest.console.dll, TcpClientExtensions.MessageLoopAsync: Polling on remoteEndPoint: 127.0.0.1:50391 localEndPoint: 127.0.0.1:50390 after 0 ms
TpTrace Verbose: 0 : 8016, 4, 2024/04/25, 12:15:02.316, 6169445279096, vstest.console.dll, MulticastDelegateUtilities.SafeInvoke: InternalTestLoggerEvents.SendTestResult: Invoking callback 1/1 for Microsoft.VisualStudio.TestPlatform.CommandLine.Internal.ConsoleLogger., took 2 ms.
TpTrace Verbose: 0 : 8016, 4, 2024/04/25, 12:15:02.316, 6169445283324, vstest.console.dll, MulticastDelegateUtilities.SafeInvoke: InternalTestLoggerEvents.SendTestResult: Invoking callback 1/1 for Microsoft.VisualStudio.TestPlatform.CommandLine.Internal.ConsoleLogger., took 0 ms.
TpTrace Verbose: 0 : 8016, 4, 2024/04/25, 12:15:02.316, 6169445284249, vstest.console.dll, MulticastDelegateUtilities.SafeInvoke: InternalTestLoggerEvents.SendTestResult: Invoking callback 1/1 for Microsoft.VisualStudio.TestPlatform.CommandLine.Internal.ConsoleLogger., took 0 ms.
TpTrace Verbose: 0 : 8016, 4, 2024/04/25, 12:15:02.316, 6169445284667, vstest.console.dll, MulticastDelegateUtilities.SafeInvoke: InternalTestLoggerEvents.SendTestResult: Invoking callback 1/1 for Microsoft.VisualStudio.TestPlatform.CommandLine.Internal.ConsoleLogger., took 0 ms.
TpTrace Verbose: 0 : 8016, 4, 2024/04/25, 12:15:02.316, 6169445285059, vstest.console.dll, MulticastDelegateUtilities.SafeInvoke: InternalTestLoggerEvents.SendTestResult: Invoking callback 1/1 for Microsoft.VisualStudio.TestPlatform.CommandLine.Internal.ConsoleLogger., took 0 ms.
TpTrace Verbose: 0 : 8016, 4, 2024/04/25, 12:15:02.316, 6169445285427, vstest.console.dll, MulticastDelegateUtilities.SafeInvoke: InternalTestLoggerEvents.SendTestResult: Invoking callback 1/1 for Microsoft.VisualStudio.TestPlatform.CommandLine.Internal.ConsoleLogger., took 0 ms.
TpTrace Verbose: 0 : 8016, 4, 2024/04/25, 12:15:02.316, 6169445285793, vstest.console.dll, MulticastDelegateUtilities.SafeInvoke: InternalTestLoggerEvents.SendTestResult: Invoking callback 1/1 for Microsoft.VisualStudio.TestPlatform.CommandLine.Internal.ConsoleLogger., took 0 ms.
TpTrace Verbose: 0 : 8016, 4, 2024/04/25, 12:15:02.316, 6169445286284, vstest.console.dll, MulticastDelegateUtilities.SafeInvoke: InternalTestLoggerEvents.SendTestResult: Invoking callback 1/1 for Microsoft.VisualStudio.TestPlatform.CommandLine.Internal.ConsoleLogger., took 0 ms.
TpTrace Verbose: 0 : 8016, 4, 2024/04/25, 12:15:02.316, 6169445286688, vstest.console.dll, MulticastDelegateUtilities.SafeInvoke: InternalTestLoggerEvents.SendTestResult: Invoking callback 1/1 for Microsoft.VisualStudio.TestPlatform.CommandLine.Internal.ConsoleLogger., took 0 ms.
TpTrace Verbose: 0 : 8016, 4, 2024/04/25, 12:15:02.316, 6169445287117, vstest.console.dll, MulticastDelegateUtilities.SafeInvoke: InternalTestLoggerEvents.SendTestRunMessage: Invoking callback 1/1 for Microsoft.VisualStudio.TestPlatform.CommandLine.Internal.ConsoleLogger., took 0 ms.
TpTrace Verbose: 0 : 8016, 7, 2024/04/25, 12:15:02.338, 6169445501661, vstest.console.dll, TcpClientExtensions.MessageLoopAsync: NotifyDataAvailable remoteEndPoint: 127.0.0.1:50391 localEndPoint: 127.0.0.1:50390
TpTrace Verbose: 0 : 8016, 7, 2024/04/25, 12:15:02.338, 6169445505701, vstest.console.dll, TestRequestSender.OnExecutionMessageReceived: Received message: {"Version":7,"MessageType":"TestExecution.Completed","Payload":{"TestRunCompleteArgs":{"TestRunStatistics":{"ExecutedTests":16,"Stats":{"Passed":16}},"IsCanceled":false,"IsAborted":false,"Error":null,"AttachmentSets":[],"InvokedDataCollectors":[],"ElapsedTimeInRunningTests":"00:00:00.5256759","Metrics":{},"DiscoveredExtensions":{"TestDiscoverers":["NUnit.VisualStudio.TestAdapter.NUnit3TestDiscoverer, NUnit3.TestAdapter, Version=4.4.0.0, Culture=neutral, PublicKeyToken=4cb40d35494691ac"],"TestExecutors":["executor://NUnit3TestExecutor"],"TestExecutors2":[],"TestSettingsProviders":[]}},"LastRunTests":{"NewTestResults":[{"TestCase":{"Id":"5488fb9d-afa0-187c-3beb-9e605a9560a0","FullyQualifiedName":"RepositoryTest.Tests2.DelTest","DisplayName":"DelTest","ExecutorUri":"executor://NUnit3TestExecutor","Source":"C:\\Users\\VC\\Desktop\\Presidio\\Genspark-trainings\\dotnet-trainings\\console-spplications\\day9\\day11shoppingCartSolution\\RepositoryTest\\bin\\Debug\\net6.0\\fine-code-coverage\\build-output\\RepositoryTest.dll","CodeFilePath":null,"LineNumber":0,"Properties":[{"Key":{"Id":"NUnit.Seed","Label":"Seed","Category":"","Description":"","Attributes":0,"ValueType":"System.String"},"Value":"1821610010"}]},"Attachments":[],"Outcome":1,"ErrorMessage":null,"ErrorStackTrace":null,"DisplayName":"DelTest","Messages":[],"ComputerName":"DESKTOP-DPV93JG","Duration":"00:00:00.0011320","StartTime":"2024-04-25T06:45:02.1507636+00:00","EndTime":"2024-04-25T06:45:02.1518951+00:00","Properties":[{"Key":{"Id":"NUnit.Seed","Label":"Seed","Category":"","Description":"","Attributes":0,"ValueType":"System.String"},"Value":"1821610010"}]},{"TestCase":{"Id":"1a3823b2-af08-52ea-0de1-ef6209cc2327","FullyQualifiedName":"RepositoryTest.Tests2.GetTest","DisplayName":"GetTest","ExecutorUri":"executor://NUnit3TestExecutor","Source":"C:\\Users\\VC\\Desktop\\Presidio\\Genspark-trainings\\dotnet-trainings\\console-spplications\\day9\\day11shoppingCartSolution\\RepositoryTest\\bin\\Debug\\net6.0\\fine-code-coverage\\build-output\\RepositoryTest.dll","CodeFilePath":null,"LineNumber":0,"Properties":[{"Key":{"Id":"NUnit.Seed","Label":"Seed","Category":"","Description":"","Attributes":0,"ValueType":"System.String"},"Value":"1123466266"}]},"Attachments":[],"Outcome":1,"ErrorMessage":null,"ErrorStackTrace":null,"DisplayName":"GetTest","Messages":[],"ComputerName":"DESKTOP-DPV93JG","Duration":"00:00:00.0012380","StartTime":"2024-04-25T06:45:02.151918+00:00","EndTime":"2024-04-25T06:45:02.1531558+00:00","Properties":[{"Key":{"Id":"NUnit.Seed","Label":"Seed","Category":"","Description":"","Attributes":0,"ValueType":"System.String"},"Value":"1123466266"}]},{"TestCase":{"Id":"464c6f07-a5e0-a228-4063-4f3785afc5f2","FullyQualifiedName":"RepositoryTest.Tests2.UpdateTest","DisplayName":"UpdateTest","ExecutorUri":"executor://NUnit3TestExecutor","Source":"C:\\Users\\VC\\Desktop\\Presidio\\Genspark-trainings\\dotnet-trainings\\console-spplications\\day9\\day11shoppingCartSolution\\RepositoryTest\\bin\\Debug\\net6.0\\fine-code-coverage\\build-output\\RepositoryTest.dll","CodeFilePath":null,"LineNumber":0,"Properties":[{"Key":{"Id":"NUnit.Seed","Label":"Seed","Category":"","Description":"","Attributes":0,"ValueType":"System.String"},"Value":"1980844704"}]},"Attachments":[],"Outcome":1,"ErrorMessage":null,"ErrorStackTrace":null,"DisplayName":"UpdateTest","Messages":[],"ComputerName":"DESKTOP-DPV93JG","Duration":"00:00:00.0005290","StartTime":"2024-04-25T06:45:02.153178+00:00","EndTime":"2024-04-25T06:45:02.1537067+00:00","Properties":[{"Key":{"Id":"NUnit.Seed","Label":"Seed","Category":"","Description":"","Attributes":0,"ValueType":"System.String"},"Value":"1980844704"}]},{"TestCase":{"Id":"7f1e991e-aaec-ee4a-e695-8e9e394d3aca","FullyQualifiedName":"RepositoryTest.Tests3.AddTest","DisplayName":"AddTest","ExecutorUri":"executor://NUnit3TestExecutor","Source":"C:\\Users\\VC\\Desktop\\Presidio\\Genspark-trainings\\dotnet-trainings\\console-spplications\\day9\\day11shoppingCartSolution\\RepositoryTest\\bin\\Debug\\net6.0\\fine-code-coverage\\build-output\\RepositoryTest.dll","CodeFilePath":null,"LineNumber":0,"Properties":[{"Key":{"Id":"NUnit.Seed","Label":"Seed","Category":"","Description":"","Attributes":0,"ValueType":"System.String"},"Value":"1461474689"}]},"Attachments":[],"Outcome":1,"ErrorMessage":null,"ErrorStackTrace":null,"DisplayName":"AddTest","Messages":[],"ComputerName":"DESKTOP-DPV93JG","Duration":"00:00:00.0011170","StartTime":"2024-04-25T06:45:02.1538994+00:00","EndTime":"2024-04-25T06:45:02.1550155+00:00","Properties":[{"Key":{"Id":"NUnit.Seed","Label":"Seed","Category":"","Description":"","Attributes":0,"ValueType":"System.String"},"Value":"1461474689"}]},{"TestCase":{"Id":"153f958b-e26a-21c1-8e0a-2ce3abbfc4ae","FullyQualifiedName":"RepositoryTest.Tests3.DelTest","DisplayName":"DelTest","ExecutorUri":"executor://NUnit3TestExecutor","Source":"C:\\Users\\VC\\Desktop\\Presidio\\Genspark-trainings\\dotnet-trainings\\console-spplications\\day9\\day11shoppingCartSolution\\RepositoryTest\\bin\\Debug\\net6.0\\fine-code-coverage\\build-output\\RepositoryTest.dll","CodeFilePath":null,"LineNumber":0,"Properties":[{"Key":{"Id":"NUnit.Seed","Label":"Seed","Category":"","Description":"","Attributes":0,"ValueType":"System.String"},"Value":"1728591478"}]},"Attachments":[],"Outcome":1,"ErrorMessage":null,"ErrorStackTrace":null,"DisplayName":"DelTest","Messages":[],"ComputerName":"DESKTOP-DPV93JG","Duration":"00:00:00.0010280","StartTime":"2024-04-25T06:45:02.1550349+00:00","EndTime":"2024-04-25T06:45:02.1560625+00:00","Properties":[{"Key":{"Id":"NUnit.Seed","Label":"Seed","Category":"","Description":"","Attributes":0,"ValueType":"System.String"},"Value":"1728591478"}]},{"TestCase":{"Id":"f4614a76-6c8e-169a-f7c3-6e8d6e2fd529","FullyQualifiedName":"RepositoryTest.Tests3.GetTest","DisplayName":"GetTest","ExecutorUri":"executor://NUnit3TestExecutor","Source":"C:\\Users\\VC\\Desktop\\Presidio\\Genspark-trainings\\dotnet-trainings\\console-spplications\\day9\\day11shoppingCartSolution\\RepositoryTest\\bin\\Debug\\net6.0\\fine-code-coverage\\build-output\\RepositoryTest.dll","CodeFilePath":null,"LineNumber":0,"Properties":[{"Key":{"Id":"NUnit.Seed","Label":"Seed","Category":"","Description":"","Attributes":0,"ValueType":"System.String"},"Value":"2066434760"}]},"Attachments":[],"Outcome":1,"ErrorMessage":null,"ErrorStackTrace":null,"DisplayName":"GetTest","Messages":[],"ComputerName":"DESKTOP-DPV93JG","Duration":"00:00:00.0060620","StartTime":"2024-04-25T06:45:02.1560949+00:00","EndTime":"2024-04-25T06:45:02.1621558+00:00","Properties":[{"Key":{"Id":"NUnit.Seed","Label":"Seed","Category":"","Description":"","Attributes":0,"ValueType":"System.String"},"Value":"2066434760"}]},{"TestCase":{"Id":"a7dbf71e-01df-ea40-1e7c-40cb911b2b49","FullyQualifiedName":"RepositoryTest.Tests3.UpdateTest","DisplayName":"UpdateTest","ExecutorUri":"executor://NUnit3TestExecutor","Source":"C:\\Users\\VC\\Desktop\\Presidio\\Genspark-trainings\\dotnet-trainings\\console-spplications\\day9\\day11shoppingCartSolution\\RepositoryTest\\bin\\Debug\\net6.0\\fine-code-coverage\\build-output\\RepositoryTest.dll","CodeFilePath":null,"LineNumber":0,"Properties":[{"Key":{"Id":"NUnit.Seed","Label":"Seed","Category":"","Description":"","Attributes":0,"ValueType":"System.String"},"Value":"1130628863"}]},"Attachments":[],"Outcome":1,"ErrorMessage":null,"ErrorStackTrace":null,"DisplayName":"UpdateTest","Messages":[],"ComputerName":"DESKTOP-DPV93JG","Duration":"00:00:00.0004670","StartTime":"2024-04-25T06:45:02.1621981+00:00","EndTime":"2024-04-25T06:45:02.1626647+00:00","Properties":[{"Key":{"Id":"NUnit.Seed","Label":"Seed","Category":"","Description":"","Attributes":0,"ValueType":"System.String"},"Value":"1130628863"}]}],"TestRunStatistics":{"ExecutedTests":16,"Stats":{"Passed":16}},"ActiveTests":[]},"RunAttachments":[],"ExecutorUris":["executor://nunit3testexecutor/"]}}
TpTrace Verbose: 0 : 8016, 7, 2024/04/25, 12:15:02.338, 6169445508111, vstest.console.dll, TestRequestSender.EndSession: Sending end session.
TpTrace Verbose: 0 : 8016, 7, 2024/04/25, 12:15:02.339, 6169445510121, vstest.console.dll, ProxyOperationManager.Close: waiting for test host to exit for 100 ms
TpTrace Verbose: 0 : 8016, 11, 2024/04/25, 12:15:02.436, 6169446486606, vstest.console.dll, TestHostManagerCallbacks.ctor: Experimental forwarding output is disabled.
TpTrace Warning: 0 : 8016, 11, 2024/04/25, 12:15:02.436, 6169446488476, vstest.console.dll, TestHostManagerCallbacks.ErrorReceivedCallback Test host standard error line: 
TpTrace Warning: 0 : 8016, 7, 2024/04/25, 12:15:02.446, 6169446580562, vstest.console.dll, ProxyOperationManager: Timed out waiting for test host to exit. Will terminate process.
TpTrace Information: 0 : 8016, 7, 2024/04/25, 12:15:02.446, 6169446583128, vstest.console.dll, SocketServer.Stop: Stop server endPoint: 127.0.0.1:50390
TpTrace Information: 0 : 8016, 7, 2024/04/25, 12:15:02.446, 6169446583641, vstest.console.dll, SocketServer.Stop: Cancellation requested. Stopping message loop.
TpTrace Information: 0 : 8016, 7, 2024/04/25, 12:15:02.446, 6169446585542, vstest.console.dll, Closing the connection
TpTrace Verbose: 0 : 8016, 7, 2024/04/25, 12:15:02.449, 6169446611135, vstest.console.dll, TestHostProvider.ExitCallBack: Host exited starting callback.
TpTrace Information: 0 : 8016, 7, 2024/04/25, 12:15:02.449, 6169446613899, vstest.console.dll, TestHostManagerCallbacks.ExitCallBack: Testhost processId: 12468 exited with exitcode: 0 error: ''
TpTrace Verbose: 0 : 8016, 7, 2024/04/25, 12:15:02.449, 6169446616395, vstest.console.dll, DotnetTestHostManager.OnHostExited: invoking OnHostExited callback
TpTrace Verbose: 0 : 8016, 7, 2024/04/25, 12:15:02.449, 6169446618238, vstest.console.dll, CrossPlatEngine.TestHostManagerHostExited: calling on client process exit callback.
TpTrace Information: 0 : 8016, 7, 2024/04/25, 12:15:02.450, 6169446619435, vstest.console.dll, TestRequestSender.OnClientProcessExit: Test host process exited. Standard error: 
TpTrace Information: 0 : 8016, 7, 2024/04/25, 12:15:02.450, 6169446620117, vstest.console.dll, SocketServer.Stop: Stop server endPoint: 127.0.0.1:50390
TpTrace Information: 0 : 8016, 7, 2024/04/25, 12:15:02.450, 6169446620513, vstest.console.dll, SocketServer.Stop: Cancellation requested. Stopping message loop.
TpTrace Verbose: 0 : 8016, 7, 2024/04/25, 12:15:02.450, 6169446621187, vstest.console.dll, MulticastDelegateUtilities.SafeInvoke: HostProviderEvents.OnHostExited: Invoking callback 1/1 for Microsoft.VisualStudio.TestPlatform.CrossPlatEngine.Client.ProxyOperationManager., took 0 ms.
TpTrace Verbose: 0 : 8016, 7, 2024/04/25, 12:15:02.450, 6169446625453, vstest.console.dll, ProxyDataCollectionManager.InvokeDataCollectionServiceAction: Starting.
TpTrace Information: 0 : 8016, 7, 2024/04/25, 12:15:02.450, 6169446626297, vstest.console.dll, ProxyDataCollectionManager.AfterTestRunEnd: Get attachment set and invoked data collectors processId: 32252 port: 50387
TpTrace Verbose: 0 : 8016, 7, 2024/04/25, 12:15:02.450, 6169446627062, vstest.console.dll, DataCollectionRequestSender.SendAfterTestRunStartAndGetResult: Send AfterTestRunEnd message with isCancelled: False
TpTrace Verbose: 0 : 8016, 7, 2024/04/25, 12:15:02.459, 6169446711590, vstest.console.dll, DataCollectionRequestSender.SendAfterTestRunStartAndGetResult: Received message: (DataCollection.AfterTestRunEndResult) -> {"MessageType":"DataCollection.AfterTestRunEndResult","Payload":{"AttachmentSets":[],"InvokedDataCollectors":[{"Uri":"datacollector://Microsoft/TestPlatform/Extensions/Blame/v1","FriendlyName":"Blame","AssemblyQualifiedName":"Microsoft.TestPlatform.Extensions.BlameDataCollector.BlameCollector, Microsoft.TestPlatform.Extensions.BlameDataCollector, Version=15.0.0.0, Culture=neutral, PublicKeyToken=b03f5f7f11d50a3a","FilePath":"C:\\Program Files\\dotnet\\sdk\\8.0.202\\Extensions\\Microsoft.TestPlatform.Extensions.BlameDataCollector.dll","HasAttachmentProcessor":false}],"Metrics":{}}}
TpTrace Information: 0 : 8016, 7, 2024/04/25, 12:15:02.466, 6169446782942, vstest.console.dll, ProxyDataCollectionManager.InvokeDataCollectionServiceAction: Completed.
TpTrace Warning: 0 : 8016, 10, 2024/04/25, 12:15:02.480, 6169446926077, vstest.console.dll, DataCollectionLauncher.ErrorReceivedCallback datacollector standard error line: 
TpTrace Information: 0 : 8016, 10, 2024/04/25, 12:15:02.493, 6169447058555, vstest.console.dll, DataCollectionLauncher.ExitCallBack: Data collector exited with exitcode: 0 error: ''
TpTrace Verbose: 0 : 8016, 7, 2024/04/25, 12:15:02.532, 6169447439669, vstest.console.dll, TestRunRequest:SendTestRunStatsChange: Starting.
TpTrace Verbose: 0 : 8016, 7, 2024/04/25, 12:15:02.532, 6169447441300, vstest.console.dll, MulticastDelegateUtilities.SafeInvoke: TestRun.RunStatsChanged: Invoking callbacks was skipped because there are no subscribers.
TpTrace Information: 0 : 8016, 7, 2024/04/25, 12:15:02.532, 6169447441766, vstest.console.dll, TestRunRequest:SendTestRunStatsChange: Completed.
TpTrace Verbose: 0 : 8016, 4, 2024/04/25, 12:15:02.532, 6169447442808, vstest.console.dll, MulticastDelegateUtilities.SafeInvoke: InternalTestLoggerEvents.SendTestResult: Invoking callback 1/1 for Microsoft.VisualStudio.TestPlatform.CommandLine.Internal.ConsoleLogger., took 0 ms.
TpTrace Verbose: 0 : 8016, 4, 2024/04/25, 12:15:02.532, 6169447445167, vstest.console.dll, MulticastDelegateUtilities.SafeInvoke: InternalTestLoggerEvents.SendTestResult: Invoking callback 1/1 for Microsoft.VisualStudio.TestPlatform.CommandLine.Internal.ConsoleLogger., took 0 ms.
TpTrace Verbose: 0 : 8016, 7, 2024/04/25, 12:15:02.532, 6169447445419, vstest.console.dll, ParallelProxyExecutionManager: HandlePartialRunComplete: Total workloads = 1, Total started clients = 1 Total completed clients = 1, Run complete = True, Run canceled: False.
TpTrace Verbose: 0 : 8016, 7, 2024/04/25, 12:15:02.532, 6169447446926, vstest.console.dll, ParallelProxyExecutionManager: HandlePartialRunComplete: All runs completed stopping all managers.
TpTrace Verbose: 0 : 8016, 7, 2024/04/25, 12:15:02.532, 6169447447353, vstest.console.dll, ParallelOperationManager.StopAllManagers: Stopping all managers.
TpTrace Verbose: 0 : 8016, 7, 2024/04/25, 12:15:02.532, 6169447447657, vstest.console.dll, ParallelOperationManager.ClearSlots: Clearing all slots. Slots should accept more work: False
TpTrace Verbose: 0 : 8016, 7, 2024/04/25, 12:15:02.532, 6169447448043, vstest.console.dll, ParallelOperationManager.SetOccupiedSlotCount: Setting slot counts AvailableSlotCount = 1, OccupiedSlotCount = 0.
TpTrace Verbose: 0 : 8016, 7, 2024/04/25, 12:15:02.532, 6169447448372, vstest.console.dll, Occupied slots:

TpTrace Verbose: 0 : 8016, 4, 2024/04/25, 12:15:02.534, 6169447464736, vstest.console.dll, MulticastDelegateUtilities.SafeInvoke: InternalTestLoggerEvents.SendTestResult: Invoking callback 1/1 for Microsoft.VisualStudio.TestPlatform.CommandLine.Internal.ConsoleLogger., took 1 ms.
TpTrace Verbose: 0 : 8016, 4, 2024/04/25, 12:15:02.534, 6169447466515, vstest.console.dll, MulticastDelegateUtilities.SafeInvoke: InternalTestLoggerEvents.SendTestResult: Invoking callback 1/1 for Microsoft.VisualStudio.TestPlatform.CommandLine.Internal.ConsoleLogger., took 0 ms.
TpTrace Verbose: 0 : 8016, 4, 2024/04/25, 12:15:02.534, 6169447467166, vstest.console.dll, MulticastDelegateUtilities.SafeInvoke: InternalTestLoggerEvents.SendTestResult: Invoking callback 1/1 for Microsoft.VisualStudio.TestPlatform.CommandLine.Internal.ConsoleLogger., took 0 ms.
TpTrace Verbose: 0 : 8016, 4, 2024/04/25, 12:15:02.534, 6169447467624, vstest.console.dll, MulticastDelegateUtilities.SafeInvoke: InternalTestLoggerEvents.SendTestResult: Invoking callback 1/1 for Microsoft.VisualStudio.TestPlatform.CommandLine.Internal.ConsoleLogger., took 0 ms.
TpTrace Verbose: 0 : 8016, 4, 2024/04/25, 12:15:02.534, 6169447468223, vstest.console.dll, MulticastDelegateUtilities.SafeInvoke: InternalTestLoggerEvents.SendTestResult: Invoking callback 1/1 for Microsoft.VisualStudio.TestPlatform.CommandLine.Internal.ConsoleLogger., took 0 ms.
TpTrace Verbose: 0 : 8016, 4, 2024/04/25, 12:15:02.544, 6169447567971, vstest.console.dll, MulticastDelegateUtilities.SafeInvoke: InternalTestLoggerEvents.SendTestRunComplete: Invoking callback 1/2 for Microsoft.TestPlatform.Extensions.BlameDataCollector.BlameLogger., took 0 ms.
TpTrace Verbose: 0 : 8016, 4, 2024/04/25, 12:15:02.554, 6169447659110, vstest.console.dll, MulticastDelegateUtilities.SafeInvoke: InternalTestLoggerEvents.SendTestRunComplete: Invoking callback 2/2 for Microsoft.VisualStudio.TestPlatform.CommandLine.Internal.ConsoleLogger., took 8 ms.
TpTrace Verbose: 0 : 8016, 7, 2024/04/25, 12:15:02.554, 6169447663515, vstest.console.dll, TestRunRequest:TestRunComplete: Starting. IsAborted:False IsCanceled:False.
TpTrace Verbose: 0 : 8016, 7, 2024/04/25, 12:15:02.554, 6169447665722, vstest.console.dll, ParallelOperationManager.DoActionOnAllManagers: Calling an action on all managers.
TpTrace Verbose: 0 : 8016, 7, 2024/04/25, 12:15:02.556, 6169447679162, vstest.console.dll, TestLoggerManager.HandleTestRunComplete: Ignoring as the object is disposed.
TpTrace Verbose: 0 : 8016, 7, 2024/04/25, 12:15:02.556, 6169447682422, vstest.console.dll, MulticastDelegateUtilities.SafeInvoke: TestRun.TestRunComplete: Invoking callback 1/2 for Microsoft.VisualStudio.TestPlatform.CommandLine.TestRunResultAggregator., took 0 ms.
TpTrace Verbose: 0 : 8016, 7, 2024/04/25, 12:15:02.556, 6169447684000, vstest.console.dll, MulticastDelegateUtilities.SafeInvoke: TestRun.TestRunComplete: Invoking callback 2/2 for Microsoft.VisualStudio.TestPlatform.CommandLine.Processors.RunTestsArgumentExecutor+TestRunRequestEventsRegistrar., took 0 ms.
TpTrace Information: 0 : 8016, 7, 2024/04/25, 12:15:02.556, 6169447685214, vstest.console.dll, TestRunRequest:TestRunComplete: Completed.
TpTrace Verbose: 0 : 8016, 7, 2024/04/25, 12:15:02.556, 6169447685607, vstest.console.dll, TestRequestSender.SetOperationComplete: Setting operation complete.
TpTrace Verbose: 0 : 8016, 1, 2024/04/25, 12:15:02.556, 6169447685718, vstest.console.dll, TestRunRequest.Dispose: Starting.
TpTrace Information: 0 : 8016, 7, 2024/04/25, 12:15:02.556, 6169447685893, vstest.console.dll, SocketServer.Stop: Stop server endPoint: 127.0.0.1:50390
TpTrace Information: 0 : 8016, 1, 2024/04/25, 12:15:02.556, 6169447686782, vstest.console.dll, TestRunRequest.Dispose: Completed.
TpTrace Information: 0 : 8016, 7, 2024/04/25, 12:15:02.556, 6169447687212, vstest.console.dll, SocketServer.Stop: Cancellation requested. Stopping message loop.
TpTrace Information: 0 : 8016, 1, 2024/04/25, 12:15:02.556, 6169447687333, vstest.console.dll, TestRequestManager.RunTests: run tests completed.
TpTrace Verbose: 0 : 8016, 7, 2024/04/25, 12:15:02.556, 6169447687577, vstest.console.dll, MulticastDelegateUtilities.SafeInvoke: LengthPrefixCommunicationChannel: MessageReceived: Invoking callback 1/1 for Microsoft.VisualStudio.TestPlatform.CommunicationUtilities.TestRequestSender+<>c__DisplayClass34_0., took 218 ms.
TpTrace Information: 0 : 8016, 1, 2024/04/25, 12:15:02.556, 6169447688332, vstest.console.dll, RunTestsArgumentProcessor:Execute: Test run is completed.
TpTrace Information: 0 : 8016, 7, 2024/04/25, 12:15:02.556, 6169447688351, vstest.console.dll, SocketServer.PrivateStop: Stopping server endPoint: 127.0.0.1:50390 error: 
TpTrace Verbose: 0 : 8016, 1, 2024/04/25, 12:15:02.557, 6169447690979, vstest.console.dll, Executor.Execute: Exiting with exit code of 0
TpTrace Verbose: 0 : 8016, 7, 2024/04/25, 12:15:02.557, 6169447693367, vstest.console.dll, LengthPrefixCommunicationChannel.Dispose: Dispose reader and writer.
TpTrace Information: 0 : 8016, 7, 2024/04/25, 12:15:02.557, 6169447694513, vstest.console.dll, SocketServer.Stop: Raise disconnected event endPoint: 127.0.0.1:50390 error: 
TpTrace Verbose: 0 : 8016, 7, 2024/04/25, 12:15:02.557, 6169447695817, vstest.console.dll, TestRequestSender: OnTestRunAbort: Operation is already complete. Skip error message.
TpTrace Verbose: 0 : 8016, 7, 2024/04/25, 12:15:02.557, 6169447696351, vstest.console.dll, MulticastDelegateUtilities.SafeInvoke: SocketServer: ClientDisconnected: Invoking callback 1/1 for Microsoft.VisualStudio.TestPlatform.CommunicationUtilities.TestRequestSender., took 0 ms.
TpTrace Verbose: 0 : 8016, 7, 2024/04/25, 12:15:02.557, 6169447696683, vstest.console.dll, TcpClientExtensions.MessageLoopAsync: exiting MessageLoopAsync remoteEndPoint: 127.0.0.1:50391 localEndPoint: 127.0.0.1:50390
