TpTrace Verbose: 0 : 15796, 1, 2024/04/23, 21:49:31.419, 4786165493295, vstest.console.dll, Version: 17.9.0-release-24072-02 Current process architecture: X64
TpTrace Verbose: 0 : 15796, 1, 2024/04/23, 21:49:31.422, 4786165523450, vstest.console.dll, Runtime location: C:\Program Files\dotnet\shared\Microsoft.NETCore.App\8.0.3
TpTrace Verbose: 0 : 15796, 1, 2024/04/23, 21:49:31.424, 4786165542991, vstest.console.dll, ArtifactProcessingPostProcessModeProcessorExecutor.Initialize: ArtifactProcessingMode.Collect
TpTrace Verbose: 0 : 15796, 1, 2024/04/23, 21:49:31.424, 4786165544267, vstest.console.dll, TestSessionCorrelationIdProcessorModeProcessorExecutor.Initialize: TestSessionCorrelationId '11604_d33d054e-4444-4dba-8501-25a5c5362c3f'
TpTrace Information: 0 : 15796, 1, 2024/04/23, 21:49:31.431, 4786165610534, vstest.console.dll, FilePatternParser: The given file C:\Users\VC\Desktop\Presidio\Genspark-trainings\dotnet-trainings\console-spplications\day4\day4ConsoleAppDoctorSolution\DoctorBLTest\bin\Debug\net6.0\fine-code-coverage\build-output\DoctorBLTest.dll is a full path.
TpTrace Verbose: 0 : 15796, 1, 2024/04/23, 21:49:31.434, 4786165640509, vstest.console.dll, TestPluginCache.DiscoverTestExtensions: finding test extensions in assemblies ends with: RuntimeProvider.dll TPluginInfo: Microsoft.VisualStudio.TestPlatform.Common.ExtensionFramework.Utilities.TestRuntimePluginInformation TExtension: Microsoft.VisualStudio.TestPlatform.ObjectModel.Host.ITestRuntimeProvider
TpTrace Verbose: 0 : 15796, 1, 2024/04/23, 21:49:31.434, 4786165643052, vstest.console.dll, TestPluginCache.GetExtensionPaths: Filtered extension paths: 
TpTrace Verbose: 0 : 15796, 1, 2024/04/23, 21:49:31.434, 4786165643635, vstest.console.dll, TestPluginCache.GetExtensionPaths: Added default extension paths: C:\Program Files\dotnet\sdk\8.0.202\Extensions\Microsoft.Diagnostics.NETCore.Client.dll
C:\Program Files\dotnet\sdk\8.0.202\Extensions\Microsoft.TestPlatform.Extensions.BlameDataCollector.dll
C:\Program Files\dotnet\sdk\8.0.202\Extensions\Microsoft.TestPlatform.Extensions.EventLogCollector.dll
C:\Program Files\dotnet\sdk\8.0.202\Extensions\Microsoft.TestPlatform.TestHostRuntimeProvider.dll
C:\Program Files\dotnet\sdk\8.0.202\Extensions\Microsoft.VisualStudio.TestPlatform.Extensions.Html.TestLogger.dll
C:\Program Files\dotnet\sdk\8.0.202\Extensions\Microsoft.VisualStudio.TestPlatform.Extensions.Trx.TestLogger.dll
TpTrace Verbose: 0 : 15796, 1, 2024/04/23, 21:49:31.434, 4786165643847, vstest.console.dll, TestPluginCache.GetExtensionPaths: Added unfilterableExtensionPaths: 
TpTrace Information: 0 : 15796, 1, 2024/04/23, 21:49:31.435, 4786165651080, vstest.console.dll, AssemblyResolver.ctor: Creating AssemblyResolver with searchDirectories C:\Program Files\dotnet\sdk\8.0.202\Extensions,C:\Program Files\dotnet\sdk\8.0.202
TpTrace Verbose: 0 : 15796, 1, 2024/04/23, 21:49:31.436, 4786165662692, vstest.console.dll, TestPluginCache.DiscoverTestExtensions: Discovering the extensions using extension path.
TpTrace Verbose: 0 : 15796, 1, 2024/04/23, 21:49:31.436, 4786165663914, vstest.console.dll, TestPluginCache.GetExtensionPaths: Filtered extension paths: 
TpTrace Verbose: 0 : 15796, 1, 2024/04/23, 21:49:31.436, 4786165664271, vstest.console.dll, TestPluginCache.GetExtensionPaths: Added default extension paths: C:\Program Files\dotnet\sdk\8.0.202\Extensions\Microsoft.Diagnostics.NETCore.Client.dll
C:\Program Files\dotnet\sdk\8.0.202\Extensions\Microsoft.TestPlatform.Extensions.BlameDataCollector.dll
C:\Program Files\dotnet\sdk\8.0.202\Extensions\Microsoft.TestPlatform.Extensions.EventLogCollector.dll
C:\Program Files\dotnet\sdk\8.0.202\Extensions\Microsoft.TestPlatform.TestHostRuntimeProvider.dll
C:\Program Files\dotnet\sdk\8.0.202\Extensions\Microsoft.VisualStudio.TestPlatform.Extensions.Html.TestLogger.dll
C:\Program Files\dotnet\sdk\8.0.202\Extensions\Microsoft.VisualStudio.TestPlatform.Extensions.Trx.TestLogger.dll
TpTrace Verbose: 0 : 15796, 1, 2024/04/23, 21:49:31.436, 4786165664481, vstest.console.dll, TestPluginCache.GetExtensionPaths: Added unfilterableExtensionPaths: 
TpTrace Verbose: 0 : 15796, 1, 2024/04/23, 21:49:31.436, 4786165665520, vstest.console.dll, TestPluginCache.DiscoverTestExtensions: Discovering the extensions using allExtensionPaths: C:\Program Files\dotnet\sdk\8.0.202\Extensions\Microsoft.Diagnostics.NETCore.Client.dll
C:\Program Files\dotnet\sdk\8.0.202\Extensions\Microsoft.TestPlatform.Extensions.BlameDataCollector.dll
C:\Program Files\dotnet\sdk\8.0.202\Extensions\Microsoft.TestPlatform.Extensions.EventLogCollector.dll
C:\Program Files\dotnet\sdk\8.0.202\Extensions\Microsoft.TestPlatform.TestHostRuntimeProvider.dll
C:\Program Files\dotnet\sdk\8.0.202\Extensions\Microsoft.VisualStudio.TestPlatform.Extensions.Html.TestLogger.dll
C:\Program Files\dotnet\sdk\8.0.202\Extensions\Microsoft.VisualStudio.TestPlatform.Extensions.Trx.TestLogger.dll
TpTrace Information: 0 : 15796, 1, 2024/04/23, 21:49:31.436, 4786165666390, vstest.console.dll, AssemblyResolver.AddSearchDirectories: Adding more searchDirectories C:\Program Files\dotnet\sdk\8.0.202\Extensions,C:\Program Files\dotnet\sdk\8.0.202
TpTrace Information: 0 : 15796, 1, 2024/04/23, 21:49:31.437, 4786165666750, vstest.console.dll, AssemblyResolver.AddSearchDirectories: Adding more searchDirectories C:\Program Files\dotnet\sdk\8.0.202\Extensions,C:\Program Files\dotnet\sdk\8.0.202
TpTrace Information: 0 : 15796, 1, 2024/04/23, 21:49:31.437, 4786165666998, vstest.console.dll, AssemblyResolver.AddSearchDirectories: Adding more searchDirectories C:\Program Files\dotnet\sdk\8.0.202\Extensions,C:\Program Files\dotnet\sdk\8.0.202
TpTrace Information: 0 : 15796, 1, 2024/04/23, 21:49:31.437, 4786165667195, vstest.console.dll, AssemblyResolver.AddSearchDirectories: Adding more searchDirectories C:\Program Files\dotnet\sdk\8.0.202\Extensions,C:\Program Files\dotnet\sdk\8.0.202
TpTrace Information: 0 : 15796, 1, 2024/04/23, 21:49:31.437, 4786165667387, vstest.console.dll, AssemblyResolver.AddSearchDirectories: Adding more searchDirectories C:\Program Files\dotnet\sdk\8.0.202\Extensions,C:\Program Files\dotnet\sdk\8.0.202
TpTrace Information: 0 : 15796, 1, 2024/04/23, 21:49:31.437, 4786165667665, vstest.console.dll, AssemblyResolver.AddSearchDirectories: Adding more searchDirectories C:\Program Files\dotnet\sdk\8.0.202\Extensions,C:\Program Files\dotnet\sdk\8.0.202
TpTrace Information: 0 : 15796, 1, 2024/04/23, 21:49:31.437, 4786165672048, vstest.console.dll, AssemblyResolver.OnResolve: Microsoft.Diagnostics.NETCore.Client: Resolving assembly.
TpTrace Information: 0 : 15796, 1, 2024/04/23, 21:49:31.437, 4786165672774, vstest.console.dll, AssemblyResolver.OnResolve: Microsoft.Diagnostics.NETCore.Client: Searching in: 'C:\Program Files\dotnet\sdk\8.0.202\Extensions'.
TpTrace Information: 0 : 15796, 1, 2024/04/23, 21:49:31.444, 4786165737734, vstest.console.dll, AssemblyResolver.OnResolve: Microsoft.Diagnostics.NETCore.Client: Loading assembly 'C:\Program Files\dotnet\sdk\8.0.202\Extensions\Microsoft.Diagnostics.NETCore.Client.dll'.
TpTrace Information: 0 : 15796, 1, 2024/04/23, 21:49:31.444, 4786165742199, vstest.console.dll, AssemblyResolver.OnResolve: Resolved assembly: Microsoft.Diagnostics.NETCore.Client, from path: C:\Program Files\dotnet\sdk\8.0.202\Extensions\Microsoft.Diagnostics.NETCore.Client.dll
TpTrace Verbose: 0 : 15796, 1, 2024/04/23, 21:49:31.450, 4786165796776, vstest.console.dll, MetadataReaderExtensionsHelper: Discovering extensions inside assembly 'Microsoft.Diagnostics.NETCore.Client, Version=0.2.9.2401, Culture=neutral, PublicKeyToken=31bf3856ad364e35' file path 'C:\Program Files\dotnet\sdk\8.0.202\Extensions\Microsoft.Diagnostics.NETCore.Client.dll'
TpTrace Information: 0 : 15796, 1, 2024/04/23, 21:49:31.452, 4786165826512, vstest.console.dll, AssemblyResolver.OnResolve: Microsoft.Bcl.AsyncInterfaces: Resolving assembly.
TpTrace Information: 0 : 15796, 1, 2024/04/23, 21:49:31.453, 4786165827228, vstest.console.dll, AssemblyResolver.OnResolve: Microsoft.Bcl.AsyncInterfaces: Searching in: 'C:\Program Files\dotnet\sdk\8.0.202\Extensions'.
TpTrace Information: 0 : 15796, 1, 2024/04/23, 21:49:31.453, 4786165827814, vstest.console.dll, AssemblyResolver.OnResolve: Microsoft.Bcl.AsyncInterfaces: Assembly path does not exist: 'C:\Program Files\dotnet\sdk\8.0.202\Extensions\Microsoft.Bcl.AsyncInterfaces.dll', returning.
TpTrace Information: 0 : 15796, 1, 2024/04/23, 21:49:31.453, 4786165828658, vstest.console.dll, AssemblyResolver.OnResolve: Microsoft.Bcl.AsyncInterfaces: Assembly path does not exist: 'C:\Program Files\dotnet\sdk\8.0.202\Extensions\Microsoft.Bcl.AsyncInterfaces.exe', returning.
TpTrace Information: 0 : 15796, 1, 2024/04/23, 21:49:31.453, 4786165828984, vstest.console.dll, AssemblyResolver.OnResolve: Microsoft.Bcl.AsyncInterfaces: Searching in: 'C:\Program Files\dotnet\sdk\8.0.202'.
TpTrace Information: 0 : 15796, 1, 2024/04/23, 21:49:31.453, 4786165829339, vstest.console.dll, AssemblyResolver.OnResolve: Microsoft.Bcl.AsyncInterfaces: Assembly path does not exist: 'C:\Program Files\dotnet\sdk\8.0.202\Microsoft.Bcl.AsyncInterfaces.dll', returning.
TpTrace Information: 0 : 15796, 1, 2024/04/23, 21:49:31.453, 4786165829633, vstest.console.dll, AssemblyResolver.OnResolve: Microsoft.Bcl.AsyncInterfaces: Assembly path does not exist: 'C:\Program Files\dotnet\sdk\8.0.202\Microsoft.Bcl.AsyncInterfaces.exe', returning.
TpTrace Information: 0 : 15796, 1, 2024/04/23, 21:49:31.453, 4786165829806, vstest.console.dll, AssemblyResolver.OnResolve: Microsoft.Bcl.AsyncInterfaces: Failed to load assembly.
TpTrace Verbose: 0 : 15796, 1, 2024/04/23, 21:49:31.453, 4786165830086, vstest.console.dll, CurrentDomainAssemblyResolve: Resolving assembly 'Microsoft.Bcl.AsyncInterfaces'.
TpTrace Information: 0 : 15796, 1, 2024/04/23, 21:49:31.453, 4786165830544, vstest.console.dll, AssemblyResolver.OnResolve: Microsoft.Bcl.AsyncInterfaces: Resolving assembly.
TpTrace Information: 0 : 15796, 1, 2024/04/23, 21:49:31.453, 4786165830819, vstest.console.dll, AssemblyResolver.OnResolve: Microsoft.Bcl.AsyncInterfaces: Resolved from cache.
TpTrace Verbose: 0 : 15796, 1, 2024/04/23, 21:49:31.453, 4786165830994, vstest.console.dll, CurrentDomainAssemblyResolve: Resolving assembly 'Microsoft.Bcl.AsyncInterfaces'.
TpTrace Verbose: 0 : 15796, 1, 2024/04/23, 21:49:31.453, 4786165831209, vstest.console.dll, CurrentDomainAssemblyResolve: Failed to resolve assembly 'Microsoft.Bcl.AsyncInterfaces'.
TpTrace Verbose: 0 : 15796, 1, 2024/04/23, 21:49:31.453, 4786165835911, vstest.console.dll, CurrentDomainAssemblyResolve: Failed to resolve assembly 'Microsoft.Bcl.AsyncInterfaces'.
TpTrace Warning: 0 : 15796, 1, 2024/04/23, 21:49:31.460, 4786165899407, vstest.console.dll, TestPluginDiscoverer: Failed to get types from assembly 'Microsoft.Diagnostics.NETCore.Client, Version=0.2.9.2401, Culture=neutral, PublicKeyToken=31bf3856ad364e35'. Error: System.Reflection.ReflectionTypeLoadException: Unable to load one or more of the requested types.
Could not load file or assembly 'Microsoft.Bcl.AsyncInterfaces, Version=6.0.0.0, Culture=neutral, PublicKeyToken=cc7b13ffcd2ddd51'. The system cannot find the file specified.
   at System.Reflection.RuntimeModule.GetTypes(RuntimeModule module)
   at System.Reflection.RuntimeModule.GetTypes()
   at Microsoft.VisualStudio.TestPlatform.Common.ExtensionFramework.TestPluginDiscoverer.GetTestExtensionsFromAssembly[TPluginInfo,TExtension](Assembly assembly, Dictionary`2 pluginInfos, String filePath) in /_/src/Microsoft.TestPlatform.Common/ExtensionFramework/TestPluginDiscoverer.cs:line 158
System.IO.FileNotFoundException: Could not load file or assembly 'Microsoft.Bcl.AsyncInterfaces, Version=6.0.0.0, Culture=neutral, PublicKeyToken=cc7b13ffcd2ddd51'. The system cannot find the file specified.
File name: 'Microsoft.Bcl.AsyncInterfaces, Version=6.0.0.0, Culture=neutral, PublicKeyToken=cc7b13ffcd2ddd51'
 ---> System.IO.FileNotFoundException: Could not load file or assembly 'Microsoft.Bcl.AsyncInterfaces, Culture=neutral, PublicKeyToken=null'. The system cannot find the file specified.
File name: 'Microsoft.Bcl.AsyncInterfaces, Culture=neutral, PublicKeyToken=null'
   at System.Reflection.RuntimeAssembly.InternalLoad(AssemblyName assemblyName, StackCrawlMark& stackMark, AssemblyLoadContext assemblyLoadContext, RuntimeAssembly requestingAssembly, Boolean throwOnFileNotFound)
   at System.Reflection.Assembly.Load(AssemblyName assemblyRef)
   at Microsoft.VisualStudio.TestPlatform.Common.ExtensionFramework.TestPluginCache.CurrentDomainAssemblyResolve(Object sender, AssemblyResolveEventArgs args) in /_/src/Microsoft.TestPlatform.Common/ExtensionFramework/TestPluginCache.cs:line 513
   at System.Runtime.Loader.AssemblyLoadContext.GetFirstResolvedAssemblyFromResolvingEvent(AssemblyName assemblyName)
   at System.Runtime.Loader.AssemblyLoadContext.ResolveUsingEvent(AssemblyName assemblyName)
   at System.Runtime.Loader.AssemblyLoadContext.ResolveUsingResolvingEvent(IntPtr gchManagedAssemblyLoadContext, AssemblyName assemblyName)
TpTrace Warning: 0 : 15796, 1, 2024/04/23, 21:49:31.460, 4786165902039, vstest.console.dll, LoaderExceptions: System.IO.FileNotFoundException: Could not load file or assembly 'Microsoft.Bcl.AsyncInterfaces, Version=6.0.0.0, Culture=neutral, PublicKeyToken=cc7b13ffcd2ddd51'. The system cannot find the file specified.
File name: 'Microsoft.Bcl.AsyncInterfaces, Version=6.0.0.0, Culture=neutral, PublicKeyToken=cc7b13ffcd2ddd51'
 ---> System.IO.FileNotFoundException: Could not load file or assembly 'Microsoft.Bcl.AsyncInterfaces, Culture=neutral, PublicKeyToken=null'. The system cannot find the file specified.
File name: 'Microsoft.Bcl.AsyncInterfaces, Culture=neutral, PublicKeyToken=null'
   at System.Reflection.RuntimeAssembly.InternalLoad(AssemblyName assemblyName, StackCrawlMark& stackMark, AssemblyLoadContext assemblyLoadContext, RuntimeAssembly requestingAssembly, Boolean throwOnFileNotFound)
   at System.Reflection.Assembly.Load(AssemblyName assemblyRef)
   at Microsoft.VisualStudio.TestPlatform.Common.ExtensionFramework.TestPluginCache.CurrentDomainAssemblyResolve(Object sender, AssemblyResolveEventArgs args) in /_/src/Microsoft.TestPlatform.Common/ExtensionFramework/TestPluginCache.cs:line 513
   at System.Runtime.Loader.AssemblyLoadContext.GetFirstResolvedAssemblyFromResolvingEvent(AssemblyName assemblyName)
   at System.Runtime.Loader.AssemblyLoadContext.ResolveUsingEvent(AssemblyName assemblyName)
   at System.Runtime.Loader.AssemblyLoadContext.ResolveUsingResolvingEvent(IntPtr gchManagedAssemblyLoadContext, AssemblyName assemblyName)
TpTrace Information: 0 : 15796, 1, 2024/04/23, 21:49:31.460, 4786165903087, vstest.console.dll, AssemblyResolver.OnResolve: Microsoft.TestPlatform.Extensions.BlameDataCollector: Resolving assembly.
TpTrace Information: 0 : 15796, 1, 2024/04/23, 21:49:31.460, 4786165903341, vstest.console.dll, AssemblyResolver.OnResolve: Microsoft.TestPlatform.Extensions.BlameDataCollector: Searching in: 'C:\Program Files\dotnet\sdk\8.0.202\Extensions'.
TpTrace Information: 0 : 15796, 1, 2024/04/23, 21:49:31.460, 4786165905385, vstest.console.dll, AssemblyResolver.OnResolve: Microsoft.TestPlatform.Extensions.BlameDataCollector: Loading assembly 'C:\Program Files\dotnet\sdk\8.0.202\Extensions\Microsoft.TestPlatform.Extensions.BlameDataCollector.dll'.
TpTrace Information: 0 : 15796, 1, 2024/04/23, 21:49:31.461, 4786165907714, vstest.console.dll, AssemblyResolver.OnResolve: Resolved assembly: Microsoft.TestPlatform.Extensions.BlameDataCollector, from path: C:\Program Files\dotnet\sdk\8.0.202\Extensions\Microsoft.TestPlatform.Extensions.BlameDataCollector.dll
TpTrace Verbose: 0 : 15796, 1, 2024/04/23, 21:49:31.461, 4786165908419, vstest.console.dll, MetadataReaderExtensionsHelper: Discovering extensions inside assembly 'Microsoft.TestPlatform.Extensions.BlameDataCollector, Version=15.0.0.0, Culture=neutral, PublicKeyToken=b03f5f7f11d50a3a' file path 'C:\Program Files\dotnet\sdk\8.0.202\Extensions\Microsoft.TestPlatform.Extensions.BlameDataCollector.dll'
TpTrace Information: 0 : 15796, 1, 2024/04/23, 21:49:31.462, 4786165917376, vstest.console.dll, AssemblyResolver.OnResolve: Microsoft.TestPlatform.Extensions.EventLogCollector: Resolving assembly.
TpTrace Information: 0 : 15796, 1, 2024/04/23, 21:49:31.462, 4786165918250, vstest.console.dll, AssemblyResolver.OnResolve: Microsoft.TestPlatform.Extensions.EventLogCollector: Searching in: 'C:\Program Files\dotnet\sdk\8.0.202\Extensions'.
TpTrace Information: 0 : 15796, 1, 2024/04/23, 21:49:31.462, 4786165919765, vstest.console.dll, AssemblyResolver.OnResolve: Microsoft.TestPlatform.Extensions.EventLogCollector: Loading assembly 'C:\Program Files\dotnet\sdk\8.0.202\Extensions\Microsoft.TestPlatform.Extensions.EventLogCollector.dll'.
TpTrace Information: 0 : 15796, 1, 2024/04/23, 21:49:31.462, 4786165921651, vstest.console.dll, AssemblyResolver.OnResolve: Resolved assembly: Microsoft.TestPlatform.Extensions.EventLogCollector, from path: C:\Program Files\dotnet\sdk\8.0.202\Extensions\Microsoft.TestPlatform.Extensions.EventLogCollector.dll
TpTrace Verbose: 0 : 15796, 1, 2024/04/23, 21:49:31.462, 4786165922070, vstest.console.dll, MetadataReaderExtensionsHelper: Discovering extensions inside assembly 'Microsoft.TestPlatform.Extensions.EventLogCollector, Version=15.0.0.0, Culture=neutral, PublicKeyToken=b03f5f7f11d50a3a' file path 'C:\Program Files\dotnet\sdk\8.0.202\Extensions\Microsoft.TestPlatform.Extensions.EventLogCollector.dll'
TpTrace Information: 0 : 15796, 1, 2024/04/23, 21:49:31.463, 4786165933079, vstest.console.dll, AssemblyResolver.OnResolve: Microsoft.TestPlatform.TestHostRuntimeProvider: Resolving assembly.
TpTrace Information: 0 : 15796, 1, 2024/04/23, 21:49:31.463, 4786165933556, vstest.console.dll, AssemblyResolver.OnResolve: Microsoft.TestPlatform.TestHostRuntimeProvider: Searching in: 'C:\Program Files\dotnet\sdk\8.0.202\Extensions'.
TpTrace Information: 0 : 15796, 1, 2024/04/23, 21:49:31.463, 4786165935028, vstest.console.dll, AssemblyResolver.OnResolve: Microsoft.TestPlatform.TestHostRuntimeProvider: Loading assembly 'C:\Program Files\dotnet\sdk\8.0.202\Extensions\Microsoft.TestPlatform.TestHostRuntimeProvider.dll'.
TpTrace Information: 0 : 15796, 1, 2024/04/23, 21:49:31.464, 4786165937771, vstest.console.dll, AssemblyResolver.OnResolve: Resolved assembly: Microsoft.TestPlatform.TestHostRuntimeProvider, from path: C:\Program Files\dotnet\sdk\8.0.202\Extensions\Microsoft.TestPlatform.TestHostRuntimeProvider.dll
TpTrace Verbose: 0 : 15796, 1, 2024/04/23, 21:49:31.464, 4786165938904, vstest.console.dll, MetadataReaderExtensionsHelper: Discovering extensions inside assembly 'Microsoft.TestPlatform.TestHostRuntimeProvider, Version=15.0.0.0, Culture=neutral, PublicKeyToken=b03f5f7f11d50a3a' file path 'C:\Program Files\dotnet\sdk\8.0.202\Extensions\Microsoft.TestPlatform.TestHostRuntimeProvider.dll'
TpTrace Information: 0 : 15796, 1, 2024/04/23, 21:49:31.465, 4786165956405, vstest.console.dll, GetTestExtensionFromType: Register extension with identifier data 'HostProvider://DefaultTestHost' and type 'Microsoft.VisualStudio.TestPlatform.CrossPlatEngine.Hosting.DefaultTestHostManager, Microsoft.TestPlatform.TestHostRuntimeProvider, Version=15.0.0.0, Culture=neutral, PublicKeyToken=b03f5f7f11d50a3a' inside file 'C:\Program Files\dotnet\sdk\8.0.202\Extensions\Microsoft.TestPlatform.TestHostRuntimeProvider.dll'
TpTrace Information: 0 : 15796, 1, 2024/04/23, 21:49:31.466, 4786165959735, vstest.console.dll, GetTestExtensionFromType: Register extension with identifier data 'HostProvider://DotnetTestHost' and type 'Microsoft.VisualStudio.TestPlatform.CrossPlatEngine.Hosting.DotnetTestHostManager, Microsoft.TestPlatform.TestHostRuntimeProvider, Version=15.0.0.0, Culture=neutral, PublicKeyToken=b03f5f7f11d50a3a' inside file 'C:\Program Files\dotnet\sdk\8.0.202\Extensions\Microsoft.TestPlatform.TestHostRuntimeProvider.dll'
TpTrace Information: 0 : 15796, 1, 2024/04/23, 21:49:31.466, 4786165960662, vstest.console.dll, AssemblyResolver.OnResolve: Microsoft.VisualStudio.TestPlatform.Extensions.Html.TestLogger: Resolving assembly.
TpTrace Information: 0 : 15796, 1, 2024/04/23, 21:49:31.466, 4786165961103, vstest.console.dll, AssemblyResolver.OnResolve: Microsoft.VisualStudio.TestPlatform.Extensions.Html.TestLogger: Searching in: 'C:\Program Files\dotnet\sdk\8.0.202\Extensions'.
TpTrace Information: 0 : 15796, 1, 2024/04/23, 21:49:31.466, 4786165963744, vstest.console.dll, AssemblyResolver.OnResolve: Microsoft.VisualStudio.TestPlatform.Extensions.Html.TestLogger: Loading assembly 'C:\Program Files\dotnet\sdk\8.0.202\Extensions\Microsoft.VisualStudio.TestPlatform.Extensions.Html.TestLogger.dll'.
TpTrace Information: 0 : 15796, 1, 2024/04/23, 21:49:31.467, 4786165969504, vstest.console.dll, AssemblyResolver.OnResolve: Resolved assembly: Microsoft.VisualStudio.TestPlatform.Extensions.Html.TestLogger, from path: C:\Program Files\dotnet\sdk\8.0.202\Extensions\Microsoft.VisualStudio.TestPlatform.Extensions.Html.TestLogger.dll
TpTrace Verbose: 0 : 15796, 1, 2024/04/23, 21:49:31.467, 4786165970687, vstest.console.dll, MetadataReaderExtensionsHelper: Discovering extensions inside assembly 'Microsoft.VisualStudio.TestPlatform.Extensions.Html.TestLogger, Version=15.0.0.0, Culture=neutral, PublicKeyToken=b03f5f7f11d50a3a' file path 'C:\Program Files\dotnet\sdk\8.0.202\Extensions\Microsoft.VisualStudio.TestPlatform.Extensions.Html.TestLogger.dll'
TpTrace Information: 0 : 15796, 1, 2024/04/23, 21:49:31.468, 4786165979964, vstest.console.dll, AssemblyResolver.OnResolve: Microsoft.VisualStudio.TestPlatform.Extensions.Trx.TestLogger: Resolving assembly.
TpTrace Information: 0 : 15796, 1, 2024/04/23, 21:49:31.468, 4786165980632, vstest.console.dll, AssemblyResolver.OnResolve: Microsoft.VisualStudio.TestPlatform.Extensions.Trx.TestLogger: Searching in: 'C:\Program Files\dotnet\sdk\8.0.202\Extensions'.
TpTrace Information: 0 : 15796, 1, 2024/04/23, 21:49:31.468, 4786165982469, vstest.console.dll, AssemblyResolver.OnResolve: Microsoft.VisualStudio.TestPlatform.Extensions.Trx.TestLogger: Loading assembly 'C:\Program Files\dotnet\sdk\8.0.202\Extensions\Microsoft.VisualStudio.TestPlatform.Extensions.Trx.TestLogger.dll'.
TpTrace Information: 0 : 15796, 1, 2024/04/23, 21:49:31.468, 4786165985693, vstest.console.dll, AssemblyResolver.OnResolve: Resolved assembly: Microsoft.VisualStudio.TestPlatform.Extensions.Trx.TestLogger, from path: C:\Program Files\dotnet\sdk\8.0.202\Extensions\Microsoft.VisualStudio.TestPlatform.Extensions.Trx.TestLogger.dll
TpTrace Verbose: 0 : 15796, 1, 2024/04/23, 21:49:31.468, 4786165986271, vstest.console.dll, MetadataReaderExtensionsHelper: Discovering extensions inside assembly 'Microsoft.VisualStudio.TestPlatform.Extensions.Trx.TestLogger, Version=15.0.0.0, Culture=neutral, PublicKeyToken=b03f5f7f11d50a3a' file path 'C:\Program Files\dotnet\sdk\8.0.202\Extensions\Microsoft.VisualStudio.TestPlatform.Extensions.Trx.TestLogger.dll'
TpTrace Verbose: 0 : 15796, 1, 2024/04/23, 21:49:31.469, 4786165995548, vstest.console.dll, TestPluginCache: Discovered the extensions using extension path ''.
TpTrace Verbose: 0 : 15796, 1, 2024/04/23, 21:49:31.469, 4786165996324, vstest.console.dll, TestPluginCache: Discoverers are ''.
TpTrace Verbose: 0 : 15796, 1, 2024/04/23, 21:49:31.469, 4786165996517, vstest.console.dll, TestPluginCache: Executors are ''.
TpTrace Verbose: 0 : 15796, 1, 2024/04/23, 21:49:31.470, 4786165996682, vstest.console.dll, TestPluginCache: Executors2 are ''.
TpTrace Verbose: 0 : 15796, 1, 2024/04/23, 21:49:31.470, 4786165996848, vstest.console.dll, TestPluginCache: Setting providers are ''.
TpTrace Verbose: 0 : 15796, 1, 2024/04/23, 21:49:31.470, 4786165997010, vstest.console.dll, TestPluginCache: Loggers are ''.
TpTrace Verbose: 0 : 15796, 1, 2024/04/23, 21:49:31.470, 4786165998558, vstest.console.dll, TestPluginCache: TestHosts are 'HostProvider://DefaultTestHost,HostProvider://DotnetTestHost'.
TpTrace Verbose: 0 : 15796, 1, 2024/04/23, 21:49:31.470, 4786165998831, vstest.console.dll, TestPluginCache: DataCollectors are ''.
TpTrace Information: 0 : 15796, 1, 2024/04/23, 21:49:31.479, 4786166093660, vstest.console.dll, RunTestsArgumentProcessor:Execute: Test run is starting.
TpTrace Verbose: 0 : 15796, 1, 2024/04/23, 21:49:31.479, 4786166094353, vstest.console.dll, RunTestsArgumentProcessor:Execute: Queuing Test run.
TpTrace Information: 0 : 15796, 1, 2024/04/23, 21:49:31.479, 4786166095933, vstest.console.dll, TestRequestManager.RunTests: run tests started.
TpTrace Information: 0 : 15796, 1, 2024/04/23, 21:49:31.481, 4786166108184, vstest.console.dll, AssemblyMetadataProvider.GetFrameworkName: Determined framework:'.NETCoreApp,Version=v6.0' for source: 'C:\Users\VC\Desktop\Presidio\Genspark-trainings\dotnet-trainings\console-spplications\day4\day4ConsoleAppDoctorSolution\DoctorBLTest\bin\Debug\net6.0\fine-code-coverage\build-output\DoctorBLTest.dll'
TpTrace Information: 0 : 15796, 1, 2024/04/23, 21:49:31.481, 4786166110459, vstest.console.dll, Determined framework for all sources: .NETCoreApp,Version=v6.0
TpTrace Verbose: 0 : 15796, 1, 2024/04/23, 21:49:31.481, 4786166113484, vstest.console.dll, TestRequestManager.UpdateRunSettingsIfRequired: Default architecture: X64 IsDefaultTargetArchitecture: True, Current process architecture: X64 OperatingSystem: Windows.
TpTrace Information: 0 : 15796, 1, 2024/04/23, 21:49:31.484, 4786166138679, vstest.console.dll, AssemblyMetadataProvider.GetArchitecture: Determined architecture:AnyCPU info for assembly: C:\Users\VC\Desktop\Presidio\Genspark-trainings\dotnet-trainings\console-spplications\day4\day4ConsoleAppDoctorSolution\DoctorBLTest\bin\Debug\net6.0\fine-code-coverage\build-output\DoctorBLTest.dll
TpTrace Information: 0 : 15796, 1, 2024/04/23, 21:49:31.484, 4786166139273, vstest.console.dll, Determined platform for source 'C:\Users\VC\Desktop\Presidio\Genspark-trainings\dotnet-trainings\console-spplications\day4\day4ConsoleAppDoctorSolution\DoctorBLTest\bin\Debug\net6.0\fine-code-coverage\build-output\DoctorBLTest.dll' was AnyCPU and it will use the default plaform X64.
TpTrace Information: 0 : 15796, 1, 2024/04/23, 21:49:31.484, 4786166139506, vstest.console.dll, None of the sources provided any runnable platform, using the default platform: X64
TpTrace Information: 0 : 15796, 1, 2024/04/23, 21:49:31.484, 4786166140437, vstest.console.dll, Platform was updated to 'X64'.
TpTrace Information: 0 : 15796, 1, 2024/04/23, 21:49:31.487, 4786166167280, vstest.console.dll, InferRunSettingsHelper.IsTestSettingsEnabled: Unable to navigate to RunSettings/MSTest. Current node: RunSettings
TpTrace Information: 0 : 15796, 1, 2024/04/23, 21:49:31.487, 4786166172623, vstest.console.dll, AssemblyResolver.OnResolve: Microsoft.VisualStudio.TestPlatform.Fakes: Resolving assembly.
TpTrace Information: 0 : 15796, 1, 2024/04/23, 21:49:31.487, 4786166173099, vstest.console.dll, AssemblyResolver.OnResolve: Microsoft.VisualStudio.TestPlatform.Fakes: Searching in: 'C:\Program Files\dotnet\sdk\8.0.202\Extensions'.
TpTrace Information: 0 : 15796, 1, 2024/04/23, 21:49:31.487, 4786166173741, vstest.console.dll, AssemblyResolver.OnResolve: Microsoft.VisualStudio.TestPlatform.Fakes: Assembly path does not exist: 'C:\Program Files\dotnet\sdk\8.0.202\Extensions\Microsoft.VisualStudio.TestPlatform.Fakes.dll', returning.
TpTrace Information: 0 : 15796, 1, 2024/04/23, 21:49:31.487, 4786166174108, vstest.console.dll, AssemblyResolver.OnResolve: Microsoft.VisualStudio.TestPlatform.Fakes: Assembly path does not exist: 'C:\Program Files\dotnet\sdk\8.0.202\Extensions\Microsoft.VisualStudio.TestPlatform.Fakes.exe', returning.
TpTrace Information: 0 : 15796, 1, 2024/04/23, 21:49:31.487, 4786166174288, vstest.console.dll, AssemblyResolver.OnResolve: Microsoft.VisualStudio.TestPlatform.Fakes: Searching in: 'C:\Program Files\dotnet\sdk\8.0.202'.
TpTrace Information: 0 : 15796, 1, 2024/04/23, 21:49:31.487, 4786166174629, vstest.console.dll, AssemblyResolver.OnResolve: Microsoft.VisualStudio.TestPlatform.Fakes: Assembly path does not exist: 'C:\Program Files\dotnet\sdk\8.0.202\Microsoft.VisualStudio.TestPlatform.Fakes.dll', returning.
TpTrace Information: 0 : 15796, 1, 2024/04/23, 21:49:31.487, 4786166174978, vstest.console.dll, AssemblyResolver.OnResolve: Microsoft.VisualStudio.TestPlatform.Fakes: Assembly path does not exist: 'C:\Program Files\dotnet\sdk\8.0.202\Microsoft.VisualStudio.TestPlatform.Fakes.exe', returning.
TpTrace Information: 0 : 15796, 1, 2024/04/23, 21:49:31.487, 4786166175231, vstest.console.dll, AssemblyResolver.OnResolve: Microsoft.VisualStudio.TestPlatform.Fakes: Failed to load assembly.
TpTrace Information: 0 : 15796, 1, 2024/04/23, 21:49:31.488, 4786166177444, vstest.console.dll, Failed to load assembly Microsoft.VisualStudio.TestPlatform.Fakes, Version=17.0.0.0, Culture=neutral. Reason:System.IO.FileNotFoundException: Could not load file or assembly 'Microsoft.VisualStudio.TestPlatform.Fakes, Version=17.0.0.0, Culture=neutral, PublicKeyToken=null'. The system cannot find the file specified.
File name: 'Microsoft.VisualStudio.TestPlatform.Fakes, Version=17.0.0.0, Culture=neutral, PublicKeyToken=null'
   at System.Reflection.RuntimeAssembly.InternalLoad(AssemblyName assemblyName, StackCrawlMark& stackMark, AssemblyLoadContext assemblyLoadContext, RuntimeAssembly requestingAssembly, Boolean throwOnFileNotFound)
   at System.Reflection.Assembly.Load(AssemblyName assemblyRef)
   at Microsoft.VisualStudio.TestPlatform.Common.Utilities.FakesUtilities.LoadTestPlatformAssembly() in /_/src/Microsoft.TestPlatform.Common/Utilities/FakesUtilities.cs:line 272
TpTrace Verbose: 0 : 15796, 1, 2024/04/23, 21:49:31.490, 4786166199149, vstest.console.dll, TestPluginCache.DiscoverTestExtensions: finding test extensions in assemblies ends with: TestLogger.dll TPluginInfo: Microsoft.VisualStudio.TestPlatform.Common.ExtensionFramework.Utilities.TestLoggerPluginInformation TExtension: Microsoft.VisualStudio.TestPlatform.ObjectModel.Client.ITestLogger
TpTrace Verbose: 0 : 15796, 1, 2024/04/23, 21:49:31.490, 4786166200022, vstest.console.dll, TestPluginCache.GetExtensionPaths: Filtered extension paths: 
TpTrace Verbose: 0 : 15796, 1, 2024/04/23, 21:49:31.490, 4786166200294, vstest.console.dll, TestPluginCache.GetExtensionPaths: Added default extension paths: C:\Program Files\dotnet\sdk\8.0.202\Extensions\Microsoft.Diagnostics.NETCore.Client.dll
C:\Program Files\dotnet\sdk\8.0.202\Extensions\Microsoft.TestPlatform.Extensions.BlameDataCollector.dll
C:\Program Files\dotnet\sdk\8.0.202\Extensions\Microsoft.TestPlatform.Extensions.EventLogCollector.dll
C:\Program Files\dotnet\sdk\8.0.202\Extensions\Microsoft.TestPlatform.TestHostRuntimeProvider.dll
C:\Program Files\dotnet\sdk\8.0.202\Extensions\Microsoft.VisualStudio.TestPlatform.Extensions.Html.TestLogger.dll
C:\Program Files\dotnet\sdk\8.0.202\Extensions\Microsoft.VisualStudio.TestPlatform.Extensions.Trx.TestLogger.dll
TpTrace Verbose: 0 : 15796, 1, 2024/04/23, 21:49:31.490, 4786166200523, vstest.console.dll, TestPluginCache.GetExtensionPaths: Added unfilterableExtensionPaths: 
TpTrace Information: 0 : 15796, 1, 2024/04/23, 21:49:31.490, 4786166201655, vstest.console.dll, AssemblyResolver.AddSearchDirectories: Adding more searchDirectories C:\Program Files\dotnet\sdk\8.0.202\Extensions,C:\Program Files\dotnet\sdk\8.0.202
TpTrace Verbose: 0 : 15796, 1, 2024/04/23, 21:49:31.490, 4786166202002, vstest.console.dll, TestPluginCache.DiscoverTestExtensions: Discovering the extensions using extension path.
TpTrace Verbose: 0 : 15796, 1, 2024/04/23, 21:49:31.490, 4786166202299, vstest.console.dll, TestPluginCache.GetExtensionPaths: Filtered extension paths: 
TpTrace Verbose: 0 : 15796, 1, 2024/04/23, 21:49:31.490, 4786166202568, vstest.console.dll, TestPluginCache.GetExtensionPaths: Added default extension paths: C:\Program Files\dotnet\sdk\8.0.202\Extensions\Microsoft.Diagnostics.NETCore.Client.dll
C:\Program Files\dotnet\sdk\8.0.202\Extensions\Microsoft.TestPlatform.Extensions.BlameDataCollector.dll
C:\Program Files\dotnet\sdk\8.0.202\Extensions\Microsoft.TestPlatform.Extensions.EventLogCollector.dll
C:\Program Files\dotnet\sdk\8.0.202\Extensions\Microsoft.TestPlatform.TestHostRuntimeProvider.dll
C:\Program Files\dotnet\sdk\8.0.202\Extensions\Microsoft.VisualStudio.TestPlatform.Extensions.Html.TestLogger.dll
C:\Program Files\dotnet\sdk\8.0.202\Extensions\Microsoft.VisualStudio.TestPlatform.Extensions.Trx.TestLogger.dll
TpTrace Verbose: 0 : 15796, 1, 2024/04/23, 21:49:31.490, 4786166202799, vstest.console.dll, TestPluginCache.GetExtensionPaths: Added unfilterableExtensionPaths: 
TpTrace Verbose: 0 : 15796, 1, 2024/04/23, 21:49:31.490, 4786166203620, vstest.console.dll, TestPluginCache.DiscoverTestExtensions: Discovering the extensions using allExtensionPaths: C:\Program Files\dotnet\sdk\8.0.202\Extensions\Microsoft.Diagnostics.NETCore.Client.dll
C:\Program Files\dotnet\sdk\8.0.202\Extensions\Microsoft.TestPlatform.Extensions.BlameDataCollector.dll
C:\Program Files\dotnet\sdk\8.0.202\Extensions\Microsoft.TestPlatform.Extensions.EventLogCollector.dll
C:\Program Files\dotnet\sdk\8.0.202\Extensions\Microsoft.TestPlatform.TestHostRuntimeProvider.dll
C:\Program Files\dotnet\sdk\8.0.202\Extensions\Microsoft.VisualStudio.TestPlatform.Extensions.Html.TestLogger.dll
C:\Program Files\dotnet\sdk\8.0.202\Extensions\Microsoft.VisualStudio.TestPlatform.Extensions.Trx.TestLogger.dll
TpTrace Information: 0 : 15796, 1, 2024/04/23, 21:49:31.490, 4786166204024, vstest.console.dll, AssemblyResolver.AddSearchDirectories: Adding more searchDirectories C:\Program Files\dotnet\sdk\8.0.202\Extensions,C:\Program Files\dotnet\sdk\8.0.202
TpTrace Information: 0 : 15796, 1, 2024/04/23, 21:49:31.490, 4786166204333, vstest.console.dll, AssemblyResolver.AddSearchDirectories: Adding more searchDirectories C:\Program Files\dotnet\sdk\8.0.202\Extensions,C:\Program Files\dotnet\sdk\8.0.202
TpTrace Information: 0 : 15796, 1, 2024/04/23, 21:49:31.490, 4786166204603, vstest.console.dll, AssemblyResolver.AddSearchDirectories: Adding more searchDirectories C:\Program Files\dotnet\sdk\8.0.202\Extensions,C:\Program Files\dotnet\sdk\8.0.202
TpTrace Information: 0 : 15796, 1, 2024/04/23, 21:49:31.490, 4786166204832, vstest.console.dll, AssemblyResolver.AddSearchDirectories: Adding more searchDirectories C:\Program Files\dotnet\sdk\8.0.202\Extensions,C:\Program Files\dotnet\sdk\8.0.202
TpTrace Information: 0 : 15796, 1, 2024/04/23, 21:49:31.490, 4786166205081, vstest.console.dll, AssemblyResolver.AddSearchDirectories: Adding more searchDirectories C:\Program Files\dotnet\sdk\8.0.202\Extensions,C:\Program Files\dotnet\sdk\8.0.202
TpTrace Information: 0 : 15796, 1, 2024/04/23, 21:49:31.490, 4786166205356, vstest.console.dll, AssemblyResolver.AddSearchDirectories: Adding more searchDirectories C:\Program Files\dotnet\sdk\8.0.202\Extensions,C:\Program Files\dotnet\sdk\8.0.202
TpTrace Verbose: 0 : 15796, 1, 2024/04/23, 21:49:31.490, 4786166206466, vstest.console.dll, MetadataReaderExtensionsHelper: Discovering extensions inside assembly 'Microsoft.Diagnostics.NETCore.Client, Version=0.2.9.2401, Culture=neutral, PublicKeyToken=31bf3856ad364e35' file path 'C:\Program Files\dotnet\sdk\8.0.202\Extensions\Microsoft.Diagnostics.NETCore.Client.dll'
TpTrace Information: 0 : 15796, 1, 2024/04/23, 21:49:31.491, 4786166213335, vstest.console.dll, AssemblyResolver.OnResolve: Microsoft.Bcl.AsyncInterfaces: Resolving assembly.
TpTrace Information: 0 : 15796, 1, 2024/04/23, 21:49:31.491, 4786166213787, vstest.console.dll, AssemblyResolver.OnResolve: Microsoft.Bcl.AsyncInterfaces: Resolved from cache.
TpTrace Verbose: 0 : 15796, 1, 2024/04/23, 21:49:31.491, 4786166214099, vstest.console.dll, CurrentDomainAssemblyResolve: Resolving assembly 'Microsoft.Bcl.AsyncInterfaces'.
TpTrace Information: 0 : 15796, 1, 2024/04/23, 21:49:31.491, 4786166214502, vstest.console.dll, AssemblyResolver.OnResolve: Microsoft.Bcl.AsyncInterfaces: Resolving assembly.
TpTrace Information: 0 : 15796, 1, 2024/04/23, 21:49:31.491, 4786166214731, vstest.console.dll, AssemblyResolver.OnResolve: Microsoft.Bcl.AsyncInterfaces: Resolved from cache.
TpTrace Verbose: 0 : 15796, 1, 2024/04/23, 21:49:31.491, 4786166214932, vstest.console.dll, CurrentDomainAssemblyResolve: Resolving assembly 'Microsoft.Bcl.AsyncInterfaces'.
TpTrace Verbose: 0 : 15796, 1, 2024/04/23, 21:49:31.491, 4786166215132, vstest.console.dll, CurrentDomainAssemblyResolve: Failed to resolve assembly 'Microsoft.Bcl.AsyncInterfaces'.
TpTrace Verbose: 0 : 15796, 1, 2024/04/23, 21:49:31.491, 4786166216550, vstest.console.dll, CurrentDomainAssemblyResolve: Failed to resolve assembly 'Microsoft.Bcl.AsyncInterfaces'.
TpTrace Warning: 0 : 15796, 1, 2024/04/23, 21:49:31.492, 4786166219812, vstest.console.dll, TestPluginDiscoverer: Failed to get types from assembly 'Microsoft.Diagnostics.NETCore.Client, Version=0.2.9.2401, Culture=neutral, PublicKeyToken=31bf3856ad364e35'. Error: System.Reflection.ReflectionTypeLoadException: Unable to load one or more of the requested types.
Could not load file or assembly 'Microsoft.Bcl.AsyncInterfaces, Version=6.0.0.0, Culture=neutral, PublicKeyToken=cc7b13ffcd2ddd51'. The system cannot find the file specified.
   at System.Reflection.RuntimeModule.GetTypes(RuntimeModule module)
   at System.Reflection.RuntimeModule.GetTypes()
   at Microsoft.VisualStudio.TestPlatform.Common.ExtensionFramework.TestPluginDiscoverer.GetTestExtensionsFromAssembly[TPluginInfo,TExtension](Assembly assembly, Dictionary`2 pluginInfos, String filePath) in /_/src/Microsoft.TestPlatform.Common/ExtensionFramework/TestPluginDiscoverer.cs:line 158
System.IO.FileNotFoundException: Could not load file or assembly 'Microsoft.Bcl.AsyncInterfaces, Version=6.0.0.0, Culture=neutral, PublicKeyToken=cc7b13ffcd2ddd51'. The system cannot find the file specified.
File name: 'Microsoft.Bcl.AsyncInterfaces, Version=6.0.0.0, Culture=neutral, PublicKeyToken=cc7b13ffcd2ddd51'
 ---> System.IO.FileNotFoundException: Could not load file or assembly 'Microsoft.Bcl.AsyncInterfaces, Culture=neutral, PublicKeyToken=null'. The system cannot find the file specified.
File name: 'Microsoft.Bcl.AsyncInterfaces, Culture=neutral, PublicKeyToken=null'
   at System.Reflection.RuntimeAssembly.InternalLoad(AssemblyName assemblyName, StackCrawlMark& stackMark, AssemblyLoadContext assemblyLoadContext, RuntimeAssembly requestingAssembly, Boolean throwOnFileNotFound)
   at System.Reflection.Assembly.Load(AssemblyName assemblyRef)
   at Microsoft.VisualStudio.TestPlatform.Common.ExtensionFramework.TestPluginCache.CurrentDomainAssemblyResolve(Object sender, AssemblyResolveEventArgs args) in /_/src/Microsoft.TestPlatform.Common/ExtensionFramework/TestPluginCache.cs:line 513
   at System.Runtime.Loader.AssemblyLoadContext.GetFirstResolvedAssemblyFromResolvingEvent(AssemblyName assemblyName)
   at System.Runtime.Loader.AssemblyLoadContext.ResolveUsingEvent(AssemblyName assemblyName)
   at System.Runtime.Loader.AssemblyLoadContext.ResolveUsingResolvingEvent(IntPtr gchManagedAssemblyLoadContext, AssemblyName assemblyName)
TpTrace Warning: 0 : 15796, 1, 2024/04/23, 21:49:31.492, 4786166221237, vstest.console.dll, LoaderExceptions: System.IO.FileNotFoundException: Could not load file or assembly 'Microsoft.Bcl.AsyncInterfaces, Version=6.0.0.0, Culture=neutral, PublicKeyToken=cc7b13ffcd2ddd51'. The system cannot find the file specified.
File name: 'Microsoft.Bcl.AsyncInterfaces, Version=6.0.0.0, Culture=neutral, PublicKeyToken=cc7b13ffcd2ddd51'
 ---> System.IO.FileNotFoundException: Could not load file or assembly 'Microsoft.Bcl.AsyncInterfaces, Culture=neutral, PublicKeyToken=null'. The system cannot find the file specified.
File name: 'Microsoft.Bcl.AsyncInterfaces, Culture=neutral, PublicKeyToken=null'
   at System.Reflection.RuntimeAssembly.InternalLoad(AssemblyName assemblyName, StackCrawlMark& stackMark, AssemblyLoadContext assemblyLoadContext, RuntimeAssembly requestingAssembly, Boolean throwOnFileNotFound)
   at System.Reflection.Assembly.Load(AssemblyName assemblyRef)
   at Microsoft.VisualStudio.TestPlatform.Common.ExtensionFramework.TestPluginCache.CurrentDomainAssemblyResolve(Object sender, AssemblyResolveEventArgs args) in /_/src/Microsoft.TestPlatform.Common/ExtensionFramework/TestPluginCache.cs:line 513
   at System.Runtime.Loader.AssemblyLoadContext.GetFirstResolvedAssemblyFromResolvingEvent(AssemblyName assemblyName)
   at System.Runtime.Loader.AssemblyLoadContext.ResolveUsingEvent(AssemblyName assemblyName)
   at System.Runtime.Loader.AssemblyLoadContext.ResolveUsingResolvingEvent(IntPtr gchManagedAssemblyLoadContext, AssemblyName assemblyName)
TpTrace Verbose: 0 : 15796, 1, 2024/04/23, 21:49:31.492, 4786166221920, vstest.console.dll, MetadataReaderExtensionsHelper: Discovering extensions inside assembly 'Microsoft.TestPlatform.Extensions.BlameDataCollector, Version=15.0.0.0, Culture=neutral, PublicKeyToken=b03f5f7f11d50a3a' file path 'C:\Program Files\dotnet\sdk\8.0.202\Extensions\Microsoft.TestPlatform.Extensions.BlameDataCollector.dll'
TpTrace Information: 0 : 15796, 1, 2024/04/23, 21:49:31.492, 4786166225484, vstest.console.dll, GetTestExtensionFromType: Register extension with identifier data 'logger://Microsoft/TestPlatform/Extensions/Blame/v1' and type 'Microsoft.TestPlatform.Extensions.BlameDataCollector.BlameLogger, Microsoft.TestPlatform.Extensions.BlameDataCollector, Version=15.0.0.0, Culture=neutral, PublicKeyToken=b03f5f7f11d50a3a' inside file 'C:\Program Files\dotnet\sdk\8.0.202\Extensions\Microsoft.TestPlatform.Extensions.BlameDataCollector.dll'
TpTrace Verbose: 0 : 15796, 1, 2024/04/23, 21:49:31.492, 4786166226036, vstest.console.dll, MetadataReaderExtensionsHelper: Discovering extensions inside assembly 'Microsoft.TestPlatform.Extensions.EventLogCollector, Version=15.0.0.0, Culture=neutral, PublicKeyToken=b03f5f7f11d50a3a' file path 'C:\Program Files\dotnet\sdk\8.0.202\Extensions\Microsoft.TestPlatform.Extensions.EventLogCollector.dll'
TpTrace Verbose: 0 : 15796, 1, 2024/04/23, 21:49:31.493, 4786166228149, vstest.console.dll, MetadataReaderExtensionsHelper: Discovering extensions inside assembly 'Microsoft.TestPlatform.TestHostRuntimeProvider, Version=15.0.0.0, Culture=neutral, PublicKeyToken=b03f5f7f11d50a3a' file path 'C:\Program Files\dotnet\sdk\8.0.202\Extensions\Microsoft.TestPlatform.TestHostRuntimeProvider.dll'
TpTrace Verbose: 0 : 15796, 1, 2024/04/23, 21:49:31.493, 4786166230192, vstest.console.dll, MetadataReaderExtensionsHelper: Discovering extensions inside assembly 'Microsoft.VisualStudio.TestPlatform.Extensions.Html.TestLogger, Version=15.0.0.0, Culture=neutral, PublicKeyToken=b03f5f7f11d50a3a' file path 'C:\Program Files\dotnet\sdk\8.0.202\Extensions\Microsoft.VisualStudio.TestPlatform.Extensions.Html.TestLogger.dll'
TpTrace Information: 0 : 15796, 1, 2024/04/23, 21:49:31.493, 4786166234318, vstest.console.dll, GetTestExtensionFromType: Register extension with identifier data 'logger://Microsoft/TestPlatform/HtmlLogger/v1' and type 'Microsoft.VisualStudio.TestPlatform.Extensions.HtmlLogger.HtmlLogger, Microsoft.VisualStudio.TestPlatform.Extensions.Html.TestLogger, Version=15.0.0.0, Culture=neutral, PublicKeyToken=b03f5f7f11d50a3a' inside file 'C:\Program Files\dotnet\sdk\8.0.202\Extensions\Microsoft.VisualStudio.TestPlatform.Extensions.Html.TestLogger.dll'
TpTrace Verbose: 0 : 15796, 1, 2024/04/23, 21:49:31.493, 4786166234848, vstest.console.dll, MetadataReaderExtensionsHelper: Discovering extensions inside assembly 'Microsoft.VisualStudio.TestPlatform.Extensions.Trx.TestLogger, Version=15.0.0.0, Culture=neutral, PublicKeyToken=b03f5f7f11d50a3a' file path 'C:\Program Files\dotnet\sdk\8.0.202\Extensions\Microsoft.VisualStudio.TestPlatform.Extensions.Trx.TestLogger.dll'
TpTrace Information: 0 : 15796, 1, 2024/04/23, 21:49:31.494, 4786166237374, vstest.console.dll, GetTestExtensionFromType: Register extension with identifier data 'logger://Microsoft/TestPlatform/TrxLogger/v1' and type 'Microsoft.VisualStudio.TestPlatform.Extensions.TrxLogger.TrxLogger, Microsoft.VisualStudio.TestPlatform.Extensions.Trx.TestLogger, Version=15.0.0.0, Culture=neutral, PublicKeyToken=b03f5f7f11d50a3a' inside file 'C:\Program Files\dotnet\sdk\8.0.202\Extensions\Microsoft.VisualStudio.TestPlatform.Extensions.Trx.TestLogger.dll'
TpTrace Verbose: 0 : 15796, 1, 2024/04/23, 21:49:31.494, 4786166237925, vstest.console.dll, TestPluginCache: Discovered the extensions using extension path ''.
TpTrace Verbose: 0 : 15796, 1, 2024/04/23, 21:49:31.494, 4786166238183, vstest.console.dll, TestPluginCache: Discoverers are ''.
TpTrace Verbose: 0 : 15796, 1, 2024/04/23, 21:49:31.494, 4786166238407, vstest.console.dll, TestPluginCache: Executors are ''.
TpTrace Verbose: 0 : 15796, 1, 2024/04/23, 21:49:31.494, 4786166238620, vstest.console.dll, TestPluginCache: Executors2 are ''.
TpTrace Verbose: 0 : 15796, 1, 2024/04/23, 21:49:31.494, 4786166238829, vstest.console.dll, TestPluginCache: Setting providers are ''.
TpTrace Verbose: 0 : 15796, 1, 2024/04/23, 21:49:31.494, 4786166239548, vstest.console.dll, TestPluginCache: Loggers are 'logger://Microsoft/TestPlatform/Extensions/Blame/v1,logger://Microsoft/TestPlatform/HtmlLogger/v1,logger://Microsoft/TestPlatform/TrxLogger/v1'.
TpTrace Verbose: 0 : 15796, 1, 2024/04/23, 21:49:31.494, 4786166239877, vstest.console.dll, TestPluginCache: TestHosts are 'HostProvider://DefaultTestHost,HostProvider://DotnetTestHost'.
TpTrace Verbose: 0 : 15796, 1, 2024/04/23, 21:49:31.494, 4786166240091, vstest.console.dll, TestPluginCache: DataCollectors are ''.
TpTrace Information: 0 : 15796, 1, 2024/04/23, 21:49:31.495, 4786166247813, vstest.console.dll, TestPluginManager.CreateTestExtension: Attempting to load test extension: Microsoft.TestPlatform.Extensions.BlameDataCollector.BlameLogger
TpTrace Verbose: 0 : 15796, 1, 2024/04/23, 21:49:31.502, 4786166320614, vstest.console.dll, TestEngine: Initializing Parallel Execution as MaxCpuCount is set to: 1
TpTrace Information: 0 : 15796, 1, 2024/04/23, 21:49:31.503, 4786166336255, vstest.console.dll, TestPluginManager.CreateTestExtension: Attempting to load test extension: Microsoft.VisualStudio.TestPlatform.CrossPlatEngine.Hosting.DefaultTestHostManager
TpTrace Information: 0 : 15796, 1, 2024/04/23, 21:49:31.504, 4786166342961, vstest.console.dll, TestPluginManager.CreateTestExtension: Attempting to load test extension: Microsoft.VisualStudio.TestPlatform.CrossPlatEngine.Hosting.DotnetTestHostManager
TpTrace Information: 0 : 15796, 1, 2024/04/23, 21:49:31.505, 4786166349020, vstest.console.dll, InferRunSettingsHelper.IsTestSettingsEnabled: Unable to navigate to RunSettings/MSTest. Current node: RunSettings
TpTrace Verbose: 0 : 15796, 1, 2024/04/23, 21:49:31.505, 4786166355289, vstest.console.dll, ParallelOperationManager.ClearSlots: Clearing all slots. Slots should accept more work: True
TpTrace Verbose: 0 : 15796, 1, 2024/04/23, 21:49:31.506, 4786166362227, vstest.console.dll, ParallelOperationManager.SetOccupiedSlotCount: Setting slot counts AvailableSlotCount = 1, OccupiedSlotCount = 0.
TpTrace Verbose: 0 : 15796, 1, 2024/04/23, 21:49:31.506, 4786166366129, vstest.console.dll, Occupied slots:

TpTrace Verbose: 0 : 15796, 1, 2024/04/23, 21:49:31.510, 4786166402726, vstest.console.dll, TestEngine.GetExecutionManager: Chosen execution manager 'Microsoft.VisualStudio.TestPlatform.CrossPlatEngine.Client.Parallel.ParallelProxyExecutionManager, Microsoft.TestPlatform.CrossPlatEngine, Version=15.0.0.0, Culture=neutral, PublicKeyToken=b03f5f7f11d50a3a' ParallelLevel '1'.
TpTrace Verbose: 0 : 15796, 1, 2024/04/23, 21:49:31.510, 4786166404117, vstest.console.dll, TestRunRequest.ExecuteAsync: Creating test run request.
TpTrace Verbose: 0 : 15796, 1, 2024/04/23, 21:49:31.510, 4786166406550, vstest.console.dll, TestRunRequest.ExecuteAsync: Starting.
TpTrace Information: 0 : 15796, 1, 2024/04/23, 21:49:31.512, 4786166420632, vstest.console.dll, TestRunRequest.ExecuteAsync: Starting run with settings:TestRunCriteria:
   KeepAlive=False,FrequencyOfRunStatsChangeEvent=10,RunStatsChangeEventTimeout=00:00:01.5000000,TestCaseFilter=,TestExecutorLauncher=
   Settingsxml=<RunSettings>
  <RunConfiguration>
    <ResultsDirectory>C:\Users\VC\Desktop\Presidio\Genspark-trainings\dotnet-trainings\console-spplications\day4\day4ConsoleAppDoctorSolution\DoctorBLTest\bin\Debug\net6.0\fine-code-coverage\coverage-tool-output</ResultsDirectory>
    <TargetPlatform>X64</TargetPlatform>
    <TargetFrameworkVersion>.NETCoreApp,Version=v6.0</TargetFrameworkVersion>
    <DesignMode>False</DesignMode>
    <CollectSourceInformation>False</CollectSourceInformation>
  </RunConfiguration>
  <LoggerRunSettings>
    <Loggers>
      <Logger friendlyName="blame" enabled="True" />
      <Logger friendlyName="Console" uri="logger://microsoft/TestPlatform/ConsoleLogger/v1" assemblyQualifiedName="Microsoft.VisualStudio.TestPlatform.CommandLine.Internal.ConsoleLogger, vstest.console, Version=15.0.0.0, Culture=neutral, PublicKeyToken=b03f5f7f11d50a3a" codeBase="C:\Program Files\dotnet\sdk\8.0.202\vstest.console.dll" enabled="True" />
    </Loggers>
  </LoggerRunSettings>
  <DataCollectionRunSettings>
    <DataCollectors>
      <DataCollector friendlyName="blame" enabled="True">
        <Configuration>
          <ResultsDirectory>C:\Users\VC\Desktop\Presidio\Genspark-trainings\dotnet-trainings\console-spplications\day4\day4ConsoleAppDoctorSolution\DoctorBLTest\bin\Debug\net6.0\fine-code-coverage\coverage-tool-output</ResultsDirectory>
        </Configuration>
      </DataCollector>
    </DataCollectors>
  </DataCollectionRunSettings>
</RunSettings>

TpTrace Verbose: 0 : 15796, 1, 2024/04/23, 21:49:31.512, 4786166421331, vstest.console.dll, TestRunRequest.ExecuteAsync: Wait for the first run request is over.
TpTrace Verbose: 0 : 15796, 1, 2024/04/23, 21:49:31.512, 4786166424533, vstest.console.dll, MulticastDelegateUtilities.SafeInvoke: TestRun.TestRunStart: Invoking callbacks was skipped because there are no subscribers.
TpTrace Verbose: 0 : 15796, 4, 2024/04/23, 21:49:31.513, 4786166431945, vstest.console.dll, MulticastDelegateUtilities.SafeInvoke: InternalTestLoggerEvents.SendTestRunStart: Invoking callback 1/1 for Microsoft.VisualStudio.TestPlatform.CommandLine.Internal.ConsoleLogger., took 0 ms.
TpTrace Verbose: 0 : 15796, 1, 2024/04/23, 21:49:31.514, 4786166438427, vstest.console.dll, ParallelProxyExecutionManager: Start execution. Total sources: 1
TpTrace Verbose: 0 : 15796, 1, 2024/04/23, 21:49:31.514, 4786166441675, vstest.console.dll, ParallelOperationManager.StartWork: Starting adding 1 workloads.
TpTrace Verbose: 0 : 15796, 1, 2024/04/23, 21:49:31.514, 4786166442049, vstest.console.dll, ParallelOperationManager.ClearSlots: Clearing all slots. Slots should accept more work: True
TpTrace Verbose: 0 : 15796, 1, 2024/04/23, 21:49:31.514, 4786166442434, vstest.console.dll, ParallelOperationManager.SetOccupiedSlotCount: Setting slot counts AvailableSlotCount = 1, OccupiedSlotCount = 0.
TpTrace Verbose: 0 : 15796, 1, 2024/04/23, 21:49:31.514, 4786166442625, vstest.console.dll, Occupied slots:

TpTrace Verbose: 0 : 15796, 1, 2024/04/23, 21:49:31.518, 4786166486114, vstest.console.dll, TestRequestSender is acting as server.
TpTrace Verbose: 0 : 15796, 1, 2024/04/23, 21:49:31.520, 4786166497278, vstest.console.dll, ParallelOperationManager.RunWorkInParallel: Adding 1 workload to slot, remaining workloads 0.
TpTrace Verbose: 0 : 15796, 1, 2024/04/23, 21:49:31.520, 4786166497970, vstest.console.dll, ParallelOperationManager.SetOccupiedSlotCount: Setting slot counts AvailableSlotCount = 0, OccupiedSlotCount = 1.
TpTrace Verbose: 0 : 15796, 1, 2024/04/23, 21:49:31.520, 4786166498970, vstest.console.dll, Occupied slots:
0: C:\Users\VC\Desktop\Presidio\Genspark-trainings\dotnet-trainings\console-spplications\day4\day4ConsoleAppDoctorSolution\DoctorBLTest\bin\Debug\net6.0\fine-code-coverage\build-output\DoctorBLTest.dll
TpTrace Verbose: 0 : 15796, 1, 2024/04/23, 21:49:31.521, 4786166510554, vstest.console.dll, ParallelOperationManager.RunWorkInParallel: Started host in slot number 0 for work (source): C:\Users\VC\Desktop\Presidio\Genspark-trainings\dotnet-trainings\console-spplications\day4\day4ConsoleAppDoctorSolution\DoctorBLTest\bin\Debug\net6.0\fine-code-coverage\build-output\DoctorBLTest.dll.
TpTrace Verbose: 0 : 15796, 1, 2024/04/23, 21:49:31.522, 4786166517310, vstest.console.dll, ParallelOperationManager.RunWorkInParallel: We started 1 work items, which is the max parallel level. Won't start more work.
TpTrace Verbose: 0 : 15796, 1, 2024/04/23, 21:49:31.522, 4786166517721, vstest.console.dll, ParallelOperationManager.RunWorkInParallel: We started 1 work items in here, returning True.
TpTrace Information: 0 : 15796, 1, 2024/04/23, 21:49:31.522, 4786166518083, vstest.console.dll, TestRunRequest.ExecuteAsync: Started.
TpTrace Verbose: 0 : 15796, 5, 2024/04/23, 21:49:31.522, 4786166519476, vstest.console.dll, ParallelProxyExecutionManager.StartTestRunOnConcurrentManager: Initializing uninitialized client. Started clients: 0
TpTrace Verbose: 0 : 15796, 5, 2024/04/23, 21:49:31.522, 4786166521154, vstest.console.dll, DataCollectionRequestSender.InitializeCommunication : Initialize communication. 
TpTrace Verbose: 0 : 15796, 1, 2024/04/23, 21:49:31.522, 4786166523567, vstest.console.dll, TestRunRequest.WaitForCompletion: Waiting with timeout -1.
TpTrace Information: 0 : 15796, 5, 2024/04/23, 21:49:31.529, 4786166592015, vstest.console.dll, Listening on Endpoint : 127.0.0.1:58858
TpTrace Verbose: 0 : 15796, 5, 2024/04/23, 21:49:31.536, 4786166658986, vstest.console.dll, DotnetDataCollectionLauncher: Adding  --runtimeconfig "C:\Program Files\dotnet\sdk\8.0.202\datacollector.runtimeconfig.json" in args
TpTrace Verbose: 0 : 15796, 5, 2024/04/23, 21:49:31.536, 4786166660115, vstest.console.dll, DotnetDataCollectionLauncher: Adding  --depsfile "C:\Program Files\dotnet\sdk\8.0.202\datacollector.deps.json" in args
TpTrace Verbose: 0 : 15796, 5, 2024/04/23, 21:49:31.536, 4786166661406, vstest.console.dll, DotnetDataCollectionLauncher: Full path of dotnet.exe is C:\Program Files\dotnet\dotnet.exe
TpTrace Information: 0 : 15796, 5, 2024/04/23, 21:49:31.542, 4786166726125, vstest.console.dll, ProxyDataCollectionManager.Initialize: Launched datacollector processId: 26200 port: 58858
TpTrace Information: 0 : 15796, 5, 2024/04/23, 21:49:31.543, 4786166727913, vstest.console.dll, ProxyDataCollectionManager.Initialize: waiting for connection with timeout: 90 seconds
TpTrace Verbose: 0 : 15796, 5, 2024/04/23, 21:49:31.543, 4786166728413, vstest.console.dll, DataCollectionRequestSender.WaitForRequestHandlerConnection : Waiting for connection with timeout: 90000
TpTrace Verbose: 0 : 15796, 5, 2024/04/23, 21:49:31.662, 4786167924488, vstest.console.dll, SocketCommunicationManager.WaitForClientConnection took: 119 ms, with 90000 ms timeout, and finished with True.
TpTrace Information: 0 : 15796, 7, 2024/04/23, 21:49:31.662, 4786167924490, vstest.console.dll, Using the buffer size of 16384 bytes
TpTrace Information: 0 : 15796, 7, 2024/04/23, 21:49:31.662, 4786167926068, vstest.console.dll, Accepted Client request and set the flag
TpTrace Verbose: 0 : 15796, 5, 2024/04/23, 21:49:31.662, 4786167926149, vstest.console.dll, ProxyDataCollectionManager.InvokeDataCollectionServiceAction: Starting.
TpTrace Information: 0 : 15796, 5, 2024/04/23, 21:49:31.663, 4786167927626, vstest.console.dll, ProxyDataCollectionManager.BeforeTestRunStart: Get environment variable and port for datacollector processId: 26200 port: 58858
TpTrace Verbose: 0 : 15796, 5, 2024/04/23, 21:49:31.663, 4786167929794, vstest.console.dll, DataCollectionRequestSender.SendBeforeTestRunStartAndGetResult: Send BeforeTestRunStart message with settingsXml <RunSettings><RunConfiguration><ResultsDirectory>C:\Users\VC\Desktop\Presidio\Genspark-trainings\dotnet-trainings\console-spplications\day4\day4ConsoleAppDoctorSolution\DoctorBLTest\bin\Debug\net6.0\fine-code-coverage\coverage-tool-output</ResultsDirectory><TargetPlatform>X64</TargetPlatform><TargetFrameworkVersion>.NETCoreApp,Version=v6.0</TargetFrameworkVersion><DesignMode>False</DesignMode><CollectSourceInformation>False</CollectSourceInformation><TestAdaptersPaths>C:\Program Files\dotnet\sdk\8.0.202\Extensions</TestAdaptersPaths></RunConfiguration><LoggerRunSettings><Loggers><Logger friendlyName="blame" enabled="True" /><Logger friendlyName="Console" uri="logger://microsoft/TestPlatform/ConsoleLogger/v1" assemblyQualifiedName="Microsoft.VisualStudio.TestPlatform.CommandLine.Internal.ConsoleLogger, vstest.console, Version=15.0.0.0, Culture=neutral, PublicKeyToken=b03f5f7f11d50a3a" codeBase="C:\Program Files\dotnet\sdk\8.0.202\vstest.console.dll" enabled="True" /></Loggers></LoggerRunSettings><DataCollectionRunSettings><DataCollectors><DataCollector friendlyName="blame" enabled="True"><Configuration><ResultsDirectory>C:\Users\VC\Desktop\Presidio\Genspark-trainings\dotnet-trainings\console-spplications\day4\day4ConsoleAppDoctorSolution\DoctorBLTest\bin\Debug\net6.0\fine-code-coverage\coverage-tool-output</ResultsDirectory></Configuration></DataCollector></DataCollectors></DataCollectionRunSettings></RunSettings> and sources System.Collections.Generic.List`1[System.String]: 
TpTrace Verbose: 0 : 15796, 5, 2024/04/23, 21:49:31.708, 4786168382930, vstest.console.dll, DataCollectionRequestSender.SendBeforeTestRunStartAndGetResult: Received message: (DataCollection.SendMessage) -> {"MessageType":"DataCollection.SendMessage","Payload":{"FriendlyName":null,"Uri":null,"TestCaseId":"00000000-0000-0000-0000-000000000000","Message":"Logging DataCollector Diagnostics in file: C:\\Users\\VC\\Desktop\\Presidio\\Genspark-trainings\\dotnet-trainings\\console-spplications\\day4\\day4ConsoleAppDoctorSolution\\DoctorBLTest\\bin\\Debug\\net6.0\\fine-code-coverage\\coverage-tool-output\\diagnostics.datacollector.24-04-23_21-49-31_53600_5.log","Level":0}}
TpTrace Verbose: 0 : 15796, 5, 2024/04/23, 21:49:31.773, 4786169029472, vstest.console.dll, DataCollectionRequestSender.SendBeforeTestRunStartAndGetResult: Received message: (DataCollection.BeforeTestRunStartResult) -> {"MessageType":"DataCollection.BeforeTestRunStartResult","Payload":{"EnvironmentVariables":{},"DataCollectionEventsPort":58863}}
TpTrace Information: 0 : 15796, 5, 2024/04/23, 21:49:31.780, 4786169098775, vstest.console.dll, ProxyDataCollectionManager.BeforeTestRunStart: SendBeforeTestRunStartAndGetResult successful, env variable from datacollector:   and testhost port: 58863
TpTrace Information: 0 : 15796, 5, 2024/04/23, 21:49:31.780, 4786169100086, vstest.console.dll, ProxyDataCollectionManager.InvokeDataCollectionServiceAction: Completed.
TpTrace Verbose: 0 : 15796, 5, 2024/04/23, 21:49:31.780, 4786169100524, vstest.console.dll, ParallelProxyExecutionManager.StartTestRunOnConcurrentManager: Initializing test run. Started clients: 0
TpTrace Verbose: 0 : 15796, 5, 2024/04/23, 21:49:31.780, 4786169101531, vstest.console.dll, ProxyExecutionManager: Test host is always Lazy initialize.
TpTrace Verbose: 0 : 15796, 5, 2024/04/23, 21:49:31.780, 4786169103782, vstest.console.dll, TestRequestSender.InitializeCommunication: initialize communication. 
TpTrace Information: 0 : 15796, 5, 2024/04/23, 21:49:31.781, 4786169109651, vstest.console.dll, SocketServer.Start: Listening on endpoint : 127.0.0.1:58864
TpTrace Verbose: 0 : 15796, 5, 2024/04/23, 21:49:31.782, 4786169118874, vstest.console.dll, DotnetTestHostmanager.GetTestHostProcessStartInfo: Platform environment 'X64' target architecture 'X64' framework '.NETCoreApp,Version=v6.0' OS 'Windows'
TpTrace Verbose: 0 : 15796, 5, 2024/04/23, 21:49:31.782, 4786169121374, vstest.console.dll, DotnetTestHostmanager: Adding  --runtimeconfig "C:\Users\VC\Desktop\Presidio\Genspark-trainings\dotnet-trainings\console-spplications\day4\day4ConsoleAppDoctorSolution\DoctorBLTest\bin\Debug\net6.0\fine-code-coverage\build-output\DoctorBLTest.runtimeconfig.json" in args
TpTrace Verbose: 0 : 15796, 5, 2024/04/23, 21:49:31.782, 4786169122379, vstest.console.dll, DotnetTestHostmanager: Adding  --depsfile "C:\Users\VC\Desktop\Presidio\Genspark-trainings\dotnet-trainings\console-spplications\day4\day4ConsoleAppDoctorSolution\DoctorBLTest\bin\Debug\net6.0\fine-code-coverage\build-output\DoctorBLTest.deps.json" in args
TpTrace Verbose: 0 : 15796, 5, 2024/04/23, 21:49:31.782, 4786169125753, vstest.console.dll, DotnetTestHostmanager.IsWinOnArm: Current PROCESSOR_ARCHITECTURE from environment variable 'AMD64'
TpTrace Verbose: 0 : 15796, 5, 2024/04/23, 21:49:31.782, 4786169126601, vstest.console.dll, DotnetTestHostmanager.IsWinOnArm: Is Windows on ARM 'False'
TpTrace Verbose: 0 : 15796, 5, 2024/04/23, 21:49:31.783, 4786169127671, vstest.console.dll, DotnetTestHostManager: testhost.exe found at path: C:\Users\VC\Desktop\Presidio\Genspark-trainings\dotnet-trainings\console-spplications\day4\day4ConsoleAppDoctorSolution\DoctorBLTest\bin\Debug\net6.0\fine-code-coverage\build-output\testhost.exe
TpTrace Verbose: 0 : 15796, 5, 2024/04/23, 21:49:31.783, 4786169128206, vstest.console.dll, DotnetTestHostmanager: Full path of host exe is C:\Users\VC\Desktop\Presidio\Genspark-trainings\dotnet-trainings\console-spplications\day4\day4ConsoleAppDoctorSolution\DoctorBLTest\bin\Debug\net6.0\fine-code-coverage\build-output\testhost.exe
TpTrace Verbose: 0 : 15796, 5, 2024/04/23, 21:49:31.783, 4786169129691, vstest.console.dll, DotnetTestHostmanager.LaunchTestHostAsync: Found 'VSTEST_WINAPPHOST_DOTNET_ROOT' in env variables, value 'C:\Program Files\dotnet', forwarding to 'DOTNET_ROOT'
TpTrace Verbose: 0 : 15796, 5, 2024/04/23, 21:49:31.783, 4786169131200, vstest.console.dll, DotnetTestHostManager: Starting process 'C:\Users\VC\Desktop\Presidio\Genspark-trainings\dotnet-trainings\console-spplications\day4\day4ConsoleAppDoctorSolution\DoctorBLTest\bin\Debug\net6.0\fine-code-coverage\build-output\testhost.exe' with command line ' --runtimeconfig "C:\Users\VC\Desktop\Presidio\Genspark-trainings\dotnet-trainings\console-spplications\day4\day4ConsoleAppDoctorSolution\DoctorBLTest\bin\Debug\net6.0\fine-code-coverage\build-output\DoctorBLTest.runtimeconfig.json" --depsfile "C:\Users\VC\Desktop\Presidio\Genspark-trainings\dotnet-trainings\console-spplications\day4\day4ConsoleAppDoctorSolution\DoctorBLTest\bin\Debug\net6.0\fine-code-coverage\build-output\DoctorBLTest.deps.json" --port 58864 --endpoint 127.0.0.1:058864 --role client --parentprocessid 15796 --diag "C:\Users\VC\Desktop\Presidio\Genspark-trainings\dotnet-trainings\console-spplications\day4\day4ConsoleAppDoctorSolution\DoctorBLTest\bin\Debug\net6.0\fine-code-coverage\coverage-tool-output\diagnostics.host.24-04-23_21-49-31_78176_5.log" --tracelevel 4 --datacollectionport 58863 --telemetryoptedin false'
TpTrace Verbose: 0 : 15796, 5, 2024/04/23, 21:49:31.790, 4786169204703, vstest.console.dll, MulticastDelegateUtilities.SafeInvoke: HostProviderEvents.OnHostLaunched: Invoking callback 1/2 for Microsoft.VisualStudio.TestPlatform.CrossPlatEngine.Client.ProxyExecutionManagerWithDataCollection., took 1 ms.
TpTrace Verbose: 0 : 15796, 5, 2024/04/23, 21:49:31.791, 4786169208817, vstest.console.dll, Test Runtime launched
TpTrace Verbose: 0 : 15796, 5, 2024/04/23, 21:49:31.791, 4786169209653, vstest.console.dll, MulticastDelegateUtilities.SafeInvoke: HostProviderEvents.OnHostLaunched: Invoking callback 2/2 for Microsoft.VisualStudio.TestPlatform.CrossPlatEngine.Client.ProxyOperationManager., took 0 ms.
TpTrace Verbose: 0 : 15796, 5, 2024/04/23, 21:49:31.791, 4786169211493, vstest.console.dll, TestRequestSender.WaitForRequestHandlerConnection: waiting for connection with timeout: 90000.
TpTrace Verbose: 0 : 15796, 5, 2024/04/23, 21:49:31.937, 4786170673815, vstest.console.dll, TestRequestSender.WaitForRequestHandlerConnection: waiting took 146 ms, with timeout 90000 ms, and result 0, which is success.
TpTrace Verbose: 0 : 15796, 11, 2024/04/23, 21:49:31.937, 4786170674299, vstest.console.dll, MulticastDelegateUtilities.SafeInvoke: SocketServer: ClientConnected: Invoking callback 1/1 for Microsoft.VisualStudio.TestPlatform.CommunicationUtilities.TestRequestSender., took 0 ms.
TpTrace Verbose: 0 : 15796, 11, 2024/04/23, 21:49:31.937, 4786170675936, vstest.console.dll, SocketServer.OnClientConnected: Client connected for endPoint: 127.0.0.1:58864, starting MessageLoopAsync:
TpTrace Verbose: 0 : 15796, 11, 2024/04/23, 21:49:31.938, 4786170681549, vstest.console.dll, TcpClientExtensions.MessageLoopAsync: Polling on remoteEndPoint: 127.0.0.1:58865 localEndPoint: 127.0.0.1:58864 after 0 ms
TpTrace Verbose: 0 : 15796, 5, 2024/04/23, 21:49:31.938, 4786170682676, vstest.console.dll, TestRequestSender.CheckVersionWithTestHost: Sending check version message: {"MessageType":"ProtocolVersion","Payload":7}
TpTrace Verbose: 0 : 15796, 11, 2024/04/23, 21:49:32.060, 4786171897090, vstest.console.dll, TcpClientExtensions.MessageLoopAsync: NotifyDataAvailable remoteEndPoint: 127.0.0.1:58865 localEndPoint: 127.0.0.1:58864
TpTrace Verbose: 0 : 15796, 11, 2024/04/23, 21:49:32.060, 4786171899867, vstest.console.dll, TestRequestSender.CheckVersionWithTestHost: onMessageReceived received message: (ProtocolVersion) -> {"MessageType":"ProtocolVersion","Payload":7}
TpTrace Verbose: 0 : 15796, 11, 2024/04/23, 21:49:32.060, 4786171906543, vstest.console.dll, MulticastDelegateUtilities.SafeInvoke: LengthPrefixCommunicationChannel: MessageReceived: Invoking callback 1/1 for Microsoft.VisualStudio.TestPlatform.CommunicationUtilities.TestRequestSender+<>c__DisplayClass29_0., took 0 ms.
TpTrace Verbose: 0 : 15796, 11, 2024/04/23, 21:49:32.061, 4786171907457, vstest.console.dll, TcpClientExtensions.MessageLoopAsync: Polling on remoteEndPoint: 127.0.0.1:58865 localEndPoint: 127.0.0.1:58864 after 122 ms
TpTrace Verbose: 0 : 15796, 5, 2024/04/23, 21:49:32.061, 4786171907827, vstest.console.dll, TestPluginCache.GetExtensionPaths: Filtered extension paths: 
TpTrace Verbose: 0 : 15796, 5, 2024/04/23, 21:49:32.061, 4786171908478, vstest.console.dll, TestPluginCache.GetExtensionPaths: Added default extension paths: C:\Program Files\dotnet\sdk\8.0.202\Extensions\Microsoft.Diagnostics.NETCore.Client.dll
C:\Program Files\dotnet\sdk\8.0.202\Extensions\Microsoft.TestPlatform.Extensions.BlameDataCollector.dll
C:\Program Files\dotnet\sdk\8.0.202\Extensions\Microsoft.TestPlatform.Extensions.EventLogCollector.dll
C:\Program Files\dotnet\sdk\8.0.202\Extensions\Microsoft.TestPlatform.TestHostRuntimeProvider.dll
C:\Program Files\dotnet\sdk\8.0.202\Extensions\Microsoft.VisualStudio.TestPlatform.Extensions.Html.TestLogger.dll
C:\Program Files\dotnet\sdk\8.0.202\Extensions\Microsoft.VisualStudio.TestPlatform.Extensions.Trx.TestLogger.dll
TpTrace Verbose: 0 : 15796, 5, 2024/04/23, 21:49:32.061, 4786171908722, vstest.console.dll, TestPluginCache.GetExtensionPaths: Added unfilterableExtensionPaths: 
TpTrace Verbose: 0 : 15796, 5, 2024/04/23, 21:49:32.063, 4786171929124, vstest.console.dll, TestRequestSender.InitializeExecution: Sending initialize execution with message: {"Version":7,"MessageType":"TestExecution.Initialize","Payload":["C:\\Users\\VC\\Desktop\\Presidio\\Genspark-trainings\\dotnet-trainings\\console-spplications\\day4\\day4ConsoleAppDoctorSolution\\DoctorBLTest\\bin\\Debug\\net6.0\\fine-code-coverage\\build-output\\NUnit3.TestAdapter.dll"]}
TpTrace Verbose: 0 : 15796, 5, 2024/04/23, 21:49:32.063, 4786171931008, vstest.console.dll, ParallelProxyExecutionManager.StartTestRunOnConcurrentManager: Execution starting. Started clients: 1
TpTrace Verbose: 0 : 15796, 5, 2024/04/23, 21:49:32.063, 4786171932823, vstest.console.dll, TestRunRequest:SendTestRunMessage: Starting.
TpTrace Verbose: 0 : 15796, 5, 2024/04/23, 21:49:32.063, 4786171934053, vstest.console.dll, MulticastDelegateUtilities.SafeInvoke: TestRun.LogMessages: Invoking callback 1/1 for Microsoft.VisualStudio.TestPlatform.CommandLine.TestRunResultAggregator., took 0 ms.
TpTrace Information: 0 : 15796, 5, 2024/04/23, 21:49:32.063, 4786171934324, vstest.console.dll, TestRunRequest:SendTestRunMessage: Completed.
TpTrace Warning: 0 : 15796, 5, 2024/04/23, 21:49:32.064, 4786171937238, vstest.console.dll, InferRunSettingsHelper.MakeRunsettingsCompatible: Removing the following settings: TargetPlatform from RunSettings file. To use those settings please move to latest version of Microsoft.NET.Test.Sdk
TpTrace Verbose: 0 : 15796, 4, 2024/04/23, 21:49:32.064, 4786171937452, vstest.console.dll, MulticastDelegateUtilities.SafeInvoke: InternalTestLoggerEvents.SendTestRunMessage: Invoking callback 1/1 for Microsoft.VisualStudio.TestPlatform.CommandLine.Internal.ConsoleLogger., took 0 ms.
TpTrace Verbose: 0 : 15796, 11, 2024/04/23, 21:49:32.064, 4786171941664, vstest.console.dll, TcpClientExtensions.MessageLoopAsync: NotifyDataAvailable remoteEndPoint: 127.0.0.1:58865 localEndPoint: 127.0.0.1:58864
TpTrace Verbose: 0 : 15796, 11, 2024/04/23, 21:49:32.064, 4786171945045, vstest.console.dll, TestRequestSender.OnExecutionMessageReceived: Received message: {"Version":7,"MessageType":"TestSession.Message","Payload":{"MessageLevel":0,"Message":"Logging TestHost Diagnostics in file: C:\\Users\\VC\\Desktop\\Presidio\\Genspark-trainings\\dotnet-trainings\\console-spplications\\day4\\day4ConsoleAppDoctorSolution\\DoctorBLTest\\bin\\Debug\\net6.0\\fine-code-coverage\\coverage-tool-output\\diagnostics.host.24-04-23_21-49-31_78176_5.log"}}
TpTrace Verbose: 0 : 15796, 11, 2024/04/23, 21:49:32.067, 4786171975956, vstest.console.dll, TestRunRequest:SendTestRunMessage: Starting.
TpTrace Verbose: 0 : 15796, 11, 2024/04/23, 21:49:32.068, 4786171977672, vstest.console.dll, MulticastDelegateUtilities.SafeInvoke: TestRun.LogMessages: Invoking callback 1/1 for Microsoft.VisualStudio.TestPlatform.CommandLine.TestRunResultAggregator., took 0 ms.
TpTrace Information: 0 : 15796, 11, 2024/04/23, 21:49:32.068, 4786171978114, vstest.console.dll, TestRunRequest:SendTestRunMessage: Completed.
TpTrace Verbose: 0 : 15796, 4, 2024/04/23, 21:49:32.068, 4786171978109, vstest.console.dll, MulticastDelegateUtilities.SafeInvoke: InternalTestLoggerEvents.SendTestRunMessage: Invoking callback 1/1 for Microsoft.VisualStudio.TestPlatform.CommandLine.Internal.ConsoleLogger., took 0 ms.
TpTrace Verbose: 0 : 15796, 11, 2024/04/23, 21:49:32.068, 4786171978652, vstest.console.dll, MulticastDelegateUtilities.SafeInvoke: LengthPrefixCommunicationChannel: MessageReceived: Invoking callback 1/1 for Microsoft.VisualStudio.TestPlatform.CommunicationUtilities.TestRequestSender+<>c__DisplayClass34_0., took 3 ms.
TpTrace Verbose: 0 : 15796, 11, 2024/04/23, 21:49:32.068, 4786171979771, vstest.console.dll, TcpClientExtensions.MessageLoopAsync: Polling on remoteEndPoint: 127.0.0.1:58865 localEndPoint: 127.0.0.1:58864 after 7 ms
TpTrace Verbose: 0 : 15796, 5, 2024/04/23, 21:49:32.073, 4786172033627, vstest.console.dll, TestRequestSender.StartTestRun: Sending test run with message: {"Version":7,"MessageType":"TestExecution.StartWithSources","Payload":{"AdapterSourceMap":{"_none_":["C:\\Users\\VC\\Desktop\\Presidio\\Genspark-trainings\\dotnet-trainings\\console-spplications\\day4\\day4ConsoleAppDoctorSolution\\DoctorBLTest\\bin\\Debug\\net6.0\\fine-code-coverage\\build-output\\DoctorBLTest.dll"]},"RunSettings":"<RunSettings>\r\n  <RunConfiguration>\r\n    <ResultsDirectory>C:\\Users\\VC\\Desktop\\Presidio\\Genspark-trainings\\dotnet-trainings\\console-spplications\\day4\\day4ConsoleAppDoctorSolution\\DoctorBLTest\\bin\\Debug\\net6.0\\fine-code-coverage\\coverage-tool-output</ResultsDirectory>\r\n    <TargetFrameworkVersion>.NETCoreApp,Version=v6.0</TargetFrameworkVersion>\r\n    <DesignMode>False</DesignMode>\r\n    <CollectSourceInformation>False</CollectSourceInformation>\r\n  </RunConfiguration>\r\n  <LoggerRunSettings>\r\n    <Loggers>\r\n      <Logger friendlyName=\"blame\" enabled=\"True\" />\r\n      <Logger friendlyName=\"Console\" uri=\"logger://microsoft/TestPlatform/ConsoleLogger/v1\" assemblyQualifiedName=\"Microsoft.VisualStudio.TestPlatform.CommandLine.Internal.ConsoleLogger, vstest.console, Version=15.0.0.0, Culture=neutral, PublicKeyToken=b03f5f7f11d50a3a\" codeBase=\"C:\\Program Files\\dotnet\\sdk\\8.0.202\\vstest.console.dll\" enabled=\"True\" />\r\n    </Loggers>\r\n  </LoggerRunSettings>\r\n  <DataCollectionRunSettings>\r\n    <DataCollectors>\r\n      <DataCollector friendlyName=\"blame\" enabled=\"True\">\r\n        <Configuration>\r\n          <ResultsDirectory>C:\\Users\\VC\\Desktop\\Presidio\\Genspark-trainings\\dotnet-trainings\\console-spplications\\day4\\day4ConsoleAppDoctorSolution\\DoctorBLTest\\bin\\Debug\\net6.0\\fine-code-coverage\\coverage-tool-output</ResultsDirectory>\r\n        </Configuration>\r\n      </DataCollector>\r\n    </DataCollectors>\r\n  </DataCollectionRunSettings>\r\n</RunSettings>","TestExecutionContext":{"FrequencyOfRunStatsChangeEvent":10,"RunStatsChangeEventTimeout":"00:00:01.5000000","InIsolation":false,"KeepAlive":false,"AreTestCaseLevelEventsRequired":false,"IsDebug":false,"TestCaseFilter":null,"FilterOptions":null},"Package":null}}
TpTrace Verbose: 0 : 15796, 5, 2024/04/23, 21:49:32.073, 4786172035441, vstest.console.dll, ParallelProxyExecutionManager.StartTestRunOnConcurrentManager: Execution started. Started clients: 1
TpTrace Verbose: 0 : 15796, 11, 2024/04/23, 21:49:32.227, 4786173568852, vstest.console.dll, TcpClientExtensions.MessageLoopAsync: NotifyDataAvailable remoteEndPoint: 127.0.0.1:58865 localEndPoint: 127.0.0.1:58864
TpTrace Verbose: 0 : 15796, 11, 2024/04/23, 21:49:32.227, 4786173570542, vstest.console.dll, TestRequestSender.OnExecutionMessageReceived: Received message: {"Version":7,"MessageType":"TestSession.Message","Payload":{"MessageLevel":0,"Message":"NUnit Adapter 4.4.0.0: Test execution started"}}
TpTrace Verbose: 0 : 15796, 11, 2024/04/23, 21:49:32.227, 4786173572337, vstest.console.dll, TestRunRequest:SendTestRunMessage: Starting.
TpTrace Verbose: 0 : 15796, 11, 2024/04/23, 21:49:32.227, 4786173572944, vstest.console.dll, MulticastDelegateUtilities.SafeInvoke: TestRun.LogMessages: Invoking callback 1/1 for Microsoft.VisualStudio.TestPlatform.CommandLine.TestRunResultAggregator., took 0 ms.
TpTrace Information: 0 : 15796, 11, 2024/04/23, 21:49:32.227, 4786173573218, vstest.console.dll, TestRunRequest:SendTestRunMessage: Completed.
TpTrace Verbose: 0 : 15796, 11, 2024/04/23, 21:49:32.227, 4786173573459, vstest.console.dll, MulticastDelegateUtilities.SafeInvoke: LengthPrefixCommunicationChannel: MessageReceived: Invoking callback 1/1 for Microsoft.VisualStudio.TestPlatform.CommunicationUtilities.TestRequestSender+<>c__DisplayClass34_0., took 0 ms.
TpTrace Verbose: 0 : 15796, 11, 2024/04/23, 21:49:32.227, 4786173573693, vstest.console.dll, TcpClientExtensions.MessageLoopAsync: Polling on remoteEndPoint: 127.0.0.1:58865 localEndPoint: 127.0.0.1:58864 after 159 ms
TpTrace Verbose: 0 : 15796, 4, 2024/04/23, 21:49:32.227, 4786173573737, vstest.console.dll, MulticastDelegateUtilities.SafeInvoke: InternalTestLoggerEvents.SendTestRunMessage: Invoking callback 1/1 for Microsoft.VisualStudio.TestPlatform.CommandLine.Internal.ConsoleLogger., took 0 ms.
TpTrace Verbose: 0 : 15796, 11, 2024/04/23, 21:49:32.263, 4786173929499, vstest.console.dll, TcpClientExtensions.MessageLoopAsync: NotifyDataAvailable remoteEndPoint: 127.0.0.1:58865 localEndPoint: 127.0.0.1:58864
TpTrace Verbose: 0 : 15796, 11, 2024/04/23, 21:49:32.263, 4786173933032, vstest.console.dll, TestRequestSender.OnExecutionMessageReceived: Received message: {"Version":7,"MessageType":"TestSession.Message","Payload":{"MessageLevel":0,"Message":"Running all tests in C:\\Users\\VC\\Desktop\\Presidio\\Genspark-trainings\\dotnet-trainings\\console-spplications\\day4\\day4ConsoleAppDoctorSolution\\DoctorBLTest\\bin\\Debug\\net6.0\\fine-code-coverage\\build-output\\DoctorBLTest.dll"}}
TpTrace Verbose: 0 : 15796, 11, 2024/04/23, 21:49:32.263, 4786173935558, vstest.console.dll, TestRunRequest:SendTestRunMessage: Starting.
TpTrace Verbose: 0 : 15796, 11, 2024/04/23, 21:49:32.263, 4786173936531, vstest.console.dll, MulticastDelegateUtilities.SafeInvoke: TestRun.LogMessages: Invoking callback 1/1 for Microsoft.VisualStudio.TestPlatform.CommandLine.TestRunResultAggregator., took 0 ms.
TpTrace Information: 0 : 15796, 11, 2024/04/23, 21:49:32.264, 4786173936882, vstest.console.dll, TestRunRequest:SendTestRunMessage: Completed.
TpTrace Verbose: 0 : 15796, 4, 2024/04/23, 21:49:32.264, 4786173936864, vstest.console.dll, MulticastDelegateUtilities.SafeInvoke: InternalTestLoggerEvents.SendTestRunMessage: Invoking callback 1/1 for Microsoft.VisualStudio.TestPlatform.CommandLine.Internal.ConsoleLogger., took 0 ms.
TpTrace Verbose: 0 : 15796, 11, 2024/04/23, 21:49:32.264, 4786173937309, vstest.console.dll, MulticastDelegateUtilities.SafeInvoke: LengthPrefixCommunicationChannel: MessageReceived: Invoking callback 1/1 for Microsoft.VisualStudio.TestPlatform.CommunicationUtilities.TestRequestSender+<>c__DisplayClass34_0., took 0 ms.
TpTrace Verbose: 0 : 15796, 11, 2024/04/23, 21:49:32.264, 4786173938670, vstest.console.dll, TcpClientExtensions.MessageLoopAsync: Polling on remoteEndPoint: 127.0.0.1:58865 localEndPoint: 127.0.0.1:58864 after 36 ms
TpTrace Verbose: 0 : 15796, 11, 2024/04/23, 21:49:32.374, 4786175040030, vstest.console.dll, TcpClientExtensions.MessageLoopAsync: NotifyDataAvailable remoteEndPoint: 127.0.0.1:58865 localEndPoint: 127.0.0.1:58864
TpTrace Verbose: 0 : 15796, 11, 2024/04/23, 21:49:32.374, 4786175041735, vstest.console.dll, TestRequestSender.OnExecutionMessageReceived: Received message: {"Version":7,"MessageType":"TestSession.Message","Payload":{"MessageLevel":0,"Message":"   NUnit3TestExecutor discovered 12 of 12 NUnit test cases using Current Discovery mode, Non-Explicit run"}}
TpTrace Verbose: 0 : 15796, 11, 2024/04/23, 21:49:32.374, 4786175042960, vstest.console.dll, TestRunRequest:SendTestRunMessage: Starting.
TpTrace Verbose: 0 : 15796, 11, 2024/04/23, 21:49:32.374, 4786175043502, vstest.console.dll, MulticastDelegateUtilities.SafeInvoke: TestRun.LogMessages: Invoking callback 1/1 for Microsoft.VisualStudio.TestPlatform.CommandLine.TestRunResultAggregator., took 0 ms.
TpTrace Verbose: 0 : 15796, 4, 2024/04/23, 21:49:32.374, 4786175043707, vstest.console.dll, MulticastDelegateUtilities.SafeInvoke: InternalTestLoggerEvents.SendTestRunMessage: Invoking callback 1/1 for Microsoft.VisualStudio.TestPlatform.CommandLine.Internal.ConsoleLogger., took 0 ms.
TpTrace Information: 0 : 15796, 11, 2024/04/23, 21:49:32.374, 4786175043824, vstest.console.dll, TestRunRequest:SendTestRunMessage: Completed.
TpTrace Verbose: 0 : 15796, 11, 2024/04/23, 21:49:32.374, 4786175045964, vstest.console.dll, MulticastDelegateUtilities.SafeInvoke: LengthPrefixCommunicationChannel: MessageReceived: Invoking callback 1/1 for Microsoft.VisualStudio.TestPlatform.CommunicationUtilities.TestRequestSender+<>c__DisplayClass34_0., took 0 ms.
TpTrace Verbose: 0 : 15796, 11, 2024/04/23, 21:49:32.374, 4786175046311, vstest.console.dll, TcpClientExtensions.MessageLoopAsync: Polling on remoteEndPoint: 127.0.0.1:58865 localEndPoint: 127.0.0.1:58864 after 110 ms
TpTrace Verbose: 0 : 15796, 11, 2024/04/23, 21:49:32.514, 4786176437228, vstest.console.dll, TcpClientExtensions.MessageLoopAsync: NotifyDataAvailable remoteEndPoint: 127.0.0.1:58865 localEndPoint: 127.0.0.1:58864
TpTrace Verbose: 0 : 15796, 11, 2024/04/23, 21:49:32.514, 4786176440723, vstest.console.dll, TestRequestSender.OnExecutionMessageReceived: Received message: {"Version":7,"MessageType":"TestExecution.StatsChange","Payload":{"NewTestResults":[{"TestCase":{"Id":"32130d58-8585-6dd5-2896-2627868caf44","FullyQualifiedName":"DoctorBLTest.Tests.AddDoctorExceptionTest","DisplayName":"AddDoctorExceptionTest","ExecutorUri":"executor://NUnit3TestExecutor","Source":"C:\\Users\\VC\\Desktop\\Presidio\\Genspark-trainings\\dotnet-trainings\\console-spplications\\day4\\day4ConsoleAppDoctorSolution\\DoctorBLTest\\bin\\Debug\\net6.0\\fine-code-coverage\\build-output\\DoctorBLTest.dll","CodeFilePath":null,"LineNumber":0,"Properties":[{"Key":{"Id":"NUnit.Seed","Label":"Seed","Category":"","Description":"","Attributes":0,"ValueType":"System.String"},"Value":"386060423"}]},"Attachments":[],"Outcome":2,"ErrorMessage":"  Expected: <ClinicAppBlLibrary.AddDoctorFailedException>\r\n  But was:  null\r\n","ErrorStackTrace":"   at DoctorBLTest.Tests.AddDoctorExceptionTest() in C:\\Users\\VC\\Desktop\\Presidio\\Genspark-trainings\\dotnet-trainings\\console-spplications\\day4\\day4ConsoleAppDoctorSolution\\DoctorBLTest\\UnitTest1.cs:line 71\r\n\n1)    at DoctorBLTest.Tests.AddDoctorExceptionTest() in C:\\Users\\VC\\Desktop\\Presidio\\Genspark-trainings\\dotnet-trainings\\console-spplications\\day4\\day4ConsoleAppDoctorSolution\\DoctorBLTest\\UnitTest1.cs:line 71\r\n\n","DisplayName":"AddDoctorExceptionTest","Messages":[],"ComputerName":"DESKTOP-DPV93JG","Duration":"00:00:00.0421090","StartTime":"2024-04-23T16:19:32.3950635+00:00","EndTime":"2024-04-23T16:19:32.4371186+00:00","Properties":[{"Key":{"Id":"NUnit.Seed","Label":"Seed","Category":"","Description":"","Attributes":0,"ValueType":"System.String"},"Value":"386060423"}]},{"TestCase":{"Id":"61640552-b7e8-381e-c1e7-84a035ac700c","FullyQualifiedName":"DoctorBLTest.Tests.AddDoctorFailureTest","DisplayName":"AddDoctorFailureTest","ExecutorUri":"executor://NUnit3TestExecutor","Source":"C:\\Users\\VC\\Desktop\\Presidio\\Genspark-trainings\\dotnet-trainings\\console-spplications\\day4\\day4ConsoleAppDoctorSolution\\DoctorBLTest\\bin\\Debug\\net6.0\\fine-code-coverage\\build-output\\DoctorBLTest.dll","CodeFilePath":null,"LineNumber":0,"Properties":[{"Key":{"Id":"NUnit.Seed","Label":"Seed","Category":"","Description":"","Attributes":0,"ValueType":"System.String"},"Value":"51007491"}]},"Attachments":[],"Outcome":2,"ErrorMessage":"  Expected: null\r\n  But was:  <ClinicTrackerModelLibrary.Doctor>\r\n","ErrorStackTrace":"   at DoctorBLTest.Tests.AddDoctorFailureTest() in C:\\Users\\VC\\Desktop\\Presidio\\Genspark-trainings\\dotnet-trainings\\console-spplications\\day4\\day4ConsoleAppDoctorSolution\\DoctorBLTest\\UnitTest1.cs:line 64\r\n\n1)    at DoctorBLTest.Tests.AddDoctorFailureTest() in C:\\Users\\VC\\Desktop\\Presidio\\Genspark-trainings\\dotnet-trainings\\console-spplications\\day4\\day4ConsoleAppDoctorSolution\\DoctorBLTest\\UnitTest1.cs:line 64\r\n\n","DisplayName":"AddDoctorFailureTest","Messages":[],"ComputerName":"DESKTOP-DPV93JG","Duration":"00:00:00.0008490","StartTime":"2024-04-23T16:19:32.4381339+00:00","EndTime":"2024-04-23T16:19:32.4389832+00:00","Properties":[{"Key":{"Id":"NUnit.Seed","Label":"Seed","Category":"","Description":"","Attributes":0,"ValueType":"System.String"},"Value":"51007491"}]},{"TestCase":{"Id":"135de139-af0a-1e66-cf6a-f2e0240dba0d","FullyQualifiedName":"DoctorBLTest.Tests.AddDoctorTest","DisplayName":"AddDoctorTest","ExecutorUri":"executor://NUnit3TestExecutor","Source":"C:\\Users\\VC\\Desktop\\Presidio\\Genspark-trainings\\dotnet-trainings\\console-spplications\\day4\\day4ConsoleAppDoctorSolution\\DoctorBLTest\\bin\\Debug\\net6.0\\fine-code-coverage\\build-output\\DoctorBLTest.dll","CodeFilePath":null,"LineNumber":0,"Properties":[{"Key":{"Id":"NUnit.Seed","Label":"Seed","Category":"","Description":"","Attributes":0,"ValueType":"System.String"},"Value":"1945002701"}]},"Attachments":[],"Outcome":1,"ErrorMessage":null,"ErrorStackTrace":null,"DisplayName":"AddDoctorTest","Messages":[],"ComputerName":"DESKTOP-DPV93JG","Duration":"00:00:00.0059720","StartTime":"2024-04-23T16:19:32.4389982+00:00","EndTime":"2024-04-23T16:19:32.4449696+00:00","Properties":[{"Key":{"Id":"NUnit.Seed","Label":"Seed","Category":"","Description":"","Attributes":0,"ValueType":"System.String"},"Value":"1945002701"}]},{"TestCase":{"Id":"ec92a63d-3ddd-cad7-c2cc-d3691cbfbcc3","FullyQualifiedName":"DoctorBLTest.Tests.DeleteDoctorExceptionTest","DisplayName":"DeleteDoctorExceptionTest","ExecutorUri":"executor://NUnit3TestExecutor","Source":"C:\\Users\\VC\\Desktop\\Presidio\\Genspark-trainings\\dotnet-trainings\\console-spplications\\day4\\day4ConsoleAppDoctorSolution\\DoctorBLTest\\bin\\Debug\\net6.0\\fine-code-coverage\\build-output\\DoctorBLTest.dll","CodeFilePath":null,"LineNumber":0,"Properties":[{"Key":{"Id":"NUnit.Seed","Label":"Seed","Category":"","Description":"","Attributes":0,"ValueType":"System.String"},"Value":"733701389"}]},"Attachments":[],"Outcome":1,"ErrorMessage":null,"ErrorStackTrace":null,"DisplayName":"DeleteDoctorExceptionTest","Messages":[],"ComputerName":"DESKTOP-DPV93JG","Duration":"00:00:00.0006800","StartTime":"2024-04-23T16:19:32.4449813+00:00","EndTime":"2024-04-23T16:19:32.4456608+00:00","Properties":[{"Key":{"Id":"NUnit.Seed","Label":"Seed","Category":"","Description":"","Attributes":0,"ValueType":"System.String"},"Value":"733701389"}]},{"TestCase":{"Id":"340fe084-320d-2ed9-b3dd-eda6306434dc","FullyQualifiedName":"DoctorBLTest.Tests.DeleteDoctorFailureTest","DisplayName":"DeleteDoctorFailureTest","ExecutorUri":"executor://NUnit3TestExecutor","Source":"C:\\Users\\VC\\Desktop\\Presidio\\Genspark-trainings\\dotnet-trainings\\console-spplications\\day4\\day4ConsoleAppDoctorSolution\\DoctorBLTest\\bin\\Debug\\net6.0\\fine-code-coverage\\build-output\\DoctorBLTest.dll","CodeFilePath":null,"LineNumber":0,"Properties":[{"Key":{"Id":"NUnit.Seed","Label":"Seed","Category":"","Description":"","Attributes":0,"ValueType":"System.String"},"Value":"652611157"}]},"Attachments":[],"Outcome":2,"ErrorMessage":"  Expected: null\r\n  But was:  <ClinicTrackerModelLibrary.Doctor>\r\n","ErrorStackTrace":"   at DoctorBLTest.Tests.DeleteDoctorFailureTest() in C:\\Users\\VC\\Desktop\\Presidio\\Genspark-trainings\\dotnet-trainings\\console-spplications\\day4\\day4ConsoleAppDoctorSolution\\DoctorBLTest\\UnitTest1.cs:line 89\r\n\n1)    at DoctorBLTest.Tests.DeleteDoctorFailureTest() in C:\\Users\\VC\\Desktop\\Presidio\\Genspark-trainings\\dotnet-trainings\\console-spplications\\day4\\day4ConsoleAppDoctorSolution\\DoctorBLTest\\UnitTest1.cs:line 89\r\n\n","DisplayName":"DeleteDoctorFailureTest","Messages":[],"ComputerName":"DESKTOP-DPV93JG","Duration":"00:00:00.0005509","StartTime":"2024-04-23T16:19:32.4456693+00:00","EndTime":"2024-04-23T16:19:32.44622+00:00","Properties":[{"Key":{"Id":"NUnit.Seed","Label":"Seed","Category":"","Description":"","Attributes":0,"ValueType":"System.String"},"Value":"652611157"}]},{"TestCase":{"Id":"b721b4a7-4acf-358a-4bdb-82f1aa5ed36e","FullyQualifiedName":"DoctorBLTest.Tests.DeleteDoctorTest","DisplayName":"DeleteDoctorTest","ExecutorUri":"executor://NUnit3TestExecutor","Source":"C:\\Users\\VC\\Desktop\\Presidio\\Genspark-trainings\\dotnet-trainings\\console-spplications\\day4\\day4ConsoleAppDoctorSolution\\DoctorBLTest\\bin\\Debug\\net6.0\\fine-code-coverage\\build-output\\DoctorBLTest.dll","CodeFilePath":null,"LineNumber":0,"Properties":[{"Key":{"Id":"NUnit.Seed","Label":"Seed","Category":"","Description":"","Attributes":0,"ValueType":"System.String"},"Value":"2030147980"}]},"Attachments":[],"Outcome":1,"ErrorMessage":null,"ErrorStackTrace":null,"DisplayName":"DeleteDoctorTest","Messages":[],"ComputerName":"DESKTOP-DPV93JG","Duration":"00:00:00.0001150","StartTime":"2024-04-23T16:19:32.446228+00:00","EndTime":"2024-04-23T16:19:32.4463431+00:00","Properties":[{"Key":{"Id":"NUnit.Seed","Label":"Seed","Category":"","Description":"","Attributes":0,"ValueType":"System.String"},"Value":"2030147980"}]},{"TestCase":{"Id":"32d5df40-5d27-19a2-e7ef-73c8db3637e9","FullyQualifiedName":"DoctorBLTest.Tests.GetDoctorExceptionTest","DisplayName":"GetDoctorExceptionTest","ExecutorUri":"executor://NUnit3TestExecutor","Source":"C:\\Users\\VC\\Desktop\\Presidio\\Genspark-trainings\\dotnet-trainings\\console-spplications\\day4\\day4ConsoleAppDoctorSolution\\DoctorBLTest\\bin\\Debug\\net6.0\\fine-code-coverage\\build-output\\DoctorBLTest.dll","CodeFilePath":null,"LineNumber":0,"Properties":[{"Key":{"Id":"NUnit.Seed","Label":"Seed","Category":"","Description":"","Attributes":0,"ValueType":"System.String"},"Value":"1577199724"}]},"Attachments":[],"Outcome":1,"ErrorMessage":null,"ErrorStackTrace":null,"DisplayName":"GetDoctorExceptionTest","Messages":[],"ComputerName":"DESKTOP-DPV93JG","Duration":"00:00:00.0004320","StartTime":"2024-04-23T16:19:32.4463488+00:00","EndTime":"2024-04-23T16:19:32.4467807+00:00","Properties":[{"Key":{"Id":"NUnit.Seed","Label":"Seed","Category":"","Description":"","Attributes":0,"ValueType":"System.String"},"Value":"1577199724"}]},{"TestCase":{"Id":"274249b8-203f-b44f-5df9-d5a3512e54fb","FullyQualifiedName":"DoctorBLTest.Tests.GetDoctorFailureTest","DisplayName":"GetDoctorFailureTest","ExecutorUri":"executor://NUnit3TestExecutor","Source":"C:\\Users\\VC\\Desktop\\Presidio\\Genspark-trainings\\dotnet-trainings\\console-spplications\\day4\\day4ConsoleAppDoctorSolution\\DoctorBLTest\\bin\\Debug\\net6.0\\fine-code-coverage\\build-output\\DoctorBLTest.dll","CodeFilePath":null,"LineNumber":0,"Properties":[{"Key":{"Id":"NUnit.Seed","Label":"Seed","Category":"","Description":"","Attributes":0,"ValueType":"System.String"},"Value":"717893974"}]},"Attachments":[],"Outcome":2,"ErrorMessage":"  Expected: null\r\n  But was:  <ClinicTrackerModelLibrary.Doctor>\r\n","ErrorStackTrace":"   at DoctorBLTest.Tests.GetDoctorFailureTest() in C:\\Users\\VC\\Desktop\\Presidio\\Genspark-trainings\\dotnet-trainings\\console-spplications\\day4\\day4ConsoleAppDoctorSolution\\DoctorBLTest\\UnitTest1.cs:line 36\r\n\n1)    at DoctorBLTest.Tests.GetDoctorFailureTest() in C:\\Users\\VC\\Desktop\\Presidio\\Genspark-trainings\\dotnet-trainings\\console-spplications\\day4\\day4ConsoleAppDoctorSolution\\DoctorBLTest\\UnitTest1.cs:line 36\r\n\n","DisplayName":"GetDoctorFailureTest","Messages":[],"ComputerName":"DESKTOP-DPV93JG","Duration":"00:00:00.0005090","StartTime":"2024-04-23T16:19:32.4467892+00:00","EndTime":"2024-04-23T16:19:32.4472978+00:00","Properties":[{"Key":{"Id":"NUnit.Seed","Label":"Seed","Category":"","Description":"","Attributes":0,"ValueType":"System.String"},"Value":"717893974"}]},{"TestCase":{"Id":"0fa2707c-2fa8-b437-34c6-7ad2b7630d78","FullyQualifiedName":"DoctorBLTest.Tests.GetDoctorTest","DisplayName":"GetDoctorTest","ExecutorUri":"executor://NUnit3TestExecutor","Source":"C:\\Users\\VC\\Desktop\\Presidio\\Genspark-trainings\\dotnet-trainings\\console-spplications\\day4\\day4ConsoleAppDoctorSolution\\DoctorBLTest\\bin\\Debug\\net6.0\\fine-code-coverage\\build-output\\DoctorBLTest.dll","CodeFilePath":null,"LineNumber":0,"Properties":[{"Key":{"Id":"NUnit.Seed","Label":"Seed","Category":"","Description":"","Attributes":0,"ValueType":"System.String"},"Value":"155828166"}]},"Attachments":[],"Outcome":1,"ErrorMessage":null,"ErrorStackTrace":null,"DisplayName":"GetDoctorTest","Messages":[],"ComputerName":"DESKTOP-DPV93JG","Duration":"00:00:00.0001350","StartTime":"2024-04-23T16:19:32.4473085+00:00","EndTime":"2024-04-23T16:19:32.4474436+00:00","Properties":[{"Key":{"Id":"NUnit.Seed","Label":"Seed","Category":"","Description":"","Attributes":0,"ValueType":"System.String"},"Value":"155828166"}]}],"TestRunStatistics":{"ExecutedTests":9,"Stats":{"Failed":4,"Passed":5}},"ActiveTests":[{"Id":"9db186fe-ad4b-506b-b124-50b2e88b3024","FullyQualifiedName":"DoctorBLTest.Tests.UpdateDoctorExceptionTest","DisplayName":"UpdateDoctorExceptionTest","ExecutorUri":"executor://NUnit3TestExecutor","Source":"C:\\Users\\VC\\Desktop\\Presidio\\Genspark-trainings\\dotnet-trainings\\console-spplications\\day4\\day4ConsoleAppDoctorSolution\\DoctorBLTest\\bin\\Debug\\net6.0\\fine-code-coverage\\build-output\\DoctorBLTest.dll","CodeFilePath":null,"LineNumber":0,"Properties":[{"Key":{"Id":"NUnit.Seed","Label":"Seed","Category":"","Description":"","Attributes":0,"ValueType":"System.String"},"Value":"1010214115"}]}]}}
TpTrace Verbose: 0 : 15796, 11, 2024/04/23, 21:49:32.538, 4786176685546, vstest.console.dll, TestRunRequest:SendTestRunStatsChange: Starting.
TpTrace Verbose: 0 : 15796, 11, 2024/04/23, 21:49:32.539, 4786176687255, vstest.console.dll, InProgress is UpdateDoctorExceptionTest
TpTrace Verbose: 0 : 15796, 11, 2024/04/23, 21:49:32.539, 4786176689249, vstest.console.dll, MulticastDelegateUtilities.SafeInvoke: TestRun.RunStatsChanged: Invoking callbacks was skipped because there are no subscribers.
TpTrace Information: 0 : 15796, 11, 2024/04/23, 21:49:32.539, 4786176689734, vstest.console.dll, TestRunRequest:SendTestRunStatsChange: Completed.
TpTrace Verbose: 0 : 15796, 11, 2024/04/23, 21:49:32.539, 4786176690076, vstest.console.dll, MulticastDelegateUtilities.SafeInvoke: LengthPrefixCommunicationChannel: MessageReceived: Invoking callback 1/1 for Microsoft.VisualStudio.TestPlatform.CommunicationUtilities.TestRequestSender+<>c__DisplayClass34_0., took 24 ms.
TpTrace Verbose: 0 : 15796, 11, 2024/04/23, 21:49:32.539, 4786176690411, vstest.console.dll, TcpClientExtensions.MessageLoopAsync: Polling on remoteEndPoint: 127.0.0.1:58865 localEndPoint: 127.0.0.1:58864 after 164 ms
TpTrace Verbose: 0 : 15796, 11, 2024/04/23, 21:49:32.539, 4786176690854, vstest.console.dll, TcpClientExtensions.MessageLoopAsync: NotifyDataAvailable remoteEndPoint: 127.0.0.1:58865 localEndPoint: 127.0.0.1:58864
TpTrace Verbose: 0 : 15796, 11, 2024/04/23, 21:49:32.539, 4786176691637, vstest.console.dll, TestRequestSender.OnExecutionMessageReceived: Received message: {"Version":7,"MessageType":"TestSession.Message","Payload":{"MessageLevel":0,"Message":"NUnit Adapter 4.4.0.0: Test execution complete"}}
TpTrace Verbose: 0 : 15796, 11, 2024/04/23, 21:49:32.539, 4786176692568, vstest.console.dll, TestRunRequest:SendTestRunMessage: Starting.
TpTrace Verbose: 0 : 15796, 11, 2024/04/23, 21:49:32.539, 4786176693099, vstest.console.dll, MulticastDelegateUtilities.SafeInvoke: TestRun.LogMessages: Invoking callback 1/1 for Microsoft.VisualStudio.TestPlatform.CommandLine.TestRunResultAggregator., took 0 ms.
TpTrace Information: 0 : 15796, 11, 2024/04/23, 21:49:32.539, 4786176693416, vstest.console.dll, TestRunRequest:SendTestRunMessage: Completed.
TpTrace Verbose: 0 : 15796, 11, 2024/04/23, 21:49:32.539, 4786176693675, vstest.console.dll, MulticastDelegateUtilities.SafeInvoke: LengthPrefixCommunicationChannel: MessageReceived: Invoking callback 1/1 for Microsoft.VisualStudio.TestPlatform.CommunicationUtilities.TestRequestSender+<>c__DisplayClass34_0., took 0 ms.
TpTrace Verbose: 0 : 15796, 11, 2024/04/23, 21:49:32.539, 4786176693949, vstest.console.dll, TcpClientExtensions.MessageLoopAsync: Polling on remoteEndPoint: 127.0.0.1:58865 localEndPoint: 127.0.0.1:58864 after 0 ms
TpTrace Verbose: 0 : 15796, 4, 2024/04/23, 21:49:32.541, 4786176711221, vstest.console.dll, MulticastDelegateUtilities.SafeInvoke: InternalTestLoggerEvents.SendTestResult: Invoking callback 1/1 for Microsoft.VisualStudio.TestPlatform.CommandLine.Internal.ConsoleLogger., took 2 ms.
TpTrace Verbose: 0 : 15796, 4, 2024/04/23, 21:49:32.542, 4786176717376, vstest.console.dll, MulticastDelegateUtilities.SafeInvoke: InternalTestLoggerEvents.SendTestResult: Invoking callback 1/1 for Microsoft.VisualStudio.TestPlatform.CommandLine.Internal.ConsoleLogger., took 0 ms.
TpTrace Verbose: 0 : 15796, 4, 2024/04/23, 21:49:32.542, 4786176718789, vstest.console.dll, MulticastDelegateUtilities.SafeInvoke: InternalTestLoggerEvents.SendTestResult: Invoking callback 1/1 for Microsoft.VisualStudio.TestPlatform.CommandLine.Internal.ConsoleLogger., took 0 ms.
TpTrace Verbose: 0 : 15796, 4, 2024/04/23, 21:49:32.542, 4786176719601, vstest.console.dll, MulticastDelegateUtilities.SafeInvoke: InternalTestLoggerEvents.SendTestResult: Invoking callback 1/1 for Microsoft.VisualStudio.TestPlatform.CommandLine.Internal.ConsoleLogger., took 0 ms.
TpTrace Verbose: 0 : 15796, 4, 2024/04/23, 21:49:32.542, 4786176721515, vstest.console.dll, MulticastDelegateUtilities.SafeInvoke: InternalTestLoggerEvents.SendTestResult: Invoking callback 1/1 for Microsoft.VisualStudio.TestPlatform.CommandLine.Internal.ConsoleLogger., took 0 ms.
TpTrace Verbose: 0 : 15796, 4, 2024/04/23, 21:49:32.542, 4786176722372, vstest.console.dll, MulticastDelegateUtilities.SafeInvoke: InternalTestLoggerEvents.SendTestResult: Invoking callback 1/1 for Microsoft.VisualStudio.TestPlatform.CommandLine.Internal.ConsoleLogger., took 0 ms.
TpTrace Verbose: 0 : 15796, 4, 2024/04/23, 21:49:32.542, 4786176722908, vstest.console.dll, MulticastDelegateUtilities.SafeInvoke: InternalTestLoggerEvents.SendTestResult: Invoking callback 1/1 for Microsoft.VisualStudio.TestPlatform.CommandLine.Internal.ConsoleLogger., took 0 ms.
TpTrace Verbose: 0 : 15796, 4, 2024/04/23, 21:49:32.542, 4786176724119, vstest.console.dll, MulticastDelegateUtilities.SafeInvoke: InternalTestLoggerEvents.SendTestResult: Invoking callback 1/1 for Microsoft.VisualStudio.TestPlatform.CommandLine.Internal.ConsoleLogger., took 0 ms.
TpTrace Verbose: 0 : 15796, 4, 2024/04/23, 21:49:32.542, 4786176725287, vstest.console.dll, MulticastDelegateUtilities.SafeInvoke: InternalTestLoggerEvents.SendTestResult: Invoking callback 1/1 for Microsoft.VisualStudio.TestPlatform.CommandLine.Internal.ConsoleLogger., took 0 ms.
TpTrace Verbose: 0 : 15796, 4, 2024/04/23, 21:49:32.542, 4786176726043, vstest.console.dll, MulticastDelegateUtilities.SafeInvoke: InternalTestLoggerEvents.SendTestRunMessage: Invoking callback 1/1 for Microsoft.VisualStudio.TestPlatform.CommandLine.Internal.ConsoleLogger., took 0 ms.
TpTrace Verbose: 0 : 15796, 11, 2024/04/23, 21:49:32.549, 4786176787421, vstest.console.dll, TcpClientExtensions.MessageLoopAsync: NotifyDataAvailable remoteEndPoint: 127.0.0.1:58865 localEndPoint: 127.0.0.1:58864
TpTrace Verbose: 0 : 15796, 11, 2024/04/23, 21:49:32.549, 4786176790134, vstest.console.dll, TestRequestSender.OnExecutionMessageReceived: Received message: {"Version":7,"MessageType":"TestExecution.Completed","Payload":{"TestRunCompleteArgs":{"TestRunStatistics":{"ExecutedTests":12,"Stats":{"Failed":5,"Passed":7}},"IsCanceled":false,"IsAborted":false,"Error":null,"AttachmentSets":[],"InvokedDataCollectors":[],"ElapsedTimeInRunningTests":"00:00:00.3320387","Metrics":{},"DiscoveredExtensions":{"TestDiscoverers":["NUnit.VisualStudio.TestAdapter.NUnit3TestDiscoverer, NUnit3.TestAdapter, Version=4.4.0.0, Culture=neutral, PublicKeyToken=4cb40d35494691ac"],"TestExecutors":["executor://NUnit3TestExecutor"],"TestExecutors2":[],"TestSettingsProviders":[]}},"LastRunTests":{"NewTestResults":[{"TestCase":{"Id":"9db186fe-ad4b-506b-b124-50b2e88b3024","FullyQualifiedName":"DoctorBLTest.Tests.UpdateDoctorExceptionTest","DisplayName":"UpdateDoctorExceptionTest","ExecutorUri":"executor://NUnit3TestExecutor","Source":"C:\\Users\\VC\\Desktop\\Presidio\\Genspark-trainings\\dotnet-trainings\\console-spplications\\day4\\day4ConsoleAppDoctorSolution\\DoctorBLTest\\bin\\Debug\\net6.0\\fine-code-coverage\\build-output\\DoctorBLTest.dll","CodeFilePath":null,"LineNumber":0,"Properties":[{"Key":{"Id":"NUnit.Seed","Label":"Seed","Category":"","Description":"","Attributes":0,"ValueType":"System.String"},"Value":"1010214115"}]},"Attachments":[],"Outcome":1,"ErrorMessage":null,"ErrorStackTrace":null,"DisplayName":"UpdateDoctorExceptionTest","Messages":[],"ComputerName":"DESKTOP-DPV93JG","Duration":"00:00:00.0004580","StartTime":"2024-04-23T16:19:32.4474499+00:00","EndTime":"2024-04-23T16:19:32.4479083+00:00","Properties":[{"Key":{"Id":"NUnit.Seed","Label":"Seed","Category":"","Description":"","Attributes":0,"ValueType":"System.String"},"Value":"1010214115"}]},{"TestCase":{"Id":"80de3fc0-4a4f-92a3-180c-fb8f8cc2b15c","FullyQualifiedName":"DoctorBLTest.Tests.UpdateDoctorFailureTest","DisplayName":"UpdateDoctorFailureTest","ExecutorUri":"executor://NUnit3TestExecutor","Source":"C:\\Users\\VC\\Desktop\\Presidio\\Genspark-trainings\\dotnet-trainings\\console-spplications\\day4\\day4ConsoleAppDoctorSolution\\DoctorBLTest\\bin\\Debug\\net6.0\\fine-code-coverage\\build-output\\DoctorBLTest.dll","CodeFilePath":null,"LineNumber":0,"Properties":[{"Key":{"Id":"NUnit.Seed","Label":"Seed","Category":"","Description":"","Attributes":0,"ValueType":"System.String"},"Value":"428626982"}]},"Attachments":[],"Outcome":2,"ErrorMessage":"  Expected: null\r\n  But was:  <ClinicTrackerModelLibrary.Doctor>\r\n","ErrorStackTrace":"   at DoctorBLTest.Tests.UpdateDoctorFailureTest() in C:\\Users\\VC\\Desktop\\Presidio\\Genspark-trainings\\dotnet-trainings\\console-spplications\\day4\\day4ConsoleAppDoctorSolution\\DoctorBLTest\\UnitTest1.cs:line 116\r\n\n1)    at DoctorBLTest.Tests.UpdateDoctorFailureTest() in C:\\Users\\VC\\Desktop\\Presidio\\Genspark-trainings\\dotnet-trainings\\console-spplications\\day4\\day4ConsoleAppDoctorSolution\\DoctorBLTest\\UnitTest1.cs:line 116\r\n\n","DisplayName":"UpdateDoctorFailureTest","Messages":[],"ComputerName":"DESKTOP-DPV93JG","Duration":"00:00:00.0004950","StartTime":"2024-04-23T16:19:32.4479155+00:00","EndTime":"2024-04-23T16:19:32.4484105+00:00","Properties":[{"Key":{"Id":"NUnit.Seed","Label":"Seed","Category":"","Description":"","Attributes":0,"ValueType":"System.String"},"Value":"428626982"}]},{"TestCase":{"Id":"27a9d4be-ed3c-df80-3212-07e9ee178600","FullyQualifiedName":"DoctorBLTest.Tests.UpdateDoctorTest","DisplayName":"UpdateDoctorTest","ExecutorUri":"executor://NUnit3TestExecutor","Source":"C:\\Users\\VC\\Desktop\\Presidio\\Genspark-trainings\\dotnet-trainings\\console-spplications\\day4\\day4ConsoleAppDoctorSolution\\DoctorBLTest\\bin\\Debug\\net6.0\\fine-code-coverage\\build-output\\DoctorBLTest.dll","CodeFilePath":null,"LineNumber":0,"Properties":[{"Key":{"Id":"NUnit.Seed","Label":"Seed","Category":"","Description":"","Attributes":0,"ValueType":"System.String"},"Value":"1331192922"}]},"Attachments":[],"Outcome":1,"ErrorMessage":null,"ErrorStackTrace":null,"DisplayName":"UpdateDoctorTest","Messages":[],"ComputerName":"DESKTOP-DPV93JG","Duration":"00:00:00.0001260","StartTime":"2024-04-23T16:19:32.4484183+00:00","EndTime":"2024-04-23T16:19:32.4485438+00:00","Properties":[{"Key":{"Id":"NUnit.Seed","Label":"Seed","Category":"","Description":"","Attributes":0,"ValueType":"System.String"},"Value":"1331192922"}]}],"TestRunStatistics":{"ExecutedTests":12,"Stats":{"Failed":5,"Passed":7}},"ActiveTests":[]},"RunAttachments":[],"ExecutorUris":["executor://nunit3testexecutor/"]}}
TpTrace Verbose: 0 : 15796, 11, 2024/04/23, 21:49:32.549, 4786176791148, vstest.console.dll, TestRequestSender.EndSession: Sending end session.
TpTrace Verbose: 0 : 15796, 11, 2024/04/23, 21:49:32.549, 4786176792377, vstest.console.dll, ProxyOperationManager.Close: waiting for test host to exit for 100 ms
TpTrace Verbose: 0 : 15796, 7, 2024/04/23, 21:49:32.600, 4786177298111, vstest.console.dll, TestHostManagerCallbacks.ctor: Experimental forwarding output is disabled.
TpTrace Warning: 0 : 15796, 7, 2024/04/23, 21:49:32.600, 4786177299714, vstest.console.dll, TestHostManagerCallbacks.ErrorReceivedCallback Test host standard error line: 
TpTrace Verbose: 0 : 15796, 7, 2024/04/23, 21:49:32.608, 4786177377895, vstest.console.dll, TestHostProvider.ExitCallBack: Host exited starting callback.
TpTrace Information: 0 : 15796, 7, 2024/04/23, 21:49:32.608, 4786177379124, vstest.console.dll, TestHostManagerCallbacks.ExitCallBack: Testhost processId: 12392 exited with exitcode: 0 error: ''
TpTrace Verbose: 0 : 15796, 7, 2024/04/23, 21:49:32.608, 4786177379349, vstest.console.dll, DotnetTestHostManager.OnHostExited: invoking OnHostExited callback
TpTrace Verbose: 0 : 15796, 7, 2024/04/23, 21:49:32.608, 4786177380053, vstest.console.dll, CrossPlatEngine.TestHostManagerHostExited: calling on client process exit callback.
TpTrace Information: 0 : 15796, 7, 2024/04/23, 21:49:32.608, 4786177380791, vstest.console.dll, TestRequestSender.OnClientProcessExit: Test host process exited. Standard error: 
TpTrace Information: 0 : 15796, 7, 2024/04/23, 21:49:32.608, 4786177381284, vstest.console.dll, SocketServer.Stop: Stop server endPoint: 127.0.0.1:58864
TpTrace Information: 0 : 15796, 7, 2024/04/23, 21:49:32.608, 4786177381523, vstest.console.dll, SocketServer.Stop: Cancellation requested. Stopping message loop.
TpTrace Information: 0 : 15796, 11, 2024/04/23, 21:49:32.608, 4786177381451, vstest.console.dll, SocketServer.Stop: Stop server endPoint: 127.0.0.1:58864
TpTrace Information: 0 : 15796, 11, 2024/04/23, 21:49:32.608, 4786177382284, vstest.console.dll, SocketServer.Stop: Cancellation requested. Stopping message loop.
TpTrace Information: 0 : 15796, 11, 2024/04/23, 21:49:32.608, 4786177383003, vstest.console.dll, Closing the connection
TpTrace Verbose: 0 : 15796, 7, 2024/04/23, 21:49:32.608, 4786177382873, vstest.console.dll, MulticastDelegateUtilities.SafeInvoke: HostProviderEvents.OnHostExited: Invoking callback 1/1 for Microsoft.VisualStudio.TestPlatform.CrossPlatEngine.Client.ProxyOperationManager., took 0 ms.
TpTrace Verbose: 0 : 15796, 11, 2024/04/23, 21:49:32.608, 4786177384762, vstest.console.dll, ProxyDataCollectionManager.InvokeDataCollectionServiceAction: Starting.
TpTrace Information: 0 : 15796, 11, 2024/04/23, 21:49:32.608, 4786177385079, vstest.console.dll, ProxyDataCollectionManager.AfterTestRunEnd: Get attachment set and invoked data collectors processId: 26200 port: 58858
TpTrace Verbose: 0 : 15796, 11, 2024/04/23, 21:49:32.608, 4786177385412, vstest.console.dll, DataCollectionRequestSender.SendAfterTestRunStartAndGetResult: Send AfterTestRunEnd message with isCancelled: False
TpTrace Verbose: 0 : 15796, 11, 2024/04/23, 21:49:32.615, 4786177447829, vstest.console.dll, DataCollectionRequestSender.SendAfterTestRunStartAndGetResult: Received message: (DataCollection.AfterTestRunEndResult) -> {"MessageType":"DataCollection.AfterTestRunEndResult","Payload":{"AttachmentSets":[],"InvokedDataCollectors":[{"Uri":"datacollector://Microsoft/TestPlatform/Extensions/Blame/v1","FriendlyName":"Blame","AssemblyQualifiedName":"Microsoft.TestPlatform.Extensions.BlameDataCollector.BlameCollector, Microsoft.TestPlatform.Extensions.BlameDataCollector, Version=15.0.0.0, Culture=neutral, PublicKeyToken=b03f5f7f11d50a3a","FilePath":"C:\\Program Files\\dotnet\\sdk\\8.0.202\\Extensions\\Microsoft.TestPlatform.Extensions.BlameDataCollector.dll","HasAttachmentProcessor":false}],"Metrics":{}}}
TpTrace Warning: 0 : 15796, 10, 2024/04/23, 21:49:32.619, 4786177489580, vstest.console.dll, DataCollectionLauncher.ErrorReceivedCallback datacollector standard error line: 
TpTrace Information: 0 : 15796, 11, 2024/04/23, 21:49:32.620, 4786177505634, vstest.console.dll, ProxyDataCollectionManager.InvokeDataCollectionServiceAction: Completed.
TpTrace Information: 0 : 15796, 10, 2024/04/23, 21:49:32.626, 4786177556868, vstest.console.dll, DataCollectionLauncher.ExitCallBack: Data collector exited with exitcode: 0 error: ''
TpTrace Verbose: 0 : 15796, 11, 2024/04/23, 21:49:32.648, 4786177784734, vstest.console.dll, TestRunRequest:SendTestRunStatsChange: Starting.
TpTrace Verbose: 0 : 15796, 11, 2024/04/23, 21:49:32.648, 4786177785895, vstest.console.dll, MulticastDelegateUtilities.SafeInvoke: TestRun.RunStatsChanged: Invoking callbacks was skipped because there are no subscribers.
TpTrace Information: 0 : 15796, 11, 2024/04/23, 21:49:32.648, 4786177786083, vstest.console.dll, TestRunRequest:SendTestRunStatsChange: Completed.
TpTrace Verbose: 0 : 15796, 4, 2024/04/23, 21:49:32.649, 4786177787355, vstest.console.dll, MulticastDelegateUtilities.SafeInvoke: InternalTestLoggerEvents.SendTestResult: Invoking callback 1/1 for Microsoft.VisualStudio.TestPlatform.CommandLine.Internal.ConsoleLogger., took 0 ms.
TpTrace Verbose: 0 : 15796, 11, 2024/04/23, 21:49:32.649, 4786177788312, vstest.console.dll, ParallelProxyExecutionManager: HandlePartialRunComplete: Total workloads = 1, Total started clients = 1 Total completed clients = 1, Run complete = True, Run canceled: False.
TpTrace Verbose: 0 : 15796, 11, 2024/04/23, 21:49:32.649, 4786177788567, vstest.console.dll, ParallelProxyExecutionManager: HandlePartialRunComplete: All runs completed stopping all managers.
TpTrace Verbose: 0 : 15796, 11, 2024/04/23, 21:49:32.649, 4786177788762, vstest.console.dll, ParallelOperationManager.StopAllManagers: Stopping all managers.
TpTrace Verbose: 0 : 15796, 11, 2024/04/23, 21:49:32.649, 4786177789045, vstest.console.dll, ParallelOperationManager.ClearSlots: Clearing all slots. Slots should accept more work: False
TpTrace Verbose: 0 : 15796, 11, 2024/04/23, 21:49:32.649, 4786177789291, vstest.console.dll, ParallelOperationManager.SetOccupiedSlotCount: Setting slot counts AvailableSlotCount = 1, OccupiedSlotCount = 0.
TpTrace Verbose: 0 : 15796, 11, 2024/04/23, 21:49:32.649, 4786177789580, vstest.console.dll, Occupied slots:

TpTrace Verbose: 0 : 15796, 4, 2024/04/23, 21:49:32.649, 4786177789612, vstest.console.dll, MulticastDelegateUtilities.SafeInvoke: InternalTestLoggerEvents.SendTestResult: Invoking callback 1/1 for Microsoft.VisualStudio.TestPlatform.CommandLine.Internal.ConsoleLogger., took 0 ms.
TpTrace Verbose: 0 : 15796, 4, 2024/04/23, 21:49:32.649, 4786177790131, vstest.console.dll, MulticastDelegateUtilities.SafeInvoke: InternalTestLoggerEvents.SendTestResult: Invoking callback 1/1 for Microsoft.VisualStudio.TestPlatform.CommandLine.Internal.ConsoleLogger., took 0 ms.
TpTrace Verbose: 0 : 15796, 4, 2024/04/23, 21:49:32.655, 4786177848276, vstest.console.dll, MulticastDelegateUtilities.SafeInvoke: InternalTestLoggerEvents.SendTestRunComplete: Invoking callback 1/2 for Microsoft.TestPlatform.Extensions.BlameDataCollector.BlameLogger., took 0 ms.
TpTrace Verbose: 0 : 15796, 4, 2024/04/23, 21:49:32.660, 4786177897816, vstest.console.dll, MulticastDelegateUtilities.SafeInvoke: InternalTestLoggerEvents.SendTestRunComplete: Invoking callback 2/2 for Microsoft.VisualStudio.TestPlatform.CommandLine.Internal.ConsoleLogger., took 4 ms.
TpTrace Verbose: 0 : 15796, 11, 2024/04/23, 21:49:32.660, 4786177901925, vstest.console.dll, TestRunRequest:TestRunComplete: Starting. IsAborted:False IsCanceled:False.
TpTrace Verbose: 0 : 15796, 11, 2024/04/23, 21:49:32.660, 4786177903407, vstest.console.dll, ParallelOperationManager.DoActionOnAllManagers: Calling an action on all managers.
TpTrace Verbose: 0 : 15796, 11, 2024/04/23, 21:49:32.661, 4786177911265, vstest.console.dll, TestLoggerManager.HandleTestRunComplete: Ignoring as the object is disposed.
TpTrace Verbose: 0 : 15796, 11, 2024/04/23, 21:49:32.661, 4786177912902, vstest.console.dll, MulticastDelegateUtilities.SafeInvoke: TestRun.TestRunComplete: Invoking callback 1/2 for Microsoft.VisualStudio.TestPlatform.CommandLine.TestRunResultAggregator., took 0 ms.
TpTrace Verbose: 0 : 15796, 11, 2024/04/23, 21:49:32.661, 4786177913839, vstest.console.dll, MulticastDelegateUtilities.SafeInvoke: TestRun.TestRunComplete: Invoking callback 2/2 for Microsoft.VisualStudio.TestPlatform.CommandLine.Processors.RunTestsArgumentExecutor+TestRunRequestEventsRegistrar., took 0 ms.
TpTrace Information: 0 : 15796, 11, 2024/04/23, 21:49:32.661, 4786177914725, vstest.console.dll, TestRunRequest:TestRunComplete: Completed.
TpTrace Verbose: 0 : 15796, 11, 2024/04/23, 21:49:32.661, 4786177915009, vstest.console.dll, TestRequestSender.SetOperationComplete: Setting operation complete.
TpTrace Verbose: 0 : 15796, 1, 2024/04/23, 21:49:32.661, 4786177915146, vstest.console.dll, TestRunRequest.Dispose: Starting.
TpTrace Information: 0 : 15796, 1, 2024/04/23, 21:49:32.661, 4786177915914, vstest.console.dll, TestRunRequest.Dispose: Completed.
TpTrace Information: 0 : 15796, 1, 2024/04/23, 21:49:32.661, 4786177916188, vstest.console.dll, TestRequestManager.RunTests: run tests completed.
TpTrace Information: 0 : 15796, 11, 2024/04/23, 21:49:32.661, 4786177915264, vstest.console.dll, SocketServer.Stop: Stop server endPoint: 127.0.0.1:58864
TpTrace Information: 0 : 15796, 1, 2024/04/23, 21:49:32.662, 4786177916664, vstest.console.dll, RunTestsArgumentProcessor:Execute: Test run is completed.
TpTrace Information: 0 : 15796, 11, 2024/04/23, 21:49:32.662, 4786177916880, vstest.console.dll, SocketServer.Stop: Cancellation requested. Stopping message loop.
TpTrace Verbose: 0 : 15796, 11, 2024/04/23, 21:49:32.662, 4786177917278, vstest.console.dll, MulticastDelegateUtilities.SafeInvoke: LengthPrefixCommunicationChannel: MessageReceived: Invoking callback 1/1 for Microsoft.VisualStudio.TestPlatform.CommunicationUtilities.TestRequestSender+<>c__DisplayClass34_0., took 112 ms.
TpTrace Information: 0 : 15796, 11, 2024/04/23, 21:49:32.662, 4786177917623, vstest.console.dll, SocketServer.PrivateStop: Stopping server endPoint: 127.0.0.1:58864 error: 
TpTrace Verbose: 0 : 15796, 1, 2024/04/23, 21:49:32.662, 4786177918795, vstest.console.dll, Executor.Execute: Exiting with exit code of 1
TpTrace Verbose: 0 : 15796, 11, 2024/04/23, 21:49:32.662, 4786177921118, vstest.console.dll, LengthPrefixCommunicationChannel.Dispose: Dispose reader and writer.
TpTrace Information: 0 : 15796, 11, 2024/04/23, 21:49:32.662, 4786177921838, vstest.console.dll, SocketServer.Stop: Raise disconnected event endPoint: 127.0.0.1:58864 error: 
TpTrace Verbose: 0 : 15796, 11, 2024/04/23, 21:49:32.662, 4786177922489, vstest.console.dll, TestRequestSender: OnTestRunAbort: Operation is already complete. Skip error message.
TpTrace Verbose: 0 : 15796, 11, 2024/04/23, 21:49:32.662, 4786177922819, vstest.console.dll, MulticastDelegateUtilities.SafeInvoke: SocketServer: ClientDisconnected: Invoking callback 1/1 for Microsoft.VisualStudio.TestPlatform.CommunicationUtilities.TestRequestSender., took 0 ms.
TpTrace Verbose: 0 : 15796, 11, 2024/04/23, 21:49:32.662, 4786177923043, vstest.console.dll, TcpClientExtensions.MessageLoopAsync: exiting MessageLoopAsync remoteEndPoint: 127.0.0.1:58865 localEndPoint: 127.0.0.1:58864
